Using pre-set license
Built from '2021.1/release' branch; Version is '2021.1.4f1 (4cd64a618c1b) revision 5035594'; Using compiler version '192528614'; Build Type 'Release'
OS: 'Windows 10 Home; OS build 19042.928; Version 2009; 64bit' Language: 'en' Physical Memory: 4073 MB
BatchMode: 1, IsHumanControllingUs: 0, StartBugReporterOnCrash: 0, Is64bit: 1, IsPro: 0

 COMMAND LINE ARGUMENTS:
C:\Program Files\Unity\Hub\Editor\2021.1.4f1\Editor\Unity.exe
-adb2
-batchMode
-noUpm
-name
AssetImportWorker1
-projectPath
C:/Users/loganlevitre/OneDrive/Desktop/UnityTesting/Yoon/Project Yoon
-logFile
Logs/AssetImportWorker1.log
-srvPort
54789
Successfully changed project path to: C:/Users/loganlevitre/OneDrive/Desktop/UnityTesting/Yoon/Project Yoon
C:/Users/loganlevitre/OneDrive/Desktop/UnityTesting/Yoon/Project Yoon
Using Asset Import Pipeline V2.
Refreshing native plugins compatible for Editor in 246.93 ms, found 0 plugins.
Preloading 0 native plugins for Editor in 0.00 ms.
Initialize engine version: 2021.1.4f1 (4cd64a618c1b)
[Subsystems] Discovering subsystems at path C:/Program Files/Unity/Hub/Editor/2021.1.4f1/Editor/Data/Resources/UnitySubsystems
[Subsystems] Discovering subsystems at path C:/Users/loganlevitre/OneDrive/Desktop/UnityTesting/Yoon/Project Yoon/Assets
GfxDevice: creating device client; threaded=0; jobified=0
Direct3D:
    Version:  Direct3D 11.0 [level 11.1]
    Renderer: Parallels Display Adapter (WDDM) (ID=0x4005)
    Vendor:   Parallels
    VRAM:     128 MB
    Driver:   16.5.0.49183
Shader 'Universal Render Pipeline/Particles/Lit': fallback shader 'Universal Render Pipeline/Particles/SimpleLit' not found
Initialize mono
Mono path[0] = 'C:/Program Files/Unity/Hub/Editor/2021.1.4f1/Editor/Data/Managed'
Mono path[1] = 'C:/Program Files/Unity/Hub/Editor/2021.1.4f1/Editor/Data/MonoBleedingEdge/lib/mono/unityjit'
Mono config path = 'C:/Program Files/Unity/Hub/Editor/2021.1.4f1/Editor/Data/MonoBleedingEdge/etc'
Using monoOptions --debugger-agent=transport=dt_socket,embedding=1,server=y,suspend=n,address=127.0.0.1:56924
Begin MonoManager ReloadAssembly
Registering precompiled unity dll's ...
Register platform support module: C:/Program Files/Unity/Hub/Editor/2021.1.4f1/Editor/Data/PlaybackEngines/WebGLSupport/UnityEditor.WebGL.Extensions.dll
Register platform support module: C:/Program Files/Unity/Hub/Editor/2021.1.4f1/Editor/Data/PlaybackEngines/MacStandaloneSupport/UnityEditor.OSXStandalone.Extensions.dll
Register platform support module: C:/Program Files/Unity/Hub/Editor/2021.1.4f1/Editor/Data/PlaybackEngines/WindowsStandaloneSupport/UnityEditor.WindowsStandalone.Extensions.dll
Register platform support module: C:/Program Files/Unity/Hub/Editor/2021.1.4f1/Editor/Data/PlaybackEngines/LinuxStandaloneSupport/UnityEditor.LinuxStandalone.Extensions.dll
Registered in 0.054855 seconds.
Native extension for LinuxStandalone target not found
Native extension for WindowsStandalone target not found
Native extension for OSXStandalone target not found
Native extension for WebGL target not found
Refreshing native plugins compatible for Editor in 288.64 ms, found 0 plugins.
Preloading 0 native plugins for Editor in 0.00 ms.
Mono: successfully reloaded assembly
- Completed reload, in 10.182 seconds
Platform modules already initialized, skipping
Registering precompiled user dll's ...
Registered in 0.011991 seconds.
Begin MonoManager ReloadAssembly
Native extension for LinuxStandalone target not found
Native extension for WindowsStandalone target not found
Native extension for OSXStandalone target not found
Native extension for WebGL target not found
Refreshing native plugins compatible for Editor in 91.88 ms, found 0 plugins.
Preloading 0 native plugins for Editor in 0.00 ms.
Mono: successfully reloaded assembly
- Completed reload, in  2.815 seconds
Platform modules already initialized, skipping
========================================================================
Worker process is ready to serve import requests
Shader 'Universal Render Pipeline/Particles/Lit': fallback shader 'Universal Render Pipeline/Particles/SimpleLit' not found
Launched and connected shader compiler UnityShaderCompiler.exe after 0.10 seconds
Refreshing native plugins compatible for Editor in 0.70 ms, found 0 plugins.
Preloading 0 native plugins for Editor in 0.00 ms.
Unloading 2984 Unused Serialized files (Serialized files now loaded: 0)
System memory in use before: 144.7 MB.
System memory in use after: 144.9 MB.

Unloading 12 unused Assets to reduce memory usage. Loaded Objects now: 3460.
Total: 13.113400 ms (FindLiveObjects: 0.449900 ms CreateObjectMapping: 0.292300 ms MarkObjects: 12.222900 ms  DeleteObjects: 0.145900 ms)

========================================================================
Received Import Request.
  path: Assets/SettingsScript.cs
  artifactKey: Guid(fc63b99a966de0c42b5dc7b1e89ef0b4) Importer(815301076,1909f56bfc062723c751e8b465ee728b)
Start importing Assets/SettingsScript.cs using Guid(fc63b99a966de0c42b5dc7b1e89ef0b4) Importer(815301076,1909f56bfc062723c751e8b465ee728b)  -> (artifact id: '4a2ce045b68091f2b11d8bda70e0720e') in 0.092528 seconds 
========================================================================
Received Prepare
Registering precompiled user dll's ...
Registered in 0.002160 seconds.
Begin MonoManager ReloadAssembly
Native extension for LinuxStandalone target not found
Native extension for WindowsStandalone target not found
Native extension for OSXStandalone target not found
Native extension for WebGL target not found
Refreshing native plugins compatible for Editor in 0.72 ms, found 0 plugins.
Preloading 0 native plugins for Editor in 0.00 ms.
Mono: successfully reloaded assembly
- Completed reload, in  1.621 seconds
Platform modules already initialized, skipping
Shader 'Universal Render Pipeline/Particles/Lit': fallback shader 'Universal Render Pipeline/Particles/SimpleLit' not found
Refreshing native plugins compatible for Editor in 5.41 ms, found 0 plugins.
Preloading 0 native plugins for Editor in 0.00 ms.
Unloading 2857 Unused Serialized files (Serialized files now loaded: 0)
System memory in use before: 135.9 MB.
System memory in use after: 136.2 MB.

Unloading 5 unused Assets to reduce memory usage. Loaded Objects now: 3463.
Total: 8.842100 ms (FindLiveObjects: 0.442500 ms CreateObjectMapping: 0.311000 ms MarkObjects: 7.995700 ms  DeleteObjects: 0.090400 ms)

========================================================================
Received Import Request.
  Time since last request: 160.190527 seconds.
  path: Assets/SettingsScript.cs
  artifactKey: Guid(fc63b99a966de0c42b5dc7b1e89ef0b4) Importer(815301076,1909f56bfc062723c751e8b465ee728b)
Start importing Assets/SettingsScript.cs using Guid(fc63b99a966de0c42b5dc7b1e89ef0b4) Importer(815301076,1909f56bfc062723c751e8b465ee728b)  -> (artifact id: '22e61c26a54fe78d530a5e5e869f9475') in 0.029614 seconds 
========================================================================
Received Import Request.
  Time since last request: 38.771849 seconds.
  path: Assets/3D Assets/Town Creator Kit LITE/Prefabs/M.E. Town Creator LITE/1_M.E. House_1.prefab
  artifactKey: Guid(e086196633391794b92cb8199f8053ac) Importer(815301076,1909f56bfc062723c751e8b465ee728b)
Start importing Assets/3D Assets/Town Creator Kit LITE/Prefabs/M.E. Town Creator LITE/1_M.E. House_1.prefab using Guid(e086196633391794b92cb8199f8053ac) Importer(815301076,1909f56bfc062723c751e8b465ee728b)  -> (artifact id: 'd7f620c2643cf059b0d4bc8ef5c6a229') in 1.032698 seconds 
========================================================================
Received Import Request.
  Time since last request: 1.320204 seconds.
  path: Assets/Presets/Defaults/AlbedoTexture_Default.preset
  artifactKey: Guid(e8537455c6c08bd4e8bf0be3707da685) Importer(815301076,1909f56bfc062723c751e8b465ee728b)
Start importing Assets/Presets/Defaults/AlbedoTexture_Default.preset using Guid(e8537455c6c08bd4e8bf0be3707da685) Importer(815301076,1909f56bfc062723c751e8b465ee728b)  -> (artifact id: '7badb109ce1d2068cd82a01ce5589170') in 0.231665 seconds 
========================================================================
Received Prepare
Registering precompiled user dll's ...
Registered in 0.002584 seconds.
Begin MonoManager ReloadAssembly
Native extension for LinuxStandalone target not found
Native extension for WindowsStandalone target not found
Native extension for OSXStandalone target not found
Native extension for WebGL target not found
Refreshing native plugins compatible for Editor in 0.67 ms, found 0 plugins.
Preloading 0 native plugins for Editor in 0.00 ms.
Mono: successfully reloaded assembly
- Completed reload, in  4.186 seconds
Platform modules already initialized, skipping
Shader 'Universal Render Pipeline/Particles/Lit': fallback shader 'Universal Render Pipeline/Particles/SimpleLit' not found
Refreshing native plugins compatible for Editor in 0.68 ms, found 0 plugins.
Preloading 0 native plugins for Editor in 0.00 ms.
Unloading 2857 Unused Serialized files (Serialized files now loaded: 0)
System memory in use before: 141.9 MB.
System memory in use after: 142.1 MB.

Unloading 5 unused Assets to reduce memory usage. Loaded Objects now: 3511.
Total: 3.991200 ms (FindLiveObjects: 0.527700 ms CreateObjectMapping: 0.256000 ms MarkObjects: 3.183400 ms  DeleteObjects: 0.022700 ms)

========================================================================
Received Prepare
Registering precompiled user dll's ...
Registered in 0.002017 seconds.
Begin MonoManager ReloadAssembly
Native extension for LinuxStandalone target not found
Native extension for WindowsStandalone target not found
Native extension for OSXStandalone target not found
Native extension for WebGL target not found
Refreshing native plugins compatible for Editor in 0.87 ms, found 0 plugins.
Preloading 0 native plugins for Editor in 0.00 ms.
Mono: successfully reloaded assembly
- Completed reload, in  1.935 seconds
Platform modules already initialized, skipping
Shader 'Universal Render Pipeline/Particles/Lit': fallback shader 'Universal Render Pipeline/Particles/SimpleLit' not found
Refreshing native plugins compatible for Editor in 0.66 ms, found 0 plugins.
Preloading 0 native plugins for Editor in 0.00 ms.
Unloading 2857 Unused Serialized files (Serialized files now loaded: 0)
System memory in use before: 141.9 MB.
System memory in use after: 142.1 MB.

Unloading 5 unused Assets to reduce memory usage. Loaded Objects now: 3514.
Total: 4.589700 ms (FindLiveObjects: 1.065700 ms CreateObjectMapping: 0.421400 ms MarkObjects: 3.076200 ms  DeleteObjects: 0.021400 ms)

========================================================================
Received Import Request.
  Time since last request: 536.342527 seconds.
  path: Assets/Audio/Swoosh 3-SoundBible.com-1573211927.mp3
  artifactKey: Guid(fb1377303a615214ba2b5c6ea3d366f6) Importer(815301076,1909f56bfc062723c751e8b465ee728b)
Start importing Assets/Audio/Swoosh 3-SoundBible.com-1573211927.mp3 using Guid(fb1377303a615214ba2b5c6ea3d366f6) Importer(815301076,1909f56bfc062723c751e8b465ee728b)  -> (artifact id: '05a9fc4b5f6576a674ea43b3b511706b') in 0.200667 seconds 
========================================================================
Received Import Request.
  Time since last request: 11.037836 seconds.
  path: Assets/Audio/VolumeMixer.mixer
  artifactKey: Guid(f977a69f730a86f479654fd87ba9460b) Importer(815301076,1909f56bfc062723c751e8b465ee728b)
Start importing Assets/Audio/VolumeMixer.mixer using Guid(f977a69f730a86f479654fd87ba9460b) Importer(815301076,1909f56bfc062723c751e8b465ee728b)  -> (artifact id: 'e1d5f5153b82678aee9962d15b14c5db') in 0.039758 seconds 
========================================================================
Received Import Request.
  Time since last request: 151.288556 seconds.
  path: Assets/Audio/VolumeMixer.mixer
  artifactKey: Guid(f977a69f730a86f479654fd87ba9460b) Importer(815301076,1909f56bfc062723c751e8b465ee728b)
Start importing Assets/Audio/VolumeMixer.mixer using Guid(f977a69f730a86f479654fd87ba9460b) Importer(815301076,1909f56bfc062723c751e8b465ee728b)  -> (artifact id: '1ca7cdcd1597052bf6241eeebc708f7f') in 0.010368 seconds 
========================================================================
Received Prepare
Registering precompiled user dll's ...
Registered in 0.001805 seconds.
Begin MonoManager ReloadAssembly
Native extension for LinuxStandalone target not found
Native extension for WindowsStandalone target not found
Native extension for OSXStandalone target not found
Native extension for WebGL target not found
Refreshing native plugins compatible for Editor in 0.66 ms, found 0 plugins.
Preloading 0 native plugins for Editor in 0.00 ms.
Mono: successfully reloaded assembly
- Completed reload, in  1.748 seconds
Platform modules already initialized, skipping
Shader 'Universal Render Pipeline/Particles/Lit': fallback shader 'Universal Render Pipeline/Particles/SimpleLit' not found
Refreshing native plugins compatible for Editor in 0.73 ms, found 0 plugins.
Preloading 0 native plugins for Editor in 0.00 ms.
Unloading 2857 Unused Serialized files (Serialized files now loaded: 0)
System memory in use before: 141.9 MB.
System memory in use after: 142.1 MB.

Unloading 5 unused Assets to reduce memory usage. Loaded Objects now: 3520.
Total: 4.073500 ms (FindLiveObjects: 0.449500 ms CreateObjectMapping: 0.221600 ms MarkObjects: 3.379800 ms  DeleteObjects: 0.021000 ms)

========================================================================
Received Prepare
Registering precompiled user dll's ...
Registered in 0.002608 seconds.
Begin MonoManager ReloadAssembly
Native extension for LinuxStandalone target not found
Native extension for WindowsStandalone target not found
Native extension for OSXStandalone target not found
Native extension for WebGL target not found
Refreshing native plugins compatible for Editor in 0.92 ms, found 0 plugins.
Preloading 0 native plugins for Editor in 0.00 ms.
Mono: successfully reloaded assembly
- Completed reload, in  1.886 seconds
Platform modules already initialized, skipping
Shader 'Universal Render Pipeline/Particles/Lit': fallback shader 'Universal Render Pipeline/Particles/SimpleLit' not found
Refreshing native plugins compatible for Editor in 0.65 ms, found 0 plugins.
Preloading 0 native plugins for Editor in 0.00 ms.
Unloading 2857 Unused Serialized files (Serialized files now loaded: 0)
System memory in use before: 141.9 MB.
System memory in use after: 142.1 MB.

Unloading 5 unused Assets to reduce memory usage. Loaded Objects now: 3523.
Total: 3.611000 ms (FindLiveObjects: 0.406300 ms CreateObjectMapping: 0.257600 ms MarkObjects: 2.922800 ms  DeleteObjects: 0.022700 ms)

========================================================================
Received Prepare
Registering precompiled user dll's ...
Registered in 0.001989 seconds.
Begin MonoManager ReloadAssembly
Native extension for LinuxStandalone target not found
Native extension for WindowsStandalone target not found
Native extension for OSXStandalone target not found
Native extension for WebGL target not found
Refreshing native plugins compatible for Editor in 0.66 ms, found 0 plugins.
Preloading 0 native plugins for Editor in 0.00 ms.
Mono: successfully reloaded assembly
- Completed reload, in  1.475 seconds
Platform modules already initialized, skipping
Shader 'Universal Render Pipeline/Particles/Lit': fallback shader 'Universal Render Pipeline/Particles/SimpleLit' not found
Refreshing native plugins compatible for Editor in 0.65 ms, found 0 plugins.
Preloading 0 native plugins for Editor in 0.00 ms.
Unloading 2857 Unused Serialized files (Serialized files now loaded: 0)
System memory in use before: 141.9 MB.
System memory in use after: 142.1 MB.

Unloading 5 unused Assets to reduce memory usage. Loaded Objects now: 3526.
Total: 3.841600 ms (FindLiveObjects: 0.390500 ms CreateObjectMapping: 0.219300 ms MarkObjects: 3.207300 ms  DeleteObjects: 0.022300 ms)

========================================================================
Received Import Request.
  Time since last request: 476.970741 seconds.
  path: Assets/Scripts/UI/SettingsScript.cs
  artifactKey: Guid(fc63b99a966de0c42b5dc7b1e89ef0b4) Importer(815301076,1909f56bfc062723c751e8b465ee728b)
Start importing Assets/Scripts/UI/SettingsScript.cs using Guid(fc63b99a966de0c42b5dc7b1e89ef0b4) Importer(815301076,1909f56bfc062723c751e8b465ee728b)  -> (artifact id: '03d1c8ded8ea4c9cea1d67304fdea055') in 0.049233 seconds 
========================================================================
Received Prepare
Registering precompiled user dll's ...
Registered in 0.001883 seconds.
Begin MonoManager ReloadAssembly
Native extension for LinuxStandalone target not found
Native extension for WindowsStandalone target not found
Native extension for OSXStandalone target not found
Native extension for WebGL target not found
Refreshing native plugins compatible for Editor in 0.65 ms, found 0 plugins.
Preloading 0 native plugins for Editor in 0.00 ms.
Mono: successfully reloaded assembly
- Completed reload, in  1.475 seconds
Platform modules already initialized, skipping
Shader 'Universal Render Pipeline/Particles/Lit': fallback shader 'Universal Render Pipeline/Particles/SimpleLit' not found
Refreshing native plugins compatible for Editor in 0.68 ms, found 0 plugins.
Preloading 0 native plugins for Editor in 0.00 ms.
Unloading 2857 Unused Serialized files (Serialized files now loaded: 0)
System memory in use before: 141.9 MB.
System memory in use after: 142.2 MB.

Unloading 5 unused Assets to reduce memory usage. Loaded Objects now: 3529.
Total: 5.894000 ms (FindLiveObjects: 0.414300 ms CreateObjectMapping: 0.287000 ms MarkObjects: 5.139800 ms  DeleteObjects: 0.051100 ms)

========================================================================
Received Import Request.
  Time since last request: 47.045871 seconds.
  path: Assets/Scripts/UI/SettingsScript.cs
  artifactKey: Guid(fc63b99a966de0c42b5dc7b1e89ef0b4) Importer(815301076,1909f56bfc062723c751e8b465ee728b)
Start importing Assets/Scripts/UI/SettingsScript.cs using Guid(fc63b99a966de0c42b5dc7b1e89ef0b4) Importer(815301076,1909f56bfc062723c751e8b465ee728b)  -> (artifact id: '5fe869d1b6a5077120ce474e9eda2964') in 0.013817 seconds 
========================================================================
Received Prepare
Registering precompiled user dll's ...
Registered in 0.001856 seconds.
Begin MonoManager ReloadAssembly
Native extension for LinuxStandalone target not found
Native extension for WindowsStandalone target not found
Native extension for OSXStandalone target not found
Native extension for WebGL target not found
Refreshing native plugins compatible for Editor in 0.90 ms, found 0 plugins.
Preloading 0 native plugins for Editor in 0.00 ms.
Mono: successfully reloaded assembly
- Completed reload, in  2.802 seconds
Platform modules already initialized, skipping
Shader 'Universal Render Pipeline/Particles/Lit': fallback shader 'Universal Render Pipeline/Particles/SimpleLit' not found
Refreshing native plugins compatible for Editor in 0.99 ms, found 0 plugins.
Preloading 0 native plugins for Editor in 0.00 ms.
Unloading 2857 Unused Serialized files (Serialized files now loaded: 0)
System memory in use before: 141.9 MB.
System memory in use after: 142.2 MB.

Unloading 5 unused Assets to reduce memory usage. Loaded Objects now: 3532.
Total: 4.813600 ms (FindLiveObjects: 0.457800 ms CreateObjectMapping: 0.324300 ms MarkObjects: 3.995200 ms  DeleteObjects: 0.034400 ms)

========================================================================
Received Prepare
Registering precompiled user dll's ...
Registered in 0.002145 seconds.
Begin MonoManager ReloadAssembly
Native extension for LinuxStandalone target not found
Native extension for WindowsStandalone target not found
Native extension for OSXStandalone target not found
Native extension for WebGL target not found
Refreshing native plugins compatible for Editor in 1.16 ms, found 0 plugins.
Preloading 0 native plugins for Editor in 0.00 ms.
Mono: successfully reloaded assembly
- Completed reload, in  1.479 seconds
Platform modules already initialized, skipping
Shader 'Universal Render Pipeline/Particles/Lit': fallback shader 'Universal Render Pipeline/Particles/SimpleLit' not found
Refreshing native plugins compatible for Editor in 0.67 ms, found 0 plugins.
Preloading 0 native plugins for Editor in 0.00 ms.
Unloading 2857 Unused Serialized files (Serialized files now loaded: 0)
System memory in use before: 141.9 MB.
System memory in use after: 142.2 MB.

Unloading 5 unused Assets to reduce memory usage. Loaded Objects now: 3535.
Total: 7.332600 ms (FindLiveObjects: 0.461000 ms CreateObjectMapping: 0.485900 ms MarkObjects: 6.263900 ms  DeleteObjects: 0.119800 ms)

========================================================================
Received Prepare
Registering precompiled user dll's ...
Registered in 0.002787 seconds.
Begin MonoManager ReloadAssembly
Native extension for LinuxStandalone target not found
Native extension for WindowsStandalone target not found
Native extension for OSXStandalone target not found
Native extension for WebGL target not found
Refreshing native plugins compatible for Editor in 0.66 ms, found 0 plugins.
Preloading 0 native plugins for Editor in 0.00 ms.
Mono: successfully reloaded assembly
- Completed reload, in  2.282 seconds
Platform modules already initialized, skipping
Shader 'Universal Render Pipeline/Particles/Lit': fallback shader 'Universal Render Pipeline/Particles/SimpleLit' not found
Refreshing native plugins compatible for Editor in 0.64 ms, found 0 plugins.
Preloading 0 native plugins for Editor in 0.00 ms.
Unloading 2857 Unused Serialized files (Serialized files now loaded: 0)
System memory in use before: 142.0 MB.
System memory in use after: 142.2 MB.

Unloading 5 unused Assets to reduce memory usage. Loaded Objects now: 3538.
Total: 3.899700 ms (FindLiveObjects: 0.396300 ms CreateObjectMapping: 0.230500 ms MarkObjects: 2.910100 ms  DeleteObjects: 0.360700 ms)

========================================================================
Received Import Request.
  Time since last request: 289.370483 seconds.
  path: Assets/Audio/VolumeMixer.mixer
  artifactKey: Guid(f977a69f730a86f479654fd87ba9460b) Importer(815301076,1909f56bfc062723c751e8b465ee728b)
Start importing Assets/Audio/VolumeMixer.mixer using Guid(f977a69f730a86f479654fd87ba9460b) Importer(815301076,1909f56bfc062723c751e8b465ee728b)  -> (artifact id: '72ed25b0eb0b76895188d493654fa3f6') in 0.046218 seconds 
========================================================================
Received Prepare
Registering precompiled user dll's ...
Registered in 0.008391 seconds.
Begin MonoManager ReloadAssembly
Native extension for LinuxStandalone target not found
Native extension for WindowsStandalone target not found
Native extension for OSXStandalone target not found
Native extension for WebGL target not found
Refreshing native plugins compatible for Editor in 0.72 ms, found 0 plugins.
Preloading 0 native plugins for Editor in 0.00 ms.
Mono: successfully reloaded assembly
- Completed reload, in  2.409 seconds
Platform modules already initialized, skipping
Shader 'Universal Render Pipeline/Particles/Lit': fallback shader 'Universal Render Pipeline/Particles/SimpleLit' not found
Refreshing native plugins compatible for Editor in 0.76 ms, found 0 plugins.
Preloading 0 native plugins for Editor in 0.00 ms.
Unloading 2857 Unused Serialized files (Serialized files now loaded: 0)
System memory in use before: 142.0 MB.
System memory in use after: 142.2 MB.

Unloading 5 unused Assets to reduce memory usage. Loaded Objects now: 3541.
Total: 4.478100 ms (FindLiveObjects: 0.421000 ms CreateObjectMapping: 0.299200 ms MarkObjects: 3.717900 ms  DeleteObjects: 0.038400 ms)

========================================================================
Received Prepare
Registering precompiled user dll's ...
Registered in 0.002594 seconds.
Begin MonoManager ReloadAssembly
Native extension for LinuxStandalone target not found
Native extension for WindowsStandalone target not found
Native extension for OSXStandalone target not found
Native extension for WebGL target not found
Refreshing native plugins compatible for Editor in 0.71 ms, found 0 plugins.
Preloading 0 native plugins for Editor in 0.00 ms.
Mono: successfully reloaded assembly
- Completed reload, in  1.496 seconds
Platform modules already initialized, skipping
Shader 'Universal Render Pipeline/Particles/Lit': fallback shader 'Universal Render Pipeline/Particles/SimpleLit' not found
Refreshing native plugins compatible for Editor in 1.05 ms, found 0 plugins.
Preloading 0 native plugins for Editor in 0.00 ms.
Unloading 2857 Unused Serialized files (Serialized files now loaded: 0)
System memory in use before: 142.0 MB.
System memory in use after: 142.2 MB.

Unloading 5 unused Assets to reduce memory usage. Loaded Objects now: 3544.
Total: 4.274400 ms (FindLiveObjects: 0.442400 ms CreateObjectMapping: 0.243400 ms MarkObjects: 3.566700 ms  DeleteObjects: 0.019800 ms)

========================================================================
Received Prepare
Registering precompiled user dll's ...
Registered in 0.010087 seconds.
Begin MonoManager ReloadAssembly
Native extension for LinuxStandalone target not found
Native extension for WindowsStandalone target not found
Native extension for OSXStandalone target not found
Native extension for WebGL target not found
Refreshing native plugins compatible for Editor in 1.20 ms, found 0 plugins.
Preloading 0 native plugins for Editor in 0.00 ms.
Mono: successfully reloaded assembly
- Completed reload, in  2.559 seconds
Platform modules already initialized, skipping
Shader 'Universal Render Pipeline/Particles/Lit': fallback shader 'Universal Render Pipeline/Particles/SimpleLit' not found
Refreshing native plugins compatible for Editor in 1.17 ms, found 0 plugins.
Preloading 0 native plugins for Editor in 0.00 ms.
Unloading 2857 Unused Serialized files (Serialized files now loaded: 0)
System memory in use before: 142.0 MB.
System memory in use after: 142.2 MB.

Unloading 5 unused Assets to reduce memory usage. Loaded Objects now: 3547.
Total: 29.663400 ms (FindLiveObjects: 4.098300 ms CreateObjectMapping: 1.029100 ms MarkObjects: 23.985300 ms  DeleteObjects: 0.547100 ms)

========================================================================
Received Import Request.
  Time since last request: 388.447873 seconds.
  path: Assets/SoundMixer.mixer
  artifactKey: Guid(6c952c548a80dad4cb99b67f8edd667e) Importer(815301076,1909f56bfc062723c751e8b465ee728b)
Start importing Assets/SoundMixer.mixer using Guid(6c952c548a80dad4cb99b67f8edd667e) Importer(815301076,1909f56bfc062723c751e8b465ee728b)  -> (artifact id: 'ee9890a88450d0e9b2e7ddbb897c0e3a') in 0.069553 seconds 
========================================================================
Received Import Request.
  Time since last request: 16.256625 seconds.
  path: Assets/Audio/VolumeMixer.mixer
  artifactKey: Guid(f977a69f730a86f479654fd87ba9460b) Importer(815301076,1909f56bfc062723c751e8b465ee728b)
Start importing Assets/Audio/VolumeMixer.mixer using Guid(f977a69f730a86f479654fd87ba9460b) Importer(815301076,1909f56bfc062723c751e8b465ee728b)  -> (artifact id: 'a5cec2ec8f6f2a243cff935a21d856e1') in 0.044868 seconds 
========================================================================
Received Import Request.
  Time since last request: 42.617108 seconds.
  path: Assets/SoundMixer.mixer
  artifactKey: Guid(6c952c548a80dad4cb99b67f8edd667e) Importer(815301076,1909f56bfc062723c751e8b465ee728b)
Start importing Assets/SoundMixer.mixer using Guid(6c952c548a80dad4cb99b67f8edd667e) Importer(815301076,1909f56bfc062723c751e8b465ee728b)  -> (artifact id: '78b700af0b2817091cad9d702dd95e3e') in 0.041254 seconds 
========================================================================
Received Prepare
Registering precompiled user dll's ...
Registered in 0.007621 seconds.
Begin MonoManager ReloadAssembly
Native extension for LinuxStandalone target not found
Native extension for WindowsStandalone target not found
Native extension for OSXStandalone target not found
Native extension for WebGL target not found
Refreshing native plugins compatible for Editor in 0.67 ms, found 0 plugins.
Preloading 0 native plugins for Editor in 0.00 ms.
Mono: successfully reloaded assembly
- Completed reload, in  1.603 seconds
Platform modules already initialized, skipping
Shader 'Universal Render Pipeline/Particles/Lit': fallback shader 'Universal Render Pipeline/Particles/SimpleLit' not found
Refreshing native plugins compatible for Editor in 0.79 ms, found 0 plugins.
Preloading 0 native plugins for Editor in 0.00 ms.
Unloading 2857 Unused Serialized files (Serialized files now loaded: 0)
System memory in use before: 142.0 MB.
System memory in use after: 142.2 MB.

Unloading 5 unused Assets to reduce memory usage. Loaded Objects now: 3550.
Total: 5.081600 ms (FindLiveObjects: 0.413900 ms CreateObjectMapping: 0.281100 ms MarkObjects: 4.360000 ms  DeleteObjects: 0.024700 ms)

========================================================================
Received Import Request.
  Time since last request: 121.152648 seconds.
  path: Assets/Scripts/UI/SettingsScript.cs
  artifactKey: Guid(fc63b99a966de0c42b5dc7b1e89ef0b4) Importer(815301076,1909f56bfc062723c751e8b465ee728b)
Start importing Assets/Scripts/UI/SettingsScript.cs using Guid(fc63b99a966de0c42b5dc7b1e89ef0b4) Importer(815301076,1909f56bfc062723c751e8b465ee728b)  -> (artifact id: 'dc595951e9e34257616920a676d83f7e') in 0.040720 seconds 
========================================================================
Received Prepare
Registering precompiled user dll's ...
Registered in 0.003013 seconds.
Begin MonoManager ReloadAssembly
Native extension for LinuxStandalone target not found
Native extension for WindowsStandalone target not found
Native extension for OSXStandalone target not found
Native extension for WebGL target not found
Refreshing native plugins compatible for Editor in 0.66 ms, found 0 plugins.
Preloading 0 native plugins for Editor in 0.00 ms.
Mono: successfully reloaded assembly
- Completed reload, in  1.615 seconds
Platform modules already initialized, skipping
Shader 'Universal Render Pipeline/Particles/Lit': fallback shader 'Universal Render Pipeline/Particles/SimpleLit' not found
Refreshing native plugins compatible for Editor in 0.65 ms, found 0 plugins.
Preloading 0 native plugins for Editor in 0.00 ms.
Unloading 2857 Unused Serialized files (Serialized files now loaded: 0)
System memory in use before: 142.0 MB.
System memory in use after: 142.2 MB.

Unloading 5 unused Assets to reduce memory usage. Loaded Objects now: 3553.
Total: 3.742600 ms (FindLiveObjects: 0.431100 ms CreateObjectMapping: 0.302700 ms MarkObjects: 2.983100 ms  DeleteObjects: 0.023600 ms)

========================================================================
Received Import Request.
  Time since last request: 34.267884 seconds.
  path: Assets/Scripts/UI/SettingsScript.cs
  artifactKey: Guid(fc63b99a966de0c42b5dc7b1e89ef0b4) Importer(815301076,1909f56bfc062723c751e8b465ee728b)
Start importing Assets/Scripts/UI/SettingsScript.cs using Guid(fc63b99a966de0c42b5dc7b1e89ef0b4) Importer(815301076,1909f56bfc062723c751e8b465ee728b)  -> (artifact id: '10302f8601a7e6f8a6ba72ba2306e869') in 0.028680 seconds 
========================================================================
Received Prepare
Registering precompiled user dll's ...
Registered in 0.001885 seconds.
Begin MonoManager ReloadAssembly
Native extension for LinuxStandalone target not found
Native extension for WindowsStandalone target not found
Native extension for OSXStandalone target not found
Native extension for WebGL target not found
Refreshing native plugins compatible for Editor in 0.66 ms, found 0 plugins.
Preloading 0 native plugins for Editor in 0.00 ms.
Mono: successfully reloaded assembly
- Completed reload, in  1.644 seconds
Platform modules already initialized, skipping
Shader 'Universal Render Pipeline/Particles/Lit': fallback shader 'Universal Render Pipeline/Particles/SimpleLit' not found
Refreshing native plugins compatible for Editor in 4.16 ms, found 0 plugins.
Preloading 0 native plugins for Editor in 0.00 ms.
Unloading 2857 Unused Serialized files (Serialized files now loaded: 0)
System memory in use before: 142.0 MB.
System memory in use after: 142.2 MB.

Unloading 5 unused Assets to reduce memory usage. Loaded Objects now: 3556.
Total: 12.254400 ms (FindLiveObjects: 0.591400 ms CreateObjectMapping: 0.299000 ms MarkObjects: 11.336800 ms  DeleteObjects: 0.025000 ms)

========================================================================
Received Prepare
Registering precompiled user dll's ...
Registered in 0.001771 seconds.
Begin MonoManager ReloadAssembly
Native extension for LinuxStandalone target not found
Native extension for WindowsStandalone target not found
Native extension for OSXStandalone target not found
Native extension for WebGL target not found
Refreshing native plugins compatible for Editor in 1.21 ms, found 0 plugins.
Preloading 0 native plugins for Editor in 0.00 ms.
Mono: successfully reloaded assembly
- Completed reload, in  1.558 seconds
Platform modules already initialized, skipping
Shader 'Universal Render Pipeline/Particles/Lit': fallback shader 'Universal Render Pipeline/Particles/SimpleLit' not found
Refreshing native plugins compatible for Editor in 2.69 ms, found 0 plugins.
Preloading 0 native plugins for Editor in 0.00 ms.
Unloading 2857 Unused Serialized files (Serialized files now loaded: 0)
System memory in use before: 142.0 MB.
System memory in use after: 142.2 MB.

Unloading 5 unused Assets to reduce memory usage. Loaded Objects now: 3559.
Total: 9.839000 ms (FindLiveObjects: 2.679800 ms CreateObjectMapping: 0.807100 ms MarkObjects: 6.318400 ms  DeleteObjects: 0.031200 ms)

========================================================================
Received Import Request.
  Time since last request: 293.064508 seconds.
  path: Assets/Audio/VolumeMixer.mixer
  artifactKey: Guid(f977a69f730a86f479654fd87ba9460b) Importer(815301076,1909f56bfc062723c751e8b465ee728b)
Start importing Assets/Audio/VolumeMixer.mixer using Guid(f977a69f730a86f479654fd87ba9460b) Importer(815301076,1909f56bfc062723c751e8b465ee728b)  -> (artifact id: '2e3c9c18c6177bb1505013ff961d2d65') in 0.030336 seconds 
========================================================================
Received Prepare
Registering precompiled user dll's ...
Registered in 0.003069 seconds.
Begin MonoManager ReloadAssembly
Native extension for LinuxStandalone target not found
Native extension for WindowsStandalone target not found
Native extension for OSXStandalone target not found
Native extension for WebGL target not found
Refreshing native plugins compatible for Editor in 0.70 ms, found 0 plugins.
Preloading 0 native plugins for Editor in 0.00 ms.
Mono: successfully reloaded assembly
- Completed reload, in  2.262 seconds
Platform modules already initialized, skipping
Shader 'Universal Render Pipeline/Particles/Lit': fallback shader 'Universal Render Pipeline/Particles/SimpleLit' not found
Refreshing native plugins compatible for Editor in 0.85 ms, found 0 plugins.
Preloading 0 native plugins for Editor in 0.00 ms.
Unloading 2857 Unused Serialized files (Serialized files now loaded: 0)
System memory in use before: 142.0 MB.
System memory in use after: 142.2 MB.

Unloading 5 unused Assets to reduce memory usage. Loaded Objects now: 3562.
Total: 4.059200 ms (FindLiveObjects: 0.422600 ms CreateObjectMapping: 0.250300 ms MarkObjects: 3.365300 ms  DeleteObjects: 0.019300 ms)

========================================================================
Received Import Request.
  Time since last request: 69.255959 seconds.
  path: Assets/SoundMixer.mixer
  artifactKey: Guid(6c952c548a80dad4cb99b67f8edd667e) Importer(815301076,1909f56bfc062723c751e8b465ee728b)
Start importing Assets/SoundMixer.mixer using Guid(6c952c548a80dad4cb99b67f8edd667e) Importer(815301076,1909f56bfc062723c751e8b465ee728b)  -> (artifact id: '642a0469b1dc5de72ce64e57ba3c350f') in 0.024634 seconds 
========================================================================
Received Import Request.
  Time since last request: 3.447676 seconds.
  path: Assets/SoundMixer.mixer
  artifactKey: Guid(6c952c548a80dad4cb99b67f8edd667e) Importer(815301076,1909f56bfc062723c751e8b465ee728b)
Start importing Assets/SoundMixer.mixer using Guid(6c952c548a80dad4cb99b67f8edd667e) Importer(815301076,1909f56bfc062723c751e8b465ee728b)  -> (artifact id: '6570bf035317f0b70dc59d7b1393cdfd') in 0.017355 seconds 
========================================================================
Received Prepare
Registering precompiled user dll's ...
Registered in 0.002112 seconds.
Begin MonoManager ReloadAssembly
Native extension for LinuxStandalone target not found
Native extension for WindowsStandalone target not found
Native extension for OSXStandalone target not found
Native extension for WebGL target not found
Refreshing native plugins compatible for Editor in 0.62 ms, found 0 plugins.
Preloading 0 native plugins for Editor in 0.00 ms.
Mono: successfully reloaded assembly
- Completed reload, in  1.646 seconds
Platform modules already initialized, skipping
Shader 'Universal Render Pipeline/Particles/Lit': fallback shader 'Universal Render Pipeline/Particles/SimpleLit' not found
Refreshing native plugins compatible for Editor in 1.29 ms, found 0 plugins.
Preloading 0 native plugins for Editor in 0.00 ms.
Unloading 2857 Unused Serialized files (Serialized files now loaded: 0)
System memory in use before: 142.0 MB.
System memory in use after: 142.3 MB.

Unloading 5 unused Assets to reduce memory usage. Loaded Objects now: 3565.
Total: 4.281700 ms (FindLiveObjects: 0.777200 ms CreateObjectMapping: 0.258200 ms MarkObjects: 3.225200 ms  DeleteObjects: 0.019400 ms)

========================================================================
Received Prepare
Registering precompiled user dll's ...
Registered in 0.003540 seconds.
Begin MonoManager ReloadAssembly
Native extension for LinuxStandalone target not found
Native extension for WindowsStandalone target not found
Native extension for OSXStandalone target not found
Native extension for WebGL target not found
Refreshing native plugins compatible for Editor in 0.63 ms, found 0 plugins.
Preloading 0 native plugins for Editor in 0.00 ms.
Mono: successfully reloaded assembly
- Completed reload, in  1.275 seconds
Platform modules already initialized, skipping
Shader 'Universal Render Pipeline/Particles/Lit': fallback shader 'Universal Render Pipeline/Particles/SimpleLit' not found
Refreshing native plugins compatible for Editor in 0.58 ms, found 0 plugins.
Preloading 0 native plugins for Editor in 0.00 ms.
Unloading 2857 Unused Serialized files (Serialized files now loaded: 0)
System memory in use before: 142.0 MB.
System memory in use after: 142.3 MB.

Unloading 5 unused Assets to reduce memory usage. Loaded Objects now: 3568.
Total: 16.495500 ms (FindLiveObjects: 11.711100 ms CreateObjectMapping: 0.293700 ms MarkObjects: 4.422300 ms  DeleteObjects: 0.066700 ms)

========================================================================
Received Import Request.
  Time since last request: 206.303936 seconds.
  path: Assets/Scripts/UI/SettingsScript.cs
  artifactKey: Guid(fc63b99a966de0c42b5dc7b1e89ef0b4) Importer(815301076,1909f56bfc062723c751e8b465ee728b)
Start importing Assets/Scripts/UI/SettingsScript.cs using Guid(fc63b99a966de0c42b5dc7b1e89ef0b4) Importer(815301076,1909f56bfc062723c751e8b465ee728b)  -> (artifact id: '5c256b120b04d9a308087ded576de068') in 0.010377 seconds 
========================================================================
Received Prepare
Registering precompiled user dll's ...
Registered in 0.003003 seconds.
Begin MonoManager ReloadAssembly
Native extension for LinuxStandalone target not found
Native extension for WindowsStandalone target not found
Native extension for OSXStandalone target not found
Native extension for WebGL target not found
Refreshing native plugins compatible for Editor in 0.72 ms, found 0 plugins.
Preloading 0 native plugins for Editor in 0.00 ms.
Mono: successfully reloaded assembly
- Completed reload, in  1.877 seconds
Platform modules already initialized, skipping
Shader 'Universal Render Pipeline/Particles/Lit': fallback shader 'Universal Render Pipeline/Particles/SimpleLit' not found
Refreshing native plugins compatible for Editor in 1.07 ms, found 0 plugins.
Preloading 0 native plugins for Editor in 0.00 ms.
Unloading 2857 Unused Serialized files (Serialized files now loaded: 0)
System memory in use before: 142.0 MB.
System memory in use after: 142.3 MB.

Unloading 5 unused Assets to reduce memory usage. Loaded Objects now: 3571.
Total: 3.855100 ms (FindLiveObjects: 0.441900 ms CreateObjectMapping: 0.264900 ms MarkObjects: 3.123500 ms  DeleteObjects: 0.023200 ms)

========================================================================
Received Prepare
Registering precompiled user dll's ...
Registered in 0.005893 seconds.
Begin MonoManager ReloadAssembly
Native extension for LinuxStandalone target not found
Native extension for WindowsStandalone target not found
Native extension for OSXStandalone target not found
Native extension for WebGL target not found
Refreshing native plugins compatible for Editor in 1.28 ms, found 0 plugins.
Preloading 0 native plugins for Editor in 0.00 ms.
Mono: successfully reloaded assembly
- Completed reload, in  2.192 seconds
Platform modules already initialized, skipping
Shader 'Universal Render Pipeline/Particles/Lit': fallback shader 'Universal Render Pipeline/Particles/SimpleLit' not found
Refreshing native plugins compatible for Editor in 0.91 ms, found 0 plugins.
Preloading 0 native plugins for Editor in 0.00 ms.
Unloading 2857 Unused Serialized files (Serialized files now loaded: 0)
System memory in use before: 142.0 MB.
System memory in use after: 142.3 MB.

Unloading 5 unused Assets to reduce memory usage. Loaded Objects now: 3574.
Total: 23.596600 ms (FindLiveObjects: 10.163800 ms CreateObjectMapping: 4.531400 ms MarkObjects: 8.822500 ms  DeleteObjects: 0.075800 ms)

========================================================================
Received Import Request.
  Time since last request: 482.577263 seconds.
  path: Assets/Audio/SoundMixer.mixer
  artifactKey: Guid(6c952c548a80dad4cb99b67f8edd667e) Importer(815301076,1909f56bfc062723c751e8b465ee728b)
Start importing Assets/Audio/SoundMixer.mixer using Guid(6c952c548a80dad4cb99b67f8edd667e) Importer(815301076,1909f56bfc062723c751e8b465ee728b)  -> (artifact id: 'b0343497587df652bad0e785827ace5b') in 0.060060 seconds 
========================================================================
Received Import Request.
  Time since last request: 6.461889 seconds.
  path: Assets/Audio/SoundMixer.mixer
  artifactKey: Guid(6c952c548a80dad4cb99b67f8edd667e) Importer(815301076,1909f56bfc062723c751e8b465ee728b)
Start importing Assets/Audio/SoundMixer.mixer using Guid(6c952c548a80dad4cb99b67f8edd667e) Importer(815301076,1909f56bfc062723c751e8b465ee728b)  -> (artifact id: '3fcbe559c5f08a6b2ae57f8052690399') in 0.015227 seconds 
========================================================================
Received Import Request.
  Time since last request: 2.548962 seconds.
  path: Assets/Audio/SoundMixer.mixer
  artifactKey: Guid(6c952c548a80dad4cb99b67f8edd667e) Importer(815301076,1909f56bfc062723c751e8b465ee728b)
Start importing Assets/Audio/SoundMixer.mixer using Guid(6c952c548a80dad4cb99b67f8edd667e) Importer(815301076,1909f56bfc062723c751e8b465ee728b)  -> (artifact id: '659d54dfb59cb788a38190a598a19cb0') in 0.024683 seconds 
========================================================================
Received Import Request.
  Time since last request: 6.565882 seconds.
  path: Assets/Audio/SoundMixer.mixer
  artifactKey: Guid(6c952c548a80dad4cb99b67f8edd667e) Importer(815301076,1909f56bfc062723c751e8b465ee728b)
Start importing Assets/Audio/SoundMixer.mixer using Guid(6c952c548a80dad4cb99b67f8edd667e) Importer(815301076,1909f56bfc062723c751e8b465ee728b)  -> (artifact id: 'fa590ef8c1c5fe7a438359e1eaf13ee8') in 0.025029 seconds 
========================================================================
Received Import Request.
  Time since last request: 25.809509 seconds.
  path: Assets/Audio/VolumeMixer.mixer
  artifactKey: Guid(f977a69f730a86f479654fd87ba9460b) Importer(815301076,1909f56bfc062723c751e8b465ee728b)
Start importing Assets/Audio/VolumeMixer.mixer using Guid(f977a69f730a86f479654fd87ba9460b) Importer(815301076,1909f56bfc062723c751e8b465ee728b)  -> (artifact id: '8dc82180020504edab3a52c2d45b961b') in 0.024703 seconds 
========================================================================
Received Import Request.
  Time since last request: 3.409481 seconds.
  path: Assets/Audio/VolumeMixer.mixer
  artifactKey: Guid(f977a69f730a86f479654fd87ba9460b) Importer(815301076,1909f56bfc062723c751e8b465ee728b)
Start importing Assets/Audio/VolumeMixer.mixer using Guid(f977a69f730a86f479654fd87ba9460b) Importer(815301076,1909f56bfc062723c751e8b465ee728b)  -> (artifact id: '5d5cfac1a89e331d582773977bd70baa') in 0.036144 seconds 
========================================================================
Received Import Request.
  Time since last request: 1.995299 seconds.
  path: Assets/Audio/VolumeMixer.mixer
  artifactKey: Guid(f977a69f730a86f479654fd87ba9460b) Importer(815301076,1909f56bfc062723c751e8b465ee728b)
Start importing Assets/Audio/VolumeMixer.mixer using Guid(f977a69f730a86f479654fd87ba9460b) Importer(815301076,1909f56bfc062723c751e8b465ee728b)  -> (artifact id: '1145c61c7bb7f76d161b6dc6d9612b06') in 0.064139 seconds 
========================================================================
Received Import Request.
  Time since last request: 1.446100 seconds.
  path: Assets/Audio/VolumeMixer.mixer
  artifactKey: Guid(f977a69f730a86f479654fd87ba9460b) Importer(815301076,1909f56bfc062723c751e8b465ee728b)
Start importing Assets/Audio/VolumeMixer.mixer using Guid(f977a69f730a86f479654fd87ba9460b) Importer(815301076,1909f56bfc062723c751e8b465ee728b)  -> (artifact id: '2b9306b06d054e026f272f3caa5fd440') in 0.040955 seconds 
========================================================================
Received Prepare
Registering precompiled user dll's ...
Registered in 0.002025 seconds.
Begin MonoManager ReloadAssembly
Native extension for LinuxStandalone target not found
Native extension for WindowsStandalone target not found
Native extension for OSXStandalone target not found
Native extension for WebGL target not found
Refreshing native plugins compatible for Editor in 0.71 ms, found 0 plugins.
Preloading 0 native plugins for Editor in 0.00 ms.
Mono: successfully reloaded assembly
- Completed reload, in  2.295 seconds
Platform modules already initialized, skipping
Shader 'Universal Render Pipeline/Particles/Lit': fallback shader 'Universal Render Pipeline/Particles/SimpleLit' not found
Refreshing native plugins compatible for Editor in 0.68 ms, found 0 plugins.
Preloading 0 native plugins for Editor in 0.00 ms.
Unloading 2857 Unused Serialized files (Serialized files now loaded: 0)
System memory in use before: 142.0 MB.
System memory in use after: 142.3 MB.

Unloading 5 unused Assets to reduce memory usage. Loaded Objects now: 3577.
Total: 4.607900 ms (FindLiveObjects: 0.989600 ms CreateObjectMapping: 0.263800 ms MarkObjects: 3.313000 ms  DeleteObjects: 0.039600 ms)

========================================================================
Received Import Request.
  Time since last request: 266.207639 seconds.
  path: Assets/Audio
  artifactKey: Guid(a9ca057922895464785059c56f08f04c) Importer(815301076,1909f56bfc062723c751e8b465ee728b)
Start importing Assets/Audio using Guid(a9ca057922895464785059c56f08f04c) Importer(815301076,1909f56bfc062723c751e8b465ee728b)  -> (artifact id: 'f7d12df420c3c69ee99f46903e79c72b') in 0.034223 seconds 
========================================================================
Received Prepare
Registering precompiled user dll's ...
Registered in 0.002521 seconds.
Begin MonoManager ReloadAssembly
Native extension for LinuxStandalone target not found
Native extension for WindowsStandalone target not found
Native extension for OSXStandalone target not found
Native extension for WebGL target not found
Refreshing native plugins compatible for Editor in 0.71 ms, found 0 plugins.
Preloading 0 native plugins for Editor in 0.00 ms.
Mono: successfully reloaded assembly
- Completed reload, in  1.959 seconds
Platform modules already initialized, skipping
Shader 'Universal Render Pipeline/Particles/Lit': fallback shader 'Universal Render Pipeline/Particles/SimpleLit' not found
Refreshing native plugins compatible for Editor in 2.61 ms, found 0 plugins.
Preloading 0 native plugins for Editor in 0.00 ms.
Unloading 2857 Unused Serialized files (Serialized files now loaded: 0)
System memory in use before: 142.1 MB.
System memory in use after: 142.3 MB.

Unloading 5 unused Assets to reduce memory usage. Loaded Objects now: 3580.
Total: 12.121900 ms (FindLiveObjects: 4.109500 ms CreateObjectMapping: 0.589300 ms MarkObjects: 7.389600 ms  DeleteObjects: 0.030400 ms)

========================================================================
Received Import Request.
  Time since last request: 177.738490 seconds.
  path: Assets/Audio/VolumeMixer.mixer
  artifactKey: Guid(f977a69f730a86f479654fd87ba9460b) Importer(815301076,1909f56bfc062723c751e8b465ee728b)
Start importing Assets/Audio/VolumeMixer.mixer using Guid(f977a69f730a86f479654fd87ba9460b) Importer(815301076,1909f56bfc062723c751e8b465ee728b)  -> (artifact id: '7d9fcc5d05d2e5b3e7af74d129d2a69d') in 0.035422 seconds 
========================================================================
Received Prepare
Registering precompiled user dll's ...
Registered in 0.004516 seconds.
Begin MonoManager ReloadAssembly
Native extension for LinuxStandalone target not found
Native extension for WindowsStandalone target not found
Native extension for OSXStandalone target not found
Native extension for WebGL target not found
Refreshing native plugins compatible for Editor in 0.87 ms, found 0 plugins.
Preloading 0 native plugins for Editor in 0.00 ms.
Mono: successfully reloaded assembly
- Completed reload, in  2.216 seconds
Platform modules already initialized, skipping
Shader 'Universal Render Pipeline/Particles/Lit': fallback shader 'Universal Render Pipeline/Particles/SimpleLit' not found
Refreshing native plugins compatible for Editor in 2.53 ms, found 0 plugins.
Preloading 0 native plugins for Editor in 0.00 ms.
Unloading 2857 Unused Serialized files (Serialized files now loaded: 0)
System memory in use before: 142.1 MB.
System memory in use after: 142.3 MB.

Unloading 5 unused Assets to reduce memory usage. Loaded Objects now: 3583.
Total: 5.062300 ms (FindLiveObjects: 0.425000 ms CreateObjectMapping: 0.246900 ms MarkObjects: 4.005800 ms  DeleteObjects: 0.381900 ms)

========================================================================
Received Import Request.
  Time since last request: 38.159041 seconds.
  path: Assets/SoundMixer.mixer
  artifactKey: Guid(03f3786c675bb024c9b5b077d18272fc) Importer(815301076,1909f56bfc062723c751e8b465ee728b)
Start importing Assets/SoundMixer.mixer using Guid(03f3786c675bb024c9b5b077d18272fc) Importer(815301076,1909f56bfc062723c751e8b465ee728b)  -> (artifact id: '2d2e8a4a826e41058a7129ceacf67d37') in 0.052360 seconds 
========================================================================
Received Prepare
Registering precompiled user dll's ...
Registered in 0.002516 seconds.
Begin MonoManager ReloadAssembly
Native extension for LinuxStandalone target not found
Native extension for WindowsStandalone target not found
Native extension for OSXStandalone target not found
Native extension for WebGL target not found
Refreshing native plugins compatible for Editor in 0.72 ms, found 0 plugins.
Preloading 0 native plugins for Editor in 0.00 ms.
Mono: successfully reloaded assembly
- Completed reload, in  1.808 seconds
Platform modules already initialized, skipping
Shader 'Universal Render Pipeline/Particles/Lit': fallback shader 'Universal Render Pipeline/Particles/SimpleLit' not found
Refreshing native plugins compatible for Editor in 0.72 ms, found 0 plugins.
Preloading 0 native plugins for Editor in 0.00 ms.
Unloading 2857 Unused Serialized files (Serialized files now loaded: 0)
System memory in use before: 142.1 MB.
System memory in use after: 142.3 MB.

Unloading 5 unused Assets to reduce memory usage. Loaded Objects now: 3586.
Total: 4.509100 ms (FindLiveObjects: 0.643100 ms CreateObjectMapping: 0.371200 ms MarkObjects: 3.466900 ms  DeleteObjects: 0.019400 ms)

========================================================================
Received Prepare
Registering precompiled user dll's ...
Registered in 0.001827 seconds.
Begin MonoManager ReloadAssembly
Native extension for LinuxStandalone target not found
Native extension for WindowsStandalone target not found
Native extension for OSXStandalone target not found
Native extension for WebGL target not found
Refreshing native plugins compatible for Editor in 0.69 ms, found 0 plugins.
Preloading 0 native plugins for Editor in 0.00 ms.
Mono: successfully reloaded assembly
- Completed reload, in  1.695 seconds
Platform modules already initialized, skipping
Shader 'Universal Render Pipeline/Particles/Lit': fallback shader 'Universal Render Pipeline/Particles/SimpleLit' not found
Refreshing native plugins compatible for Editor in 0.66 ms, found 0 plugins.
Preloading 0 native plugins for Editor in 0.00 ms.
Unloading 2857 Unused Serialized files (Serialized files now loaded: 0)
System memory in use before: 142.1 MB.
System memory in use after: 142.3 MB.

Unloading 5 unused Assets to reduce memory usage. Loaded Objects now: 3589.
Total: 4.964000 ms (FindLiveObjects: 0.512900 ms CreateObjectMapping: 0.287300 ms MarkObjects: 4.137800 ms  DeleteObjects: 0.024100 ms)

========================================================================
Received Import Request.
  Time since last request: 129.864569 seconds.
  path: Assets/Scripts/UI/SettingsScript.cs
  artifactKey: Guid(fc63b99a966de0c42b5dc7b1e89ef0b4) Importer(815301076,1909f56bfc062723c751e8b465ee728b)
Start importing Assets/Scripts/UI/SettingsScript.cs using Guid(fc63b99a966de0c42b5dc7b1e89ef0b4) Importer(815301076,1909f56bfc062723c751e8b465ee728b)  -> (artifact id: '589ecc77174d97d0cabc17a399489878') in 0.017902 seconds 
========================================================================
Received Prepare
Registering precompiled user dll's ...
Registered in 0.010729 seconds.
Begin MonoManager ReloadAssembly
Native extension for LinuxStandalone target not found
Native extension for WindowsStandalone target not found
Native extension for OSXStandalone target not found
Native extension for WebGL target not found
Refreshing native plugins compatible for Editor in 0.64 ms, found 0 plugins.
Preloading 0 native plugins for Editor in 0.00 ms.
Mono: successfully reloaded assembly
- Completed reload, in  1.643 seconds
Platform modules already initialized, skipping
Shader 'Universal Render Pipeline/Particles/Lit': fallback shader 'Universal Render Pipeline/Particles/SimpleLit' not found
Refreshing native plugins compatible for Editor in 0.93 ms, found 0 plugins.
Preloading 0 native plugins for Editor in 0.00 ms.
Unloading 2857 Unused Serialized files (Serialized files now loaded: 0)
System memory in use before: 142.1 MB.
System memory in use after: 142.3 MB.

Unloading 5 unused Assets to reduce memory usage. Loaded Objects now: 3592.
Total: 5.207000 ms (FindLiveObjects: 0.818100 ms CreateObjectMapping: 0.287800 ms MarkObjects: 4.072100 ms  DeleteObjects: 0.026000 ms)

========================================================================
Received Import Request.
  Time since last request: 9.109994 seconds.
  path: Assets/Scripts/UI/SettingsScript.cs
  artifactKey: Guid(fc63b99a966de0c42b5dc7b1e89ef0b4) Importer(815301076,1909f56bfc062723c751e8b465ee728b)
Start importing Assets/Scripts/UI/SettingsScript.cs using Guid(fc63b99a966de0c42b5dc7b1e89ef0b4) Importer(815301076,1909f56bfc062723c751e8b465ee728b)  -> (artifact id: '384d89f5b3187c8b6b0103340882777c') in 0.019731 seconds 
========================================================================
Received Prepare
Registering precompiled user dll's ...
Registered in 0.002566 seconds.
Begin MonoManager ReloadAssembly
Native extension for LinuxStandalone target not found
Native extension for WindowsStandalone target not found
Native extension for OSXStandalone target not found
Native extension for WebGL target not found
Refreshing native plugins compatible for Editor in 0.74 ms, found 0 plugins.
Preloading 0 native plugins for Editor in 0.00 ms.
Mono: successfully reloaded assembly
- Completed reload, in  1.846 seconds
Platform modules already initialized, skipping
Shader 'Universal Render Pipeline/Particles/Lit': fallback shader 'Universal Render Pipeline/Particles/SimpleLit' not found
Refreshing native plugins compatible for Editor in 0.73 ms, found 0 plugins.
Preloading 0 native plugins for Editor in 0.00 ms.
Unloading 2857 Unused Serialized files (Serialized files now loaded: 0)
System memory in use before: 142.1 MB.
System memory in use after: 142.3 MB.

Unloading 5 unused Assets to reduce memory usage. Loaded Objects now: 3595.
Total: 5.964100 ms (FindLiveObjects: 0.436700 ms CreateObjectMapping: 0.223000 ms MarkObjects: 5.273800 ms  DeleteObjects: 0.028900 ms)

========================================================================
Received Prepare
Registering precompiled user dll's ...
Registered in 0.006027 seconds.
Begin MonoManager ReloadAssembly
Native extension for LinuxStandalone target not found
Native extension for WindowsStandalone target not found
Native extension for OSXStandalone target not found
Native extension for WebGL target not found
Refreshing native plugins compatible for Editor in 0.73 ms, found 0 plugins.
Preloading 0 native plugins for Editor in 0.00 ms.
Mono: successfully reloaded assembly
- Completed reload, in  2.204 seconds
Platform modules already initialized, skipping
Shader 'Universal Render Pipeline/Particles/Lit': fallback shader 'Universal Render Pipeline/Particles/SimpleLit' not found
Refreshing native plugins compatible for Editor in 0.68 ms, found 0 plugins.
Preloading 0 native plugins for Editor in 0.00 ms.
Unloading 2857 Unused Serialized files (Serialized files now loaded: 0)
System memory in use before: 142.1 MB.
System memory in use after: 142.3 MB.

Unloading 5 unused Assets to reduce memory usage. Loaded Objects now: 3598.
Total: 4.272400 ms (FindLiveObjects: 0.421200 ms CreateObjectMapping: 0.241700 ms MarkObjects: 3.583600 ms  DeleteObjects: 0.023900 ms)

AssetImportWorkerClient::OnTransportError - code=2 error=End of file
