Using pre-set license

 COMMAND LINE ARGUMENTS:
/Applications/Unity/Hub/Editor/2021.1.4f1/Unity.app/Contents/MacOS/Unity
-adb2
-batchMode
-noUpm
-name
AssetImportWorker0
-projectPath
/Users/loganlevitre/Desktop/Unity/CIS-410/Yoon/Project Yoon
-logFile
Logs/AssetImportWorker0.log
-srvPort
57413
Successfully changed project path to: /Users/loganlevitre/Desktop/Unity/CIS-410/Yoon/Project Yoon
/Users/loganlevitre/Desktop/Unity/CIS-410/Yoon/Project Yoon
Using Asset Import Pipeline V2.
Refreshing native plugins compatible for Editor in 77.24 ms, found 1 plugins.
Preloading 0 native plugins for Editor in 0.00 ms.
Initialize engine version: 2021.1.4f1 (4cd64a618c1b)
[Subsystems] Discovering subsystems at path /Applications/Unity/Hub/Editor/2021.1.4f1/Unity.app/Contents/Resources/UnitySubsystems
[Subsystems] Discovering subsystems at path /Users/loganlevitre/Desktop/Unity/CIS-410/Yoon/Project Yoon/Assets
GfxDevice: creating device client; threaded=0; jobified=0
2021-05-23 23:47:03.785 Unity[14736:2630542] Color LCD preferred device: AMD Radeon Pro 5500M (high power)
2021-05-23 23:47:03.785 Unity[14736:2630542] Metal devices available: 2
2021-05-23 23:47:03.786 Unity[14736:2630542] 0: AMD Radeon Pro 5500M (high power)
2021-05-23 23:47:03.786 Unity[14736:2630542] 1: Intel(R) UHD Graphics 630 (low power)
2021-05-23 23:47:03.786 Unity[14736:2630542] Using device AMD Radeon Pro 5500M (high power)
Initializing Metal device caps: AMD Radeon Pro 5500M
Shader 'Universal Render Pipeline/Particles/Lit': fallback shader 'Universal Render Pipeline/Particles/SimpleLit' not found
Initialize mono
Mono path[0] = '/Applications/Unity/Hub/Editor/2021.1.4f1/Unity.app/Contents/Managed'
Mono path[1] = '/Applications/Unity/Hub/Editor/2021.1.4f1/Unity.app/Contents/MonoBleedingEdge/lib/mono/unityjit'
Mono config path = '/Applications/Unity/Hub/Editor/2021.1.4f1/Unity.app/Contents/MonoBleedingEdge/etc'
Using monoOptions --debugger-agent=transport=dt_socket,embedding=1,server=y,suspend=n,address=127.0.0.1:56736
Begin MonoManager ReloadAssembly
Registering precompiled unity dll's ...
Register platform support module: /Applications/Unity/Hub/Editor/2021.1.4f1/PlaybackEngines/WebGLSupport/UnityEditor.WebGL.Extensions.dll
Register platform support module: /Applications/Unity/Hub/Editor/2021.1.4f1/Unity.app/Contents/PlaybackEngines/MacStandaloneSupport/UnityEditor.OSXStandalone.Extensions.dll
Register platform support module: /Applications/Unity/Hub/Editor/2021.1.4f1/PlaybackEngines/WindowsStandaloneSupport/UnityEditor.WindowsStandalone.Extensions.dll
Registered in 0.003445 seconds.
Native extension for WindowsStandalone target not found
Native extension for OSXStandalone target not found
Native extension for WebGL target not found
Refreshing native plugins compatible for Editor in 72.38 ms, found 1 plugins.
Preloading 0 native plugins for Editor in 0.00 ms.
Mono: successfully reloaded assembly
- Completed reload, in  3.312 seconds
Platform modules already initialized, skipping
Registering precompiled user dll's ...
Registered in 0.002309 seconds.
Begin MonoManager ReloadAssembly
Native extension for WindowsStandalone target not found
Native extension for OSXStandalone target not found
Native extension for WebGL target not found
Refreshing native plugins compatible for Editor in 65.80 ms, found 1 plugins.
Preloading 0 native plugins for Editor in 0.00 ms.
Mono: successfully reloaded assembly
- Completed reload, in  1.403 seconds
Platform modules already initialized, skipping
========================================================================
Worker process is ready to serve import requests
Shader 'Universal Render Pipeline/Particles/Lit': fallback shader 'Universal Render Pipeline/Particles/SimpleLit' not found
Launching external process: /Applications/Unity/Hub/Editor/2021.1.4f1/Unity.app/Contents/Tools/UnityShaderCompiler
Launched and connected shader compiler UnityShaderCompiler after 0.02 seconds
Refreshing native plugins compatible for Editor in 0.90 ms, found 1 plugins.
Preloading 0 native plugins for Editor in 0.00 ms.
Unloading 3008 Unused Serialized files (Serialized files now loaded: 0)
System memory in use before: 318.7 MB.
System memory in use after: 318.9 MB.

Unloading 12 unused Assets to reduce memory usage. Loaded Objects now: 3488.
Total: 3.706769 ms (FindLiveObjects: 0.268493 ms CreateObjectMapping: 0.156125 ms MarkObjects: 3.150937 ms  DeleteObjects: 0.129877 ms)

========================================================================
Received Import Request.
  path: Assets/InputSystem.inputsettings.asset
  artifactKey: Guid(ba936ab6a94862c42900bf738c4fc876) Importer(815301076,1909f56bfc062723c751e8b465ee728b)
Start importing Assets/InputSystem.inputsettings.asset using Guid(ba936ab6a94862c42900bf738c4fc876) Importer(815301076,1909f56bfc062723c751e8b465ee728b)  -> (artifact id: '734b2685d6a51781adef64a5e1af0a7b') in 1.168121 seconds 
========================================================================
Received Import Request.
  Time since last request: 0.065043 seconds.
  path: Assets/square.jpg
  artifactKey: Guid(3c2eea47512e5334bbb3067b765dd799) Importer(815301076,1909f56bfc062723c751e8b465ee728b)
Start importing Assets/square.jpg using Guid(3c2eea47512e5334bbb3067b765dd799) Importer(815301076,1909f56bfc062723c751e8b465ee728b)  -> (artifact id: 'a7a3c704283e1a4055f86abd6ee7a5bf') in 1.710982 seconds 
========================================================================
Received Import Request.
  Time since last request: 0.000325 seconds.
  path: Assets/PathTerrain.asset
  artifactKey: Guid(012ca4f523801974d8c6600fb6eaded7) Importer(815301076,1909f56bfc062723c751e8b465ee728b)
Start importing Assets/PathTerrain.asset using Guid(012ca4f523801974d8c6600fb6eaded7) Importer(815301076,1909f56bfc062723c751e8b465ee728b) The tree pineTree (1) must use the Nature/Soft Occlusion shader. Otherwise billboarding/lighting will not work correctly.

The tree pineTree (1) must use the Nature/Soft Occlusion shader. Otherwise billboarding/lighting will not work correctly.

 -> (artifact id: '734c2c7b08a13745360db1fd0aa3ef35') in 0.088274 seconds 
========================================================================
Received Import Request.
  Time since last request: 0.000453 seconds.
  path: Assets/New Terrain.asset
  artifactKey: Guid(8fa667f886875bd4fab5b0ce078e980c) Importer(815301076,1909f56bfc062723c751e8b465ee728b)
Start importing Assets/New Terrain.asset using Guid(8fa667f886875bd4fab5b0ce078e980c) Importer(815301076,1909f56bfc062723c751e8b465ee728b) The tree pineTree (1) must use the Nature/Soft Occlusion shader. Otherwise billboarding/lighting will not work correctly.

The tree pineTree (1) must use the Nature/Soft Occlusion shader. Otherwise billboarding/lighting will not work correctly.

 -> (artifact id: '013d071d47430a00e490a5563986a2f1') in 0.103247 seconds 
========================================================================
Received Import Request.
  Time since last request: 0.000390 seconds.
  path: Assets/Readme.asset
  artifactKey: Guid(83c2ed844a8c74b779a4c823d16594b1) Importer(815301076,1909f56bfc062723c751e8b465ee728b)
Start importing Assets/Readme.asset using Guid(83c2ed844a8c74b779a4c823d16594b1) Importer(815301076,1909f56bfc062723c751e8b465ee728b)  -> (artifact id: '81c2477cfa8f3a3aeac5fcc71377f356') in 0.011409 seconds 
========================================================================
Received Prepare
Registering precompiled user dll's ...
Registered in 0.001394 seconds.
Begin MonoManager ReloadAssembly
Native extension for WindowsStandalone target not found
Native extension for OSXStandalone target not found
Native extension for WebGL target not found
Refreshing native plugins compatible for Editor in 0.58 ms, found 1 plugins.
Preloading 0 native plugins for Editor in 0.00 ms.
Mono: successfully reloaded assembly
- Completed reload, in  1.289 seconds
Platform modules already initialized, skipping
Shader 'Universal Render Pipeline/Particles/Lit': fallback shader 'Universal Render Pipeline/Particles/SimpleLit' not found
Refreshing native plugins compatible for Editor in 1.02 ms, found 1 plugins.
Preloading 0 native plugins for Editor in 0.00 ms.
Unloading 2881 Unused Serialized files (Serialized files now loaded: 0)
System memory in use before: 348.1 MB.
System memory in use after: 348.3 MB.

Unloading 5 unused Assets to reduce memory usage. Loaded Objects now: 3573.
Total: 4.761719 ms (FindLiveObjects: 0.520469 ms CreateObjectMapping: 0.367024 ms MarkObjects: 3.836753 ms  DeleteObjects: 0.036287 ms)

========================================================================
Received Prepare
Registering precompiled user dll's ...
Registered in 0.001682 seconds.
Begin MonoManager ReloadAssembly
Native extension for WindowsStandalone target not found
Native extension for OSXStandalone target not found
Native extension for WebGL target not found
Refreshing native plugins compatible for Editor in 0.60 ms, found 1 plugins.
Preloading 0 native plugins for Editor in 0.00 ms.
Mono: successfully reloaded assembly
- Completed reload, in  1.381 seconds
Platform modules already initialized, skipping
Shader 'Universal Render Pipeline/Particles/Lit': fallback shader 'Universal Render Pipeline/Particles/SimpleLit' not found
Refreshing native plugins compatible for Editor in 0.81 ms, found 1 plugins.
Preloading 0 native plugins for Editor in 0.00 ms.
Unloading 2878 Unused Serialized files (Serialized files now loaded: 0)
System memory in use before: 349.1 MB.
System memory in use after: 349.3 MB.

Unloading 5 unused Assets to reduce memory usage. Loaded Objects now: 3576.
Total: 3.921906 ms (FindLiveObjects: 0.254542 ms CreateObjectMapping: 0.155994 ms MarkObjects: 3.484427 ms  DeleteObjects: 0.025833 ms)

========================================================================
Received Prepare
Registering precompiled user dll's ...
Registered in 0.001247 seconds.
Begin MonoManager ReloadAssembly
Native extension for WindowsStandalone target not found
Native extension for OSXStandalone target not found
Native extension for WebGL target not found
Refreshing native plugins compatible for Editor in 0.64 ms, found 1 plugins.
Preloading 0 native plugins for Editor in 0.00 ms.
Mono: successfully reloaded assembly
- Completed reload, in  1.265 seconds
Platform modules already initialized, skipping
Shader 'Universal Render Pipeline/Particles/Lit': fallback shader 'Universal Render Pipeline/Particles/SimpleLit' not found
Refreshing native plugins compatible for Editor in 0.72 ms, found 1 plugins.
Preloading 0 native plugins for Editor in 0.00 ms.
Unloading 2878 Unused Serialized files (Serialized files now loaded: 0)
System memory in use before: 350.1 MB.
System memory in use after: 350.4 MB.

Unloading 5 unused Assets to reduce memory usage. Loaded Objects now: 3579.
Total: 3.900713 ms (FindLiveObjects: 0.315617 ms CreateObjectMapping: 0.270181 ms MarkObjects: 3.254014 ms  DeleteObjects: 0.059786 ms)

========================================================================
Received Prepare
Registering precompiled user dll's ...
Registered in 0.002419 seconds.
Begin MonoManager ReloadAssembly
Native extension for WindowsStandalone target not found
Native extension for OSXStandalone target not found
Native extension for WebGL target not found
Refreshing native plugins compatible for Editor in 0.56 ms, found 1 plugins.
Preloading 0 native plugins for Editor in 0.00 ms.
Mono: successfully reloaded assembly
- Completed reload, in  1.165 seconds
Platform modules already initialized, skipping
Shader 'Universal Render Pipeline/Particles/Lit': fallback shader 'Universal Render Pipeline/Particles/SimpleLit' not found
Refreshing native plugins compatible for Editor in 1.05 ms, found 1 plugins.
Preloading 0 native plugins for Editor in 0.00 ms.
Unloading 2878 Unused Serialized files (Serialized files now loaded: 0)
System memory in use before: 351.2 MB.
System memory in use after: 351.4 MB.

Unloading 5 unused Assets to reduce memory usage. Loaded Objects now: 3582.
Total: 4.548270 ms (FindLiveObjects: 0.456029 ms CreateObjectMapping: 0.289513 ms MarkObjects: 3.766777 ms  DeleteObjects: 0.034703 ms)

========================================================================
Received Prepare
Registering precompiled user dll's ...
Registered in 0.001109 seconds.
Begin MonoManager ReloadAssembly
Native extension for WindowsStandalone target not found
Native extension for OSXStandalone target not found
Native extension for WebGL target not found
Refreshing native plugins compatible for Editor in 0.58 ms, found 1 plugins.
Preloading 0 native plugins for Editor in 0.00 ms.
Mono: successfully reloaded assembly
- Completed reload, in  1.223 seconds
Platform modules already initialized, skipping
Shader 'Universal Render Pipeline/Particles/Lit': fallback shader 'Universal Render Pipeline/Particles/SimpleLit' not found
Refreshing native plugins compatible for Editor in 0.62 ms, found 1 plugins.
Preloading 0 native plugins for Editor in 0.00 ms.
Unloading 2878 Unused Serialized files (Serialized files now loaded: 0)
System memory in use before: 352.2 MB.
System memory in use after: 352.4 MB.

Unloading 5 unused Assets to reduce memory usage. Loaded Objects now: 3585.
Total: 2.892119 ms (FindLiveObjects: 0.259280 ms CreateObjectMapping: 0.156721 ms MarkObjects: 2.458009 ms  DeleteObjects: 0.016820 ms)

========================================================================
Received Prepare
Registering precompiled user dll's ...
Registered in 0.002715 seconds.
Begin MonoManager ReloadAssembly
Native extension for WindowsStandalone target not found
Native extension for OSXStandalone target not found
Native extension for WebGL target not found
Refreshing native plugins compatible for Editor in 0.56 ms, found 1 plugins.
Preloading 0 native plugins for Editor in 0.00 ms.
Mono: successfully reloaded assembly
- Completed reload, in  1.116 seconds
Platform modules already initialized, skipping
Shader 'Universal Render Pipeline/Particles/Lit': fallback shader 'Universal Render Pipeline/Particles/SimpleLit' not found
Refreshing native plugins compatible for Editor in 0.60 ms, found 1 plugins.
Preloading 0 native plugins for Editor in 0.00 ms.
Unloading 2878 Unused Serialized files (Serialized files now loaded: 0)
System memory in use before: 353.2 MB.
System memory in use after: 353.5 MB.

Unloading 5 unused Assets to reduce memory usage. Loaded Objects now: 3588.
Total: 2.602322 ms (FindLiveObjects: 0.234147 ms CreateObjectMapping: 0.147861 ms MarkObjects: 2.205514 ms  DeleteObjects: 0.013923 ms)

========================================================================
Received Prepare
Registering precompiled user dll's ...
Registered in 0.001243 seconds.
Begin MonoManager ReloadAssembly
Native extension for WindowsStandalone target not found
Native extension for OSXStandalone target not found
Native extension for WebGL target not found
Refreshing native plugins compatible for Editor in 0.62 ms, found 1 plugins.
Preloading 0 native plugins for Editor in 0.00 ms.
Mono: successfully reloaded assembly
- Completed reload, in  1.286 seconds
Platform modules already initialized, skipping
Shader 'Universal Render Pipeline/Particles/Lit': fallback shader 'Universal Render Pipeline/Particles/SimpleLit' not found
Refreshing native plugins compatible for Editor in 0.62 ms, found 1 plugins.
Preloading 0 native plugins for Editor in 0.00 ms.
Unloading 2878 Unused Serialized files (Serialized files now loaded: 0)
System memory in use before: 354.3 MB.
System memory in use after: 354.5 MB.

Unloading 5 unused Assets to reduce memory usage. Loaded Objects now: 3591.
Total: 3.926626 ms (FindLiveObjects: 0.376033 ms CreateObjectMapping: 0.193375 ms MarkObjects: 3.338465 ms  DeleteObjects: 0.017574 ms)

========================================================================
Received Prepare
Registering precompiled user dll's ...
Registered in 0.001195 seconds.
Begin MonoManager ReloadAssembly
Native extension for WindowsStandalone target not found
Native extension for OSXStandalone target not found
Native extension for WebGL target not found
Refreshing native plugins compatible for Editor in 0.72 ms, found 1 plugins.
Preloading 0 native plugins for Editor in 0.00 ms.
Mono: successfully reloaded assembly
- Completed reload, in  1.355 seconds
Platform modules already initialized, skipping
Shader 'Universal Render Pipeline/Particles/Lit': fallback shader 'Universal Render Pipeline/Particles/SimpleLit' not found
Refreshing native plugins compatible for Editor in 0.59 ms, found 1 plugins.
Preloading 0 native plugins for Editor in 0.00 ms.
Unloading 2878 Unused Serialized files (Serialized files now loaded: 0)
System memory in use before: 355.3 MB.
System memory in use after: 355.6 MB.

Unloading 5 unused Assets to reduce memory usage. Loaded Objects now: 3594.
Total: 2.722552 ms (FindLiveObjects: 0.269996 ms CreateObjectMapping: 0.168096 ms MarkObjects: 2.268313 ms  DeleteObjects: 0.015206 ms)

========================================================================
Received Prepare
Registering precompiled user dll's ...
Registered in 0.001180 seconds.
Begin MonoManager ReloadAssembly
Native extension for WindowsStandalone target not found
Native extension for OSXStandalone target not found
Native extension for WebGL target not found
Refreshing native plugins compatible for Editor in 0.61 ms, found 1 plugins.
Preloading 0 native plugins for Editor in 0.00 ms.
Mono: successfully reloaded assembly
- Completed reload, in  1.348 seconds
Platform modules already initialized, skipping
Shader 'Universal Render Pipeline/Particles/Lit': fallback shader 'Universal Render Pipeline/Particles/SimpleLit' not found
Refreshing native plugins compatible for Editor in 0.86 ms, found 1 plugins.
Preloading 0 native plugins for Editor in 0.00 ms.
Unloading 2878 Unused Serialized files (Serialized files now loaded: 0)
System memory in use before: 356.4 MB.
System memory in use after: 356.6 MB.

Unloading 5 unused Assets to reduce memory usage. Loaded Objects now: 3597.
Total: 4.584711 ms (FindLiveObjects: 0.385989 ms CreateObjectMapping: 0.216079 ms MarkObjects: 3.882677 ms  DeleteObjects: 0.098454 ms)

========================================================================
Received Prepare
Registering precompiled user dll's ...
Registered in 0.001254 seconds.
Begin MonoManager ReloadAssembly
Native extension for WindowsStandalone target not found
Native extension for OSXStandalone target not found
Native extension for WebGL target not found
Refreshing native plugins compatible for Editor in 0.62 ms, found 1 plugins.
Preloading 0 native plugins for Editor in 0.00 ms.
Mono: successfully reloaded assembly
- Completed reload, in  1.347 seconds
Platform modules already initialized, skipping
Shader 'Universal Render Pipeline/Particles/Lit': fallback shader 'Universal Render Pipeline/Particles/SimpleLit' not found
Refreshing native plugins compatible for Editor in 0.63 ms, found 1 plugins.
Preloading 0 native plugins for Editor in 0.00 ms.
Unloading 2878 Unused Serialized files (Serialized files now loaded: 0)
System memory in use before: 357.4 MB.
System memory in use after: 357.6 MB.

Unloading 5 unused Assets to reduce memory usage. Loaded Objects now: 3600.
Total: 3.073755 ms (FindLiveObjects: 0.265203 ms CreateObjectMapping: 0.162951 ms MarkObjects: 2.628996 ms  DeleteObjects: 0.015718 ms)

========================================================================
Received Prepare
Registering precompiled user dll's ...
Registered in 0.001766 seconds.
Begin MonoManager ReloadAssembly
Native extension for WindowsStandalone target not found
Native extension for OSXStandalone target not found
Native extension for WebGL target not found
Refreshing native plugins compatible for Editor in 0.76 ms, found 1 plugins.
Preloading 0 native plugins for Editor in 0.00 ms.
Mono: successfully reloaded assembly
- Completed reload, in  1.428 seconds
Platform modules already initialized, skipping
Shader 'Universal Render Pipeline/Particles/Lit': fallback shader 'Universal Render Pipeline/Particles/SimpleLit' not found
Refreshing native plugins compatible for Editor in 0.60 ms, found 1 plugins.
Preloading 0 native plugins for Editor in 0.00 ms.
Unloading 2878 Unused Serialized files (Serialized files now loaded: 0)
System memory in use before: 358.4 MB.
System memory in use after: 358.6 MB.

Unloading 5 unused Assets to reduce memory usage. Loaded Objects now: 3603.
Total: 2.781195 ms (FindLiveObjects: 0.245005 ms CreateObjectMapping: 0.145975 ms MarkObjects: 2.373954 ms  DeleteObjects: 0.015269 ms)

========================================================================
Received Prepare
Registering precompiled user dll's ...
Registered in 0.002999 seconds.
Begin MonoManager ReloadAssembly
Native extension for WindowsStandalone target not found
Native extension for OSXStandalone target not found
Native extension for WebGL target not found
Refreshing native plugins compatible for Editor in 0.79 ms, found 1 plugins.
Preloading 0 native plugins for Editor in 0.00 ms.
Mono: successfully reloaded assembly
- Completed reload, in  1.343 seconds
Platform modules already initialized, skipping
Shader 'Universal Render Pipeline/Particles/Lit': fallback shader 'Universal Render Pipeline/Particles/SimpleLit' not found
Refreshing native plugins compatible for Editor in 0.92 ms, found 1 plugins.
Preloading 0 native plugins for Editor in 0.00 ms.
Unloading 2878 Unused Serialized files (Serialized files now loaded: 0)
System memory in use before: 359.5 MB.
System memory in use after: 359.7 MB.

Unloading 5 unused Assets to reduce memory usage. Loaded Objects now: 3606.
Total: 4.123574 ms (FindLiveObjects: 0.459522 ms CreateObjectMapping: 0.277116 ms MarkObjects: 3.354743 ms  DeleteObjects: 0.030886 ms)

========================================================================
Received Prepare
Registering precompiled user dll's ...
Registered in 0.001227 seconds.
Begin MonoManager ReloadAssembly
Native extension for WindowsStandalone target not found
Native extension for OSXStandalone target not found
Native extension for WebGL target not found
Refreshing native plugins compatible for Editor in 0.61 ms, found 1 plugins.
Preloading 0 native plugins for Editor in 0.00 ms.
Mono: successfully reloaded assembly
- Completed reload, in  1.500 seconds
Platform modules already initialized, skipping
Shader 'Universal Render Pipeline/Particles/Lit': fallback shader 'Universal Render Pipeline/Particles/SimpleLit' not found
Refreshing native plugins compatible for Editor in 0.58 ms, found 1 plugins.
Preloading 0 native plugins for Editor in 0.00 ms.
Unloading 2878 Unused Serialized files (Serialized files now loaded: 0)
System memory in use before: 360.5 MB.
System memory in use after: 360.8 MB.

Unloading 5 unused Assets to reduce memory usage. Loaded Objects now: 3609.
Total: 2.811128 ms (FindLiveObjects: 0.262044 ms CreateObjectMapping: 0.150665 ms MarkObjects: 2.382426 ms  DeleteObjects: 0.015263 ms)

========================================================================
Received Prepare
Registering precompiled user dll's ...
Registered in 0.001349 seconds.
Begin MonoManager ReloadAssembly
Native extension for WindowsStandalone target not found
Native extension for OSXStandalone target not found
Native extension for WebGL target not found
Refreshing native plugins compatible for Editor in 0.67 ms, found 1 plugins.
Preloading 0 native plugins for Editor in 0.00 ms.
Mono: successfully reloaded assembly
- Completed reload, in  1.459 seconds
Platform modules already initialized, skipping
Shader 'Universal Render Pipeline/Particles/Lit': fallback shader 'Universal Render Pipeline/Particles/SimpleLit' not found
Refreshing native plugins compatible for Editor in 1.00 ms, found 1 plugins.
Preloading 0 native plugins for Editor in 0.00 ms.
Unloading 2878 Unused Serialized files (Serialized files now loaded: 0)
System memory in use before: 361.6 MB.
System memory in use after: 361.8 MB.

Unloading 5 unused Assets to reduce memory usage. Loaded Objects now: 3612.
Total: 3.159064 ms (FindLiveObjects: 0.274447 ms CreateObjectMapping: 0.152698 ms MarkObjects: 2.708936 ms  DeleteObjects: 0.021983 ms)

========================================================================
Received Prepare
Registering precompiled user dll's ...
Registered in 0.001478 seconds.
Begin MonoManager ReloadAssembly
Native extension for WindowsStandalone target not found
Native extension for OSXStandalone target not found
Native extension for WebGL target not found
Refreshing native plugins compatible for Editor in 0.70 ms, found 1 plugins.
Preloading 0 native plugins for Editor in 0.00 ms.
Mono: successfully reloaded assembly
- Completed reload, in  1.406 seconds
Platform modules already initialized, skipping
Shader 'Universal Render Pipeline/Particles/Lit': fallback shader 'Universal Render Pipeline/Particles/SimpleLit' not found
Refreshing native plugins compatible for Editor in 0.70 ms, found 1 plugins.
Preloading 0 native plugins for Editor in 0.00 ms.
Unloading 2878 Unused Serialized files (Serialized files now loaded: 0)
System memory in use before: 362.6 MB.
System memory in use after: 362.8 MB.

Unloading 5 unused Assets to reduce memory usage. Loaded Objects now: 3615.
Total: 3.069208 ms (FindLiveObjects: 0.345306 ms CreateObjectMapping: 0.184199 ms MarkObjects: 2.523926 ms  DeleteObjects: 0.014783 ms)

========================================================================
Received Prepare
Registering precompiled user dll's ...
Registered in 0.001071 seconds.
Begin MonoManager ReloadAssembly
Native extension for WindowsStandalone target not found
Native extension for OSXStandalone target not found
Native extension for WebGL target not found
Refreshing native plugins compatible for Editor in 0.69 ms, found 1 plugins.
Preloading 0 native plugins for Editor in 0.00 ms.
Mono: successfully reloaded assembly
- Completed reload, in  1.280 seconds
Platform modules already initialized, skipping
Shader 'Universal Render Pipeline/Particles/Lit': fallback shader 'Universal Render Pipeline/Particles/SimpleLit' not found
Refreshing native plugins compatible for Editor in 0.56 ms, found 1 plugins.
Preloading 0 native plugins for Editor in 0.00 ms.
Unloading 2878 Unused Serialized files (Serialized files now loaded: 0)
System memory in use before: 363.6 MB.
System memory in use after: 363.9 MB.

Unloading 5 unused Assets to reduce memory usage. Loaded Objects now: 3618.
Total: 2.740918 ms (FindLiveObjects: 0.261921 ms CreateObjectMapping: 0.160532 ms MarkObjects: 2.302188 ms  DeleteObjects: 0.015015 ms)

========================================================================
Received Prepare
Registering precompiled user dll's ...
Registered in 0.001271 seconds.
Begin MonoManager ReloadAssembly
Native extension for WindowsStandalone target not found
Native extension for OSXStandalone target not found
Native extension for WebGL target not found
Refreshing native plugins compatible for Editor in 0.71 ms, found 1 plugins.
Preloading 0 native plugins for Editor in 0.00 ms.
Mono: successfully reloaded assembly
- Completed reload, in  1.504 seconds
Platform modules already initialized, skipping
Shader 'Universal Render Pipeline/Particles/Lit': fallback shader 'Universal Render Pipeline/Particles/SimpleLit' not found
Refreshing native plugins compatible for Editor in 0.58 ms, found 1 plugins.
Preloading 0 native plugins for Editor in 0.00 ms.
Unloading 2878 Unused Serialized files (Serialized files now loaded: 0)
System memory in use before: 364.6 MB.
System memory in use after: 364.9 MB.

Unloading 5 unused Assets to reduce memory usage. Loaded Objects now: 3621.
Total: 2.760695 ms (FindLiveObjects: 0.236338 ms CreateObjectMapping: 0.144460 ms MarkObjects: 2.363513 ms  DeleteObjects: 0.015443 ms)

========================================================================
Received Prepare
Registering precompiled user dll's ...
Registered in 0.001786 seconds.
Begin MonoManager ReloadAssembly
Native extension for WindowsStandalone target not found
Native extension for OSXStandalone target not found
Native extension for WebGL target not found
Refreshing native plugins compatible for Editor in 0.64 ms, found 1 plugins.
Preloading 0 native plugins for Editor in 0.00 ms.
Mono: successfully reloaded assembly
- Completed reload, in  1.276 seconds
Platform modules already initialized, skipping
Shader 'Universal Render Pipeline/Particles/Lit': fallback shader 'Universal Render Pipeline/Particles/SimpleLit' not found
Refreshing native plugins compatible for Editor in 0.70 ms, found 1 plugins.
Preloading 0 native plugins for Editor in 0.00 ms.
Unloading 2878 Unused Serialized files (Serialized files now loaded: 0)
System memory in use before: 365.7 MB.
System memory in use after: 365.9 MB.

Unloading 5 unused Assets to reduce memory usage. Loaded Objects now: 3624.
Total: 3.850108 ms (FindLiveObjects: 0.371786 ms CreateObjectMapping: 0.268484 ms MarkObjects: 3.188078 ms  DeleteObjects: 0.019355 ms)

========================================================================
Received Prepare
Registering precompiled user dll's ...
Registered in 0.001165 seconds.
Begin MonoManager ReloadAssembly
Native extension for WindowsStandalone target not found
Native extension for OSXStandalone target not found
Native extension for WebGL target not found
Refreshing native plugins compatible for Editor in 0.58 ms, found 1 plugins.
Preloading 0 native plugins for Editor in 0.00 ms.
Mono: successfully reloaded assembly
- Completed reload, in  1.392 seconds
Platform modules already initialized, skipping
Shader 'Universal Render Pipeline/Particles/Lit': fallback shader 'Universal Render Pipeline/Particles/SimpleLit' not found
Refreshing native plugins compatible for Editor in 0.59 ms, found 1 plugins.
Preloading 0 native plugins for Editor in 0.00 ms.
Unloading 2878 Unused Serialized files (Serialized files now loaded: 0)
System memory in use before: 366.7 MB.
System memory in use after: 366.9 MB.

Unloading 5 unused Assets to reduce memory usage. Loaded Objects now: 3627.
Total: 3.320880 ms (FindLiveObjects: 0.367222 ms CreateObjectMapping: 0.211581 ms MarkObjects: 2.718941 ms  DeleteObjects: 0.022139 ms)

========================================================================
Received Prepare
Registering precompiled user dll's ...
Registered in 0.001280 seconds.
Begin MonoManager ReloadAssembly
Native extension for WindowsStandalone target not found
Native extension for OSXStandalone target not found
Native extension for WebGL target not found
Refreshing native plugins compatible for Editor in 0.89 ms, found 1 plugins.
Preloading 0 native plugins for Editor in 0.00 ms.
Mono: successfully reloaded assembly
- Completed reload, in  1.480 seconds
Platform modules already initialized, skipping
Shader 'Universal Render Pipeline/Particles/Lit': fallback shader 'Universal Render Pipeline/Particles/SimpleLit' not found
Refreshing native plugins compatible for Editor in 0.94 ms, found 1 plugins.
Preloading 0 native plugins for Editor in 0.00 ms.
Unloading 2878 Unused Serialized files (Serialized files now loaded: 0)
System memory in use before: 367.8 MB.
System memory in use after: 368.0 MB.

Unloading 5 unused Assets to reduce memory usage. Loaded Objects now: 3630.
Total: 2.976612 ms (FindLiveObjects: 0.284255 ms CreateObjectMapping: 0.186356 ms MarkObjects: 2.487385 ms  DeleteObjects: 0.017670 ms)

========================================================================
Received Prepare
Registering precompiled user dll's ...
Registered in 0.001231 seconds.
Begin MonoManager ReloadAssembly
Native extension for WindowsStandalone target not found
Native extension for OSXStandalone target not found
Native extension for WebGL target not found
Refreshing native plugins compatible for Editor in 1.07 ms, found 1 plugins.
Preloading 0 native plugins for Editor in 0.00 ms.
Mono: successfully reloaded assembly
- Completed reload, in  1.507 seconds
Platform modules already initialized, skipping
Shader 'Universal Render Pipeline/Particles/Lit': fallback shader 'Universal Render Pipeline/Particles/SimpleLit' not found
Refreshing native plugins compatible for Editor in 0.73 ms, found 1 plugins.
Preloading 0 native plugins for Editor in 0.00 ms.
Unloading 2878 Unused Serialized files (Serialized files now loaded: 0)
System memory in use before: 368.8 MB.
System memory in use after: 369.0 MB.

Unloading 5 unused Assets to reduce memory usage. Loaded Objects now: 3633.
Total: 3.091987 ms (FindLiveObjects: 0.387043 ms CreateObjectMapping: 0.199961 ms MarkObjects: 2.484763 ms  DeleteObjects: 0.019357 ms)

========================================================================
Received Prepare
Registering precompiled user dll's ...
Registered in 0.001161 seconds.
Begin MonoManager ReloadAssembly
Native extension for WindowsStandalone target not found
Native extension for OSXStandalone target not found
Native extension for WebGL target not found
Refreshing native plugins compatible for Editor in 0.60 ms, found 1 plugins.
Preloading 0 native plugins for Editor in 0.00 ms.
Mono: successfully reloaded assembly
- Completed reload, in  1.256 seconds
Platform modules already initialized, skipping
Shader 'Universal Render Pipeline/Particles/Lit': fallback shader 'Universal Render Pipeline/Particles/SimpleLit' not found
Refreshing native plugins compatible for Editor in 0.78 ms, found 1 plugins.
Preloading 0 native plugins for Editor in 0.00 ms.
Unloading 2878 Unused Serialized files (Serialized files now loaded: 0)
System memory in use before: 369.8 MB.
System memory in use after: 370.1 MB.

Unloading 5 unused Assets to reduce memory usage. Loaded Objects now: 3636.
Total: 3.416800 ms (FindLiveObjects: 0.351970 ms CreateObjectMapping: 0.194078 ms MarkObjects: 2.844762 ms  DeleteObjects: 0.024797 ms)

========================================================================
Received Prepare
Registering precompiled user dll's ...
Registered in 0.001083 seconds.
Begin MonoManager ReloadAssembly
Native extension for WindowsStandalone target not found
Native extension for OSXStandalone target not found
Native extension for WebGL target not found
Refreshing native plugins compatible for Editor in 0.56 ms, found 1 plugins.
Preloading 0 native plugins for Editor in 0.00 ms.
Mono: successfully reloaded assembly
- Completed reload, in  1.299 seconds
Platform modules already initialized, skipping
Shader 'Universal Render Pipeline/Particles/Lit': fallback shader 'Universal Render Pipeline/Particles/SimpleLit' not found
Refreshing native plugins compatible for Editor in 0.56 ms, found 1 plugins.
Preloading 0 native plugins for Editor in 0.00 ms.
Unloading 2878 Unused Serialized files (Serialized files now loaded: 0)
System memory in use before: 370.8 MB.
System memory in use after: 371.1 MB.

Unloading 5 unused Assets to reduce memory usage. Loaded Objects now: 3639.
Total: 3.293078 ms (FindLiveObjects: 0.300754 ms CreateObjectMapping: 0.240226 ms MarkObjects: 2.717958 ms  DeleteObjects: 0.033132 ms)

========================================================================
Received Prepare
Registering precompiled user dll's ...
Registered in 0.000905 seconds.
Begin MonoManager ReloadAssembly
Native extension for WindowsStandalone target not found
Native extension for OSXStandalone target not found
Native extension for WebGL target not found
Refreshing native plugins compatible for Editor in 0.64 ms, found 1 plugins.
Preloading 0 native plugins for Editor in 0.00 ms.
Mono: successfully reloaded assembly
- Completed reload, in  1.340 seconds
Platform modules already initialized, skipping
Shader 'Universal Render Pipeline/Particles/Lit': fallback shader 'Universal Render Pipeline/Particles/SimpleLit' not found
Refreshing native plugins compatible for Editor in 0.65 ms, found 1 plugins.
Preloading 0 native plugins for Editor in 0.00 ms.
Unloading 2878 Unused Serialized files (Serialized files now loaded: 0)
System memory in use before: 371.9 MB.
System memory in use after: 372.1 MB.

Unloading 5 unused Assets to reduce memory usage. Loaded Objects now: 3642.
Total: 3.103319 ms (FindLiveObjects: 0.287677 ms CreateObjectMapping: 0.178302 ms MarkObjects: 2.618194 ms  DeleteObjects: 0.017851 ms)

========================================================================
Received Prepare
Registering precompiled user dll's ...
Registered in 0.001568 seconds.
Begin MonoManager ReloadAssembly
Native extension for WindowsStandalone target not found
Native extension for OSXStandalone target not found
Native extension for WebGL target not found
Refreshing native plugins compatible for Editor in 0.89 ms, found 1 plugins.
Preloading 0 native plugins for Editor in 0.00 ms.
Mono: successfully reloaded assembly
- Completed reload, in  1.266 seconds
Platform modules already initialized, skipping
Shader 'Universal Render Pipeline/Particles/Lit': fallback shader 'Universal Render Pipeline/Particles/SimpleLit' not found
Refreshing native plugins compatible for Editor in 0.68 ms, found 1 plugins.
Preloading 0 native plugins for Editor in 0.00 ms.
Unloading 2878 Unused Serialized files (Serialized files now loaded: 0)
System memory in use before: 372.9 MB.
System memory in use after: 373.2 MB.

Unloading 5 unused Assets to reduce memory usage. Loaded Objects now: 3645.
Total: 2.927053 ms (FindLiveObjects: 0.284791 ms CreateObjectMapping: 0.173453 ms MarkObjects: 2.450591 ms  DeleteObjects: 0.017386 ms)

========================================================================
Received Import Request.
  Time since last request: 3836.031662 seconds.
  path: Assets/Input/Player.inputactions
  artifactKey: Guid(53c8a757b6f6ebc419240f814091b35d) Importer(815301076,1909f56bfc062723c751e8b465ee728b)
Start importing Assets/Input/Player.inputactions using Guid(53c8a757b6f6ebc419240f814091b35d) Importer(815301076,1909f56bfc062723c751e8b465ee728b)  -> (artifact id: 'be343973d5be1169b4fc21d1ead3f632') in 0.420301 seconds 
========================================================================
Received Import Request.
  Time since last request: 124.235519 seconds.
  path: Assets/Input/Player.inputactions
  artifactKey: Guid(53c8a757b6f6ebc419240f814091b35d) Importer(815301076,1909f56bfc062723c751e8b465ee728b)
Start importing Assets/Input/Player.inputactions using Guid(53c8a757b6f6ebc419240f814091b35d) Importer(815301076,1909f56bfc062723c751e8b465ee728b)  -> (artifact id: '1a94eb31eebed08a324bee87b7200774') in 0.016153 seconds 
========================================================================
Received Import Request.
  Time since last request: 9.115237 seconds.
  path: Assets/Input/Player.inputactions
  artifactKey: Guid(53c8a757b6f6ebc419240f814091b35d) Importer(815301076,1909f56bfc062723c751e8b465ee728b)
Start importing Assets/Input/Player.inputactions using Guid(53c8a757b6f6ebc419240f814091b35d) Importer(815301076,1909f56bfc062723c751e8b465ee728b)  -> (artifact id: '354b25ec74504d59ed2c9da8e20106ef') in 0.012130 seconds 
========================================================================
Received Import Request.
  Time since last request: 1.748311 seconds.
  path: Assets/Input/Player.cs
  artifactKey: Guid(01f1396343a7449cfb88a4f872689c51) Importer(815301076,1909f56bfc062723c751e8b465ee728b)
Start importing Assets/Input/Player.cs using Guid(01f1396343a7449cfb88a4f872689c51) Importer(815301076,1909f56bfc062723c751e8b465ee728b)  -> (artifact id: '31a931d38c5f746dfed9c9a812022b73') in 0.420619 seconds 
========================================================================
Received Import Request.
  Time since last request: 4.058762 seconds.
  path: Assets/Scripts/Player
  artifactKey: Guid(175906c181cfccc48a20d1696ed5d703) Importer(815301076,1909f56bfc062723c751e8b465ee728b)
Start importing Assets/Scripts/Player using Guid(175906c181cfccc48a20d1696ed5d703) Importer(815301076,1909f56bfc062723c751e8b465ee728b)  -> (artifact id: '72ebaba44827bc0fd6b120b4f1429f55') in 0.001352 seconds 
========================================================================
Received Import Request.
  Time since last request: 0.068722 seconds.
  path: Assets/Scripts/Player/PlayerControls.inputactions
  artifactKey: Guid(f71eba50013bd094f9a978e6f50dc5ef) Importer(815301076,1909f56bfc062723c751e8b465ee728b)
Start importing Assets/Scripts/Player/PlayerControls.inputactions using Guid(f71eba50013bd094f9a978e6f50dc5ef) Importer(815301076,1909f56bfc062723c751e8b465ee728b)  -> (artifact id: '23ee1e10e9d49fb89464129b2874644a') in 0.003513 seconds 
========================================================================
Received Import Request.
  Time since last request: 3.277920 seconds.
  path: Assets/Scripts/Player/PlayerControls.cs
  artifactKey: Guid(91495f4825b48a04f843c7d9690f027f) Importer(815301076,1909f56bfc062723c751e8b465ee728b)
Start importing Assets/Scripts/Player/PlayerControls.cs using Guid(91495f4825b48a04f843c7d9690f027f) Importer(815301076,1909f56bfc062723c751e8b465ee728b)  -> (artifact id: '9bea35c9eb949a95dc63324bae3205b7') in 0.001772 seconds 
========================================================================
Received Import Request.
  Time since last request: 86.483774 seconds.
  path: Assets/Audio/jump.mp3
  artifactKey: Guid(3200941c60a7f4a3882aeafe8aee06fa) Importer(815301076,1909f56bfc062723c751e8b465ee728b)
Start importing Assets/Audio/jump.mp3 using Guid(3200941c60a7f4a3882aeafe8aee06fa) Importer(815301076,1909f56bfc062723c751e8b465ee728b)  -> (artifact id: '5add737d850f78f4c53110e37c7ec2a4') in 1.269103 seconds 
========================================================================
Received Import Request.
  Time since last request: 0.000278 seconds.
  path: Assets/Audio/Swoosh 3-SoundBible.com-1573211927.mp3
  artifactKey: Guid(fb1377303a615214ba2b5c6ea3d366f6) Importer(815301076,1909f56bfc062723c751e8b465ee728b)
Start importing Assets/Audio/Swoosh 3-SoundBible.com-1573211927.mp3 using Guid(fb1377303a615214ba2b5c6ea3d366f6) Importer(815301076,1909f56bfc062723c751e8b465ee728b)  -> (artifact id: 'e8cb3edf8f901d420df840c657f526f4') in 0.013342 seconds 
========================================================================
Received Import Request.
  Time since last request: 0.000247 seconds.
  path: Assets/Audio/song1.mp3
  artifactKey: Guid(829316feb7d1c2e4b9989a2ebe4a71ec) Importer(815301076,1909f56bfc062723c751e8b465ee728b)
Start importing Assets/Audio/song1.mp3 using Guid(829316feb7d1c2e4b9989a2ebe4a71ec) Importer(815301076,1909f56bfc062723c751e8b465ee728b)  -> (artifact id: 'a32b292333a090a92db30d37a0754b08') in 0.019327 seconds 
========================================================================
Received Import Request.
  Time since last request: 0.000296 seconds.
  path: Assets/Audio/SoundMixer.mixer
  artifactKey: Guid(03f3786c675bb024c9b5b077d18272fc) Importer(815301076,1909f56bfc062723c751e8b465ee728b)
Start importing Assets/Audio/SoundMixer.mixer using Guid(03f3786c675bb024c9b5b077d18272fc) Importer(815301076,1909f56bfc062723c751e8b465ee728b)  -> (artifact id: '5b56f1728d424e8f67adedcd1c0b4c73') in 0.201522 seconds 
========================================================================
Received Import Request.
  Time since last request: 0.000223 seconds.
  path: Assets/Audio/VolumeMixer.mixer
  artifactKey: Guid(f977a69f730a86f479654fd87ba9460b) Importer(815301076,1909f56bfc062723c751e8b465ee728b)
Start importing Assets/Audio/VolumeMixer.mixer using Guid(f977a69f730a86f479654fd87ba9460b) Importer(815301076,1909f56bfc062723c751e8b465ee728b)  -> (artifact id: '87b4d423c38d2338aa85d3a7f4702b2e') in 0.003438 seconds 
========================================================================
Received Import Request.
  Time since last request: 0.000319 seconds.
  path: Assets/Audio/sing2.mp3
  artifactKey: Guid(9e50b5155e523e2408739280f615cfbf) Importer(815301076,1909f56bfc062723c751e8b465ee728b)
Start importing Assets/Audio/sing2.mp3 using Guid(9e50b5155e523e2408739280f615cfbf) Importer(815301076,1909f56bfc062723c751e8b465ee728b)  -> (artifact id: '7786ec9fa9d56cdd70d8780a275f9e8c') in 0.023016 seconds 
========================================================================
Received Import Request.
  Time since last request: 15.748662 seconds.
  path: Assets/Scripts/Player/MainPlayerController.cs
  artifactKey: Guid(59c968f58856cd348aa871b0a225303c) Importer(815301076,1909f56bfc062723c751e8b465ee728b)
Start importing Assets/Scripts/Player/MainPlayerController.cs using Guid(59c968f58856cd348aa871b0a225303c) Importer(815301076,1909f56bfc062723c751e8b465ee728b)  -> (artifact id: '6b100baa808d21c91fe7080a4bcd7060') in 0.001691 seconds 
========================================================================
Received Prepare
Registering precompiled user dll's ...
Registered in 0.001228 seconds.
Begin MonoManager ReloadAssembly
Native extension for WindowsStandalone target not found
Native extension for OSXStandalone target not found
Native extension for WebGL target not found
Refreshing native plugins compatible for Editor in 0.69 ms, found 1 plugins.
Preloading 0 native plugins for Editor in 0.00 ms.
Mono: successfully reloaded assembly
- Completed reload, in  1.426 seconds
Platform modules already initialized, skipping
Shader 'Universal Render Pipeline/Particles/Lit': fallback shader 'Universal Render Pipeline/Particles/SimpleLit' not found
Refreshing native plugins compatible for Editor in 0.64 ms, found 1 plugins.
Preloading 0 native plugins for Editor in 0.00 ms.
Unloading 2878 Unused Serialized files (Serialized files now loaded: 0)
System memory in use before: 391.0 MB.
System memory in use after: 391.2 MB.

Unloading 5 unused Assets to reduce memory usage. Loaded Objects now: 3655.
Total: 2.954357 ms (FindLiveObjects: 0.259787 ms CreateObjectMapping: 0.155064 ms MarkObjects: 2.509083 ms  DeleteObjects: 0.029371 ms)

========================================================================
Received Import Request.
  Time since last request: 658.553982 seconds.
  path: Assets/Scripts/UI
  artifactKey: Guid(7ffc82d4fcac56349a45031aca5459c0) Importer(815301076,1909f56bfc062723c751e8b465ee728b)
Start importing Assets/Scripts/UI using Guid(7ffc82d4fcac56349a45031aca5459c0) Importer(815301076,1909f56bfc062723c751e8b465ee728b)  -> (artifact id: '340e946c072703e356846ea520b07689') in 0.004059 seconds 
========================================================================
Received Import Request.
  Time since last request: 5.300470 seconds.
  path: Assets/Scripts/General Behavior/GameManager.cs
  artifactKey: Guid(3f22c4dd9fb90144f908e0d00303632a) Importer(815301076,1909f56bfc062723c751e8b465ee728b)
Start importing Assets/Scripts/General Behavior/GameManager.cs using Guid(3f22c4dd9fb90144f908e0d00303632a) Importer(815301076,1909f56bfc062723c751e8b465ee728b)  -> (artifact id: '23347b6b9f610d31e5bd6823382b45e1') in 0.001580 seconds 
========================================================================
Received Prepare
Registering precompiled user dll's ...
Registered in 0.001145 seconds.
Begin MonoManager ReloadAssembly
Native extension for WindowsStandalone target not found
Native extension for OSXStandalone target not found
Native extension for WebGL target not found
Refreshing native plugins compatible for Editor in 0.66 ms, found 1 plugins.
Preloading 0 native plugins for Editor in 0.00 ms.
Mono: successfully reloaded assembly
- Completed reload, in  1.558 seconds
Platform modules already initialized, skipping
Shader 'Universal Render Pipeline/Particles/Lit': fallback shader 'Universal Render Pipeline/Particles/SimpleLit' not found
Refreshing native plugins compatible for Editor in 0.67 ms, found 1 plugins.
Preloading 0 native plugins for Editor in 0.00 ms.
Unloading 2878 Unused Serialized files (Serialized files now loaded: 0)
System memory in use before: 392.0 MB.
System memory in use after: 392.3 MB.

Unloading 5 unused Assets to reduce memory usage. Loaded Objects now: 3658.
Total: 3.231850 ms (FindLiveObjects: 0.267130 ms CreateObjectMapping: 0.169405 ms MarkObjects: 2.776133 ms  DeleteObjects: 0.018014 ms)

========================================================================
Received Prepare
Registering precompiled user dll's ...
Registered in 0.001055 seconds.
Begin MonoManager ReloadAssembly
Native extension for WindowsStandalone target not found
Native extension for OSXStandalone target not found
Native extension for WebGL target not found
Refreshing native plugins compatible for Editor in 0.76 ms, found 1 plugins.
Preloading 0 native plugins for Editor in 0.00 ms.
Mono: successfully reloaded assembly
- Completed reload, in  1.772 seconds
Platform modules already initialized, skipping
Shader 'Universal Render Pipeline/Particles/Lit': fallback shader 'Universal Render Pipeline/Particles/SimpleLit' not found
Refreshing native plugins compatible for Editor in 0.67 ms, found 1 plugins.
Preloading 0 native plugins for Editor in 0.00 ms.
Unloading 2878 Unused Serialized files (Serialized files now loaded: 0)
System memory in use before: 393.1 MB.
System memory in use after: 393.3 MB.

Unloading 5 unused Assets to reduce memory usage. Loaded Objects now: 3661.
Total: 4.290700 ms (FindLiveObjects: 0.293158 ms CreateObjectMapping: 0.183703 ms MarkObjects: 3.790186 ms  DeleteObjects: 0.022499 ms)

========================================================================
Received Prepare
Registering precompiled user dll's ...
Registered in 0.001050 seconds.
Begin MonoManager ReloadAssembly
Native extension for WindowsStandalone target not found
Native extension for OSXStandalone target not found
Native extension for WebGL target not found
Refreshing native plugins compatible for Editor in 0.75 ms, found 1 plugins.
Preloading 0 native plugins for Editor in 0.00 ms.
Mono: successfully reloaded assembly
- Completed reload, in  1.358 seconds
Platform modules already initialized, skipping
Shader 'Universal Render Pipeline/Particles/Lit': fallback shader 'Universal Render Pipeline/Particles/SimpleLit' not found
Refreshing native plugins compatible for Editor in 0.65 ms, found 1 plugins.
Preloading 0 native plugins for Editor in 0.00 ms.
Unloading 2878 Unused Serialized files (Serialized files now loaded: 0)
System memory in use before: 394.1 MB.
System memory in use after: 394.3 MB.

Unloading 5 unused Assets to reduce memory usage. Loaded Objects now: 3664.
Total: 3.287230 ms (FindLiveObjects: 0.280706 ms CreateObjectMapping: 0.185156 ms MarkObjects: 2.801050 ms  DeleteObjects: 0.018438 ms)

========================================================================
Received Prepare
Registering precompiled user dll's ...
Registered in 0.001100 seconds.
Begin MonoManager ReloadAssembly
Native extension for WindowsStandalone target not found
Native extension for OSXStandalone target not found
Native extension for WebGL target not found
Refreshing native plugins compatible for Editor in 0.66 ms, found 1 plugins.
Preloading 0 native plugins for Editor in 0.00 ms.
Mono: successfully reloaded assembly
- Completed reload, in  1.227 seconds
Platform modules already initialized, skipping
Shader 'Universal Render Pipeline/Particles/Lit': fallback shader 'Universal Render Pipeline/Particles/SimpleLit' not found
Refreshing native plugins compatible for Editor in 0.55 ms, found 1 plugins.
Preloading 0 native plugins for Editor in 0.00 ms.
Unloading 2878 Unused Serialized files (Serialized files now loaded: 0)
System memory in use before: 395.2 MB.
System memory in use after: 395.4 MB.

Unloading 5 unused Assets to reduce memory usage. Loaded Objects now: 3667.
Total: 2.658410 ms (FindLiveObjects: 0.246031 ms CreateObjectMapping: 0.157866 ms MarkObjects: 2.240278 ms  DeleteObjects: 0.013425 ms)

========================================================================
Received Import Request.
  Time since last request: 462.957088 seconds.
  path: Assets/Audio/VolumeMixer.mixer
  artifactKey: Guid(f977a69f730a86f479654fd87ba9460b) Importer(815301076,1909f56bfc062723c751e8b465ee728b)
Start importing Assets/Audio/VolumeMixer.mixer using Guid(f977a69f730a86f479654fd87ba9460b) Importer(815301076,1909f56bfc062723c751e8b465ee728b)  -> (artifact id: '916fb33634853c8ff00394fa3f1aa235') in 0.018179 seconds 
========================================================================
Received Prepare
Registering precompiled user dll's ...
Registered in 0.001672 seconds.
Begin MonoManager ReloadAssembly
Native extension for WindowsStandalone target not found
Native extension for OSXStandalone target not found
Native extension for WebGL target not found
Refreshing native plugins compatible for Editor in 0.57 ms, found 1 plugins.
Preloading 0 native plugins for Editor in 0.00 ms.
Mono: successfully reloaded assembly
- Completed reload, in  1.194 seconds
Platform modules already initialized, skipping
Shader 'Universal Render Pipeline/Particles/Lit': fallback shader 'Universal Render Pipeline/Particles/SimpleLit' not found
Refreshing native plugins compatible for Editor in 0.56 ms, found 1 plugins.
Preloading 0 native plugins for Editor in 0.00 ms.
Unloading 2878 Unused Serialized files (Serialized files now loaded: 0)
System memory in use before: 396.2 MB.
System memory in use after: 396.4 MB.

Unloading 5 unused Assets to reduce memory usage. Loaded Objects now: 3670.
Total: 3.561839 ms (FindLiveObjects: 0.374363 ms CreateObjectMapping: 0.182269 ms MarkObjects: 2.985222 ms  DeleteObjects: 0.018821 ms)

========================================================================
Received Prepare
Registering precompiled user dll's ...
Registered in 0.001111 seconds.
Begin MonoManager ReloadAssembly
Native extension for WindowsStandalone target not found
Native extension for OSXStandalone target not found
Native extension for WebGL target not found
Refreshing native plugins compatible for Editor in 0.71 ms, found 1 plugins.
Preloading 0 native plugins for Editor in 0.00 ms.
Mono: successfully reloaded assembly
- Completed reload, in  1.411 seconds
Platform modules already initialized, skipping
Shader 'Universal Render Pipeline/Particles/Lit': fallback shader 'Universal Render Pipeline/Particles/SimpleLit' not found
Refreshing native plugins compatible for Editor in 0.56 ms, found 1 plugins.
Preloading 0 native plugins for Editor in 0.00 ms.
Unloading 2878 Unused Serialized files (Serialized files now loaded: 0)
System memory in use before: 397.2 MB.
System memory in use after: 397.5 MB.

Unloading 5 unused Assets to reduce memory usage. Loaded Objects now: 3673.
Total: 2.834696 ms (FindLiveObjects: 0.265772 ms CreateObjectMapping: 0.140439 ms MarkObjects: 2.413078 ms  DeleteObjects: 0.014512 ms)

========================================================================
Received Prepare
Registering precompiled user dll's ...
Registered in 0.001075 seconds.
Begin MonoManager ReloadAssembly
Native extension for WindowsStandalone target not found
Native extension for OSXStandalone target not found
Native extension for WebGL target not found
Refreshing native plugins compatible for Editor in 0.63 ms, found 1 plugins.
Preloading 0 native plugins for Editor in 0.00 ms.
Mono: successfully reloaded assembly
- Completed reload, in  1.198 seconds
Platform modules already initialized, skipping
Shader 'Universal Render Pipeline/Particles/Lit': fallback shader 'Universal Render Pipeline/Particles/SimpleLit' not found
Refreshing native plugins compatible for Editor in 0.55 ms, found 1 plugins.
Preloading 0 native plugins for Editor in 0.00 ms.
Unloading 2878 Unused Serialized files (Serialized files now loaded: 0)
System memory in use before: 398.3 MB.
System memory in use after: 398.5 MB.

Unloading 5 unused Assets to reduce memory usage. Loaded Objects now: 3676.
Total: 2.789759 ms (FindLiveObjects: 0.253459 ms CreateObjectMapping: 0.150118 ms MarkObjects: 2.367993 ms  DeleteObjects: 0.017334 ms)

========================================================================
Received Prepare
Registering precompiled user dll's ...
Registered in 0.000995 seconds.
Begin MonoManager ReloadAssembly
Native extension for WindowsStandalone target not found
Native extension for OSXStandalone target not found
Native extension for WebGL target not found
Refreshing native plugins compatible for Editor in 0.59 ms, found 1 plugins.
Preloading 0 native plugins for Editor in 0.00 ms.
Mono: successfully reloaded assembly
- Completed reload, in  1.177 seconds
Platform modules already initialized, skipping
Shader 'Universal Render Pipeline/Particles/Lit': fallback shader 'Universal Render Pipeline/Particles/SimpleLit' not found
Refreshing native plugins compatible for Editor in 0.76 ms, found 1 plugins.
Preloading 0 native plugins for Editor in 0.00 ms.
Unloading 2878 Unused Serialized files (Serialized files now loaded: 0)
System memory in use before: 399.3 MB.
System memory in use after: 399.5 MB.

Unloading 5 unused Assets to reduce memory usage. Loaded Objects now: 3679.
Total: 2.743750 ms (FindLiveObjects: 0.257641 ms CreateObjectMapping: 0.153342 ms MarkObjects: 2.317467 ms  DeleteObjects: 0.014601 ms)

========================================================================
Received Prepare
Registering precompiled user dll's ...
Registered in 0.001062 seconds.
Begin MonoManager ReloadAssembly
Native extension for WindowsStandalone target not found
Native extension for OSXStandalone target not found
Native extension for WebGL target not found
Refreshing native plugins compatible for Editor in 0.57 ms, found 1 plugins.
Preloading 0 native plugins for Editor in 0.00 ms.
Mono: successfully reloaded assembly
- Completed reload, in  1.203 seconds
Platform modules already initialized, skipping
Shader 'Universal Render Pipeline/Particles/Lit': fallback shader 'Universal Render Pipeline/Particles/SimpleLit' not found
Refreshing native plugins compatible for Editor in 0.58 ms, found 1 plugins.
Preloading 0 native plugins for Editor in 0.00 ms.
Unloading 2878 Unused Serialized files (Serialized files now loaded: 0)
System memory in use before: 400.4 MB.
System memory in use after: 400.6 MB.

Unloading 5 unused Assets to reduce memory usage. Loaded Objects now: 3682.
Total: 3.493259 ms (FindLiveObjects: 0.349109 ms CreateObjectMapping: 0.194654 ms MarkObjects: 2.930265 ms  DeleteObjects: 0.018013 ms)

========================================================================
Received Prepare
Registering precompiled user dll's ...
Registered in 0.001060 seconds.
Begin MonoManager ReloadAssembly
Native extension for WindowsStandalone target not found
Native extension for OSXStandalone target not found
Native extension for WebGL target not found
Refreshing native plugins compatible for Editor in 0.64 ms, found 1 plugins.
Preloading 0 native plugins for Editor in 0.00 ms.
Mono: successfully reloaded assembly
- Completed reload, in  1.150 seconds
Platform modules already initialized, skipping
Shader 'Universal Render Pipeline/Particles/Lit': fallback shader 'Universal Render Pipeline/Particles/SimpleLit' not found
Refreshing native plugins compatible for Editor in 0.68 ms, found 1 plugins.
Preloading 0 native plugins for Editor in 0.00 ms.
Unloading 2878 Unused Serialized files (Serialized files now loaded: 0)
System memory in use before: 401.4 MB.
System memory in use after: 401.6 MB.

Unloading 5 unused Assets to reduce memory usage. Loaded Objects now: 3685.
Total: 3.027626 ms (FindLiveObjects: 0.284017 ms CreateObjectMapping: 0.157741 ms MarkObjects: 2.568075 ms  DeleteObjects: 0.016708 ms)

========================================================================
Received Prepare
Registering precompiled user dll's ...
Registered in 0.001079 seconds.
Begin MonoManager ReloadAssembly
Native extension for WindowsStandalone target not found
Native extension for OSXStandalone target not found
Native extension for WebGL target not found
Refreshing native plugins compatible for Editor in 0.58 ms, found 1 plugins.
Preloading 0 native plugins for Editor in 0.00 ms.
Mono: successfully reloaded assembly
- Completed reload, in  1.200 seconds
Platform modules already initialized, skipping
Shader 'Universal Render Pipeline/Particles/Lit': fallback shader 'Universal Render Pipeline/Particles/SimpleLit' not found
Refreshing native plugins compatible for Editor in 0.71 ms, found 1 plugins.
Preloading 0 native plugins for Editor in 0.00 ms.
Unloading 2878 Unused Serialized files (Serialized files now loaded: 0)
System memory in use before: 402.4 MB.
System memory in use after: 402.7 MB.

Unloading 5 unused Assets to reduce memory usage. Loaded Objects now: 3688.
Total: 3.650904 ms (FindLiveObjects: 0.306499 ms CreateObjectMapping: 0.205738 ms MarkObjects: 3.117572 ms  DeleteObjects: 0.019784 ms)

========================================================================
Received Prepare
Registering precompiled user dll's ...
Registered in 0.002963 seconds.
Begin MonoManager ReloadAssembly
Native extension for WindowsStandalone target not found
Native extension for OSXStandalone target not found
Native extension for WebGL target not found
Refreshing native plugins compatible for Editor in 0.63 ms, found 1 plugins.
Preloading 0 native plugins for Editor in 0.00 ms.
Mono: successfully reloaded assembly
- Completed reload, in  1.258 seconds
Platform modules already initialized, skipping
Shader 'Universal Render Pipeline/Particles/Lit': fallback shader 'Universal Render Pipeline/Particles/SimpleLit' not found
Refreshing native plugins compatible for Editor in 0.62 ms, found 1 plugins.
Preloading 0 native plugins for Editor in 0.00 ms.
Unloading 2878 Unused Serialized files (Serialized files now loaded: 0)
System memory in use before: 403.5 MB.
System memory in use after: 403.7 MB.

Unloading 5 unused Assets to reduce memory usage. Loaded Objects now: 3691.
Total: 2.701826 ms (FindLiveObjects: 0.310142 ms CreateObjectMapping: 0.154778 ms MarkObjects: 2.221398 ms  DeleteObjects: 0.014703 ms)

========================================================================
Received Import Request.
  Time since last request: 1046.991388 seconds.
  path: Assets/Prefabs/Abandoned House Variant.prefab
  artifactKey: Guid(0eea9fa6cff95c14fba9ab17ba9afee4) Importer(815301076,1909f56bfc062723c751e8b465ee728b)
Start importing Assets/Prefabs/Abandoned House Variant.prefab using Guid(0eea9fa6cff95c14fba9ab17ba9afee4) Importer(815301076,1909f56bfc062723c751e8b465ee728b)  -> (artifact id: '7bb263342ea398aebb77752b938a8e31') in 0.219190 seconds 
========================================================================
Received Import Request.
  Time since last request: 0.000200 seconds.
  path: Assets/Prefabs/Town House 1.prefab
  artifactKey: Guid(22694e06eac4b444190b2c1f19f82e10) Importer(815301076,1909f56bfc062723c751e8b465ee728b)
Start importing Assets/Prefabs/Town House 1.prefab using Guid(22694e06eac4b444190b2c1f19f82e10) Importer(815301076,1909f56bfc062723c751e8b465ee728b)  -> (artifact id: 'f2bec7a0bb9785d190743803dcfbe250') in 0.220094 seconds 
========================================================================
Received Import Request.
  Time since last request: 0.000192 seconds.
  path: Assets/Prefabs/Sword_Textures01.tga
  artifactKey: Guid(0bca729ef9908654e9f42aaa6ab36c44) Importer(815301076,1909f56bfc062723c751e8b465ee728b)
Start importing Assets/Prefabs/Sword_Textures01.tga using Guid(0bca729ef9908654e9f42aaa6ab36c44) Importer(815301076,1909f56bfc062723c751e8b465ee728b)  -> (artifact id: '73495a3c20bbde3f5d0fac57ebe07164') in 1.188470 seconds 
========================================================================
Received Import Request.
  Time since last request: 0.000375 seconds.
  path: Assets/Prefabs/log.prefab
  artifactKey: Guid(46cd6152a2cb2ee43a8f274ec56eebce) Importer(815301076,1909f56bfc062723c751e8b465ee728b)
Start importing Assets/Prefabs/log.prefab using Guid(46cd6152a2cb2ee43a8f274ec56eebce) Importer(815301076,1909f56bfc062723c751e8b465ee728b)  -> (artifact id: '1a28bf0cbcdbff50fe8fdc3206cadcb9') in 0.029977 seconds 
========================================================================
Received Import Request.
  Time since last request: 0.000188 seconds.
  path: Assets/Prefabs/tree 1 Variant.prefab
  artifactKey: Guid(a75bd7e02a5d35142875cfbc1c8fdeb4) Importer(815301076,1909f56bfc062723c751e8b465ee728b)
Start importing Assets/Prefabs/tree 1 Variant.prefab using Guid(a75bd7e02a5d35142875cfbc1c8fdeb4) Importer(815301076,1909f56bfc062723c751e8b465ee728b)  -> (artifact id: '6667bd29c665e4eba25145099d01beb1') in 0.016992 seconds 
========================================================================
Received Import Request.
  Time since last request: 0.000228 seconds.
  path: Assets/Prefabs/Wall.prefab
  artifactKey: Guid(8337fc98d57dfff4ebb7065c19290e21) Importer(815301076,1909f56bfc062723c751e8b465ee728b)
Start importing Assets/Prefabs/Wall.prefab using Guid(8337fc98d57dfff4ebb7065c19290e21) Importer(815301076,1909f56bfc062723c751e8b465ee728b)  -> (artifact id: '4a1be61be459632c92a190c89dc35882') in 0.013692 seconds 
========================================================================
Received Import Request.
  Time since last request: 0.000241 seconds.
  path: Assets/Prefabs/Town House 1 Alt.prefab
  artifactKey: Guid(54de15b567f0bff48b77e716843e09e9) Importer(815301076,1909f56bfc062723c751e8b465ee728b)
Start importing Assets/Prefabs/Town House 1 Alt.prefab using Guid(54de15b567f0bff48b77e716843e09e9) Importer(815301076,1909f56bfc062723c751e8b465ee728b)  -> (artifact id: 'bf340db4e9eb62bdaf83910cd0e91e08') in 0.016129 seconds 
========================================================================
Received Import Request.
  Time since last request: 0.000268 seconds.
  path: Assets/Prefabs/Frbll.prefab
  artifactKey: Guid(84a35d6dfb8ebdf4e9c5e411b8229e23) Importer(815301076,1909f56bfc062723c751e8b465ee728b)
Start importing Assets/Prefabs/Frbll.prefab using Guid(84a35d6dfb8ebdf4e9c5e411b8229e23) Importer(815301076,1909f56bfc062723c751e8b465ee728b)  -> (artifact id: '7e623bb4f25cde3216a77e721931294a') in 0.014889 seconds 
========================================================================
Received Import Request.
  Time since last request: 0.000272 seconds.
  path: Assets/Prefabs/vegetation_toon02_autumn.png
  artifactKey: Guid(f70b211b685b9b043a702c2cb8c4c0ae) Importer(815301076,1909f56bfc062723c751e8b465ee728b)
Start importing Assets/Prefabs/vegetation_toon02_autumn.png using Guid(f70b211b685b9b043a702c2cb8c4c0ae) Importer(815301076,1909f56bfc062723c751e8b465ee728b)  -> (artifact id: 'b90e8450a673cb1cb617a05c9d7753b5') in 1.381678 seconds 
========================================================================
Received Import Request.
  Time since last request: 0.000231 seconds.
  path: Assets/Prefabs/UI/GameOverMenu.prefab
  artifactKey: Guid(86278ebe65f92e844a164a710e81ac68) Importer(815301076,1909f56bfc062723c751e8b465ee728b)
Start importing Assets/Prefabs/UI/GameOverMenu.prefab using Guid(86278ebe65f92e844a164a710e81ac68) Importer(815301076,1909f56bfc062723c751e8b465ee728b)  -> (artifact id: '7a5075de2b51ca17a22ae419d4a5d725') in 0.095691 seconds 
========================================================================
Received Import Request.
  Time since last request: 0.000227 seconds.
  path: Assets/Prefabs/UI
  artifactKey: Guid(0542c56fb5e628c42a119c668a899175) Importer(815301076,1909f56bfc062723c751e8b465ee728b)
Start importing Assets/Prefabs/UI using Guid(0542c56fb5e628c42a119c668a899175) Importer(815301076,1909f56bfc062723c751e8b465ee728b)  -> (artifact id: 'e85d7f7ef59b9808b8858bdcda6323d0') in 0.001277 seconds 
========================================================================
Received Import Request.
  Time since last request: 0.000367 seconds.
  path: Assets/Prefabs/UI/Pause Manager.prefab
  artifactKey: Guid(044d8d01d373eb74a87b54d89c11fbe4) Importer(815301076,1909f56bfc062723c751e8b465ee728b)
Start importing Assets/Prefabs/UI/Pause Manager.prefab using Guid(044d8d01d373eb74a87b54d89c11fbe4) Importer(815301076,1909f56bfc062723c751e8b465ee728b)  -> (artifact id: 'df5a3093422d10d8bd709eb22a176e17') in 0.111834 seconds 
========================================================================
Received Import Request.
  Time since last request: 0.000223 seconds.
  path: Assets/Prefabs/birchTree_leafless Variant.prefab
  artifactKey: Guid(62160d5cfd1cc09488f002dda4046145) Importer(815301076,1909f56bfc062723c751e8b465ee728b)
Start importing Assets/Prefabs/birchTree_leafless Variant.prefab using Guid(62160d5cfd1cc09488f002dda4046145) Importer(815301076,1909f56bfc062723c751e8b465ee728b)  -> (artifact id: '52092c2079acc811f379b2f032e07458') in 0.020520 seconds 
========================================================================
Received Import Request.
  Time since last request: 0.000213 seconds.
  path: Assets/Prefabs/Guages.prefab
  artifactKey: Guid(b8da7baa2ed4e4dd59ddec5f12a8e22f) Importer(815301076,1909f56bfc062723c751e8b465ee728b)
Start importing Assets/Prefabs/Guages.prefab using Guid(b8da7baa2ed4e4dd59ddec5f12a8e22f) Importer(815301076,1909f56bfc062723c751e8b465ee728b)  -> (artifact id: '420ad238133eeb74332118170b2c56fa') in 0.011606 seconds 
========================================================================
Received Import Request.
  Time since last request: 0.000344 seconds.
  path: Assets/Prefabs/UI/ShopMenu.prefab
  artifactKey: Guid(ce9f62c3aa6e76c418a46e856756a58c) Importer(815301076,1909f56bfc062723c751e8b465ee728b)
Start importing Assets/Prefabs/UI/ShopMenu.prefab using Guid(ce9f62c3aa6e76c418a46e856756a58c) Importer(815301076,1909f56bfc062723c751e8b465ee728b)  -> (artifact id: '64e250f76d416d2370d693fa07158c62') in 0.010720 seconds 
========================================================================
Received Import Request.
  Time since last request: 0.000218 seconds.
  path: Assets/Prefabs/Coin.prefab
  artifactKey: Guid(d76faa02c6a04aa439e8585014eaf80c) Importer(815301076,1909f56bfc062723c751e8b465ee728b)
Start importing Assets/Prefabs/Coin.prefab using Guid(d76faa02c6a04aa439e8585014eaf80c) Importer(815301076,1909f56bfc062723c751e8b465ee728b)  -> (artifact id: '05b5273702e10ff3df8cdd1fea9d09da') in 0.014908 seconds 
========================================================================
Received Import Request.
  Time since last request: 0.000443 seconds.
  path: Assets/Prefabs/TempGoblin.prefab
  artifactKey: Guid(4ca13c1412fec3e48b31c8428b91eabd) Importer(815301076,1909f56bfc062723c751e8b465ee728b)
Start importing Assets/Prefabs/TempGoblin.prefab using Guid(4ca13c1412fec3e48b31c8428b91eabd) Importer(815301076,1909f56bfc062723c751e8b465ee728b)  -> (artifact id: '7fc34e4cf8ad44786cdbd0f5d64c6004') in 0.035483 seconds 
========================================================================
Received Import Request.
  Time since last request: 0.000272 seconds.
  path: Assets/Prefabs/UI/CheatMenu.prefab
  artifactKey: Guid(bf03b4c4c7dad9e4cbd9e177327928f8) Importer(815301076,1909f56bfc062723c751e8b465ee728b)
Start importing Assets/Prefabs/UI/CheatMenu.prefab using Guid(bf03b4c4c7dad9e4cbd9e177327928f8) Importer(815301076,1909f56bfc062723c751e8b465ee728b)  -> (artifact id: '3f257510ed152ae2358aa4f8fbe71d09') in 0.034755 seconds 
========================================================================
Received Import Request.
  Time since last request: 0.000336 seconds.
  path: Assets/Prefabs/sword01.prefab
  artifactKey: Guid(a5f8359254d13df438d43f3bf13e2916) Importer(815301076,1909f56bfc062723c751e8b465ee728b)
Start importing Assets/Prefabs/sword01.prefab using Guid(a5f8359254d13df438d43f3bf13e2916) Importer(815301076,1909f56bfc062723c751e8b465ee728b)  -> (artifact id: '12c63288c081ff8183023effe548b3e3') in 0.008069 seconds 
========================================================================
Received Import Request.
  Time since last request: 0.000292 seconds.
  path: Assets/Prefabs/Storage (1).prefab
  artifactKey: Guid(6eca3b68b534c914f9481d1c15f1ade0) Importer(815301076,1909f56bfc062723c751e8b465ee728b)
Start importing Assets/Prefabs/Storage (1).prefab using Guid(6eca3b68b534c914f9481d1c15f1ade0) Importer(815301076,1909f56bfc062723c751e8b465ee728b)  -> (artifact id: '263e8ccf1ea5842016e404c809d502d3') in 0.056906 seconds 
========================================================================
Received Import Request.
  Time since last request: 0.000305 seconds.
  path: Assets/Prefabs/Crate.prefab
  artifactKey: Guid(16c0b83c81585b046ac18cfe0c769a9c) Importer(815301076,1909f56bfc062723c751e8b465ee728b)
Start importing Assets/Prefabs/Crate.prefab using Guid(16c0b83c81585b046ac18cfe0c769a9c) Importer(815301076,1909f56bfc062723c751e8b465ee728b)  -> (artifact id: '82cbdcda438f63d779ec899b7d9e7281') in 0.018591 seconds 
========================================================================
Received Import Request.
  Time since last request: 0.000240 seconds.
  path: Assets/Prefabs/UI/SettingsMenu.prefab
  artifactKey: Guid(d889345fa7d603d4283f1f369b863e24) Importer(815301076,1909f56bfc062723c751e8b465ee728b)
Start importing Assets/Prefabs/UI/SettingsMenu.prefab using Guid(d889345fa7d603d4283f1f369b863e24) Importer(815301076,1909f56bfc062723c751e8b465ee728b)  -> (artifact id: 'a50e3a55aadfa7dce67ecc2380db6984') in 0.029576 seconds 
========================================================================
Received Import Request.
  Time since last request: 0.000289 seconds.
  path: Assets/Prefabs/EvilWizard.prefab
  artifactKey: Guid(fb791fc68fafeb24590e6d1409029208) Importer(815301076,1909f56bfc062723c751e8b465ee728b)
Start importing Assets/Prefabs/EvilWizard.prefab using Guid(fb791fc68fafeb24590e6d1409029208) Importer(815301076,1909f56bfc062723c751e8b465ee728b)  -> (artifact id: 'b1d37438ebc4bca5640a234c214a9b5f') in 0.023195 seconds 
========================================================================
Received Import Request.
  Time since last request: 0.000298 seconds.
  path: Assets/Prefabs/pineTree (1).prefab
  artifactKey: Guid(af1a4709df73f6d498a977acf44278cb) Importer(815301076,1909f56bfc062723c751e8b465ee728b)
Start importing Assets/Prefabs/pineTree (1).prefab using Guid(af1a4709df73f6d498a977acf44278cb) Importer(815301076,1909f56bfc062723c751e8b465ee728b)  -> (artifact id: 'ce7366f19bda32520167fab071f09c41') in 0.024736 seconds 
========================================================================
Received Import Request.
  Time since last request: 0.000299 seconds.
  path: Assets/Prefabs/Character.prefab
  artifactKey: Guid(4bc512b9575c5423d9da15437fd18ea6) Importer(815301076,1909f56bfc062723c751e8b465ee728b)
Start importing Assets/Prefabs/Character.prefab using Guid(4bc512b9575c5423d9da15437fd18ea6) Importer(815301076,1909f56bfc062723c751e8b465ee728b)  -> (artifact id: 'f6a60e898646f389baa1c47a115028d2') in 0.052293 seconds 
========================================================================
Received Import Request.
  Time since last request: 0.000332 seconds.
  path: Assets/Prefabs/Yootle_template.png
  artifactKey: Guid(6919f23050a594aeeabff5af51c10d2f) Importer(815301076,1909f56bfc062723c751e8b465ee728b)
Start importing Assets/Prefabs/Yootle_template.png using Guid(6919f23050a594aeeabff5af51c10d2f) Importer(815301076,1909f56bfc062723c751e8b465ee728b)  -> (artifact id: '50290d91f6df4115d9158c5734f8a8ee') in 0.024409 seconds 
========================================================================
Received Import Request.
  Time since last request: 0.000356 seconds.
  path: Assets/Prefabs/House 3 and Roof.prefab
  artifactKey: Guid(e184cacfed9821048804b7b089f3850b) Importer(815301076,1909f56bfc062723c751e8b465ee728b)
Start importing Assets/Prefabs/House 3 and Roof.prefab using Guid(e184cacfed9821048804b7b089f3850b) Importer(815301076,1909f56bfc062723c751e8b465ee728b)  -> (artifact id: '7ef0f9ace9f14a52b5b99178534c11ab') in 0.066483 seconds 
========================================================================
Received Import Request.
  Time since last request: 0.000391 seconds.
  path: Assets/Prefabs/UI/QuestText.prefab
  artifactKey: Guid(695bc9707363f9144a88130832794647) Importer(815301076,1909f56bfc062723c751e8b465ee728b)
Start importing Assets/Prefabs/UI/QuestText.prefab using Guid(695bc9707363f9144a88130832794647) Importer(815301076,1909f56bfc062723c751e8b465ee728b)  -> (artifact id: '3160781ed958b255dfcf4b82757938fd') in 0.030427 seconds 
========================================================================
Received Import Request.
  Time since last request: 0.000311 seconds.
  path: Assets/Prefabs/UI/InventorySlot.prefab
  artifactKey: Guid(3bef925fd1d7e74469deed4be29126cd) Importer(815301076,1909f56bfc062723c751e8b465ee728b)
Start importing Assets/Prefabs/UI/InventorySlot.prefab using Guid(3bef925fd1d7e74469deed4be29126cd) Importer(815301076,1909f56bfc062723c751e8b465ee728b)  -> (artifact id: 'e9feda4d18005811ef5490db4e9ff8f6') in 0.009027 seconds 
========================================================================
Received Import Request.
  Time since last request: 0.000332 seconds.
  path: Assets/Prefabs/UI/InventoryMenu.prefab
  artifactKey: Guid(0f117271828f75b4ab32ab0d0d1103f8) Importer(815301076,1909f56bfc062723c751e8b465ee728b)
Start importing Assets/Prefabs/UI/InventoryMenu.prefab using Guid(0f117271828f75b4ab32ab0d0d1103f8) Importer(815301076,1909f56bfc062723c751e8b465ee728b)  -> (artifact id: '5a6a74ffb9a64d397cd9b222bad111e6') in 0.040897 seconds 
========================================================================
Received Import Request.
  Time since last request: 0.000298 seconds.
  path: Assets/Prefabs/birchTree_leafless (1).prefab
  artifactKey: Guid(ea94c46911b4ac941b4dd15a924ba0a5) Importer(815301076,1909f56bfc062723c751e8b465ee728b)
Start importing Assets/Prefabs/birchTree_leafless (1).prefab using Guid(ea94c46911b4ac941b4dd15a924ba0a5) Importer(815301076,1909f56bfc062723c751e8b465ee728b)  -> (artifact id: 'f843f41988a75471f1942ca7faa6be54') in 0.017241 seconds 
========================================================================
Received Import Request.
  Time since last request: 0.000284 seconds.
  path: Assets/Prefabs/UI/Pause Menu.prefab
  artifactKey: Guid(58437fb1868f1ca419a20960da5a9ce1) Importer(815301076,1909f56bfc062723c751e8b465ee728b)
Start importing Assets/Prefabs/UI/Pause Menu.prefab using Guid(58437fb1868f1ca419a20960da5a9ce1) Importer(815301076,1909f56bfc062723c751e8b465ee728b)  -> (artifact id: 'cf8c77bce2c8a305dbb4692596a6e595') in 0.027052 seconds 
========================================================================
Received Import Request.
  Time since last request: 16.588950 seconds.
  path: Assets/Prefabs/UI/Guages.prefab
  artifactKey: Guid(9eb1a25538ab346a4b03daee56dae11a) Importer(815301076,1909f56bfc062723c751e8b465ee728b)
Start importing Assets/Prefabs/UI/Guages.prefab using Guid(9eb1a25538ab346a4b03daee56dae11a) Importer(815301076,1909f56bfc062723c751e8b465ee728b)  -> (artifact id: '54830e77af535ce855ebdedbe76840af') in 0.007745 seconds 
========================================================================
Received Import Request.
  Time since last request: 39.964952 seconds.
  path: Assets/Scenes/FirstLevel.unity
  artifactKey: Guid(fe4e6c2f4ced25a4eaed4185581163a5) Importer(815301076,1909f56bfc062723c751e8b465ee728b)
Start importing Assets/Scenes/FirstLevel.unity using Guid(fe4e6c2f4ced25a4eaed4185581163a5) Importer(815301076,1909f56bfc062723c751e8b465ee728b)  -> (artifact id: '4292ab472d0433557a81ed389e340e51') in 0.001562 seconds 
========================================================================
Received Prepare
Registering precompiled user dll's ...
Registered in 0.001066 seconds.
Begin MonoManager ReloadAssembly
Native extension for WindowsStandalone target not found
Native extension for OSXStandalone target not found
Native extension for WebGL target not found
Refreshing native plugins compatible for Editor in 0.56 ms, found 1 plugins.
Preloading 0 native plugins for Editor in 0.00 ms.
Mono: successfully reloaded assembly
- Completed reload, in  1.197 seconds
Platform modules already initialized, skipping
Shader 'Universal Render Pipeline/Particles/Lit': fallback shader 'Universal Render Pipeline/Particles/SimpleLit' not found
Refreshing native plugins compatible for Editor in 0.65 ms, found 1 plugins.
Preloading 0 native plugins for Editor in 0.00 ms.
Unloading 2881 Unused Serialized files (Serialized files now loaded: 0)
System memory in use before: 430.1 MB.
System memory in use after: 430.3 MB.

Unloading 9 unused Assets to reduce memory usage. Loaded Objects now: 3781.
Total: 3.395181 ms (FindLiveObjects: 0.274377 ms CreateObjectMapping: 0.163540 ms MarkObjects: 2.926660 ms  DeleteObjects: 0.029661 ms)

========================================================================
Received Import Request.
  Time since last request: 111.996788 seconds.
  path: Assets/Prefabs/UI/Pause Manager.prefab
  artifactKey: Guid(044d8d01d373eb74a87b54d89c11fbe4) Importer(815301076,1909f56bfc062723c751e8b465ee728b)
Start importing Assets/Prefabs/UI/Pause Manager.prefab using Guid(044d8d01d373eb74a87b54d89c11fbe4) Importer(815301076,1909f56bfc062723c751e8b465ee728b)  -> (artifact id: '7e3f3339788a355098ed96799aec6945') in 0.133067 seconds 
========================================================================
Received Import Request.
  Time since last request: 13.828554 seconds.
  path: Assets/Prefabs/UI/Pause Manager.prefab
  artifactKey: Guid(044d8d01d373eb74a87b54d89c11fbe4) Importer(815301076,1909f56bfc062723c751e8b465ee728b)
Start importing Assets/Prefabs/UI/Pause Manager.prefab using Guid(044d8d01d373eb74a87b54d89c11fbe4) Importer(815301076,1909f56bfc062723c751e8b465ee728b)  -> (artifact id: '5fa6784bbe4c775c3c367ba7238db03b') in 0.039036 seconds 
========================================================================
Received Import Request.
  Time since last request: 3.608040 seconds.
  path: Assets/Prefabs/UI/Pause Manager.prefab
  artifactKey: Guid(044d8d01d373eb74a87b54d89c11fbe4) Importer(815301076,1909f56bfc062723c751e8b465ee728b)
Start importing Assets/Prefabs/UI/Pause Manager.prefab using Guid(044d8d01d373eb74a87b54d89c11fbe4) Importer(815301076,1909f56bfc062723c751e8b465ee728b)  -> (artifact id: '95f86b37c51fa4f4dcfb339d3783f6e1') in 0.038768 seconds 
========================================================================
Received Import Request.
  Time since last request: 2.099290 seconds.
  path: Assets/Prefabs/UI/Pause Manager.prefab
  artifactKey: Guid(044d8d01d373eb74a87b54d89c11fbe4) Importer(815301076,1909f56bfc062723c751e8b465ee728b)
Start importing Assets/Prefabs/UI/Pause Manager.prefab using Guid(044d8d01d373eb74a87b54d89c11fbe4) Importer(815301076,1909f56bfc062723c751e8b465ee728b)  -> (artifact id: 'feffe742d8e888cdcf23c98dab55aafc') in 0.045032 seconds 
========================================================================
Received Import Request.
  Time since last request: 26.805971 seconds.
  path: Assets/Scenes/Town.unity
  artifactKey: Guid(e03c7f31c2132be449b4b7ddf1bb948a) Importer(815301076,1909f56bfc062723c751e8b465ee728b)
Start importing Assets/Scenes/Town.unity using Guid(e03c7f31c2132be449b4b7ddf1bb948a) Importer(815301076,1909f56bfc062723c751e8b465ee728b)  -> (artifact id: 'c9899c770d83d965fcf97b4a4b9bbb2e') in 0.002658 seconds 
========================================================================
Received Prepare
Registering precompiled user dll's ...
Registered in 0.001061 seconds.
Begin MonoManager ReloadAssembly
Native extension for WindowsStandalone target not found
Native extension for OSXStandalone target not found
Native extension for WebGL target not found
Refreshing native plugins compatible for Editor in 0.69 ms, found 1 plugins.
Preloading 0 native plugins for Editor in 0.00 ms.
Mono: successfully reloaded assembly
- Completed reload, in  1.651 seconds
Platform modules already initialized, skipping
Shader 'Universal Render Pipeline/Particles/Lit': fallback shader 'Universal Render Pipeline/Particles/SimpleLit' not found
Refreshing native plugins compatible for Editor in 0.57 ms, found 1 plugins.
Preloading 0 native plugins for Editor in 0.00 ms.
Unloading 2878 Unused Serialized files (Serialized files now loaded: 0)
System memory in use before: 431.0 MB.
System memory in use after: 431.3 MB.

Unloading 9 unused Assets to reduce memory usage. Loaded Objects now: 3784.
Total: 3.491798 ms (FindLiveObjects: 0.297626 ms CreateObjectMapping: 0.159095 ms MarkObjects: 3.001998 ms  DeleteObjects: 0.031841 ms)

========================================================================
Received Import Request.
  Time since last request: 87.778182 seconds.
  path: Assets/Prefabs/UI/SettingsMenu.prefab
  artifactKey: Guid(d889345fa7d603d4283f1f369b863e24) Importer(815301076,1909f56bfc062723c751e8b465ee728b)
Start importing Assets/Prefabs/UI/SettingsMenu.prefab using Guid(d889345fa7d603d4283f1f369b863e24) Importer(815301076,1909f56bfc062723c751e8b465ee728b)  -> (artifact id: '4552218c585b09f1d2c73774f4194595') in 0.117021 seconds 
========================================================================
Received Import Request.
  Time since last request: 0.000172 seconds.
  path: Assets/Prefabs/UI/Pause Manager.prefab
  artifactKey: Guid(044d8d01d373eb74a87b54d89c11fbe4) Importer(815301076,1909f56bfc062723c751e8b465ee728b)
Start importing Assets/Prefabs/UI/Pause Manager.prefab using Guid(044d8d01d373eb74a87b54d89c11fbe4) Importer(815301076,1909f56bfc062723c751e8b465ee728b)  -> (artifact id: '0624975f4d8956f38b9f5d39126a4fbf') in 0.067128 seconds 
========================================================================
Received Import Request.
  Time since last request: 23.115363 seconds.
  path: Assets/Prefabs/UI/Pause Manager.prefab
  artifactKey: Guid(044d8d01d373eb74a87b54d89c11fbe4) Importer(815301076,1909f56bfc062723c751e8b465ee728b)
Start importing Assets/Prefabs/UI/Pause Manager.prefab using Guid(044d8d01d373eb74a87b54d89c11fbe4) Importer(815301076,1909f56bfc062723c751e8b465ee728b)  -> (artifact id: '05e14dfd1656b3389a23fb3c750228a2') in 0.038806 seconds 
========================================================================
Received Import Request.
  Time since last request: 0.000232 seconds.
  path: Assets/Prefabs/UI/SettingsMenu.prefab
  artifactKey: Guid(d889345fa7d603d4283f1f369b863e24) Importer(815301076,1909f56bfc062723c751e8b465ee728b)
Start importing Assets/Prefabs/UI/SettingsMenu.prefab using Guid(d889345fa7d603d4283f1f369b863e24) Importer(815301076,1909f56bfc062723c751e8b465ee728b)  -> (artifact id: '5d4ce37a5c3d6f4af8650e217d98959f') in 0.024277 seconds 
========================================================================
Received Import Request.
  Time since last request: 3.963657 seconds.
  path: Assets/Prefabs/UI/Pause Manager.prefab
  artifactKey: Guid(044d8d01d373eb74a87b54d89c11fbe4) Importer(815301076,1909f56bfc062723c751e8b465ee728b)
Start importing Assets/Prefabs/UI/Pause Manager.prefab using Guid(044d8d01d373eb74a87b54d89c11fbe4) Importer(815301076,1909f56bfc062723c751e8b465ee728b)  -> (artifact id: 'd725383d14bcc3895820aa640b2cfd06') in 0.039381 seconds 
========================================================================
Received Import Request.
  Time since last request: 0.000216 seconds.
  path: Assets/Prefabs/UI/SettingsMenu.prefab
  artifactKey: Guid(d889345fa7d603d4283f1f369b863e24) Importer(815301076,1909f56bfc062723c751e8b465ee728b)
Start importing Assets/Prefabs/UI/SettingsMenu.prefab using Guid(d889345fa7d603d4283f1f369b863e24) Importer(815301076,1909f56bfc062723c751e8b465ee728b)  -> (artifact id: 'a653d932eeecfafbe3db043c0d6a0da2') in 0.022124 seconds 
========================================================================
Received Import Request.
  Time since last request: 11.887884 seconds.
  path: Assets/Prefabs/UI/Pause Manager.prefab
  artifactKey: Guid(044d8d01d373eb74a87b54d89c11fbe4) Importer(815301076,1909f56bfc062723c751e8b465ee728b)
Start importing Assets/Prefabs/UI/Pause Manager.prefab using Guid(044d8d01d373eb74a87b54d89c11fbe4) Importer(815301076,1909f56bfc062723c751e8b465ee728b)  -> (artifact id: '1b162d5ffbc58cd69d9a36e294dd7792') in 0.038089 seconds 
========================================================================
Received Import Request.
  Time since last request: 0.000214 seconds.
  path: Assets/Prefabs/UI/SettingsMenu.prefab
  artifactKey: Guid(d889345fa7d603d4283f1f369b863e24) Importer(815301076,1909f56bfc062723c751e8b465ee728b)
Start importing Assets/Prefabs/UI/SettingsMenu.prefab using Guid(d889345fa7d603d4283f1f369b863e24) Importer(815301076,1909f56bfc062723c751e8b465ee728b)  -> (artifact id: '79e8e3d815af40882833a5452fb9e5a3') in 0.024828 seconds 
========================================================================
Received Import Request.
  Time since last request: 1.555327 seconds.
  path: Assets/Prefabs/UI/Pause Manager.prefab
  artifactKey: Guid(044d8d01d373eb74a87b54d89c11fbe4) Importer(815301076,1909f56bfc062723c751e8b465ee728b)
Start importing Assets/Prefabs/UI/Pause Manager.prefab using Guid(044d8d01d373eb74a87b54d89c11fbe4) Importer(815301076,1909f56bfc062723c751e8b465ee728b)  -> (artifact id: '45901fd5b983694673c73513cf8dcbfc') in 0.042200 seconds 
========================================================================
Received Import Request.
  Time since last request: 0.000300 seconds.
  path: Assets/Prefabs/UI/SettingsMenu.prefab
  artifactKey: Guid(d889345fa7d603d4283f1f369b863e24) Importer(815301076,1909f56bfc062723c751e8b465ee728b)
Start importing Assets/Prefabs/UI/SettingsMenu.prefab using Guid(d889345fa7d603d4283f1f369b863e24) Importer(815301076,1909f56bfc062723c751e8b465ee728b)  -> (artifact id: '7c331dbd408ba6bb02d8613c3070ad16') in 0.025716 seconds 
========================================================================
Received Import Request.
  Time since last request: 0.517341 seconds.
  path: Assets/Prefabs/UI/Pause Manager.prefab
  artifactKey: Guid(044d8d01d373eb74a87b54d89c11fbe4) Importer(815301076,1909f56bfc062723c751e8b465ee728b)
Start importing Assets/Prefabs/UI/Pause Manager.prefab using Guid(044d8d01d373eb74a87b54d89c11fbe4) Importer(815301076,1909f56bfc062723c751e8b465ee728b)  -> (artifact id: '005f292e4ac38abeba9833b64f6378e6') in 0.044500 seconds 
========================================================================
Received Import Request.
  Time since last request: 0.000297 seconds.
  path: Assets/Prefabs/UI/SettingsMenu.prefab
  artifactKey: Guid(d889345fa7d603d4283f1f369b863e24) Importer(815301076,1909f56bfc062723c751e8b465ee728b)
Start importing Assets/Prefabs/UI/SettingsMenu.prefab using Guid(d889345fa7d603d4283f1f369b863e24) Importer(815301076,1909f56bfc062723c751e8b465ee728b)  -> (artifact id: 'b9814120b4a7d0c46a4f21884e62ba7c') in 0.027986 seconds 
========================================================================
Received Import Request.
  Time since last request: 15.667030 seconds.
  path: Assets/Scenes/FirstLevel.unity
  artifactKey: Guid(fe4e6c2f4ced25a4eaed4185581163a5) Importer(815301076,1909f56bfc062723c751e8b465ee728b)
Start importing Assets/Scenes/FirstLevel.unity using Guid(fe4e6c2f4ced25a4eaed4185581163a5) Importer(815301076,1909f56bfc062723c751e8b465ee728b)  -> (artifact id: '219697dd71787d7d3dda4ba62d14a2a2') in 0.001625 seconds 
========================================================================
Received Prepare
Registering precompiled user dll's ...
Registered in 0.001261 seconds.
Begin MonoManager ReloadAssembly
Native extension for WindowsStandalone target not found
Native extension for OSXStandalone target not found
Native extension for WebGL target not found
Refreshing native plugins compatible for Editor in 0.56 ms, found 1 plugins.
Preloading 0 native plugins for Editor in 0.00 ms.
Mono: successfully reloaded assembly
- Completed reload, in  1.149 seconds
Platform modules already initialized, skipping
Shader 'Universal Render Pipeline/Particles/Lit': fallback shader 'Universal Render Pipeline/Particles/SimpleLit' not found
Refreshing native plugins compatible for Editor in 0.56 ms, found 1 plugins.
Preloading 0 native plugins for Editor in 0.00 ms.
Unloading 2878 Unused Serialized files (Serialized files now loaded: 0)
System memory in use before: 432.1 MB.
System memory in use after: 432.3 MB.

Unloading 9 unused Assets to reduce memory usage. Loaded Objects now: 3787.
Total: 2.918637 ms (FindLiveObjects: 0.266778 ms CreateObjectMapping: 0.150679 ms MarkObjects: 2.473281 ms  DeleteObjects: 0.027085 ms)

========================================================================
Received Import Request.
  Time since last request: 39.677550 seconds.
  path: Assets/Scenes/SecondLevel.unity
  artifactKey: Guid(096d35e5377e4e147abedd20ecc081e8) Importer(815301076,1909f56bfc062723c751e8b465ee728b)
Start importing Assets/Scenes/SecondLevel.unity using Guid(096d35e5377e4e147abedd20ecc081e8) Importer(815301076,1909f56bfc062723c751e8b465ee728b)  -> (artifact id: 'a874dba26d6bcd533d93e881d4cc0580') in 0.015082 seconds 
========================================================================
Received Import Request.
  Time since last request: 91.679686 seconds.
  path: Assets/Presets/AudioCompressedInMemory.preset
  artifactKey: Guid(2dd802e4d37c65149922028d3e973832) Importer(815301076,1909f56bfc062723c751e8b465ee728b)
Start importing Assets/Presets/AudioCompressedInMemory.preset using Guid(2dd802e4d37c65149922028d3e973832) Importer(815301076,1909f56bfc062723c751e8b465ee728b)  -> (artifact id: '355caecd64a79e320a07a76d041ad7fe') in 0.178789 seconds 
========================================================================
Received Import Request.
  Time since last request: 0.000201 seconds.
  path: Assets/Presets/AudioStreaming.preset
  artifactKey: Guid(86bcce7f5575b54408aa0f3a7d321039) Importer(815301076,1909f56bfc062723c751e8b465ee728b)
Start importing Assets/Presets/AudioStreaming.preset using Guid(86bcce7f5575b54408aa0f3a7d321039) Importer(815301076,1909f56bfc062723c751e8b465ee728b)  -> (artifact id: '31491edd7b90c85d86cc145e71da96fb') in 0.002852 seconds 
========================================================================
Received Import Request.
  Time since last request: 0.000231 seconds.
  path: Assets/Presets/NormalTexture.preset
  artifactKey: Guid(14a57cf3b9fa1c74b884aa7e0dcf1faa) Importer(815301076,1909f56bfc062723c751e8b465ee728b)
Start importing Assets/Presets/NormalTexture.preset using Guid(14a57cf3b9fa1c74b884aa7e0dcf1faa) Importer(815301076,1909f56bfc062723c751e8b465ee728b)  -> (artifact id: 'ae79b218186a3f1cfb8a038fb1d231bf') in 0.004588 seconds 
========================================================================
Received Import Request.
  Time since last request: 0.000229 seconds.
  path: Assets/Presets/UtilityTexture.preset
  artifactKey: Guid(45f7b2e3c78185248b3adbb14429c2ab) Importer(815301076,1909f56bfc062723c751e8b465ee728b)
Start importing Assets/Presets/UtilityTexture.preset using Guid(45f7b2e3c78185248b3adbb14429c2ab) Importer(815301076,1909f56bfc062723c751e8b465ee728b)  -> (artifact id: '2230147bbb16f05c62c3d05b6cfad065') in 0.003802 seconds 
========================================================================
Received Import Request.
  Time since last request: 1.075428 seconds.
  path: Assets/Scenes/DragonLair.unity
  artifactKey: Guid(ecd9dfeb68a284db8a39307c1a0f1e81) Importer(815301076,1909f56bfc062723c751e8b465ee728b)
Start importing Assets/Scenes/DragonLair.unity using Guid(ecd9dfeb68a284db8a39307c1a0f1e81) Importer(815301076,1909f56bfc062723c751e8b465ee728b)  -> (artifact id: '2f99bc917379cff171533d7106abf2fc') in 0.001427 seconds 
AssetImportWorkerClient::OnTransportError - code=2 error=End of file
