Using pre-set license
Built from '2021.1/release' branch; Version is '2021.1.4f1 (4cd64a618c1b) revision 5035594'; Using compiler version '192528614'; Build Type 'Release'
OS: 'Windows 10 Home; OS build 19042.985; Version 2009; 64bit' Language: 'en' Physical Memory: 12162 MB
BatchMode: 1, IsHumanControllingUs: 0, StartBugReporterOnCrash: 0, Is64bit: 1, IsPro: 0

 COMMAND LINE ARGUMENTS:
C:\Program Files\Unity\Hub\Editor\2021.1.4f1\Editor\Unity.exe
-adb2
-batchMode
-noUpm
-name
AssetImportWorker5
-projectPath
C:/Users/hansm/Github/Yoon/Project Yoon
-logFile
Logs/AssetImportWorker5.log
-srvPort
64254
Successfully changed project path to: C:/Users/hansm/Github/Yoon/Project Yoon
C:/Users/hansm/Github/Yoon/Project Yoon
Using Asset Import Pipeline V2.
Refreshing native plugins compatible for Editor in 76.57 ms, found 0 plugins.
Preloading 0 native plugins for Editor in 0.00 ms.
Initialize engine version: 2021.1.4f1 (4cd64a618c1b)
[Subsystems] Discovering subsystems at path C:/Program Files/Unity/Hub/Editor/2021.1.4f1/Editor/Data/Resources/UnitySubsystems
[Subsystems] Discovering subsystems at path C:/Users/hansm/Github/Yoon/Project Yoon/Assets
GfxDevice: creating device client; threaded=0; jobified=0
Direct3D:
    Version:  Direct3D 11.0 [level 11.1]
    Renderer: Intel(R) UHD Graphics 620 (ID=0x5917)
    Vendor:   Intel
    VRAM:     6081 MB
    Driver:   23.20.16.4849
Shader 'Universal Render Pipeline/Particles/Lit': fallback shader 'Universal Render Pipeline/Particles/SimpleLit' not found
Initialize mono
Mono path[0] = 'C:/Program Files/Unity/Hub/Editor/2021.1.4f1/Editor/Data/Managed'
Mono path[1] = 'C:/Program Files/Unity/Hub/Editor/2021.1.4f1/Editor/Data/MonoBleedingEdge/lib/mono/unityjit'
Mono config path = 'C:/Program Files/Unity/Hub/Editor/2021.1.4f1/Editor/Data/MonoBleedingEdge/etc'
Using monoOptions --debugger-agent=transport=dt_socket,embedding=1,server=y,suspend=n,address=127.0.0.1:56328
Begin MonoManager ReloadAssembly
Registering precompiled unity dll's ...
Register platform support module: C:/Program Files/Unity/Hub/Editor/2021.1.4f1/Editor/Data/PlaybackEngines/WebGLSupport/UnityEditor.WebGL.Extensions.dll
Register platform support module: C:/Program Files/Unity/Hub/Editor/2021.1.4f1/Editor/Data/PlaybackEngines/WindowsStandaloneSupport/UnityEditor.WindowsStandalone.Extensions.dll
Registered in 0.004069 seconds.
Native extension for WindowsStandalone target not found
Native extension for WebGL target not found
Refreshing native plugins compatible for Editor in 89.77 ms, found 0 plugins.
Preloading 0 native plugins for Editor in 0.00 ms.
Mono: successfully reloaded assembly
- Completed reload, in  1.846 seconds
Platform modules already initialized, skipping
Registering precompiled user dll's ...
Registered in 0.002561 seconds.
Begin MonoManager ReloadAssembly
Native extension for WindowsStandalone target not found
Native extension for WebGL target not found
Refreshing native plugins compatible for Editor in 77.70 ms, found 0 plugins.
Preloading 0 native plugins for Editor in 0.00 ms.
Mono: successfully reloaded assembly
- Completed reload, in  1.361 seconds
Platform modules already initialized, skipping
========================================================================
Worker process is ready to serve import requests
Shader 'Universal Render Pipeline/Particles/Lit': fallback shader 'Universal Render Pipeline/Particles/SimpleLit' not found
Launched and connected shader compiler UnityShaderCompiler.exe after 0.21 seconds
Refreshing native plugins compatible for Editor in 2.58 ms, found 0 plugins.
Preloading 0 native plugins for Editor in 0.00 ms.
Unloading 2990 Unused Serialized files (Serialized files now loaded: 0)
System memory in use before: 221.7 MB.
System memory in use after: 221.9 MB.

Unloading 12 unused Assets to reduce memory usage. Loaded Objects now: 3468.
Total: 7.478400 ms (FindLiveObjects: 0.574600 ms CreateObjectMapping: 0.340900 ms MarkObjects: 6.458000 ms  DeleteObjects: 0.102800 ms)

========================================================================
Received Import Request.
  path: Assets/New Terrain.asset
  artifactKey: Guid(8fa667f886875bd4fab5b0ce078e980c) Importer(815301076,1909f56bfc062723c751e8b465ee728b)
Start importing Assets/New Terrain.asset using Guid(8fa667f886875bd4fab5b0ce078e980c) Importer(815301076,1909f56bfc062723c751e8b465ee728b) The tree pineTree (1) must use the Nature/Soft Occlusion shader. Otherwise billboarding/lighting will not work correctly.

The tree pineTree (1) must use the Nature/Soft Occlusion shader. Otherwise billboarding/lighting will not work correctly.

 -> (artifact id: 'ebd3d1a72eeed89c930957345af615ab') in 1.535881 seconds 
========================================================================
Received Import Request.
  Time since last request: 0.000618 seconds.
  path: Assets/3D Assets/Town Creator Kit LITE/FBX/Materials/Lanterns UV Alt.mat
  artifactKey: Guid(cce4b0c0ca3cd8f4cab2699f9db13bfb) Importer(815301076,1909f56bfc062723c751e8b465ee728b)
Start importing Assets/3D Assets/Town Creator Kit LITE/FBX/Materials/Lanterns UV Alt.mat using Guid(cce4b0c0ca3cd8f4cab2699f9db13bfb) Importer(815301076,1909f56bfc062723c751e8b465ee728b)  -> (artifact id: 'b932c74a437de09fa5fa8e4d33ec9e64') in 0.952098 seconds 
========================================================================
Received Import Request.
  Time since last request: 0.000377 seconds.
  path: Assets/3D Assets/Town Creator Kit LITE/FBX/Materials/Wood Mix 1 Alt.mat
  artifactKey: Guid(816630788307d1d4484a1d6906c1d2ac) Importer(815301076,1909f56bfc062723c751e8b465ee728b)
Start importing Assets/3D Assets/Town Creator Kit LITE/FBX/Materials/Wood Mix 1 Alt.mat using Guid(816630788307d1d4484a1d6906c1d2ac) Importer(815301076,1909f56bfc062723c751e8b465ee728b)  -> (artifact id: '6ad3a20c3f1d6962e49ff93313d935af') in 0.205178 seconds 
========================================================================
Received Import Request.
  Time since last request: 0.000378 seconds.
  path: Assets/3D Assets/Town Creator Kit LITE/FBX/Materials/Storage UV.mat
  artifactKey: Guid(8578da820dcc3674dbc0be1e1347092e) Importer(815301076,1909f56bfc062723c751e8b465ee728b)
Start importing Assets/3D Assets/Town Creator Kit LITE/FBX/Materials/Storage UV.mat using Guid(8578da820dcc3674dbc0be1e1347092e) Importer(815301076,1909f56bfc062723c751e8b465ee728b)  -> (artifact id: '0a739337eeaaa9f08f44e00451695677') in 0.081923 seconds 
========================================================================
Received Import Request.
  Time since last request: 0.000335 seconds.
  path: Assets/3D Assets/Town Creator Kit LITE/FBX/Materials/Town Houses UV 2.mat
  artifactKey: Guid(b9d55aaf70c1cf04bb43beedf8dc773a) Importer(815301076,1909f56bfc062723c751e8b465ee728b)
Start importing Assets/3D Assets/Town Creator Kit LITE/FBX/Materials/Town Houses UV 2.mat using Guid(b9d55aaf70c1cf04bb43beedf8dc773a) Importer(815301076,1909f56bfc062723c751e8b465ee728b)  -> (artifact id: '1cf7f3d4e59df0cb9733a6332a56ad7f') in 0.481383 seconds 
========================================================================
Received Import Request.
  Time since last request: 0.000446 seconds.
  path: Assets/3D Assets/Town Creator Kit LITE/FBX/Materials/Lanterns UV.mat
  artifactKey: Guid(abd77f4bddee72b42bd53c94c159403b) Importer(815301076,1909f56bfc062723c751e8b465ee728b)
Start importing Assets/3D Assets/Town Creator Kit LITE/FBX/Materials/Lanterns UV.mat using Guid(abd77f4bddee72b42bd53c94c159403b) Importer(815301076,1909f56bfc062723c751e8b465ee728b)  -> (artifact id: '553b93e14926a5f954e81e8820747ac6') in 0.082377 seconds 
========================================================================
Received Import Request.
  Time since last request: 0.000327 seconds.
  path: Assets/3D Assets/Town Creator Kit LITE/FBX/Materials/Storage 2 Alt.mat
  artifactKey: Guid(ceb32f39941249d4a80e897077d479ff) Importer(815301076,1909f56bfc062723c751e8b465ee728b)
Start importing Assets/3D Assets/Town Creator Kit LITE/FBX/Materials/Storage 2 Alt.mat using Guid(ceb32f39941249d4a80e897077d479ff) Importer(815301076,1909f56bfc062723c751e8b465ee728b)  -> (artifact id: 'b631c2f220e1e5e61ea7d31f71d75a3b') in 0.063843 seconds 
========================================================================
Received Import Request.
  Time since last request: 0.000310 seconds.
  path: Assets/3D Assets/Town Creator Kit LITE/FBX/Materials/Wood Mix 1 UV.mat
  artifactKey: Guid(c573082b65c601c4b94b5483e5cc3b4f) Importer(815301076,1909f56bfc062723c751e8b465ee728b)
Start importing Assets/3D Assets/Town Creator Kit LITE/FBX/Materials/Wood Mix 1 UV.mat using Guid(c573082b65c601c4b94b5483e5cc3b4f) Importer(815301076,1909f56bfc062723c751e8b465ee728b)  -> (artifact id: '14adc13e2f89e4e58137cbfb743a7919') in 0.035767 seconds 
========================================================================
Received Import Request.
  Time since last request: 0.000342 seconds.
  path: Assets/3D Assets/Town Creator Kit LITE/FBX/Materials/Town Houses UV Alt.mat
  artifactKey: Guid(eeee7d3b0d34cd3458f6022be3d662f9) Importer(815301076,1909f56bfc062723c751e8b465ee728b)
Start importing Assets/3D Assets/Town Creator Kit LITE/FBX/Materials/Town Houses UV Alt.mat using Guid(eeee7d3b0d34cd3458f6022be3d662f9) Importer(815301076,1909f56bfc062723c751e8b465ee728b)  -> (artifact id: '6eb7ebbf59b90189077c558da07f03c3') in 0.120532 seconds 
========================================================================
Received Import Request.
  Time since last request: 0.000401 seconds.
  path: Assets/3D Assets/Town Creator Kit LITE/FBX/Materials/Town Houses UV 3.mat
  artifactKey: Guid(33d83d6d91e12994b9a3caad12e5b3b5) Importer(815301076,1909f56bfc062723c751e8b465ee728b)
Start importing Assets/3D Assets/Town Creator Kit LITE/FBX/Materials/Town Houses UV 3.mat using Guid(33d83d6d91e12994b9a3caad12e5b3b5) Importer(815301076,1909f56bfc062723c751e8b465ee728b)  -> (artifact id: '9a0388383ccb6ab944afc5f79b84a611') in 0.061346 seconds 
========================================================================
Received Prepare
Shader 'Universal Render Pipeline/Particles/Lit': fallback shader 'Universal Render Pipeline/Particles/SimpleLit' not found
Refreshing native plugins compatible for Editor in 4.89 ms, found 0 plugins.
Preloading 0 native plugins for Editor in 0.00 ms.
Unloading 3 Unused Serialized files (Serialized files now loaded: 0)
System memory in use before: 161.8 MB.
System memory in use after: 162.1 MB.

Unloading 3 unused Assets to reduce memory usage. Loaded Objects now: 3576.
Total: 13.988400 ms (FindLiveObjects: 1.337200 ms CreateObjectMapping: 0.472200 ms MarkObjects: 12.133800 ms  DeleteObjects: 0.042100 ms)

========================================================================
Received Import Request.
  Time since last request: 99.361202 seconds.
  path: Assets/Scenes/SecondLevel.unity
  artifactKey: Guid(096d35e5377e4e147abedd20ecc081e8) Importer(815301076,1909f56bfc062723c751e8b465ee728b)
Start importing Assets/Scenes/SecondLevel.unity using Guid(096d35e5377e4e147abedd20ecc081e8) Importer(815301076,1909f56bfc062723c751e8b465ee728b)  -> (artifact id: '604d366847c817339ff2db7f623df258') in 0.073600 seconds 
========================================================================
Received Import Request.
  Time since last request: 0.001168 seconds.
  path: Assets/Scenes/FirstLevel.unity
  artifactKey: Guid(fe4e6c2f4ced25a4eaed4185581163a5) Importer(815301076,1909f56bfc062723c751e8b465ee728b)
Start importing Assets/Scenes/FirstLevel.unity using Guid(fe4e6c2f4ced25a4eaed4185581163a5) Importer(815301076,1909f56bfc062723c751e8b465ee728b)  -> (artifact id: 'abe87c9e96eb57fd534cdb588b1d63b3') in 0.011891 seconds 
========================================================================
Received Import Request.
  Time since last request: 2.055412 seconds.
  path: Assets/Scenes/MainMenu.unity
  artifactKey: Guid(97f6a1dfd362fc6478724495117e2389) Importer(815301076,1909f56bfc062723c751e8b465ee728b)
Start importing Assets/Scenes/MainMenu.unity using Guid(97f6a1dfd362fc6478724495117e2389) Importer(815301076,1909f56bfc062723c751e8b465ee728b)  -> (artifact id: '1056a89be01ec7a9c16f2c2bb77b4de5') in 0.006886 seconds 
========================================================================
Received Import Request.
  Time since last request: 315.074243 seconds.
  path: Assets/Scenes/Town.unity
  artifactKey: Guid(e03c7f31c2132be449b4b7ddf1bb948a) Importer(815301076,1909f56bfc062723c751e8b465ee728b)
Start importing Assets/Scenes/Town.unity using Guid(e03c7f31c2132be449b4b7ddf1bb948a) Importer(815301076,1909f56bfc062723c751e8b465ee728b)  -> (artifact id: '877d0c6f5e01fd96f90103ecf530ab35') in 0.005692 seconds 
========================================================================
Received Import Request.
  Time since last request: 239.074818 seconds.
  path: Assets/Scenes/SecondLevel.unity
  artifactKey: Guid(096d35e5377e4e147abedd20ecc081e8) Importer(815301076,1909f56bfc062723c751e8b465ee728b)
Start importing Assets/Scenes/SecondLevel.unity using Guid(096d35e5377e4e147abedd20ecc081e8) Importer(815301076,1909f56bfc062723c751e8b465ee728b)  -> (artifact id: 'fd87e40fc0cb96ec6a66cc4efd35e122') in 0.004691 seconds 
========================================================================
Received Import Request.
  Time since last request: 56.553202 seconds.
  path: Assets/Scenes/Town.unity
  artifactKey: Guid(e03c7f31c2132be449b4b7ddf1bb948a) Importer(815301076,1909f56bfc062723c751e8b465ee728b)
Start importing Assets/Scenes/Town.unity using Guid(e03c7f31c2132be449b4b7ddf1bb948a) Importer(815301076,1909f56bfc062723c751e8b465ee728b)  -> (artifact id: '69883efd80052236bb39a35c562cef96') in 0.007163 seconds 
========================================================================
Received Import Request.
  Time since last request: 9.580693 seconds.
  path: Assets/Scenes/SecondLevel.unity
  artifactKey: Guid(096d35e5377e4e147abedd20ecc081e8) Importer(815301076,1909f56bfc062723c751e8b465ee728b)
Start importing Assets/Scenes/SecondLevel.unity using Guid(096d35e5377e4e147abedd20ecc081e8) Importer(815301076,1909f56bfc062723c751e8b465ee728b)  -> (artifact id: 'c10f96cd61d4a05a0573d96e9857322e') in 0.020858 seconds 
========================================================================
Received Import Request.
  Time since last request: 154.238009 seconds.
  path: Assets/Scenes/Town.unity
  artifactKey: Guid(e03c7f31c2132be449b4b7ddf1bb948a) Importer(815301076,1909f56bfc062723c751e8b465ee728b)
Start importing Assets/Scenes/Town.unity using Guid(e03c7f31c2132be449b4b7ddf1bb948a) Importer(815301076,1909f56bfc062723c751e8b465ee728b)  -> (artifact id: '0545a1749a1fa81be779f1119155e575') in 0.006940 seconds 
========================================================================
Received Prepare
Registering precompiled user dll's ...
Registered in 0.021648 seconds.
Begin MonoManager ReloadAssembly
Native extension for WindowsStandalone target not found
Native extension for WebGL target not found
Refreshing native plugins compatible for Editor in 0.97 ms, found 0 plugins.
Preloading 0 native plugins for Editor in 0.00 ms.
Mono: successfully reloaded assembly
- Completed reload, in  9.568 seconds
Platform modules already initialized, skipping
Shader 'Universal Render Pipeline/Particles/Lit': fallback shader 'Universal Render Pipeline/Particles/SimpleLit' not found
Refreshing native plugins compatible for Editor in 0.81 ms, found 0 plugins.
Preloading 0 native plugins for Editor in 0.00 ms.
Unloading 2864 Unused Serialized files (Serialized files now loaded: 0)
System memory in use before: 262.8 MB.
System memory in use after: 263.1 MB.

Unloading 5 unused Assets to reduce memory usage. Loaded Objects now: 3581.
Total: 3.978700 ms (FindLiveObjects: 0.427700 ms CreateObjectMapping: 0.315300 ms MarkObjects: 3.203400 ms  DeleteObjects: 0.030400 ms)

========================================================================
Received Import Request.
  Time since last request: 563.423733 seconds.
  path: Assets/Scripts/NPC
  artifactKey: Guid(245790bd41fc9694a9a86cf9acb3f87c) Importer(815301076,1909f56bfc062723c751e8b465ee728b)
Start importing Assets/Scripts/NPC using Guid(245790bd41fc9694a9a86cf9acb3f87c) Importer(815301076,1909f56bfc062723c751e8b465ee728b)  -> (artifact id: 'e2a745109d28abe073d14bd7145fca52') in 0.006267 seconds 
========================================================================
Received Import Request.
  Time since last request: 215.325094 seconds.
  path: Assets/Scenes/Town.unity
  artifactKey: Guid(e03c7f31c2132be449b4b7ddf1bb948a) Importer(815301076,1909f56bfc062723c751e8b465ee728b)
Start importing Assets/Scenes/Town.unity using Guid(e03c7f31c2132be449b4b7ddf1bb948a) Importer(815301076,1909f56bfc062723c751e8b465ee728b)  -> (artifact id: '3d47845356d42ad252cfb781a692be95') in 0.165806 seconds 
========================================================================
Received Prepare
Registering precompiled user dll's ...
Registered in 0.002385 seconds.
Begin MonoManager ReloadAssembly
Native extension for WindowsStandalone target not found
Native extension for WebGL target not found
Refreshing native plugins compatible for Editor in 0.74 ms, found 0 plugins.
Preloading 0 native plugins for Editor in 0.00 ms.
Mono: successfully reloaded assembly
- Completed reload, in  5.113 seconds
Platform modules already initialized, skipping
Shader 'Universal Render Pipeline/Particles/Lit': fallback shader 'Universal Render Pipeline/Particles/SimpleLit' not found
Refreshing native plugins compatible for Editor in 1.14 ms, found 0 plugins.
Preloading 0 native plugins for Editor in 0.00 ms.
Unloading 2863 Unused Serialized files (Serialized files now loaded: 0)
System memory in use before: 262.8 MB.
System memory in use after: 263.0 MB.

Unloading 5 unused Assets to reduce memory usage. Loaded Objects now: 3584.
Total: 3.451500 ms (FindLiveObjects: 0.356000 ms CreateObjectMapping: 0.196500 ms MarkObjects: 2.780500 ms  DeleteObjects: 0.117300 ms)

========================================================================
Received Prepare
Registering precompiled user dll's ...
Registered in 0.002096 seconds.
Begin MonoManager ReloadAssembly
Native extension for WindowsStandalone target not found
Native extension for WebGL target not found
Refreshing native plugins compatible for Editor in 0.58 ms, found 0 plugins.
Preloading 0 native plugins for Editor in 0.00 ms.
Mono: successfully reloaded assembly
- Completed reload, in  1.110 seconds
Platform modules already initialized, skipping
Shader 'Universal Render Pipeline/Particles/Lit': fallback shader 'Universal Render Pipeline/Particles/SimpleLit' not found
Refreshing native plugins compatible for Editor in 1.28 ms, found 0 plugins.
Preloading 0 native plugins for Editor in 0.00 ms.
Unloading 2863 Unused Serialized files (Serialized files now loaded: 0)
System memory in use before: 262.8 MB.
System memory in use after: 263.0 MB.

Unloading 5 unused Assets to reduce memory usage. Loaded Objects now: 3587.
Total: 8.091100 ms (FindLiveObjects: 0.555500 ms CreateObjectMapping: 0.342400 ms MarkObjects: 7.147000 ms  DeleteObjects: 0.043000 ms)

========================================================================
Received Prepare
Registering precompiled user dll's ...
Registered in 0.002075 seconds.
Begin MonoManager ReloadAssembly
Native extension for WindowsStandalone target not found
Native extension for WebGL target not found
Refreshing native plugins compatible for Editor in 0.60 ms, found 0 plugins.
Preloading 0 native plugins for Editor in 0.00 ms.
Mono: successfully reloaded assembly
- Completed reload, in  1.612 seconds
Platform modules already initialized, skipping
Shader 'Universal Render Pipeline/Particles/Lit': fallback shader 'Universal Render Pipeline/Particles/SimpleLit' not found
Refreshing native plugins compatible for Editor in 2.75 ms, found 0 plugins.
Preloading 0 native plugins for Editor in 0.00 ms.
Unloading 2863 Unused Serialized files (Serialized files now loaded: 0)
System memory in use before: 262.8 MB.
System memory in use after: 263.1 MB.

Unloading 5 unused Assets to reduce memory usage. Loaded Objects now: 3590.
Total: 13.009800 ms (FindLiveObjects: 1.023600 ms CreateObjectMapping: 0.585900 ms MarkObjects: 11.344600 ms  DeleteObjects: 0.052000 ms)

========================================================================
Received Prepare
Registering precompiled user dll's ...
Registered in 0.002221 seconds.
Begin MonoManager ReloadAssembly
Native extension for WindowsStandalone target not found
Native extension for WebGL target not found
Refreshing native plugins compatible for Editor in 1.02 ms, found 0 plugins.
Preloading 0 native plugins for Editor in 0.00 ms.
Mono: successfully reloaded assembly
- Completed reload, in  2.823 seconds
Platform modules already initialized, skipping
Shader 'Universal Render Pipeline/Particles/Lit': fallback shader 'Universal Render Pipeline/Particles/SimpleLit' not found
Refreshing native plugins compatible for Editor in 3.18 ms, found 0 plugins.
Preloading 0 native plugins for Editor in 0.00 ms.
Unloading 2863 Unused Serialized files (Serialized files now loaded: 0)
System memory in use before: 262.8 MB.
System memory in use after: 263.1 MB.

Unloading 5 unused Assets to reduce memory usage. Loaded Objects now: 3593.
Total: 11.093400 ms (FindLiveObjects: 0.851300 ms CreateObjectMapping: 0.439800 ms MarkObjects: 9.611500 ms  DeleteObjects: 0.180900 ms)

========================================================================
Received Prepare
Registering precompiled user dll's ...
Registered in 0.002041 seconds.
Begin MonoManager ReloadAssembly
Native extension for WindowsStandalone target not found
Native extension for WebGL target not found
Refreshing native plugins compatible for Editor in 0.61 ms, found 0 plugins.
Preloading 0 native plugins for Editor in 0.00 ms.
Mono: successfully reloaded assembly
- Completed reload, in  1.587 seconds
Platform modules already initialized, skipping
Shader 'Universal Render Pipeline/Particles/Lit': fallback shader 'Universal Render Pipeline/Particles/SimpleLit' not found
Refreshing native plugins compatible for Editor in 1.71 ms, found 0 plugins.
Preloading 0 native plugins for Editor in 0.00 ms.
Unloading 2863 Unused Serialized files (Serialized files now loaded: 0)
System memory in use before: 262.9 MB.
System memory in use after: 263.1 MB.

Unloading 5 unused Assets to reduce memory usage. Loaded Objects now: 3596.
Total: 10.881700 ms (FindLiveObjects: 1.827900 ms CreateObjectMapping: 1.007000 ms MarkObjects: 7.995200 ms  DeleteObjects: 0.046700 ms)

========================================================================
Received Prepare
Registering precompiled user dll's ...
Registered in 0.002418 seconds.
Begin MonoManager ReloadAssembly
Native extension for WindowsStandalone target not found
Native extension for WebGL target not found
Refreshing native plugins compatible for Editor in 0.61 ms, found 0 plugins.
Preloading 0 native plugins for Editor in 0.00 ms.
Mono: successfully reloaded assembly
- Completed reload, in  1.443 seconds
Platform modules already initialized, skipping
Shader 'Universal Render Pipeline/Particles/Lit': fallback shader 'Universal Render Pipeline/Particles/SimpleLit' not found
Refreshing native plugins compatible for Editor in 2.00 ms, found 0 plugins.
Preloading 0 native plugins for Editor in 0.00 ms.
Unloading 2863 Unused Serialized files (Serialized files now loaded: 0)
System memory in use before: 262.9 MB.
System memory in use after: 263.1 MB.

Unloading 5 unused Assets to reduce memory usage. Loaded Objects now: 3599.
Total: 5.535500 ms (FindLiveObjects: 0.491700 ms CreateObjectMapping: 0.259500 ms MarkObjects: 4.478100 ms  DeleteObjects: 0.303500 ms)

========================================================================
Received Prepare
Registering precompiled user dll's ...
Registered in 0.002060 seconds.
Begin MonoManager ReloadAssembly
Native extension for WindowsStandalone target not found
Native extension for WebGL target not found
Refreshing native plugins compatible for Editor in 0.62 ms, found 0 plugins.
Preloading 0 native plugins for Editor in 0.00 ms.
Mono: successfully reloaded assembly
- Completed reload, in  1.535 seconds
Platform modules already initialized, skipping
Shader 'Universal Render Pipeline/Particles/Lit': fallback shader 'Universal Render Pipeline/Particles/SimpleLit' not found
Refreshing native plugins compatible for Editor in 1.88 ms, found 0 plugins.
Preloading 0 native plugins for Editor in 0.00 ms.
Unloading 2863 Unused Serialized files (Serialized files now loaded: 0)
System memory in use before: 262.9 MB.
System memory in use after: 263.1 MB.

Unloading 5 unused Assets to reduce memory usage. Loaded Objects now: 3602.
Total: 12.081600 ms (FindLiveObjects: 1.573300 ms CreateObjectMapping: 0.573500 ms MarkObjects: 9.880100 ms  DeleteObjects: 0.051400 ms)

========================================================================
Received Prepare
Registering precompiled user dll's ...
Registered in 0.009843 seconds.
Begin MonoManager ReloadAssembly
Native extension for WindowsStandalone target not found
Native extension for WebGL target not found
Refreshing native plugins compatible for Editor in 1.06 ms, found 0 plugins.
Preloading 0 native plugins for Editor in 0.00 ms.
Mono: successfully reloaded assembly
- Completed reload, in  2.921 seconds
Platform modules already initialized, skipping
Shader 'Universal Render Pipeline/Particles/Lit': fallback shader 'Universal Render Pipeline/Particles/SimpleLit' not found
Refreshing native plugins compatible for Editor in 1.36 ms, found 0 plugins.
Preloading 0 native plugins for Editor in 0.00 ms.
Unloading 2863 Unused Serialized files (Serialized files now loaded: 0)
System memory in use before: 262.9 MB.
System memory in use after: 263.1 MB.

Unloading 5 unused Assets to reduce memory usage. Loaded Objects now: 3605.
Total: 6.913600 ms (FindLiveObjects: 0.611200 ms CreateObjectMapping: 0.400500 ms MarkObjects: 5.856100 ms  DeleteObjects: 0.044000 ms)

========================================================================
Received Prepare
Registering precompiled user dll's ...
Registered in 0.002018 seconds.
Begin MonoManager ReloadAssembly
Native extension for WindowsStandalone target not found
Native extension for WebGL target not found
Refreshing native plugins compatible for Editor in 0.58 ms, found 0 plugins.
Preloading 0 native plugins for Editor in 0.00 ms.
Mono: successfully reloaded assembly
- Completed reload, in  1.542 seconds
Platform modules already initialized, skipping
Shader 'Universal Render Pipeline/Particles/Lit': fallback shader 'Universal Render Pipeline/Particles/SimpleLit' not found
Refreshing native plugins compatible for Editor in 1.22 ms, found 0 plugins.
Preloading 0 native plugins for Editor in 0.00 ms.
Unloading 2863 Unused Serialized files (Serialized files now loaded: 0)
System memory in use before: 262.9 MB.
System memory in use after: 263.1 MB.

Unloading 5 unused Assets to reduce memory usage. Loaded Objects now: 3608.
Total: 6.322900 ms (FindLiveObjects: 0.622400 ms CreateObjectMapping: 0.362700 ms MarkObjects: 5.295800 ms  DeleteObjects: 0.039600 ms)

========================================================================
Received Import Request.
  Time since last request: 2735.878625 seconds.
  path: Assets/Scenes/Town.unity
  artifactKey: Guid(e03c7f31c2132be449b4b7ddf1bb948a) Importer(815301076,1909f56bfc062723c751e8b465ee728b)
Start importing Assets/Scenes/Town.unity using Guid(e03c7f31c2132be449b4b7ddf1bb948a) Importer(815301076,1909f56bfc062723c751e8b465ee728b)  -> (artifact id: 'b4b5e9aef7780f6b8fde8cb6019b8b4c') in 0.016367 seconds 
========================================================================
Received Prepare
Registering precompiled user dll's ...
Registered in 0.004475 seconds.
Begin MonoManager ReloadAssembly
Native extension for WindowsStandalone target not found
Native extension for WebGL target not found
Refreshing native plugins compatible for Editor in 0.59 ms, found 0 plugins.
Preloading 0 native plugins for Editor in 0.00 ms.
Mono: successfully reloaded assembly
- Completed reload, in  1.417 seconds
Platform modules already initialized, skipping
Shader 'Universal Render Pipeline/Particles/Lit': fallback shader 'Universal Render Pipeline/Particles/SimpleLit' not found
Refreshing native plugins compatible for Editor in 1.99 ms, found 0 plugins.
Preloading 0 native plugins for Editor in 0.00 ms.
Unloading 2863 Unused Serialized files (Serialized files now loaded: 0)
System memory in use before: 262.9 MB.
System memory in use after: 263.1 MB.

Unloading 5 unused Assets to reduce memory usage. Loaded Objects now: 3611.
Total: 9.907200 ms (FindLiveObjects: 0.811700 ms CreateObjectMapping: 0.473400 ms MarkObjects: 8.422000 ms  DeleteObjects: 0.194100 ms)

========================================================================
Received Prepare
Registering precompiled user dll's ...
Registered in 0.164291 seconds.
Begin MonoManager ReloadAssembly
Native extension for WindowsStandalone target not found
Native extension for WebGL target not found
Refreshing native plugins compatible for Editor in 1.60 ms, found 0 plugins.
Preloading 0 native plugins for Editor in 0.00 ms.
Mono: successfully reloaded assembly
- Completed reload, in  3.097 seconds
Platform modules already initialized, skipping
Shader 'Universal Render Pipeline/Particles/Lit': fallback shader 'Universal Render Pipeline/Particles/SimpleLit' not found
Refreshing native plugins compatible for Editor in 1.34 ms, found 0 plugins.
Preloading 0 native plugins for Editor in 0.00 ms.
Unloading 2863 Unused Serialized files (Serialized files now loaded: 0)
System memory in use before: 262.9 MB.
System memory in use after: 263.1 MB.

Unloading 5 unused Assets to reduce memory usage. Loaded Objects now: 3614.
Total: 7.260800 ms (FindLiveObjects: 1.437100 ms CreateObjectMapping: 0.726600 ms MarkObjects: 5.058300 ms  DeleteObjects: 0.036400 ms)

========================================================================
Received Prepare
Registering precompiled user dll's ...
Registered in 0.002041 seconds.
Begin MonoManager ReloadAssembly
Native extension for WindowsStandalone target not found
Native extension for WebGL target not found
Refreshing native plugins compatible for Editor in 0.62 ms, found 0 plugins.
Preloading 0 native plugins for Editor in 0.00 ms.
Mono: successfully reloaded assembly
- Completed reload, in  2.042 seconds
Platform modules already initialized, skipping
Shader 'Universal Render Pipeline/Particles/Lit': fallback shader 'Universal Render Pipeline/Particles/SimpleLit' not found
Refreshing native plugins compatible for Editor in 2.19 ms, found 0 plugins.
Preloading 0 native plugins for Editor in 0.00 ms.
Unloading 2863 Unused Serialized files (Serialized files now loaded: 0)
System memory in use before: 262.9 MB.
System memory in use after: 263.1 MB.

Unloading 5 unused Assets to reduce memory usage. Loaded Objects now: 3617.
Total: 6.468800 ms (FindLiveObjects: 0.688900 ms CreateObjectMapping: 0.464600 ms MarkObjects: 5.283100 ms  DeleteObjects: 0.030100 ms)

========================================================================
Received Prepare
Registering precompiled user dll's ...
Registered in 0.002833 seconds.
Begin MonoManager ReloadAssembly
Native extension for WindowsStandalone target not found
Native extension for WebGL target not found
Refreshing native plugins compatible for Editor in 0.86 ms, found 0 plugins.
Preloading 0 native plugins for Editor in 0.00 ms.
Mono: successfully reloaded assembly
- Completed reload, in  1.464 seconds
Platform modules already initialized, skipping
Shader 'Universal Render Pipeline/Particles/Lit': fallback shader 'Universal Render Pipeline/Particles/SimpleLit' not found
Refreshing native plugins compatible for Editor in 0.75 ms, found 0 plugins.
Preloading 0 native plugins for Editor in 0.00 ms.
Unloading 2863 Unused Serialized files (Serialized files now loaded: 0)
System memory in use before: 262.9 MB.
System memory in use after: 263.2 MB.

Unloading 5 unused Assets to reduce memory usage. Loaded Objects now: 3620.
Total: 3.387200 ms (FindLiveObjects: 0.313400 ms CreateObjectMapping: 0.176900 ms MarkObjects: 2.871200 ms  DeleteObjects: 0.023900 ms)

========================================================================
Received Prepare
Registering precompiled user dll's ...
Registered in 0.002133 seconds.
Begin MonoManager ReloadAssembly
Native extension for WindowsStandalone target not found
Native extension for WebGL target not found
Refreshing native plugins compatible for Editor in 1.98 ms, found 0 plugins.
Preloading 0 native plugins for Editor in 0.00 ms.
Mono: successfully reloaded assembly
- Completed reload, in  2.679 seconds
Platform modules already initialized, skipping
Shader 'Universal Render Pipeline/Particles/Lit': fallback shader 'Universal Render Pipeline/Particles/SimpleLit' not found
Refreshing native plugins compatible for Editor in 1.57 ms, found 0 plugins.
Preloading 0 native plugins for Editor in 0.00 ms.
Unloading 2863 Unused Serialized files (Serialized files now loaded: 0)
System memory in use before: 262.9 MB.
System memory in use after: 263.2 MB.

Unloading 5 unused Assets to reduce memory usage. Loaded Objects now: 3623.
Total: 12.293700 ms (FindLiveObjects: 0.935800 ms CreateObjectMapping: 0.803200 ms MarkObjects: 10.502000 ms  DeleteObjects: 0.049200 ms)

========================================================================
Received Prepare
Registering precompiled user dll's ...
Registered in 0.002052 seconds.
Begin MonoManager ReloadAssembly
Native extension for WindowsStandalone target not found
Native extension for WebGL target not found
Refreshing native plugins compatible for Editor in 0.58 ms, found 0 plugins.
Preloading 0 native plugins for Editor in 0.00 ms.
Mono: successfully reloaded assembly
- Completed reload, in  1.164 seconds
Platform modules already initialized, skipping
Shader 'Universal Render Pipeline/Particles/Lit': fallback shader 'Universal Render Pipeline/Particles/SimpleLit' not found
Refreshing native plugins compatible for Editor in 1.10 ms, found 0 plugins.
Preloading 0 native plugins for Editor in 0.00 ms.
Unloading 2863 Unused Serialized files (Serialized files now loaded: 0)
System memory in use before: 262.9 MB.
System memory in use after: 263.2 MB.

Unloading 5 unused Assets to reduce memory usage. Loaded Objects now: 3626.
Total: 5.539200 ms (FindLiveObjects: 0.483700 ms CreateObjectMapping: 0.395800 ms MarkObjects: 4.624600 ms  DeleteObjects: 0.032700 ms)

AssetImportWorkerClient::OnTransportError - code=2 error=End of file
