Using pre-set license
Built from '2021.1/release' branch; Version is '2021.1.4f1 (4cd64a618c1b) revision 5035594'; Using compiler version '192528614'; Build Type 'Release'
OS: 'Windows 10 Home; OS build 19042.985; Version 2009; 64bit' Language: 'en' Physical Memory: 12162 MB
BatchMode: 1, IsHumanControllingUs: 0, StartBugReporterOnCrash: 0, Is64bit: 1, IsPro: 0

 COMMAND LINE ARGUMENTS:
C:\Program Files\Unity\Hub\Editor\2021.1.4f1\Editor\Unity.exe
-adb2
-batchMode
-noUpm
-name
AssetImportWorker4
-projectPath
C:/Users/hansm/Github/Yoon/Project Yoon
-logFile
Logs/AssetImportWorker4.log
-srvPort
65178
Successfully changed project path to: C:/Users/hansm/Github/Yoon/Project Yoon
C:/Users/hansm/Github/Yoon/Project Yoon
Using Asset Import Pipeline V2.
Refreshing native plugins compatible for Editor in 78.41 ms, found 0 plugins.
Preloading 0 native plugins for Editor in 0.00 ms.
Initialize engine version: 2021.1.4f1 (4cd64a618c1b)
[Subsystems] Discovering subsystems at path C:/Program Files/Unity/Hub/Editor/2021.1.4f1/Editor/Data/Resources/UnitySubsystems
[Subsystems] Discovering subsystems at path C:/Users/hansm/Github/Yoon/Project Yoon/Assets
GfxDevice: creating device client; threaded=0; jobified=0
Direct3D:
    Version:  Direct3D 11.0 [level 11.1]
    Renderer: Intel(R) UHD Graphics 620 (ID=0x5917)
    Vendor:   Intel
    VRAM:     6081 MB
    Driver:   23.20.16.4849
Shader 'Universal Render Pipeline/Particles/Lit': fallback shader 'Universal Render Pipeline/Particles/SimpleLit' not found
Initialize mono
Mono path[0] = 'C:/Program Files/Unity/Hub/Editor/2021.1.4f1/Editor/Data/Managed'
Mono path[1] = 'C:/Program Files/Unity/Hub/Editor/2021.1.4f1/Editor/Data/MonoBleedingEdge/lib/mono/unityjit'
Mono config path = 'C:/Program Files/Unity/Hub/Editor/2021.1.4f1/Editor/Data/MonoBleedingEdge/etc'
Using monoOptions --debugger-agent=transport=dt_socket,embedding=1,server=y,suspend=n,address=127.0.0.1:56464
Begin MonoManager ReloadAssembly
Registering precompiled unity dll's ...
Register platform support module: C:/Program Files/Unity/Hub/Editor/2021.1.4f1/Editor/Data/PlaybackEngines/WebGLSupport/UnityEditor.WebGL.Extensions.dll
Register platform support module: C:/Program Files/Unity/Hub/Editor/2021.1.4f1/Editor/Data/PlaybackEngines/WindowsStandaloneSupport/UnityEditor.WindowsStandalone.Extensions.dll
Registered in 0.005063 seconds.
Native extension for WindowsStandalone target not found
Native extension for WebGL target not found
Refreshing native plugins compatible for Editor in 81.26 ms, found 0 plugins.
Preloading 0 native plugins for Editor in 0.00 ms.
Mono: successfully reloaded assembly
- Completed reload, in  1.937 seconds
Platform modules already initialized, skipping
Registering precompiled user dll's ...
Registered in 0.002892 seconds.
Begin MonoManager ReloadAssembly
Native extension for WindowsStandalone target not found
Native extension for WebGL target not found
Refreshing native plugins compatible for Editor in 79.73 ms, found 0 plugins.
Preloading 0 native plugins for Editor in 0.00 ms.
Mono: successfully reloaded assembly
- Completed reload, in  1.391 seconds
Platform modules already initialized, skipping
========================================================================
Worker process is ready to serve import requests
Shader 'Universal Render Pipeline/Particles/Lit': fallback shader 'Universal Render Pipeline/Particles/SimpleLit' not found
Launched and connected shader compiler UnityShaderCompiler.exe after 0.40 seconds
Refreshing native plugins compatible for Editor in 1.77 ms, found 0 plugins.
Preloading 0 native plugins for Editor in 0.00 ms.
Unloading 3005 Unused Serialized files (Serialized files now loaded: 0)
System memory in use before: 227.4 MB.
System memory in use after: 227.6 MB.

Unloading 12 unused Assets to reduce memory usage. Loaded Objects now: 3485.
Total: 6.387100 ms (FindLiveObjects: 0.569100 ms CreateObjectMapping: 0.361600 ms MarkObjects: 5.225100 ms  DeleteObjects: 0.229000 ms)

========================================================================
Received Import Request.
  path: Assets/InputSystem.inputsettings.asset
  artifactKey: Guid(ba936ab6a94862c42900bf738c4fc876) Importer(815301076,1909f56bfc062723c751e8b465ee728b)
Start importing Assets/InputSystem.inputsettings.asset using Guid(ba936ab6a94862c42900bf738c4fc876) Importer(815301076,1909f56bfc062723c751e8b465ee728b)  -> (artifact id: '6bd0fb678289584a1908e222788f31ba') in 0.223338 seconds 
========================================================================
Received Import Request.
  Time since last request: 0.009434 seconds.
  path: Assets/square.jpg
  artifactKey: Guid(3c2eea47512e5334bbb3067b765dd799) Importer(815301076,1909f56bfc062723c751e8b465ee728b)
Start importing Assets/square.jpg using Guid(3c2eea47512e5334bbb3067b765dd799) Importer(815301076,1909f56bfc062723c751e8b465ee728b)  -> (artifact id: '00a3635f218ef317fefb32963795c2ab') in 1.234563 seconds 
========================================================================
Received Import Request.
  Time since last request: 0.000536 seconds.
  path: Assets/OutOfBoundsScript.cs
  artifactKey: Guid(62f5bd0f9f00d4892906fde5b6789806) Importer(815301076,1909f56bfc062723c751e8b465ee728b)
Start importing Assets/OutOfBoundsScript.cs using Guid(62f5bd0f9f00d4892906fde5b6789806) Importer(815301076,1909f56bfc062723c751e8b465ee728b)  -> (artifact id: 'ba79932917eb3fb27eca84716397a83f') in 0.187283 seconds 
========================================================================
Received Import Request.
  Time since last request: 0.000409 seconds.
  path: Assets/PathTerrain.asset
  artifactKey: Guid(012ca4f523801974d8c6600fb6eaded7) Importer(815301076,1909f56bfc062723c751e8b465ee728b)
Start importing Assets/PathTerrain.asset using Guid(012ca4f523801974d8c6600fb6eaded7) Importer(815301076,1909f56bfc062723c751e8b465ee728b) The tree pineTree (1) must use the Nature/Soft Occlusion shader. Otherwise billboarding/lighting will not work correctly.

The tree pineTree (1) must use the Nature/Soft Occlusion shader. Otherwise billboarding/lighting will not work correctly.

 -> (artifact id: 'd01b52b29f19385ef64770cb28d375b5') in 0.740954 seconds 
========================================================================
Received Import Request.
  Time since last request: 0.000392 seconds.
  path: Assets/New Terrain.asset
  artifactKey: Guid(8fa667f886875bd4fab5b0ce078e980c) Importer(815301076,1909f56bfc062723c751e8b465ee728b)
Start importing Assets/New Terrain.asset using Guid(8fa667f886875bd4fab5b0ce078e980c) Importer(815301076,1909f56bfc062723c751e8b465ee728b) The tree pineTree (1) must use the Nature/Soft Occlusion shader. Otherwise billboarding/lighting will not work correctly.

The tree pineTree (1) must use the Nature/Soft Occlusion shader. Otherwise billboarding/lighting will not work correctly.

 -> (artifact id: '5d93e45cf55df08f4c2f10a7f2bfda65') in 0.727669 seconds 
========================================================================
Received Import Request.
  Time since last request: 0.000435 seconds.
  path: Assets/Readme.asset
  artifactKey: Guid(83c2ed844a8c74b779a4c823d16594b1) Importer(815301076,1909f56bfc062723c751e8b465ee728b)
Start importing Assets/Readme.asset using Guid(83c2ed844a8c74b779a4c823d16594b1) Importer(815301076,1909f56bfc062723c751e8b465ee728b)  -> (artifact id: 'c4e67dea83c56a5003bd7c6c559aedb4') in 0.021216 seconds 
========================================================================
Received Prepare
Shader 'Universal Render Pipeline/Particles/Lit': fallback shader 'Universal Render Pipeline/Particles/SimpleLit' not found
Refreshing native plugins compatible for Editor in 4.20 ms, found 0 plugins.
Preloading 0 native plugins for Editor in 0.00 ms.
Unloading 3 Unused Serialized files (Serialized files now loaded: 0)
System memory in use before: 165.0 MB.
System memory in use after: 165.3 MB.

Unloading 3 unused Assets to reduce memory usage. Loaded Objects now: 3497.
Total: 7.509300 ms (FindLiveObjects: 0.464500 ms CreateObjectMapping: 0.291400 ms MarkObjects: 6.721500 ms  DeleteObjects: 0.029100 ms)

========================================================================
Received Import Request.
  Time since last request: 57.542758 seconds.
  path: Assets/Scenes/Town.unity
  artifactKey: Guid(e03c7f31c2132be449b4b7ddf1bb948a) Importer(815301076,1909f56bfc062723c751e8b465ee728b)
Start importing Assets/Scenes/Town.unity using Guid(e03c7f31c2132be449b4b7ddf1bb948a) Importer(815301076,1909f56bfc062723c751e8b465ee728b)  -> (artifact id: 'b41563d55877fee54eacc744224b4327') in 0.312352 seconds 
========================================================================
Received Import Request.
  Time since last request: 0.000731 seconds.
  path: Assets/Scenes/SecondLevel.unity
  artifactKey: Guid(096d35e5377e4e147abedd20ecc081e8) Importer(815301076,1909f56bfc062723c751e8b465ee728b)
Start importing Assets/Scenes/SecondLevel.unity using Guid(096d35e5377e4e147abedd20ecc081e8) Importer(815301076,1909f56bfc062723c751e8b465ee728b)  -> (artifact id: 'b27b3849e08d74d37c67df264d2f57ec') in 0.006640 seconds 
========================================================================
Received Import Request.
  Time since last request: 0.000435 seconds.
  path: Assets/Scenes/MainMenu.unity
  artifactKey: Guid(97f6a1dfd362fc6478724495117e2389) Importer(815301076,1909f56bfc062723c751e8b465ee728b)
Start importing Assets/Scenes/MainMenu.unity using Guid(97f6a1dfd362fc6478724495117e2389) Importer(815301076,1909f56bfc062723c751e8b465ee728b)  -> (artifact id: '1056a89be01ec7a9c16f2c2bb77b4de5') in 0.026260 seconds 
========================================================================
Received Prepare
Registering precompiled user dll's ...
Registered in 0.008422 seconds.
Begin MonoManager ReloadAssembly
Native extension for WindowsStandalone target not found
Native extension for WebGL target not found
Refreshing native plugins compatible for Editor in 1.19 ms, found 0 plugins.
Preloading 0 native plugins for Editor in 0.00 ms.
Mono: successfully reloaded assembly
- Completed reload, in  3.629 seconds
Platform modules already initialized, skipping
Shader 'Universal Render Pipeline/Particles/Lit': fallback shader 'Universal Render Pipeline/Particles/SimpleLit' not found
Refreshing native plugins compatible for Editor in 2.02 ms, found 0 plugins.
Preloading 0 native plugins for Editor in 0.00 ms.
Unloading 2878 Unused Serialized files (Serialized files now loaded: 0)
System memory in use before: 310.9 MB.
System memory in use after: 311.1 MB.

Unloading 5 unused Assets to reduce memory usage. Loaded Objects now: 3570.
Total: 4.118200 ms (FindLiveObjects: 0.409100 ms CreateObjectMapping: 0.341700 ms MarkObjects: 3.335000 ms  DeleteObjects: 0.029900 ms)

========================================================================
Received Prepare
Registering precompiled user dll's ...
Registered in 0.002610 seconds.
Begin MonoManager ReloadAssembly
Native extension for WindowsStandalone target not found
Native extension for WebGL target not found
Refreshing native plugins compatible for Editor in 0.66 ms, found 0 plugins.
Preloading 0 native plugins for Editor in 0.00 ms.
Mono: successfully reloaded assembly
- Completed reload, in  1.317 seconds
Platform modules already initialized, skipping
Shader 'Universal Render Pipeline/Particles/Lit': fallback shader 'Universal Render Pipeline/Particles/SimpleLit' not found
Refreshing native plugins compatible for Editor in 1.64 ms, found 0 plugins.
Preloading 0 native plugins for Editor in 0.00 ms.
Unloading 2875 Unused Serialized files (Serialized files now loaded: 0)
System memory in use before: 310.8 MB.
System memory in use after: 311.0 MB.

Unloading 5 unused Assets to reduce memory usage. Loaded Objects now: 3573.
Total: 12.714800 ms (FindLiveObjects: 0.821700 ms CreateObjectMapping: 0.918700 ms MarkObjects: 10.762100 ms  DeleteObjects: 0.205000 ms)

========================================================================
Received Prepare
Registering precompiled user dll's ...
Registered in 0.009598 seconds.
Begin MonoManager ReloadAssembly
Native extension for WindowsStandalone target not found
Native extension for WebGL target not found
Refreshing native plugins compatible for Editor in 0.66 ms, found 0 plugins.
Preloading 0 native plugins for Editor in 0.00 ms.
Mono: successfully reloaded assembly
- Completed reload, in  1.344 seconds
Platform modules already initialized, skipping
Shader 'Universal Render Pipeline/Particles/Lit': fallback shader 'Universal Render Pipeline/Particles/SimpleLit' not found
Refreshing native plugins compatible for Editor in 1.54 ms, found 0 plugins.
Preloading 0 native plugins for Editor in 0.00 ms.
Unloading 2875 Unused Serialized files (Serialized files now loaded: 0)
System memory in use before: 310.8 MB.
System memory in use after: 311.1 MB.

Unloading 5 unused Assets to reduce memory usage. Loaded Objects now: 3576.
Total: 5.715500 ms (FindLiveObjects: 0.637000 ms CreateObjectMapping: 0.333200 ms MarkObjects: 4.709000 ms  DeleteObjects: 0.034400 ms)

========================================================================
Received Import Request.
  Time since last request: 515.015567 seconds.
  path: Assets/Materials/vegetation_toon3.mat
  artifactKey: Guid(e9914b30d6064774a85b154e910741ac) Importer(815301076,1909f56bfc062723c751e8b465ee728b)
Start importing Assets/Materials/vegetation_toon3.mat using Guid(e9914b30d6064774a85b154e910741ac) Importer(815301076,1909f56bfc062723c751e8b465ee728b)  -> (artifact id: '344bec04353d281b2fb1550f55ff272f') in 3.212699 seconds 
========================================================================
Received Import Request.
  Time since last request: 0.022615 seconds.
  path: Assets/Materials/Invisable.mat
  artifactKey: Guid(a14fb65dac45a0747bbe8b5600e71163) Importer(815301076,1909f56bfc062723c751e8b465ee728b)
Start importing Assets/Materials/Invisable.mat using Guid(a14fb65dac45a0747bbe8b5600e71163) Importer(815301076,1909f56bfc062723c751e8b465ee728b)  -> (artifact id: '3c2f2022d51fa7cb82807fdadbbe51a7') in 0.041516 seconds 
========================================================================
Received Import Request.
  Time since last request: 0.001157 seconds.
  path: Assets/Materials/Buildings_Map_1A.mat
  artifactKey: Guid(8772de9a14ac3b049b52de6f803b7c94) Importer(815301076,1909f56bfc062723c751e8b465ee728b)
Start importing Assets/Materials/Buildings_Map_1A.mat using Guid(8772de9a14ac3b049b52de6f803b7c94) Importer(815301076,1909f56bfc062723c751e8b465ee728b)  -> (artifact id: 'e8452eba8095c16cbb74c336baeb1aeb') in 1.216657 seconds 
========================================================================
Received Import Request.
  Time since last request: 0.000397 seconds.
  path: Assets/Materials/grass01_autumn.mat
  artifactKey: Guid(782dbbe4a28d1c145ac21cb6560aabe5) Importer(815301076,1909f56bfc062723c751e8b465ee728b)
Start importing Assets/Materials/grass01_autumn.mat using Guid(782dbbe4a28d1c145ac21cb6560aabe5) Importer(815301076,1909f56bfc062723c751e8b465ee728b)  -> (artifact id: '8f4d47d34e8fd423b75447f8176d8f12') in 0.057486 seconds 
========================================================================
Received Import Request.
  Time since last request: 0.000412 seconds.
  path: Assets/Materials/Skybox_Mat.mat
  artifactKey: Guid(0ffaa0b7117ba8c47a9d05ae701d4b4d) Importer(815301076,1909f56bfc062723c751e8b465ee728b)
Start importing Assets/Materials/Skybox_Mat.mat using Guid(0ffaa0b7117ba8c47a9d05ae701d4b4d) Importer(815301076,1909f56bfc062723c751e8b465ee728b)  -> (artifact id: 'ecf7f2c7042de3a3e1c2978a2baf74cc') in 0.089088 seconds 
========================================================================
Received Import Request.
  Time since last request: 0.000385 seconds.
  path: Assets/Materials/Town Houses UV.mat
  artifactKey: Guid(9034bf370b7196643a62739e1eb9b7dc) Importer(815301076,1909f56bfc062723c751e8b465ee728b)
Start importing Assets/Materials/Town Houses UV.mat using Guid(9034bf370b7196643a62739e1eb9b7dc) Importer(815301076,1909f56bfc062723c751e8b465ee728b)  -> (artifact id: '1aed3dea63c7298cefae987808f7c299') in 0.089348 seconds 
========================================================================
Received Import Request.
  Time since last request: 0.000528 seconds.
  path: Assets/Materials/grass02.mat
  artifactKey: Guid(cb46c9f0562819a4e851fb4ba8efd46c) Importer(815301076,1909f56bfc062723c751e8b465ee728b)
Start importing Assets/Materials/grass02.mat using Guid(cb46c9f0562819a4e851fb4ba8efd46c) Importer(815301076,1909f56bfc062723c751e8b465ee728b)  -> (artifact id: 'cc4ea459e57dd575a8471d280ca90056') in 0.064164 seconds 
========================================================================
Received Import Request.
  Time since last request: 0.000514 seconds.
  path: Assets/Materials/grass01.mat
  artifactKey: Guid(b1856aff8716547499a80e543192d740) Importer(815301076,1909f56bfc062723c751e8b465ee728b)
Start importing Assets/Materials/grass01.mat using Guid(b1856aff8716547499a80e543192d740) Importer(815301076,1909f56bfc062723c751e8b465ee728b)  -> (artifact id: '01f2546db360b7d4b7bd2c76cbb733ba') in 0.068118 seconds 
========================================================================
Received Import Request.
  Time since last request: 0.000429 seconds.
  path: Assets/Input/Player.inputactions
  artifactKey: Guid(53c8a757b6f6ebc419240f814091b35d) Importer(815301076,1909f56bfc062723c751e8b465ee728b)
Start importing Assets/Input/Player.inputactions using Guid(53c8a757b6f6ebc419240f814091b35d) Importer(815301076,1909f56bfc062723c751e8b465ee728b)  -> (artifact id: '83bb41a6ee4fb93ed4050fbd541aacf2') in 0.053605 seconds 
========================================================================
Received Import Request.
  Time since last request: 1128.223957 seconds.
  path: Assets/Scripts/Player
  artifactKey: Guid(175906c181cfccc48a20d1696ed5d703) Importer(815301076,1909f56bfc062723c751e8b465ee728b)
Start importing Assets/Scripts/Player using Guid(175906c181cfccc48a20d1696ed5d703) Importer(815301076,1909f56bfc062723c751e8b465ee728b)  -> (artifact id: 'd707d31f4240ec514962603ed90e9150') in 0.061657 seconds 
========================================================================
Received Import Request.
  Time since last request: 0.000407 seconds.
  path: Assets/Scripts/Player/PlayerControls.inputactions
  artifactKey: Guid(f71eba50013bd094f9a978e6f50dc5ef) Importer(815301076,1909f56bfc062723c751e8b465ee728b)
Start importing Assets/Scripts/Player/PlayerControls.inputactions using Guid(f71eba50013bd094f9a978e6f50dc5ef) Importer(815301076,1909f56bfc062723c751e8b465ee728b)  -> (artifact id: '104fca9769985d76de947a276b824152') in 0.316818 seconds 
========================================================================
Received Import Request.
  Time since last request: 0.235886 seconds.
  path: Assets/Scripts/Player/MainPlayerController.cs
  artifactKey: Guid(59c968f58856cd348aa871b0a225303c) Importer(815301076,1909f56bfc062723c751e8b465ee728b)
Start importing Assets/Scripts/Player/MainPlayerController.cs using Guid(59c968f58856cd348aa871b0a225303c) Importer(815301076,1909f56bfc062723c751e8b465ee728b)  -> (artifact id: '60fdcb86db3906db61b9a0dfed82051b') in 0.003501 seconds 
========================================================================
Received Import Request.
  Time since last request: 9.820298 seconds.
  path: Assets/Scripts/Player/PlayerControls.cs
  artifactKey: Guid(91495f4825b48a04f843c7d9690f027f) Importer(815301076,1909f56bfc062723c751e8b465ee728b)
Start importing Assets/Scripts/Player/PlayerControls.cs using Guid(91495f4825b48a04f843c7d9690f027f) Importer(815301076,1909f56bfc062723c751e8b465ee728b)  -> (artifact id: '23be9b1b8fc8b36a50da130f2623948c') in 0.004596 seconds 
========================================================================
Received Import Request.
  Time since last request: 1884.048936 seconds.
  path: Assets/Input/Player.inputactions
  artifactKey: Guid(53c8a757b6f6ebc419240f814091b35d) Importer(815301076,1909f56bfc062723c751e8b465ee728b)
Start importing Assets/Input/Player.inputactions using Guid(53c8a757b6f6ebc419240f814091b35d) Importer(815301076,1909f56bfc062723c751e8b465ee728b)  -> (artifact id: '95df706dc563240e5ab164f1478ed85d') in 0.017483 seconds 
========================================================================
Received Import Request.
  Time since last request: 39.629186 seconds.
  path: Assets/Scripts/Player/InputManager.cs
  artifactKey: Guid(c1a7218671bb66648bb88800189b18d5) Importer(815301076,1909f56bfc062723c751e8b465ee728b)
Start importing Assets/Scripts/Player/InputManager.cs using Guid(c1a7218671bb66648bb88800189b18d5) Importer(815301076,1909f56bfc062723c751e8b465ee728b)  -> (artifact id: '2365dc2ab4b6c16541fb189f6acd3694') in 0.005781 seconds 
========================================================================
Received Prepare
Registering precompiled user dll's ...
Registered in 0.004459 seconds.
Begin MonoManager ReloadAssembly
Native extension for WindowsStandalone target not found
Native extension for WebGL target not found
Refreshing native plugins compatible for Editor in 0.93 ms, found 0 plugins.
Preloading 0 native plugins for Editor in 0.00 ms.
Mono: successfully reloaded assembly
- Completed reload, in  5.787 seconds
Platform modules already initialized, skipping
Shader 'Universal Render Pipeline/Particles/Lit': fallback shader 'Universal Render Pipeline/Particles/SimpleLit' not found
Refreshing native plugins compatible for Editor in 1.66 ms, found 0 plugins.
Preloading 0 native plugins for Editor in 0.00 ms.
Unloading 2875 Unused Serialized files (Serialized files now loaded: 0)
System memory in use before: 313.4 MB.
System memory in use after: 313.6 MB.

Unloading 5 unused Assets to reduce memory usage. Loaded Objects now: 3655.
Total: 4.401400 ms (FindLiveObjects: 0.353000 ms CreateObjectMapping: 0.209400 ms MarkObjects: 3.812100 ms  DeleteObjects: 0.025600 ms)

========================================================================
Received Prepare
Registering precompiled user dll's ...
Registered in 0.003717 seconds.
Begin MonoManager ReloadAssembly
Native extension for WindowsStandalone target not found
Native extension for WebGL target not found
Refreshing native plugins compatible for Editor in 0.71 ms, found 0 plugins.
Preloading 0 native plugins for Editor in 0.00 ms.
Mono: successfully reloaded assembly
- Completed reload, in  1.599 seconds
Platform modules already initialized, skipping
Shader 'Universal Render Pipeline/Particles/Lit': fallback shader 'Universal Render Pipeline/Particles/SimpleLit' not found
Refreshing native plugins compatible for Editor in 2.99 ms, found 0 plugins.
Preloading 0 native plugins for Editor in 0.00 ms.
Unloading 2875 Unused Serialized files (Serialized files now loaded: 0)
System memory in use before: 313.4 MB.
System memory in use after: 313.6 MB.

Unloading 5 unused Assets to reduce memory usage. Loaded Objects now: 3658.
Total: 9.219100 ms (FindLiveObjects: 0.888700 ms CreateObjectMapping: 0.493000 ms MarkObjects: 7.770500 ms  DeleteObjects: 0.064300 ms)

========================================================================
Received Prepare
Registering precompiled user dll's ...
Registered in 0.002570 seconds.
Begin MonoManager ReloadAssembly
Native extension for WindowsStandalone target not found
Native extension for WebGL target not found
Refreshing native plugins compatible for Editor in 0.66 ms, found 0 plugins.
Preloading 0 native plugins for Editor in 0.00 ms.
Mono: successfully reloaded assembly
- Completed reload, in  1.549 seconds
Platform modules already initialized, skipping
Shader 'Universal Render Pipeline/Particles/Lit': fallback shader 'Universal Render Pipeline/Particles/SimpleLit' not found
Refreshing native plugins compatible for Editor in 1.65 ms, found 0 plugins.
Preloading 0 native plugins for Editor in 0.00 ms.
Unloading 2875 Unused Serialized files (Serialized files now loaded: 0)
System memory in use before: 313.3 MB.
System memory in use after: 313.6 MB.

Unloading 5 unused Assets to reduce memory usage. Loaded Objects now: 3661.
Total: 6.687300 ms (FindLiveObjects: 0.642900 ms CreateObjectMapping: 0.369600 ms MarkObjects: 5.623900 ms  DeleteObjects: 0.048500 ms)

========================================================================
Received Prepare
Registering precompiled user dll's ...
Registered in 0.004332 seconds.
Begin MonoManager ReloadAssembly
Native extension for WindowsStandalone target not found
Native extension for WebGL target not found
Refreshing native plugins compatible for Editor in 0.71 ms, found 0 plugins.
Preloading 0 native plugins for Editor in 0.00 ms.
Mono: successfully reloaded assembly
- Completed reload, in  1.993 seconds
Platform modules already initialized, skipping
Shader 'Universal Render Pipeline/Particles/Lit': fallback shader 'Universal Render Pipeline/Particles/SimpleLit' not found
Refreshing native plugins compatible for Editor in 1.47 ms, found 0 plugins.
Preloading 0 native plugins for Editor in 0.00 ms.
Unloading 2875 Unused Serialized files (Serialized files now loaded: 0)
System memory in use before: 313.4 MB.
System memory in use after: 313.6 MB.

Unloading 5 unused Assets to reduce memory usage. Loaded Objects now: 3664.
Total: 5.129000 ms (FindLiveObjects: 0.377000 ms CreateObjectMapping: 0.241100 ms MarkObjects: 4.474900 ms  DeleteObjects: 0.034500 ms)

========================================================================
Received Prepare
Registering precompiled user dll's ...
Registered in 0.002702 seconds.
Begin MonoManager ReloadAssembly
Native extension for WindowsStandalone target not found
Native extension for WebGL target not found
Refreshing native plugins compatible for Editor in 0.67 ms, found 0 plugins.
Preloading 0 native plugins for Editor in 0.00 ms.
Mono: successfully reloaded assembly
- Completed reload, in  1.220 seconds
Platform modules already initialized, skipping
Shader 'Universal Render Pipeline/Particles/Lit': fallback shader 'Universal Render Pipeline/Particles/SimpleLit' not found
Refreshing native plugins compatible for Editor in 1.41 ms, found 0 plugins.
Preloading 0 native plugins for Editor in 0.00 ms.
Unloading 2875 Unused Serialized files (Serialized files now loaded: 0)
System memory in use before: 313.4 MB.
System memory in use after: 313.6 MB.

Unloading 5 unused Assets to reduce memory usage. Loaded Objects now: 3667.
Total: 4.196400 ms (FindLiveObjects: 0.341400 ms CreateObjectMapping: 0.223100 ms MarkObjects: 3.609200 ms  DeleteObjects: 0.021400 ms)

========================================================================
Received Import Request.
  Time since last request: 1991.476328 seconds.
  path: Assets/Scenes/FirstLevel.unity
  artifactKey: Guid(fe4e6c2f4ced25a4eaed4185581163a5) Importer(815301076,1909f56bfc062723c751e8b465ee728b)
Start importing Assets/Scenes/FirstLevel.unity using Guid(fe4e6c2f4ced25a4eaed4185581163a5) Importer(815301076,1909f56bfc062723c751e8b465ee728b)  -> (artifact id: '308c5e5c419d33d18a2431debf1ced47') in 0.039143 seconds 
========================================================================
Received Prepare
Registering precompiled user dll's ...
Registered in 0.006043 seconds.
Begin MonoManager ReloadAssembly
Native extension for WindowsStandalone target not found
Native extension for WebGL target not found
Refreshing native plugins compatible for Editor in 0.65 ms, found 0 plugins.
Preloading 0 native plugins for Editor in 0.00 ms.
Mono: successfully reloaded assembly
- Completed reload, in  1.158 seconds
Platform modules already initialized, skipping
Shader 'Universal Render Pipeline/Particles/Lit': fallback shader 'Universal Render Pipeline/Particles/SimpleLit' not found
Refreshing native plugins compatible for Editor in 1.53 ms, found 0 plugins.
Preloading 0 native plugins for Editor in 0.00 ms.
Unloading 2875 Unused Serialized files (Serialized files now loaded: 0)
System memory in use before: 313.4 MB.
System memory in use after: 313.6 MB.

Unloading 5 unused Assets to reduce memory usage. Loaded Objects now: 3670.
Total: 7.129800 ms (FindLiveObjects: 0.512000 ms CreateObjectMapping: 0.321900 ms MarkObjects: 6.241400 ms  DeleteObjects: 0.050900 ms)

========================================================================
Received Import Request.
  Time since last request: 27.967258 seconds.
  path: Assets/Scenes/DragonLair.unity
  artifactKey: Guid(ecd9dfeb68a284db8a39307c1a0f1e81) Importer(815301076,1909f56bfc062723c751e8b465ee728b)
Start importing Assets/Scenes/DragonLair.unity using Guid(ecd9dfeb68a284db8a39307c1a0f1e81) Importer(815301076,1909f56bfc062723c751e8b465ee728b)  -> (artifact id: 'e5287923667173b5b65a0a395af19a08') in 0.036160 seconds 
========================================================================
Received Prepare
Registering precompiled user dll's ...
Registered in 0.002595 seconds.
Begin MonoManager ReloadAssembly
Native extension for WindowsStandalone target not found
Native extension for WebGL target not found
Refreshing native plugins compatible for Editor in 0.65 ms, found 0 plugins.
Preloading 0 native plugins for Editor in 0.00 ms.
Mono: successfully reloaded assembly
- Completed reload, in  1.208 seconds
Platform modules already initialized, skipping
Shader 'Universal Render Pipeline/Particles/Lit': fallback shader 'Universal Render Pipeline/Particles/SimpleLit' not found
Refreshing native plugins compatible for Editor in 1.63 ms, found 0 plugins.
Preloading 0 native plugins for Editor in 0.00 ms.
Unloading 2875 Unused Serialized files (Serialized files now loaded: 0)
System memory in use before: 313.4 MB.
System memory in use after: 313.7 MB.

Unloading 5 unused Assets to reduce memory usage. Loaded Objects now: 3673.
Total: 6.101600 ms (FindLiveObjects: 0.525100 ms CreateObjectMapping: 0.305800 ms MarkObjects: 5.228800 ms  DeleteObjects: 0.039200 ms)

========================================================================
Received Import Request.
  Time since last request: 86.370218 seconds.
  path: Assets/Scenes/SecondLevel.unity
  artifactKey: Guid(096d35e5377e4e147abedd20ecc081e8) Importer(815301076,1909f56bfc062723c751e8b465ee728b)
Start importing Assets/Scenes/SecondLevel.unity using Guid(096d35e5377e4e147abedd20ecc081e8) Importer(815301076,1909f56bfc062723c751e8b465ee728b)  -> (artifact id: 'faf46390a1a58a3e94afb634433a783e') in 0.027920 seconds 
========================================================================
Received Import Request.
  Time since last request: 77.921857 seconds.
  path: Assets/Scenes/Town.unity
  artifactKey: Guid(e03c7f31c2132be449b4b7ddf1bb948a) Importer(815301076,1909f56bfc062723c751e8b465ee728b)
Start importing Assets/Scenes/Town.unity using Guid(e03c7f31c2132be449b4b7ddf1bb948a) Importer(815301076,1909f56bfc062723c751e8b465ee728b)  -> (artifact id: '02bb65317b2712f6bc4ce57739d32fa2') in 0.005371 seconds 
========================================================================
Received Prepare
Registering precompiled user dll's ...
Registered in 0.002610 seconds.
Begin MonoManager ReloadAssembly
Native extension for WindowsStandalone target not found
Native extension for WebGL target not found
Refreshing native plugins compatible for Editor in 0.82 ms, found 0 plugins.
Preloading 0 native plugins for Editor in 0.00 ms.
Mono: successfully reloaded assembly
- Completed reload, in  1.462 seconds
Platform modules already initialized, skipping
Shader 'Universal Render Pipeline/Particles/Lit': fallback shader 'Universal Render Pipeline/Particles/SimpleLit' not found
Refreshing native plugins compatible for Editor in 1.61 ms, found 0 plugins.
Preloading 0 native plugins for Editor in 0.00 ms.
Unloading 2875 Unused Serialized files (Serialized files now loaded: 0)
System memory in use before: 313.4 MB.
System memory in use after: 313.7 MB.

Unloading 5 unused Assets to reduce memory usage. Loaded Objects now: 3676.
Total: 4.043500 ms (FindLiveObjects: 0.298200 ms CreateObjectMapping: 0.184600 ms MarkObjects: 3.535000 ms  DeleteObjects: 0.024500 ms)

========================================================================
Received Prepare
Registering precompiled user dll's ...
Registered in 0.002576 seconds.
Begin MonoManager ReloadAssembly
Native extension for WindowsStandalone target not found
Native extension for WebGL target not found
Refreshing native plugins compatible for Editor in 0.65 ms, found 0 plugins.
Preloading 0 native plugins for Editor in 0.00 ms.
Mono: successfully reloaded assembly
- Completed reload, in  1.141 seconds
Platform modules already initialized, skipping
Shader 'Universal Render Pipeline/Particles/Lit': fallback shader 'Universal Render Pipeline/Particles/SimpleLit' not found
Refreshing native plugins compatible for Editor in 1.26 ms, found 0 plugins.
Preloading 0 native plugins for Editor in 0.00 ms.
Unloading 2875 Unused Serialized files (Serialized files now loaded: 0)
System memory in use before: 313.4 MB.
System memory in use after: 313.7 MB.

Unloading 5 unused Assets to reduce memory usage. Loaded Objects now: 3679.
Total: 3.170400 ms (FindLiveObjects: 0.300400 ms CreateObjectMapping: 0.185100 ms MarkObjects: 2.667500 ms  DeleteObjects: 0.016200 ms)

AssetImportWorkerClient::OnTransportError - code=2 error=End of file
