Using pre-set license
Built from '2021.1/release' branch; Version is '2021.1.4f1 (4cd64a618c1b) revision 5035594'; Using compiler version '192528614'; Build Type 'Release'
OS: 'Windows 10 Home; OS build 19042.985; Version 2009; 64bit' Language: 'en' Physical Memory: 12162 MB
BatchMode: 1, IsHumanControllingUs: 0, StartBugReporterOnCrash: 0, Is64bit: 1, IsPro: 0

 COMMAND LINE ARGUMENTS:
C:\Program Files\Unity\Hub\Editor\2021.1.4f1\Editor\Unity.exe
-adb2
-batchMode
-noUpm
-name
AssetImportWorker4
-projectPath
C:/Users/hansm/Github/Yoon/Project Yoon
-logFile
Logs/AssetImportWorker4.log
-srvPort
60723
Successfully changed project path to: C:/Users/hansm/Github/Yoon/Project Yoon
C:/Users/hansm/Github/Yoon/Project Yoon
Using Asset Import Pipeline V2.
Refreshing native plugins compatible for Editor in 83.75 ms, found 0 plugins.
Preloading 0 native plugins for Editor in 0.00 ms.
Initialize engine version: 2021.1.4f1 (4cd64a618c1b)
[Subsystems] Discovering subsystems at path C:/Program Files/Unity/Hub/Editor/2021.1.4f1/Editor/Data/Resources/UnitySubsystems
[Subsystems] Discovering subsystems at path C:/Users/hansm/Github/Yoon/Project Yoon/Assets
GfxDevice: creating device client; threaded=0; jobified=0
Direct3D:
    Version:  Direct3D 11.0 [level 11.1]
    Renderer: Intel(R) UHD Graphics 620 (ID=0x5917)
    Vendor:   Intel
    VRAM:     6081 MB
    Driver:   23.20.16.4849
Shader 'Universal Render Pipeline/Particles/Lit': fallback shader 'Universal Render Pipeline/Particles/SimpleLit' not found
Initialize mono
Mono path[0] = 'C:/Program Files/Unity/Hub/Editor/2021.1.4f1/Editor/Data/Managed'
Mono path[1] = 'C:/Program Files/Unity/Hub/Editor/2021.1.4f1/Editor/Data/MonoBleedingEdge/lib/mono/unityjit'
Mono config path = 'C:/Program Files/Unity/Hub/Editor/2021.1.4f1/Editor/Data/MonoBleedingEdge/etc'
Using monoOptions --debugger-agent=transport=dt_socket,embedding=1,server=y,suspend=n,address=127.0.0.1:56316
Begin MonoManager ReloadAssembly
Registering precompiled unity dll's ...
Register platform support module: C:/Program Files/Unity/Hub/Editor/2021.1.4f1/Editor/Data/PlaybackEngines/WebGLSupport/UnityEditor.WebGL.Extensions.dll
Register platform support module: C:/Program Files/Unity/Hub/Editor/2021.1.4f1/Editor/Data/PlaybackEngines/WindowsStandaloneSupport/UnityEditor.WindowsStandalone.Extensions.dll
Registered in 0.004483 seconds.
Native extension for WindowsStandalone target not found
Native extension for WebGL target not found
Refreshing native plugins compatible for Editor in 81.90 ms, found 0 plugins.
Preloading 0 native plugins for Editor in 0.00 ms.
Mono: successfully reloaded assembly
- Completed reload, in  1.850 seconds
Platform modules already initialized, skipping
Registering precompiled user dll's ...
Registered in 0.002582 seconds.
Begin MonoManager ReloadAssembly
Native extension for WindowsStandalone target not found
Native extension for WebGL target not found
Refreshing native plugins compatible for Editor in 80.78 ms, found 0 plugins.
Preloading 0 native plugins for Editor in 0.00 ms.
Mono: successfully reloaded assembly
- Completed reload, in  1.337 seconds
Platform modules already initialized, skipping
========================================================================
Worker process is ready to serve import requests
Shader 'Universal Render Pipeline/Particles/Lit': fallback shader 'Universal Render Pipeline/Particles/SimpleLit' not found
Launched and connected shader compiler UnityShaderCompiler.exe after 0.21 seconds
Refreshing native plugins compatible for Editor in 1.30 ms, found 0 plugins.
Preloading 0 native plugins for Editor in 0.00 ms.
Unloading 3145 Unused Serialized files (Serialized files now loaded: 0)
System memory in use before: 228.1 MB.
System memory in use after: 228.3 MB.

Unloading 12 unused Assets to reduce memory usage. Loaded Objects now: 3625.
Total: 5.458000 ms (FindLiveObjects: 0.516300 ms CreateObjectMapping: 0.367100 ms MarkObjects: 4.459400 ms  DeleteObjects: 0.113200 ms)

========================================================================
Received Import Request.
  path: Assets/InputSystem.inputsettings.asset
  artifactKey: Guid(ba936ab6a94862c42900bf738c4fc876) Importer(815301076,1909f56bfc062723c751e8b465ee728b)
Start importing Assets/InputSystem.inputsettings.asset using Guid(ba936ab6a94862c42900bf738c4fc876) Importer(815301076,1909f56bfc062723c751e8b465ee728b)  -> (artifact id: '6bd0fb678289584a1908e222788f31ba') in 0.080508 seconds 
========================================================================
Received Import Request.
  Time since last request: 0.001058 seconds.
  path: Assets/Materials/RockGlow.mat
  artifactKey: Guid(965153fdb999b423fa2b36c7c13a106a) Importer(815301076,1909f56bfc062723c751e8b465ee728b)
Start importing Assets/Materials/RockGlow.mat using Guid(965153fdb999b423fa2b36c7c13a106a) Importer(815301076,1909f56bfc062723c751e8b465ee728b)  -> (artifact id: 'f7fee8961059bead1dd2130410571ac1') in 0.511058 seconds 
========================================================================
Received Import Request.
  Time since last request: 0.000459 seconds.
  path: Assets/Scenes/Tutorial/NavMesh.asset
  artifactKey: Guid(cf6315d1b243944ce80aedb252aa5705) Importer(815301076,1909f56bfc062723c751e8b465ee728b)
Start importing Assets/Scenes/Tutorial/NavMesh.asset using Guid(cf6315d1b243944ce80aedb252aa5705) Importer(815301076,1909f56bfc062723c751e8b465ee728b)  -> (artifact id: '258f0c56a21a1fd293095bd8ed68ce38') in 0.048046 seconds 
========================================================================
Received Import Request.
  Time since last request: 0.000608 seconds.
  path: Assets/Images/il_570xN.1578534197_qshz.jpg
  artifactKey: Guid(34deb3d58718e45938d89b54977e2737) Importer(815301076,1909f56bfc062723c751e8b465ee728b)
Start importing Assets/Images/il_570xN.1578534197_qshz.jpg using Guid(34deb3d58718e45938d89b54977e2737) Importer(815301076,1909f56bfc062723c751e8b465ee728b)  -> (artifact id: 'cf5144305646968c5c48bae15d5f3777') in 0.313401 seconds 
========================================================================
Received Import Request.
  Time since last request: 0.000424 seconds.
  path: Assets/Materials/Buildings_Map_1A.mat
  artifactKey: Guid(8772de9a14ac3b049b52de6f803b7c94) Importer(815301076,1909f56bfc062723c751e8b465ee728b)
Start importing Assets/Materials/Buildings_Map_1A.mat using Guid(8772de9a14ac3b049b52de6f803b7c94) Importer(815301076,1909f56bfc062723c751e8b465ee728b)  -> (artifact id: 'e8452eba8095c16cbb74c336baeb1aeb') in 0.454172 seconds 
========================================================================
Received Import Request.
  Time since last request: 0.000397 seconds.
  path: Assets/Images/square.jpg
  artifactKey: Guid(3c2eea47512e5334bbb3067b765dd799) Importer(815301076,1909f56bfc062723c751e8b465ee728b)
Start importing Assets/Images/square.jpg using Guid(3c2eea47512e5334bbb3067b765dd799) Importer(815301076,1909f56bfc062723c751e8b465ee728b)  -> (artifact id: '00a3635f218ef317fefb32963795c2ab') in 0.087354 seconds 
========================================================================
Received Import Request.
  Time since last request: 0.000504 seconds.
  path: Assets/Prefabs/Weapons/WeaponHolder.prefab
  artifactKey: Guid(4407b5070565bcd49a195380410b32aa) Importer(815301076,1909f56bfc062723c751e8b465ee728b)
Start importing Assets/Prefabs/Weapons/WeaponHolder.prefab using Guid(4407b5070565bcd49a195380410b32aa) Importer(815301076,1909f56bfc062723c751e8b465ee728b)  -> (artifact id: 'a8b9649a3ed07f87ec0f35827ff9e594') in 0.175904 seconds 
========================================================================
Received Import Request.
  Time since last request: 0.000367 seconds.
  path: Assets/Images/shift_key.png
  artifactKey: Guid(9203cc21eeb2049a7b847a909a0fb3d6) Importer(815301076,1909f56bfc062723c751e8b465ee728b)
Start importing Assets/Images/shift_key.png using Guid(9203cc21eeb2049a7b847a909a0fb3d6) Importer(815301076,1909f56bfc062723c751e8b465ee728b)  -> (artifact id: '2be121ea8b85c6c8b5a200a18dbaa20a') in 0.122257 seconds 
========================================================================
Received Import Request.
  Time since last request: 0.000389 seconds.
  path: Assets/Animations/BattleAxe
  artifactKey: Guid(e0e412325c07e164abdaa210f8e0f902) Importer(815301076,1909f56bfc062723c751e8b465ee728b)
Start importing Assets/Animations/BattleAxe using Guid(e0e412325c07e164abdaa210f8e0f902) Importer(815301076,1909f56bfc062723c751e8b465ee728b)  -> (artifact id: '5ec997d738045fadfc6c712e14715ef9') in 0.004066 seconds 
========================================================================
Received Import Request.
  Time since last request: 0.000353 seconds.
  path: Assets/Prefabs/Enemies/GoblinEnemy1.prefab
  artifactKey: Guid(d8a17b0871f6afd4c8f303245dbc2799) Importer(815301076,1909f56bfc062723c751e8b465ee728b)
Start importing Assets/Prefabs/Enemies/GoblinEnemy1.prefab using Guid(d8a17b0871f6afd4c8f303245dbc2799) Importer(815301076,1909f56bfc062723c751e8b465ee728b)  -> (artifact id: '96ec285a1d50fa93eb67b64470162db3') in 0.379697 seconds 
========================================================================
Received Import Request.
  Time since last request: 0.000338 seconds.
  path: Assets/Materials/DarkGrey.mat
  artifactKey: Guid(fda66ac9f6f685a49ad03a8061ccfbb0) Importer(815301076,1909f56bfc062723c751e8b465ee728b)
Start importing Assets/Materials/DarkGrey.mat using Guid(fda66ac9f6f685a49ad03a8061ccfbb0) Importer(815301076,1909f56bfc062723c751e8b465ee728b)  -> (artifact id: 'b99a50e5ba5235851d5f952c7d7a89f0') in 0.054010 seconds 
========================================================================
Received Import Request.
  Time since last request: 0.000408 seconds.
  path: Assets/Prefabs/UI/ControlsMenu.prefab
  artifactKey: Guid(2996469545d7f42b8a4f13eeb403ef80) Importer(815301076,1909f56bfc062723c751e8b465ee728b)
Start importing Assets/Prefabs/UI/ControlsMenu.prefab using Guid(2996469545d7f42b8a4f13eeb403ef80) Importer(815301076,1909f56bfc062723c751e8b465ee728b)  -> (artifact id: '941a8530c62fc9f2bab14c4b1002f28f') in 0.518380 seconds 
========================================================================
Received Import Request.
  Time since last request: 0.000427 seconds.
  path: Assets/Images/Coin_diffuse.mat
  artifactKey: Guid(6f1863ef424fedc4fa039e2cc0c9b8eb) Importer(815301076,1909f56bfc062723c751e8b465ee728b)
Start importing Assets/Images/Coin_diffuse.mat using Guid(6f1863ef424fedc4fa039e2cc0c9b8eb) Importer(815301076,1909f56bfc062723c751e8b465ee728b)  -> (artifact id: '727660aac2108d45bdee37bd1f30e283') in 0.081868 seconds 
========================================================================
Received Import Request.
  Time since last request: 0.000466 seconds.
  path: Assets/Materials/grass01_autumn.mat
  artifactKey: Guid(782dbbe4a28d1c145ac21cb6560aabe5) Importer(815301076,1909f56bfc062723c751e8b465ee728b)
Start importing Assets/Materials/grass01_autumn.mat using Guid(782dbbe4a28d1c145ac21cb6560aabe5) Importer(815301076,1909f56bfc062723c751e8b465ee728b)  -> (artifact id: '8f4d47d34e8fd423b75447f8176d8f12') in 0.060289 seconds 
========================================================================
Received Import Request.
  Time since last request: 0.000408 seconds.
  path: Assets/Prefabs/Enemies/Frbll.prefab
  artifactKey: Guid(84a35d6dfb8ebdf4e9c5e411b8229e23) Importer(815301076,1909f56bfc062723c751e8b465ee728b)
Start importing Assets/Prefabs/Enemies/Frbll.prefab using Guid(84a35d6dfb8ebdf4e9c5e411b8229e23) Importer(815301076,1909f56bfc062723c751e8b465ee728b)  -> (artifact id: 'f3c668f9898abdf4da13bf72ce63023c') in 0.042062 seconds 
========================================================================
Received Import Request.
  Time since last request: 0.000400 seconds.
  path: Assets/Prefabs/UI/Pause Manager.prefab
  artifactKey: Guid(044d8d01d373eb74a87b54d89c11fbe4) Importer(815301076,1909f56bfc062723c751e8b465ee728b)
Start importing Assets/Prefabs/UI/Pause Manager.prefab using Guid(044d8d01d373eb74a87b54d89c11fbe4) Importer(815301076,1909f56bfc062723c751e8b465ee728b)  -> (artifact id: '22fe8570e23122eeefe03c2c72d9a215') in 0.704314 seconds 
========================================================================
Received Import Request.
  Time since last request: 0.000409 seconds.
  path: Assets/Audio/Swoosh 3-SoundBible.com-1573211927.mp3
  artifactKey: Guid(fb1377303a615214ba2b5c6ea3d366f6) Importer(815301076,1909f56bfc062723c751e8b465ee728b)
Start importing Assets/Audio/Swoosh 3-SoundBible.com-1573211927.mp3 using Guid(fb1377303a615214ba2b5c6ea3d366f6) Importer(815301076,1909f56bfc062723c751e8b465ee728b)  -> (artifact id: '4c0d735edb24b5d155dd74c035a5862f') in 0.310262 seconds 
========================================================================
Received Import Request.
  Time since last request: 0.000470 seconds.
  path: Assets/Prefabs/UI/SecondQuest.prefab
  artifactKey: Guid(a33b58c189cfb404496429c6882960e7) Importer(815301076,1909f56bfc062723c751e8b465ee728b)
Start importing Assets/Prefabs/UI/SecondQuest.prefab using Guid(a33b58c189cfb404496429c6882960e7) Importer(815301076,1909f56bfc062723c751e8b465ee728b)  -> (artifact id: 'a02f081634c1870e26b13f695c5a241d') in 0.034697 seconds 
========================================================================
Received Import Request.
  Time since last request: 0.000843 seconds.
  path: Assets/Scripts/UI/Weapon Icons/Hammer.asset
  artifactKey: Guid(86671dd21ecb93d48ace93d5e0798742) Importer(815301076,1909f56bfc062723c751e8b465ee728b)
Start importing Assets/Scripts/UI/Weapon Icons/Hammer.asset using Guid(86671dd21ecb93d48ace93d5e0798742) Importer(815301076,1909f56bfc062723c751e8b465ee728b)  -> (artifact id: 'ae9c6236db43a608ede47eea9089f9d4') in 0.006113 seconds 
========================================================================
Received Import Request.
  Time since last request: 0.000351 seconds.
  path: Assets/Prefabs/UI/ShopMenu.prefab
  artifactKey: Guid(ce9f62c3aa6e76c418a46e856756a58c) Importer(815301076,1909f56bfc062723c751e8b465ee728b)
Start importing Assets/Prefabs/UI/ShopMenu.prefab using Guid(ce9f62c3aa6e76c418a46e856756a58c) Importer(815301076,1909f56bfc062723c751e8b465ee728b)  -> (artifact id: '0be6ee03b6f90093e7294cc8b3b39657') in 0.011171 seconds 
========================================================================
Received Import Request.
  Time since last request: 0.000342 seconds.
  path: Assets/Prefabs/Materials/Sword_Textures01.mat
  artifactKey: Guid(a4e6de9a79f49c84baed82d5fd0e4e36) Importer(815301076,1909f56bfc062723c751e8b465ee728b)
Start importing Assets/Prefabs/Materials/Sword_Textures01.mat using Guid(a4e6de9a79f49c84baed82d5fd0e4e36) Importer(815301076,1909f56bfc062723c751e8b465ee728b)  -> (artifact id: '356c64af6a0b3029751f8e97451b8e99') in 0.063632 seconds 
========================================================================
Received Import Request.
  Time since last request: 0.000326 seconds.
  path: Assets/Images/letter_h.png
  artifactKey: Guid(62484e57a94e846a79d56c575d1f9b8f) Importer(815301076,1909f56bfc062723c751e8b465ee728b)
Start importing Assets/Images/letter_h.png using Guid(62484e57a94e846a79d56c575d1f9b8f) Importer(815301076,1909f56bfc062723c751e8b465ee728b)  -> (artifact id: 'bdb751c9c6e64d5598ae9b35c3eea1e0') in 0.015372 seconds 
========================================================================
Received Import Request.
  Time since last request: 0.000398 seconds.
  path: Assets/Prefabs/Enemies/GoblinEnemy3.prefab
  artifactKey: Guid(c0cd00f89e9c9614db39b81f9fcc15cd) Importer(815301076,1909f56bfc062723c751e8b465ee728b)
Start importing Assets/Prefabs/Enemies/GoblinEnemy3.prefab using Guid(c0cd00f89e9c9614db39b81f9fcc15cd) Importer(815301076,1909f56bfc062723c751e8b465ee728b)  -> (artifact id: 'e6959c41d9b96d4764f1f0c048d79870') in 0.089615 seconds 
========================================================================
Received Import Request.
  Time since last request: 0.000360 seconds.
  path: Assets/Scripts/UI/Weapon Icons/EpicSword.asset
  artifactKey: Guid(0281a7a305f6cf44e90b52ae5e9cf005) Importer(815301076,1909f56bfc062723c751e8b465ee728b)
Start importing Assets/Scripts/UI/Weapon Icons/EpicSword.asset using Guid(0281a7a305f6cf44e90b52ae5e9cf005) Importer(815301076,1909f56bfc062723c751e8b465ee728b)  -> (artifact id: '43d2846723a59c743965a2974986064f') in 0.004173 seconds 
========================================================================
Received Import Request.
  Time since last request: 0.000364 seconds.
  path: Assets/Materials/Town Houses UV.mat
  artifactKey: Guid(9034bf370b7196643a62739e1eb9b7dc) Importer(815301076,1909f56bfc062723c751e8b465ee728b)
Start importing Assets/Materials/Town Houses UV.mat using Guid(9034bf370b7196643a62739e1eb9b7dc) Importer(815301076,1909f56bfc062723c751e8b465ee728b)  -> (artifact id: '1aed3dea63c7298cefae987808f7c299') in 0.133507 seconds 
========================================================================
Received Import Request.
  Time since last request: 0.000358 seconds.
  path: Assets/Materials/grass02.mat
  artifactKey: Guid(cb46c9f0562819a4e851fb4ba8efd46c) Importer(815301076,1909f56bfc062723c751e8b465ee728b)
Start importing Assets/Materials/grass02.mat using Guid(cb46c9f0562819a4e851fb4ba8efd46c) Importer(815301076,1909f56bfc062723c751e8b465ee728b)  -> (artifact id: 'cc4ea459e57dd575a8471d280ca90056') in 0.012403 seconds 
========================================================================
Received Import Request.
  Time since last request: 0.000477 seconds.
  path: Assets/Materials/MagicWand.mat
  artifactKey: Guid(9342bc76e9a1aad44816b30bb5f57e12) Importer(815301076,1909f56bfc062723c751e8b465ee728b)
Start importing Assets/Materials/MagicWand.mat using Guid(9342bc76e9a1aad44816b30bb5f57e12) Importer(815301076,1909f56bfc062723c751e8b465ee728b)  -> (artifact id: 'aa122d8abc78422a7bf66a307da4a764') in 0.053782 seconds 
========================================================================
Received Import Request.
  Time since last request: 0.000352 seconds.
  path: Assets/Prefabs/Weapons/KatanaWeapon.prefab
  artifactKey: Guid(20d4776133d309249adce64f75983b2e) Importer(815301076,1909f56bfc062723c751e8b465ee728b)
Start importing Assets/Prefabs/Weapons/KatanaWeapon.prefab using Guid(20d4776133d309249adce64f75983b2e) Importer(815301076,1909f56bfc062723c751e8b465ee728b)  -> (artifact id: '345e82742096cb1f4b80d3ce5e96f51c') in 0.037893 seconds 
========================================================================
Received Import Request.
  Time since last request: 0.000370 seconds.
  path: Assets/Prefabs/Enemies/GoblinEnemy2.prefab
  artifactKey: Guid(04c059397305430479c0af0fe9361949) Importer(815301076,1909f56bfc062723c751e8b465ee728b)
Start importing Assets/Prefabs/Enemies/GoblinEnemy2.prefab using Guid(04c059397305430479c0af0fe9361949) Importer(815301076,1909f56bfc062723c751e8b465ee728b)  -> (artifact id: 'a6c70db2d33a11db1b4fd21c1d3e7076') in 0.049580 seconds 
========================================================================
Received Import Request.
  Time since last request: 0.000410 seconds.
  path: Assets/Prefabs/Materials/vegetation_toon02_autumn.mat
  artifactKey: Guid(d3bbce599ff7b6d418484d3ecc2f26ee) Importer(815301076,1909f56bfc062723c751e8b465ee728b)
Start importing Assets/Prefabs/Materials/vegetation_toon02_autumn.mat using Guid(d3bbce599ff7b6d418484d3ecc2f26ee) Importer(815301076,1909f56bfc062723c751e8b465ee728b)  -> (artifact id: '6d81367c0806ddf899688bf7c3e42e1a') in 0.058965 seconds 
========================================================================
Received Import Request.
  Time since last request: 0.000356 seconds.
  path: Assets/Scripts/UI/Weapon Icons/Wand.asset
  artifactKey: Guid(702d4d28d6be3cd42834d46124a1526e) Importer(815301076,1909f56bfc062723c751e8b465ee728b)
Start importing Assets/Scripts/UI/Weapon Icons/Wand.asset using Guid(702d4d28d6be3cd42834d46124a1526e) Importer(815301076,1909f56bfc062723c751e8b465ee728b)  -> (artifact id: 'bd769e15cd977cbdf17b0c56fbe3d652') in 0.006357 seconds 
========================================================================
Received Import Request.
  Time since last request: 0.000378 seconds.
  path: Assets/Audio/CoinCollect.wav
  artifactKey: Guid(8ce540c0c33f1804db4708c998cb20f9) Importer(815301076,1909f56bfc062723c751e8b465ee728b)
Start importing Assets/Audio/CoinCollect.wav using Guid(8ce540c0c33f1804db4708c998cb20f9) Importer(815301076,1909f56bfc062723c751e8b465ee728b)  -> (artifact id: 'a72b331ae4345aae13298abc873fe009') in 0.045289 seconds 
========================================================================
Received Import Request.
  Time since last request: 0.000375 seconds.
  path: Assets/Prefabs/Enemies/ElectroBall.prefab
  artifactKey: Guid(83ee93454ffc67f4291075c4dbfc849a) Importer(815301076,1909f56bfc062723c751e8b465ee728b)
Start importing Assets/Prefabs/Enemies/ElectroBall.prefab using Guid(83ee93454ffc67f4291075c4dbfc849a) Importer(815301076,1909f56bfc062723c751e8b465ee728b)  -> (artifact id: '6ac165fb4ee6381d3131c953479e3679') in 0.108437 seconds 
========================================================================
Received Import Request.
  Time since last request: 0.000393 seconds.
  path: Assets/Prefabs/Weapons/Metal Battleaxe.prefab
  artifactKey: Guid(fa28db3b7cb442c44beced8ca78c79e4) Importer(815301076,1909f56bfc062723c751e8b465ee728b)
Start importing Assets/Prefabs/Weapons/Metal Battleaxe.prefab using Guid(fa28db3b7cb442c44beced8ca78c79e4) Importer(815301076,1909f56bfc062723c751e8b465ee728b)  -> (artifact id: 'd4a26d5b29f49852a493e39323c20b6a') in 0.029522 seconds 
========================================================================
Received Import Request.
  Time since last request: 0.000364 seconds.
  path: Assets/Audio/sing2.mp3
  artifactKey: Guid(9e50b5155e523e2408739280f615cfbf) Importer(815301076,1909f56bfc062723c751e8b465ee728b)
Start importing Assets/Audio/sing2.mp3 using Guid(9e50b5155e523e2408739280f615cfbf) Importer(815301076,1909f56bfc062723c751e8b465ee728b)  -> (artifact id: '6ad130ee90cf58543aecd570d14cb11a') in 0.050995 seconds 
========================================================================
Received Import Request.
  Time since last request: 0.000360 seconds.
  path: Assets/Images/images.png
  artifactKey: Guid(dcbcc9f80e6574d78ad28151440c564b) Importer(815301076,1909f56bfc062723c751e8b465ee728b)
Start importing Assets/Images/images.png using Guid(dcbcc9f80e6574d78ad28151440c564b) Importer(815301076,1909f56bfc062723c751e8b465ee728b)  -> (artifact id: 'a06aa97ed8be022bc573d45bebee3341') in 0.017190 seconds 
========================================================================
Received Import Request.
  Time since last request: 0.000339 seconds.
  path: Assets/Audio/VolumeMixer.mixer
  artifactKey: Guid(f977a69f730a86f479654fd87ba9460b) Importer(815301076,1909f56bfc062723c751e8b465ee728b)
Start importing Assets/Audio/VolumeMixer.mixer using Guid(f977a69f730a86f479654fd87ba9460b) Importer(815301076,1909f56bfc062723c751e8b465ee728b)  -> (artifact id: 'db86969548106722fb63e088c0022dd9') in 0.038640 seconds 
========================================================================
Received Import Request.
  Time since last request: 0.000439 seconds.
  path: Assets/Prefabs/Enemies/Wizard1.prefab
  artifactKey: Guid(ea2f081a441a4f74bba1224d7a47261b) Importer(815301076,1909f56bfc062723c751e8b465ee728b)
Start importing Assets/Prefabs/Enemies/Wizard1.prefab using Guid(ea2f081a441a4f74bba1224d7a47261b) Importer(815301076,1909f56bfc062723c751e8b465ee728b)  -> (artifact id: 'f279f35185d6eab14cd248f98812c354') in 0.114218 seconds 
========================================================================
Received Import Request.
  Time since last request: 0.000387 seconds.
  path: Assets/Prefabs/UI/InventorySlot.prefab
  artifactKey: Guid(3bef925fd1d7e74469deed4be29126cd) Importer(815301076,1909f56bfc062723c751e8b465ee728b)
Start importing Assets/Prefabs/UI/InventorySlot.prefab using Guid(3bef925fd1d7e74469deed4be29126cd) Importer(815301076,1909f56bfc062723c751e8b465ee728b)  -> (artifact id: '48f82a5d17d5ec9cd902355dcd75618c') in 0.006128 seconds 
========================================================================
Received Import Request.
  Time since last request: 0.000339 seconds.
  path: Assets/New Terrain.asset
  artifactKey: Guid(8fa667f886875bd4fab5b0ce078e980c) Importer(815301076,1909f56bfc062723c751e8b465ee728b)
Start importing Assets/New Terrain.asset using Guid(8fa667f886875bd4fab5b0ce078e980c) Importer(815301076,1909f56bfc062723c751e8b465ee728b) The tree pineTree (1) must use the Nature/Soft Occlusion shader. Otherwise billboarding/lighting will not work correctly.

The tree pineTree (1) must use the Nature/Soft Occlusion shader. Otherwise billboarding/lighting will not work correctly.

 -> (artifact id: 'ca24c13fe327a92e92ac54c4289a1c03') in 0.432723 seconds 
========================================================================
Received Import Request.
  Time since last request: 0.000439 seconds.
  path: Assets/Prefabs/UI/InventoryMenu.prefab
  artifactKey: Guid(0f117271828f75b4ab32ab0d0d1103f8) Importer(815301076,1909f56bfc062723c751e8b465ee728b)
Start importing Assets/Prefabs/UI/InventoryMenu.prefab using Guid(0f117271828f75b4ab32ab0d0d1103f8) Importer(815301076,1909f56bfc062723c751e8b465ee728b)  -> (artifact id: 'aaf8b58efb9de85c265f2b3fac89a60e') in 0.035752 seconds 
========================================================================
Received Import Request.
  Time since last request: 0.000409 seconds.
  path: Assets/Prefabs/Weapons/sword02.prefab
  artifactKey: Guid(17bc343ea46b0854e94c8a7d199ca8dc) Importer(815301076,1909f56bfc062723c751e8b465ee728b)
Start importing Assets/Prefabs/Weapons/sword02.prefab using Guid(17bc343ea46b0854e94c8a7d199ca8dc) Importer(815301076,1909f56bfc062723c751e8b465ee728b)  -> (artifact id: '51094584e8cd9d6f4c13454d429805e5') in 0.014792 seconds 
========================================================================
Received Import Request.
  Time since last request: 0.000385 seconds.
  path: Assets/Prefabs/Enemies/Wizard2.prefab
  artifactKey: Guid(7e352ec1de04ff44295ef6c81c72d346) Importer(815301076,1909f56bfc062723c751e8b465ee728b)
Start importing Assets/Prefabs/Enemies/Wizard2.prefab using Guid(7e352ec1de04ff44295ef6c81c72d346) Importer(815301076,1909f56bfc062723c751e8b465ee728b)  -> (artifact id: '91ac17d524fd5a3ff7b4c24058a0eebf') in 0.112134 seconds 
========================================================================
Received Import Request.
  Time since last request: 0.000418 seconds.
  path: Assets/Images/letter_p.png
  artifactKey: Guid(a4c0af4f9aefc4bf38b6de05108aff5d) Importer(815301076,1909f56bfc062723c751e8b465ee728b)
Start importing Assets/Images/letter_p.png using Guid(a4c0af4f9aefc4bf38b6de05108aff5d) Importer(815301076,1909f56bfc062723c751e8b465ee728b)  -> (artifact id: '986c40fbb5e90e9217d37d9fda65bc5a') in 0.043510 seconds 
========================================================================
Received Import Request.
  Time since last request: 0.000375 seconds.
  path: Assets/Prefabs/UI/Pause Menu.prefab
  artifactKey: Guid(58437fb1868f1ca419a20960da5a9ce1) Importer(815301076,1909f56bfc062723c751e8b465ee728b)
Start importing Assets/Prefabs/UI/Pause Menu.prefab using Guid(58437fb1868f1ca419a20960da5a9ce1) Importer(815301076,1909f56bfc062723c751e8b465ee728b)  -> (artifact id: 'eaf7b3bef6692bfff939398c03288a92') in 0.065740 seconds 
========================================================================
Received Import Request.
  Time since last request: 0.000407 seconds.
  path: Assets/Prefabs/Enemies/EnergyBall.prefab
  artifactKey: Guid(80419ff55cdfc014eb68068fabf013be) Importer(815301076,1909f56bfc062723c751e8b465ee728b)
Start importing Assets/Prefabs/Enemies/EnergyBall.prefab using Guid(80419ff55cdfc014eb68068fabf013be) Importer(815301076,1909f56bfc062723c751e8b465ee728b)  -> (artifact id: 'a94cec1d7d5743bcdada2be0fda4e56f') in 0.033317 seconds 
========================================================================
Received Import Request.
  Time since last request: 0.000410 seconds.
  path: Assets/Scripts/UI/Weapon Icons/Axe.asset
  artifactKey: Guid(9abbbda16bcddf34886593f9ac319c31) Importer(815301076,1909f56bfc062723c751e8b465ee728b)
Start importing Assets/Scripts/UI/Weapon Icons/Axe.asset using Guid(9abbbda16bcddf34886593f9ac319c31) Importer(815301076,1909f56bfc062723c751e8b465ee728b)  -> (artifact id: 'cc44b396b3a90d7fb24ce268bf519c48') in 0.005563 seconds 
========================================================================
Received Import Request.
  Time since last request: 0.000352 seconds.
  path: Assets/Scripts/Player/PlayerControls.inputactions
  artifactKey: Guid(f71eba50013bd094f9a978e6f50dc5ef) Importer(815301076,1909f56bfc062723c751e8b465ee728b)
Start importing Assets/Scripts/Player/PlayerControls.inputactions using Guid(f71eba50013bd094f9a978e6f50dc5ef) Importer(815301076,1909f56bfc062723c751e8b465ee728b)  -> (artifact id: '300da18567508dbb1e2d2bc23c53fd1e') in 0.013293 seconds 
========================================================================
Received Import Request.
  Time since last request: 0.000349 seconds.
  path: Assets/Materials/Invisable.mat
  artifactKey: Guid(a14fb65dac45a0747bbe8b5600e71163) Importer(815301076,1909f56bfc062723c751e8b465ee728b)
Start importing Assets/Materials/Invisable.mat using Guid(a14fb65dac45a0747bbe8b5600e71163) Importer(815301076,1909f56bfc062723c751e8b465ee728b)  -> (artifact id: '3c2f2022d51fa7cb82807fdadbbe51a7') in 0.037814 seconds 
========================================================================
Received Import Request.
  Time since last request: 0.000473 seconds.
  path: Assets/Materials/vegetation_toon3.mat
  artifactKey: Guid(e9914b30d6064774a85b154e910741ac) Importer(815301076,1909f56bfc062723c751e8b465ee728b)
Start importing Assets/Materials/vegetation_toon3.mat using Guid(e9914b30d6064774a85b154e910741ac) Importer(815301076,1909f56bfc062723c751e8b465ee728b)  -> (artifact id: '344bec04353d281b2fb1550f55ff272f') in 0.090792 seconds 
========================================================================
Received Import Request.
  Time since last request: 0.000380 seconds.
  path: Assets/Prefabs/UI/GameOverMenu.prefab
  artifactKey: Guid(86278ebe65f92e844a164a710e81ac68) Importer(815301076,1909f56bfc062723c751e8b465ee728b)
Start importing Assets/Prefabs/UI/GameOverMenu.prefab using Guid(86278ebe65f92e844a164a710e81ac68) Importer(815301076,1909f56bfc062723c751e8b465ee728b)  -> (artifact id: '3ce5b0b9b4e7b687e3c7d32fd85a7c68') in 0.030767 seconds 
========================================================================
Received Import Request.
  Time since last request: 0.000370 seconds.
  path: Assets/Animations/Wand
  artifactKey: Guid(e6190f1f9dd917947a73e6b72f930643) Importer(815301076,1909f56bfc062723c751e8b465ee728b)
Start importing Assets/Animations/Wand using Guid(e6190f1f9dd917947a73e6b72f930643) Importer(815301076,1909f56bfc062723c751e8b465ee728b)  -> (artifact id: '6e0035e56c86c2ee045fce16194c96ff') in 0.002785 seconds 
========================================================================
Received Import Request.
  Time since last request: 0.000351 seconds.
  path: Assets/Prefabs/Weapons/EpicSword.prefab
  artifactKey: Guid(6e98c37e4f616344789521bf91823f36) Importer(815301076,1909f56bfc062723c751e8b465ee728b)
Start importing Assets/Prefabs/Weapons/EpicSword.prefab using Guid(6e98c37e4f616344789521bf91823f36) Importer(815301076,1909f56bfc062723c751e8b465ee728b)  -> (artifact id: 'fa783b86559ec8f631341405a44059ff') in 0.014858 seconds 
========================================================================
Received Import Request.
  Time since last request: 0.000362 seconds.
  path: Assets/Prefabs/Materials/vegetation_toon02_autumn 2.mat
  artifactKey: Guid(23f71e7ff20dbf44ca1e65b636251e70) Importer(815301076,1909f56bfc062723c751e8b465ee728b)
Start importing Assets/Prefabs/Materials/vegetation_toon02_autumn 2.mat using Guid(23f71e7ff20dbf44ca1e65b636251e70) Importer(815301076,1909f56bfc062723c751e8b465ee728b)  -> (artifact id: 'c8c3048003b09652c188ee282709d2d2') in 0.058020 seconds 
========================================================================
Received Import Request.
  Time since last request: 0.000420 seconds.
  path: Assets/Images/letter_i.png
  artifactKey: Guid(8f3f72df8dab1467695493071660c419) Importer(815301076,1909f56bfc062723c751e8b465ee728b)
Start importing Assets/Images/letter_i.png using Guid(8f3f72df8dab1467695493071660c419) Importer(815301076,1909f56bfc062723c751e8b465ee728b)  -> (artifact id: '0952f69255cb53de95cea719ddba3bae') in 0.037879 seconds 
========================================================================
Received Import Request.
  Time since last request: 0.000438 seconds.
  path: Assets/Prefabs/Weapons/DragonSword.prefab
  artifactKey: Guid(1c10e109767285e47a5f9a323965d4c4) Importer(815301076,1909f56bfc062723c751e8b465ee728b)
Start importing Assets/Prefabs/Weapons/DragonSword.prefab using Guid(1c10e109767285e47a5f9a323965d4c4) Importer(815301076,1909f56bfc062723c751e8b465ee728b)  -> (artifact id: '395fd0ec8f3c668ae4315df2c800c7a8') in 0.185972 seconds 
========================================================================
Received Import Request.
  Time since last request: 0.000377 seconds.
  path: Assets/Audio/song1.mp3
  artifactKey: Guid(829316feb7d1c2e4b9989a2ebe4a71ec) Importer(815301076,1909f56bfc062723c751e8b465ee728b)
Start importing Assets/Audio/song1.mp3 using Guid(829316feb7d1c2e4b9989a2ebe4a71ec) Importer(815301076,1909f56bfc062723c751e8b465ee728b)  -> (artifact id: 'a3fbae7315e20888a794c653ed0a619b') in 0.037398 seconds 
========================================================================
Received Import Request.
  Time since last request: 0.000387 seconds.
  path: Assets/Prefabs/Enemies/TempGoblin.prefab
  artifactKey: Guid(4ca13c1412fec3e48b31c8428b91eabd) Importer(815301076,1909f56bfc062723c751e8b465ee728b)
Start importing Assets/Prefabs/Enemies/TempGoblin.prefab using Guid(4ca13c1412fec3e48b31c8428b91eabd) Importer(815301076,1909f56bfc062723c751e8b465ee728b)  -> (artifact id: 'b33f400837ee0ac3d781e900d1d5df8f') in 0.237160 seconds 
========================================================================
Received Import Request.
  Time since last request: 0.000399 seconds.
  path: Assets/Scripts/UI/Weapon Icons/Default Sword.asset
  artifactKey: Guid(df5fd643a8ef178459364a872954cdb9) Importer(815301076,1909f56bfc062723c751e8b465ee728b)
Start importing Assets/Scripts/UI/Weapon Icons/Default Sword.asset using Guid(df5fd643a8ef178459364a872954cdb9) Importer(815301076,1909f56bfc062723c751e8b465ee728b)  -> (artifact id: '610bcd7a061e6a48021e6b955ecd47bb') in 0.004953 seconds 
========================================================================
Received Import Request.
  Time since last request: 0.000365 seconds.
  path: Assets/Materials/Skybox_Mat.mat
  artifactKey: Guid(0ffaa0b7117ba8c47a9d05ae701d4b4d) Importer(815301076,1909f56bfc062723c751e8b465ee728b)
Start importing Assets/Materials/Skybox_Mat.mat using Guid(0ffaa0b7117ba8c47a9d05ae701d4b4d) Importer(815301076,1909f56bfc062723c751e8b465ee728b)  -> (artifact id: 'ecf7f2c7042de3a3e1c2978a2baf74cc') in 0.039875 seconds 
========================================================================
Received Import Request.
  Time since last request: 0.000354 seconds.
  path: Assets/Prefabs/UI/CheatMenu.prefab
  artifactKey: Guid(bf03b4c4c7dad9e4cbd9e177327928f8) Importer(815301076,1909f56bfc062723c751e8b465ee728b)
Start importing Assets/Prefabs/UI/CheatMenu.prefab using Guid(bf03b4c4c7dad9e4cbd9e177327928f8) Importer(815301076,1909f56bfc062723c751e8b465ee728b)  -> (artifact id: 'e6ae8b08d1eaeedd29ed456d9a75f1fa') in 0.036845 seconds 
========================================================================
Received Import Request.
  Time since last request: 0.000350 seconds.
  path: Assets/Audio/jump.mp3
  artifactKey: Guid(3200941c60a7f4a3882aeafe8aee06fa) Importer(815301076,1909f56bfc062723c751e8b465ee728b)
Start importing Assets/Audio/jump.mp3 using Guid(3200941c60a7f4a3882aeafe8aee06fa) Importer(815301076,1909f56bfc062723c751e8b465ee728b)  -> (artifact id: 'f5ce10d8f827b3de7858acb0961f7cff') in 0.032289 seconds 
========================================================================
Received Import Request.
  Time since last request: 0.000410 seconds.
  path: Assets/Prefabs/Materials/vegetation_toon02_autumn 1.mat
  artifactKey: Guid(08f9470255c834945a72739bac2f6b41) Importer(815301076,1909f56bfc062723c751e8b465ee728b)
Start importing Assets/Prefabs/Materials/vegetation_toon02_autumn 1.mat using Guid(08f9470255c834945a72739bac2f6b41) Importer(815301076,1909f56bfc062723c751e8b465ee728b)  -> (artifact id: '98930c37d259986397200350c379d6da') in 0.013935 seconds 
========================================================================
Received Import Request.
  Time since last request: 0.000313 seconds.
  path: Assets/Prefabs/UI/QuestMenu.prefab
  artifactKey: Guid(84321cebe830d4800b25ccc0da58f0ef) Importer(815301076,1909f56bfc062723c751e8b465ee728b)
Start importing Assets/Prefabs/UI/QuestMenu.prefab using Guid(84321cebe830d4800b25ccc0da58f0ef) Importer(815301076,1909f56bfc062723c751e8b465ee728b)  -> (artifact id: '8f794d7dfdc42564644f554cee81e638') in 0.031525 seconds 
========================================================================
Received Import Request.
  Time since last request: 0.000245 seconds.
  path: Assets/Scenes/FirstLevel.unity
  artifactKey: Guid(fe4e6c2f4ced25a4eaed4185581163a5) Importer(815301076,1909f56bfc062723c751e8b465ee728b)
Start importing Assets/Scenes/FirstLevel.unity using Guid(fe4e6c2f4ced25a4eaed4185581163a5) Importer(815301076,1909f56bfc062723c751e8b465ee728b)  -> (artifact id: '60b72c642c49f54f86dd6cdeec55c0f7') in 0.003830 seconds 
========================================================================
Received Import Request.
  Time since last request: 0.000354 seconds.
  path: Assets/Audio/SoundMixer.mixer
  artifactKey: Guid(03f3786c675bb024c9b5b077d18272fc) Importer(815301076,1909f56bfc062723c751e8b465ee728b)
Start importing Assets/Audio/SoundMixer.mixer using Guid(03f3786c675bb024c9b5b077d18272fc) Importer(815301076,1909f56bfc062723c751e8b465ee728b)  -> (artifact id: 'fbd30804f96633f7e857a881faa25edf') in 0.004258 seconds 
========================================================================
Received Import Request.
  Time since last request: 0.000382 seconds.
  path: Assets/Prefabs/Enemies/GreenBoarPBR.prefab
  artifactKey: Guid(8c5b2761091554bd5a9a6ad8aa71ce19) Importer(815301076,1909f56bfc062723c751e8b465ee728b)
Start importing Assets/Prefabs/Enemies/GreenBoarPBR.prefab using Guid(8c5b2761091554bd5a9a6ad8aa71ce19) Importer(815301076,1909f56bfc062723c751e8b465ee728b)  -> (artifact id: '13460afd9e5d190690f5640543e14332') in 1.248538 seconds 
========================================================================
Received Import Request.
  Time since last request: 0.000408 seconds.
  path: Assets/Prefabs/UI/SettingsMenu.prefab
  artifactKey: Guid(d889345fa7d603d4283f1f369b863e24) Importer(815301076,1909f56bfc062723c751e8b465ee728b)
Start importing Assets/Prefabs/UI/SettingsMenu.prefab using Guid(d889345fa7d603d4283f1f369b863e24) Importer(815301076,1909f56bfc062723c751e8b465ee728b)  -> (artifact id: 'af2a95a4a68bc45c677e9f43895290f2') in 0.075535 seconds 
========================================================================
Received Import Request.
  Time since last request: 0.000323 seconds.
  path: Assets/Prefabs/Enemies/EvilWizard.prefab
  artifactKey: Guid(fb791fc68fafeb24590e6d1409029208) Importer(815301076,1909f56bfc062723c751e8b465ee728b)
Start importing Assets/Prefabs/Enemies/EvilWizard.prefab using Guid(fb791fc68fafeb24590e6d1409029208) Importer(815301076,1909f56bfc062723c751e8b465ee728b)  -> (artifact id: '6f6248c4662c4ff052995657a45983ad') in 0.066431 seconds 
========================================================================
Received Import Request.
  Time since last request: 0.000576 seconds.
  path: Assets/Audio/altered_sing2.mp3
  artifactKey: Guid(8aebee5da474e4a81bb3d304876e808e) Importer(815301076,1909f56bfc062723c751e8b465ee728b)
Start importing Assets/Audio/altered_sing2.mp3 using Guid(8aebee5da474e4a81bb3d304876e808e) Importer(815301076,1909f56bfc062723c751e8b465ee728b)  -> (artifact id: 'c8e385fa2b18c3e0c5f76b5045212f2c') in 0.029616 seconds 
========================================================================
Received Import Request.
  Time since last request: 0.000401 seconds.
  path: Assets/Images/Keys_IMg.jpg
  artifactKey: Guid(c5e231ddfc2de4402a8e09864e31a866) Importer(815301076,1909f56bfc062723c751e8b465ee728b)
Start importing Assets/Images/Keys_IMg.jpg using Guid(c5e231ddfc2de4402a8e09864e31a866) Importer(815301076,1909f56bfc062723c751e8b465ee728b)  -> (artifact id: 'fc2973e72440785b2bfc8708660548b5') in 0.025298 seconds 
========================================================================
Received Import Request.
  Time since last request: 0.000377 seconds.
  path: Assets/PathTerrain.asset
  artifactKey: Guid(012ca4f523801974d8c6600fb6eaded7) Importer(815301076,1909f56bfc062723c751e8b465ee728b)
Start importing Assets/PathTerrain.asset using Guid(012ca4f523801974d8c6600fb6eaded7) Importer(815301076,1909f56bfc062723c751e8b465ee728b) The tree pineTree (1) must use the Nature/Soft Occlusion shader. Otherwise billboarding/lighting will not work correctly.

The tree pineTree (1) must use the Nature/Soft Occlusion shader. Otherwise billboarding/lighting will not work correctly.

 -> (artifact id: '58ff5dec43a667d30e9a54c16fb9ef15') in 0.341503 seconds 
========================================================================
Received Import Request.
  Time since last request: 0.000984 seconds.
  path: Assets/Prefabs/UI/QuestText.prefab
  artifactKey: Guid(695bc9707363f9144a88130832794647) Importer(815301076,1909f56bfc062723c751e8b465ee728b)
Start importing Assets/Prefabs/UI/QuestText.prefab using Guid(695bc9707363f9144a88130832794647) Importer(815301076,1909f56bfc062723c751e8b465ee728b)  -> (artifact id: '5b81e81540aee5a52ca2b78ad18e15f3') in 0.060591 seconds 
========================================================================
Received Import Request.
  Time since last request: 0.000375 seconds.
  path: Assets/Scenes/Town/NavMesh.asset
  artifactKey: Guid(77a559c522c728b4ca215055ec9ad0d7) Importer(815301076,1909f56bfc062723c751e8b465ee728b)
Start importing Assets/Scenes/Town/NavMesh.asset using Guid(77a559c522c728b4ca215055ec9ad0d7) Importer(815301076,1909f56bfc062723c751e8b465ee728b)  -> (artifact id: '549460d264eccf13d35f42ff00820dd7') in 0.016431 seconds 
========================================================================
Received Import Request.
  Time since last request: 0.000375 seconds.
  path: Assets/Scripts/UI/Weapon Icons/DragonSword.asset
  artifactKey: Guid(23f37090dec2ad04f855efbe5529c679) Importer(815301076,1909f56bfc062723c751e8b465ee728b)
Start importing Assets/Scripts/UI/Weapon Icons/DragonSword.asset using Guid(23f37090dec2ad04f855efbe5529c679) Importer(815301076,1909f56bfc062723c751e8b465ee728b)  -> (artifact id: 'aedd87131667b0afa74104a1b403f2ce') in 0.003743 seconds 
========================================================================
Received Import Request.
  Time since last request: 0.000339 seconds.
  path: Assets/Prefabs/UI/InitialQuest.prefab
  artifactKey: Guid(a2d846d5909064619804cd9e20d26b06) Importer(815301076,1909f56bfc062723c751e8b465ee728b)
Start importing Assets/Prefabs/UI/InitialQuest.prefab using Guid(a2d846d5909064619804cd9e20d26b06) Importer(815301076,1909f56bfc062723c751e8b465ee728b)  -> (artifact id: 'd354915e609d5636e1f3d7d3fccb0677') in 0.031268 seconds 
========================================================================
Received Import Request.
  Time since last request: 0.000370 seconds.
  path: Assets/Scripts/UI/Weapon Icons/Club.asset
  artifactKey: Guid(347dbb2eaba0acc4395943504d75bef0) Importer(815301076,1909f56bfc062723c751e8b465ee728b)
Start importing Assets/Scripts/UI/Weapon Icons/Club.asset using Guid(347dbb2eaba0acc4395943504d75bef0) Importer(815301076,1909f56bfc062723c751e8b465ee728b)  -> (artifact id: 'e2bbc476c46e56d80c5c5f14019d0ee6') in 0.004206 seconds 
========================================================================
Received Import Request.
  Time since last request: 0.001275 seconds.
  path: Assets/Prefabs/UI/Guages.prefab
  artifactKey: Guid(9eb1a25538ab346a4b03daee56dae11a) Importer(815301076,1909f56bfc062723c751e8b465ee728b)
Start importing Assets/Prefabs/UI/Guages.prefab using Guid(9eb1a25538ab346a4b03daee56dae11a) Importer(815301076,1909f56bfc062723c751e8b465ee728b)  -> (artifact id: 'e45cb6809a5ac4c3b2ad6c52f3c9804f') in 0.010508 seconds 
========================================================================
Received Import Request.
  Time since last request: 0.000310 seconds.
  path: Assets/Readme.asset
  artifactKey: Guid(83c2ed844a8c74b779a4c823d16594b1) Importer(815301076,1909f56bfc062723c751e8b465ee728b)
Start importing Assets/Readme.asset using Guid(83c2ed844a8c74b779a4c823d16594b1) Importer(815301076,1909f56bfc062723c751e8b465ee728b)  -> (artifact id: 'c4e67dea83c56a5003bd7c6c559aedb4') in 0.008079 seconds 
========================================================================
Received Import Request.
  Time since last request: 0.000250 seconds.
  path: Assets/Materials/grass01.mat
  artifactKey: Guid(b1856aff8716547499a80e543192d740) Importer(815301076,1909f56bfc062723c751e8b465ee728b)
Start importing Assets/Materials/grass01.mat using Guid(b1856aff8716547499a80e543192d740) Importer(815301076,1909f56bfc062723c751e8b465ee728b)  -> (artifact id: '01f2546db360b7d4b7bd2c76cbb733ba') in 0.015417 seconds 
========================================================================
Received Import Request.
  Time since last request: 0.000281 seconds.
  path: Assets/Prefabs/Weapons/Wand.prefab
  artifactKey: Guid(543a90582d896184aa82af500c6756f9) Importer(815301076,1909f56bfc062723c751e8b465ee728b)
Start importing Assets/Prefabs/Weapons/Wand.prefab using Guid(543a90582d896184aa82af500c6756f9) Importer(815301076,1909f56bfc062723c751e8b465ee728b)  -> (artifact id: 'ebe9a8a985739ffa4017710d56f1116d') in 0.020420 seconds 
========================================================================
Received Import Request.
  Time since last request: 0.000554 seconds.
  path: Assets/Scripts/UI/Weapon Icons/Katana.asset
  artifactKey: Guid(e23ad563fbe859240b1a4565ad2d93ac) Importer(815301076,1909f56bfc062723c751e8b465ee728b)
Start importing Assets/Scripts/UI/Weapon Icons/Katana.asset using Guid(e23ad563fbe859240b1a4565ad2d93ac) Importer(815301076,1909f56bfc062723c751e8b465ee728b)  -> (artifact id: '8870aed4e8f260487560d1b8b4f7c7f0') in 0.005560 seconds 
========================================================================
Received Import Request.
  Time since last request: 242.990931 seconds.
  path: Assets/2D Assets/Sprites/Josh/Goblin_Walk.png
  artifactKey: Guid(1231af6ad5b735b4eb84481c0f944c7d) Importer(815301076,1909f56bfc062723c751e8b465ee728b)
Start importing Assets/2D Assets/Sprites/Josh/Goblin_Walk.png using Guid(1231af6ad5b735b4eb84481c0f944c7d) Importer(815301076,1909f56bfc062723c751e8b465ee728b)  -> (artifact id: '4fb0b5759ee96c40656e9010b756a972') in 0.099082 seconds 
========================================================================
Received Import Request.
  Time since last request: 0.000391 seconds.
  path: Assets/2D Assets/Sprites/Josh/GoblinEnemy2_Walk.png
  artifactKey: Guid(7307a1560484bf34b81d6d376fd259d0) Importer(815301076,1909f56bfc062723c751e8b465ee728b)
Start importing Assets/2D Assets/Sprites/Josh/GoblinEnemy2_Walk.png using Guid(7307a1560484bf34b81d6d376fd259d0) Importer(815301076,1909f56bfc062723c751e8b465ee728b)  -> (artifact id: 'f3f4621e929b2f39333724d101ca6403') in 0.020472 seconds 
========================================================================
Received Import Request.
  Time since last request: 0.000548 seconds.
  path: Assets/2D Assets/Sprites/Josh/KingGoblin_Walk.png
  artifactKey: Guid(d746071c84623db45a4f36d51ad28afe) Importer(815301076,1909f56bfc062723c751e8b465ee728b)
Start importing Assets/2D Assets/Sprites/Josh/KingGoblin_Walk.png using Guid(d746071c84623db45a4f36d51ad28afe) Importer(815301076,1909f56bfc062723c751e8b465ee728b)  -> (artifact id: '706dd0a9c9befd36542b447e56d539e8') in 0.074921 seconds 
========================================================================
Received Import Request.
  Time since last request: 0.000462 seconds.
  path: Assets/3D Assets/FreeDragons/Animations/DragonBoar/walk.fbx
  artifactKey: Guid(4c7a0e0d6f7821c439d739697a6bbee0) Importer(815301076,1909f56bfc062723c751e8b465ee728b)
Start importing Assets/3D Assets/FreeDragons/Animations/DragonBoar/walk.fbx using Guid(4c7a0e0d6f7821c439d739697a6bbee0) Importer(815301076,1909f56bfc062723c751e8b465ee728b)  -> (artifact id: 'a9f4a32e66614006df920557f3f99214') in 0.659743 seconds 
========================================================================
Received Import Request.
  Time since last request: 0.000486 seconds.
  path: Assets/2D Assets/Sprites/Josh/GoblinEnemy1_Walk.png
  artifactKey: Guid(e0faa55e0db73194fb969a8c39ce6405) Importer(815301076,1909f56bfc062723c751e8b465ee728b)
Start importing Assets/2D Assets/Sprites/Josh/GoblinEnemy1_Walk.png using Guid(e0faa55e0db73194fb969a8c39ce6405) Importer(815301076,1909f56bfc062723c751e8b465ee728b)  -> (artifact id: '28a707a12998a0e069c868896d3c7eec') in 0.021773 seconds 
========================================================================
Received Import Request.
  Time since last request: 0.000471 seconds.
  path: Assets/2D Assets/Sprites/Josh/GoblinEnemy3_Walk.png
  artifactKey: Guid(fafc4d8881f02064e97c2258114c2d80) Importer(815301076,1909f56bfc062723c751e8b465ee728b)
Start importing Assets/2D Assets/Sprites/Josh/GoblinEnemy3_Walk.png using Guid(fafc4d8881f02064e97c2258114c2d80) Importer(815301076,1909f56bfc062723c751e8b465ee728b)  -> (artifact id: 'd06ae61033a8029a8a84f235800593ff') in 0.021805 seconds 
========================================================================
Received Import Request.
  Time since last request: 0.000274 seconds.
  path: Assets/3D Assets/FantasyMonster/Skeleton/Ani/Skeleton@Walk.FBX
  artifactKey: Guid(188f1042b5ff4644389fad5df1f98d7c) Importer(815301076,1909f56bfc062723c751e8b465ee728b)
Start importing Assets/3D Assets/FantasyMonster/Skeleton/Ani/Skeleton@Walk.FBX using Guid(188f1042b5ff4644389fad5df1f98d7c) Importer(815301076,1909f56bfc062723c751e8b465ee728b)  -> (artifact id: '66ad8165e464e0680875c5674ee424cb') in 0.448647 seconds 
========================================================================
Received Import Request.
  Time since last request: 0.000396 seconds.
  path: Assets/3D Assets/FreeDragons/Animations/DragonSoulEater/Walk.fbx
  artifactKey: Guid(555c2f8b240202a4c8f3c3f412587e5a) Importer(815301076,1909f56bfc062723c751e8b465ee728b)
Start importing Assets/3D Assets/FreeDragons/Animations/DragonSoulEater/Walk.fbx using Guid(555c2f8b240202a4c8f3c3f412587e5a) Importer(815301076,1909f56bfc062723c751e8b465ee728b)  -> (artifact id: '7bdc33220cbf5569ee8a375fe007859f') in 0.078426 seconds 
========================================================================
Received Import Request.
  Time since last request: 147.989678 seconds.
  path: Assets/2D Assets/Animation/GoblinEnemy2.controller
  artifactKey: Guid(27a0fe584b87ff34fbc32a721b840788) Importer(815301076,1909f56bfc062723c751e8b465ee728b)
Start importing Assets/2D Assets/Animation/GoblinEnemy2.controller using Guid(27a0fe584b87ff34fbc32a721b840788) Importer(815301076,1909f56bfc062723c751e8b465ee728b)  -> (artifact id: 'fa0b09f621b2c723c63bae57bd158381') in 0.010196 seconds 
========================================================================
Received Import Request.
  Time since last request: 2.656740 seconds.
  path: Assets/2D Assets/Animation/GoblinEnemy2_Death.anim
  artifactKey: Guid(652855b2a1cfd8e48be4310100d61aab) Importer(815301076,1909f56bfc062723c751e8b465ee728b)
Start importing Assets/2D Assets/Animation/GoblinEnemy2_Death.anim using Guid(652855b2a1cfd8e48be4310100d61aab) Importer(815301076,1909f56bfc062723c751e8b465ee728b)  -> (artifact id: '63e9072b655f4294691356f53f5b8616') in 0.005458 seconds 
========================================================================
Received Import Request.
  Time since last request: 32.017986 seconds.
  path: Assets/_TerrainAutoUpgrade/layer_Terrain01_D3d3aba195e4d26ee.terrainlayer
  artifactKey: Guid(c2f5eff2743654e5bb9e7918e047dd91) Importer(815301076,1909f56bfc062723c751e8b465ee728b)
Start importing Assets/_TerrainAutoUpgrade/layer_Terrain01_D3d3aba195e4d26ee.terrainlayer using Guid(c2f5eff2743654e5bb9e7918e047dd91) Importer(815301076,1909f56bfc062723c751e8b465ee728b)  -> (artifact id: 'ea062e35039a952ea0a79fa4487d7f59') in 0.238700 seconds 
========================================================================
Received Import Request.
  Time since last request: 0.000420 seconds.
  path: Assets/_TerrainAutoUpgrade/layer_Terrain04_D3d3aba195e4d26ee.terrainlayer
  artifactKey: Guid(525a973bc4bd8432484f3deedaa218b6) Importer(815301076,1909f56bfc062723c751e8b465ee728b)
Start importing Assets/_TerrainAutoUpgrade/layer_Terrain04_D3d3aba195e4d26ee.terrainlayer using Guid(525a973bc4bd8432484f3deedaa218b6) Importer(815301076,1909f56bfc062723c751e8b465ee728b)  -> (artifact id: 'a0d9eb1a2b3bacff8a35261cf368246e') in 0.050055 seconds 
========================================================================
Received Import Request.
  Time since last request: 2.606260 seconds.
  path: Assets/2D Assets/Materials/BG.mat
  artifactKey: Guid(58c9172a158f5c7429a73b65ec3266d6) Importer(815301076,1909f56bfc062723c751e8b465ee728b)
Start importing Assets/2D Assets/Materials/BG.mat using Guid(58c9172a158f5c7429a73b65ec3266d6) Importer(815301076,1909f56bfc062723c751e8b465ee728b)  -> (artifact id: 'f8c5b450a1217379c472260e737f92d2') in 0.093907 seconds 
========================================================================
Received Import Request.
  Time since last request: 0.000651 seconds.
  path: Assets/2D Assets/Materials/BG2.mat
  artifactKey: Guid(47bea9cd9edce794ea0420b6930479be) Importer(815301076,1909f56bfc062723c751e8b465ee728b)
Start importing Assets/2D Assets/Materials/BG2.mat using Guid(47bea9cd9edce794ea0420b6930479be) Importer(815301076,1909f56bfc062723c751e8b465ee728b)  -> (artifact id: 'a372a81a5dd7f1f8fe464f87a7ecc0d9') in 0.057783 seconds 
========================================================================
Received Import Request.
  Time since last request: 0.000436 seconds.
  path: Assets/2D Assets/Materials/BG3.mat
  artifactKey: Guid(5f4278175b8f6a14f92868fd2d74f8a4) Importer(815301076,1909f56bfc062723c751e8b465ee728b)
Start importing Assets/2D Assets/Materials/BG3.mat using Guid(5f4278175b8f6a14f92868fd2d74f8a4) Importer(815301076,1909f56bfc062723c751e8b465ee728b)  -> (artifact id: 'f47d0c58d93c20184f51b6a31a24c308') in 0.065106 seconds 
========================================================================
Received Import Request.
  Time since last request: 4.914619 seconds.
  path: Assets/Scenes/FirstLevel/NavMesh.asset
  artifactKey: Guid(8d7a4bb1c3e52442b9c3fcc197248c8c) Importer(815301076,1909f56bfc062723c751e8b465ee728b)
Start importing Assets/Scenes/FirstLevel/NavMesh.asset using Guid(8d7a4bb1c3e52442b9c3fcc197248c8c) Importer(815301076,1909f56bfc062723c751e8b465ee728b)  -> (artifact id: '46d070a48f8f200f1c5b281cc6a70e07') in 0.006107 seconds 
========================================================================
Received Import Request.
  Time since last request: 0.474701 seconds.
  path: Assets/Scenes/POC/NavMesh.asset
  artifactKey: Guid(ccfe88ef9d461b348abb9970ae6df06f) Importer(815301076,1909f56bfc062723c751e8b465ee728b)
Start importing Assets/Scenes/POC/NavMesh.asset using Guid(ccfe88ef9d461b348abb9970ae6df06f) Importer(815301076,1909f56bfc062723c751e8b465ee728b)  -> (artifact id: '988cc7dc05401ada1fb6f131130f556f') in 0.111566 seconds 
========================================================================
Received Import Request.
  Time since last request: 2.622469 seconds.
  path: Assets/Scenes/DragonLair.unity
  artifactKey: Guid(ecd9dfeb68a284db8a39307c1a0f1e81) Importer(815301076,1909f56bfc062723c751e8b465ee728b)
Start importing Assets/Scenes/DragonLair.unity using Guid(ecd9dfeb68a284db8a39307c1a0f1e81) Importer(815301076,1909f56bfc062723c751e8b465ee728b)  -> (artifact id: 'd3687a54c381a59e52e32fae3f70a316') in 0.005168 seconds 
========================================================================
Received Import Request.
  Time since last request: 1.186157 seconds.
  path: Assets/Scenes/Town.unity
  artifactKey: Guid(e03c7f31c2132be449b4b7ddf1bb948a) Importer(815301076,1909f56bfc062723c751e8b465ee728b)
Start importing Assets/Scenes/Town.unity using Guid(e03c7f31c2132be449b4b7ddf1bb948a) Importer(815301076,1909f56bfc062723c751e8b465ee728b)  -> (artifact id: '7e856e14092c84025e95e912f615e6a8') in 0.005836 seconds 
========================================================================
Received Import Request.
  Time since last request: 0.676772 seconds.
  path: Assets/Scenes/Tutorial.unity
  artifactKey: Guid(aa9d04e124b074c4686af0d8074b1b59) Importer(815301076,1909f56bfc062723c751e8b465ee728b)
Start importing Assets/Scenes/Tutorial.unity using Guid(aa9d04e124b074c4686af0d8074b1b59) Importer(815301076,1909f56bfc062723c751e8b465ee728b)  -> (artifact id: '69acf039ca3c809dc2fa38546e3ca196') in 0.006591 seconds 
========================================================================
Received Import Request.
  Time since last request: 0.690816 seconds.
  path: Assets/Scenes/SecondLevel.unity
  artifactKey: Guid(096d35e5377e4e147abedd20ecc081e8) Importer(815301076,1909f56bfc062723c751e8b465ee728b)
Start importing Assets/Scenes/SecondLevel.unity using Guid(096d35e5377e4e147abedd20ecc081e8) Importer(815301076,1909f56bfc062723c751e8b465ee728b)  -> (artifact id: '5929ba44a54647b54f0a889cd13eaf51') in 0.006721 seconds 
========================================================================
Received Import Request.
  Time since last request: 970.271797 seconds.
  path: Assets/2D Assets/EVil Wizard/Sprites
  artifactKey: Guid(299182c644c31024da1bf4ffad9def11) Importer(815301076,1909f56bfc062723c751e8b465ee728b)
Start importing Assets/2D Assets/EVil Wizard/Sprites using Guid(299182c644c31024da1bf4ffad9def11) Importer(815301076,1909f56bfc062723c751e8b465ee728b)  -> (artifact id: 'f40a1f1de08b2c0f79d78502736e9012') in 0.149386 seconds 
========================================================================
Received Import Request.
  Time since last request: 0.000551 seconds.
  path: Assets/2D Assets/EVil Wizard/Sprites/Take Hit.png
  artifactKey: Guid(d8958855ae433194aae8dc9ee0b23e89) Importer(815301076,1909f56bfc062723c751e8b465ee728b)
Start importing Assets/2D Assets/EVil Wizard/Sprites/Take Hit.png using Guid(d8958855ae433194aae8dc9ee0b23e89) Importer(815301076,1909f56bfc062723c751e8b465ee728b)  -> (artifact id: 'a8f8fba89a6519e44a41f1c6ed1d0796') in 0.288401 seconds 
========================================================================
Received Import Request.
  Time since last request: 0.000562 seconds.
  path: Assets/2D Assets/EVil Wizard/Sprites/Move.png
  artifactKey: Guid(a48b0037be4645c4c913e26853a053cf) Importer(815301076,1909f56bfc062723c751e8b465ee728b)
Start importing Assets/2D Assets/EVil Wizard/Sprites/Move.png using Guid(a48b0037be4645c4c913e26853a053cf) Importer(815301076,1909f56bfc062723c751e8b465ee728b)  -> (artifact id: '1b0961fa943f53bd6eccf8c267eaf15e') in 0.084318 seconds 
========================================================================
Received Import Request.
  Time since last request: 0.000441 seconds.
  path: Assets/2D Assets/EVil Wizard/Sprites/Idle.png
  artifactKey: Guid(6fc66c021eec74942b4e71a3fde4dc04) Importer(815301076,1909f56bfc062723c751e8b465ee728b)
Start importing Assets/2D Assets/EVil Wizard/Sprites/Idle.png using Guid(6fc66c021eec74942b4e71a3fde4dc04) Importer(815301076,1909f56bfc062723c751e8b465ee728b)  -> (artifact id: '539a9f07c49458beef46815f1a105048') in 0.047325 seconds 
========================================================================
Received Import Request.
  Time since last request: 0.000397 seconds.
  path: Assets/2D Assets/EVil Wizard/Sprites/Attack.png
  artifactKey: Guid(d6b8c791d8089b44a9a8c5a7423bd180) Importer(815301076,1909f56bfc062723c751e8b465ee728b)
Start importing Assets/2D Assets/EVil Wizard/Sprites/Attack.png using Guid(d6b8c791d8089b44a9a8c5a7423bd180) Importer(815301076,1909f56bfc062723c751e8b465ee728b)  -> (artifact id: '72a666a510ac1addcc1c37a412fca300') in 0.044346 seconds 
========================================================================
Received Import Request.
  Time since last request: 0.000390 seconds.
  path: Assets/2D Assets/EVil Wizard/Sprites/Death.png
  artifactKey: Guid(9d1b202d2fb768a45a36389da710721f) Importer(815301076,1909f56bfc062723c751e8b465ee728b)
Start importing Assets/2D Assets/EVil Wizard/Sprites/Death.png using Guid(9d1b202d2fb768a45a36389da710721f) Importer(815301076,1909f56bfc062723c751e8b465ee728b)  -> (artifact id: 'a85004443502f123e992fd64288829fc') in 0.058647 seconds 
========================================================================
Received Import Request.
  Time since last request: 2.222786 seconds.
  path: Assets/2D Assets/Sprites
  artifactKey: Guid(9134e07dd990b2540a6aaed0187e4815) Importer(815301076,1909f56bfc062723c751e8b465ee728b)
Start importing Assets/2D Assets/Sprites using Guid(9134e07dd990b2540a6aaed0187e4815) Importer(815301076,1909f56bfc062723c751e8b465ee728b)  -> (artifact id: '7964a296ea98bb4829f259f2c9b4310a') in 0.004863 seconds 
========================================================================
Received Import Request.
  Time since last request: 1.155184 seconds.
  path: Assets/2D Assets/Sprites/Hans
  artifactKey: Guid(0dba2d2f942126342abddb77d562e837) Importer(815301076,1909f56bfc062723c751e8b465ee728b)
Start importing Assets/2D Assets/Sprites/Hans using Guid(0dba2d2f942126342abddb77d562e837) Importer(815301076,1909f56bfc062723c751e8b465ee728b)  -> (artifact id: '00c7f3a4750163b9604bf0577102d239') in 0.005354 seconds 
========================================================================
Received Import Request.
  Time since last request: 0.074804 seconds.
  path: Assets/2D Assets/Sprites/Hans/King.png
  artifactKey: Guid(4db5920be47d513448b67ff879610806) Importer(815301076,1909f56bfc062723c751e8b465ee728b)
Start importing Assets/2D Assets/Sprites/Hans/King.png using Guid(4db5920be47d513448b67ff879610806) Importer(815301076,1909f56bfc062723c751e8b465ee728b)  -> (artifact id: '6eac7954806fed7948f3b6ad1aafa606') in 0.015469 seconds 
========================================================================
Received Import Request.
  Time since last request: 0.000415 seconds.
  path: Assets/2D Assets/Sprites/Hans/Merchant.png
  artifactKey: Guid(dbbaae3760463b64fb740621d1bdb360) Importer(815301076,1909f56bfc062723c751e8b465ee728b)
Start importing Assets/2D Assets/Sprites/Hans/Merchant.png using Guid(dbbaae3760463b64fb740621d1bdb360) Importer(815301076,1909f56bfc062723c751e8b465ee728b)  -> (artifact id: '66f0fa30051754801cd3b45fcbb32887') in 0.013995 seconds 
========================================================================
Received Import Request.
  Time since last request: 30.564736 seconds.
  path: Assets/2D Assets/Sprites/Hans/Townsperson.png
  artifactKey: Guid(18127751a6bb70845bd133cdca25c23c) Importer(815301076,1909f56bfc062723c751e8b465ee728b)
Start importing Assets/2D Assets/Sprites/Hans/Townsperson.png using Guid(18127751a6bb70845bd133cdca25c23c) Importer(815301076,1909f56bfc062723c751e8b465ee728b)  -> (artifact id: 'f20172adbc1c96da8057ec7451ba786c') in 0.067702 seconds 
========================================================================
Received Import Request.
  Time since last request: 68.036187 seconds.
  path: Assets/2D Assets/Sprites/Hans/Townsperson.png
  artifactKey: Guid(18127751a6bb70845bd133cdca25c23c) Importer(815301076,1909f56bfc062723c751e8b465ee728b)
Start importing Assets/2D Assets/Sprites/Hans/Townsperson.png using Guid(18127751a6bb70845bd133cdca25c23c) Importer(815301076,1909f56bfc062723c751e8b465ee728b)  -> (artifact id: '248e25ac4489e03fd958e0b99d76d7e8') in 0.009476 seconds 
========================================================================
Received Import Request.
  Time since last request: 183.400085 seconds.
  path: Assets/2D Assets/Sprites/Hans/Townsperson.png
  artifactKey: Guid(18127751a6bb70845bd133cdca25c23c) Importer(815301076,1909f56bfc062723c751e8b465ee728b)
Start importing Assets/2D Assets/Sprites/Hans/Townsperson.png using Guid(18127751a6bb70845bd133cdca25c23c) Importer(815301076,1909f56bfc062723c751e8b465ee728b)  -> (artifact id: 'cce461c07a768d57ef4d19dbf30ecffd') in 0.019068 seconds 
========================================================================
Received Import Request.
  Time since last request: 5.753525 seconds.
  path: Assets/2D Assets/Sprites/Hans/Townsperson.png
  artifactKey: Guid(18127751a6bb70845bd133cdca25c23c) Importer(815301076,1909f56bfc062723c751e8b465ee728b)
Start importing Assets/2D Assets/Sprites/Hans/Townsperson.png using Guid(18127751a6bb70845bd133cdca25c23c) Importer(815301076,1909f56bfc062723c751e8b465ee728b)  -> (artifact id: 'aeec01bfe1e69f9ea02a193521c6e715') in 0.017137 seconds 
========================================================================
Received Import Request.
  Time since last request: 15.113549 seconds.
  path: Assets/2D Assets/Sprites/Hans/Townsperson.png
  artifactKey: Guid(18127751a6bb70845bd133cdca25c23c) Importer(815301076,1909f56bfc062723c751e8b465ee728b)
Start importing Assets/2D Assets/Sprites/Hans/Townsperson.png using Guid(18127751a6bb70845bd133cdca25c23c) Importer(815301076,1909f56bfc062723c751e8b465ee728b)  -> (artifact id: 'cf30e659765d104a2f5141d721a49278') in 0.010029 seconds 
========================================================================
Received Import Request.
  Time since last request: 62.916606 seconds.
  path: Assets/2D Assets/Sprites/Hans/Townsperson.png
  artifactKey: Guid(18127751a6bb70845bd133cdca25c23c) Importer(815301076,1909f56bfc062723c751e8b465ee728b)
Start importing Assets/2D Assets/Sprites/Hans/Townsperson.png using Guid(18127751a6bb70845bd133cdca25c23c) Importer(815301076,1909f56bfc062723c751e8b465ee728b)  -> (artifact id: 'f035a39261ed734e5799024b130f055f') in 0.016985 seconds 
========================================================================
Received Import Request.
  Time since last request: 118.432968 seconds.
  path: Assets/2D Assets/Animation/Merchant_0.controller
  artifactKey: Guid(ca7c4d35a802e8648875763fe6991564) Importer(815301076,1909f56bfc062723c751e8b465ee728b)
Start importing Assets/2D Assets/Animation/Merchant_0.controller using Guid(ca7c4d35a802e8648875763fe6991564) Importer(815301076,1909f56bfc062723c751e8b465ee728b)  -> (artifact id: '822eac68483844be047c30773ba1cbde') in 0.020264 seconds 
========================================================================
Received Import Request.
  Time since last request: 10.124876 seconds.
  path: Assets/2D Assets/Animation/merchant_idle.anim
  artifactKey: Guid(73ffa5a1c5fdfa941ba163cf60d61083) Importer(815301076,1909f56bfc062723c751e8b465ee728b)
Start importing Assets/2D Assets/Animation/merchant_idle.anim using Guid(73ffa5a1c5fdfa941ba163cf60d61083) Importer(815301076,1909f56bfc062723c751e8b465ee728b)  -> (artifact id: '82da1840afb46160de5a5e22293d0b3b') in 0.005249 seconds 
========================================================================
Received Import Request.
  Time since last request: 129.985649 seconds.
  path: Assets/Animations
  artifactKey: Guid(8b7748311a84d2148a70d699d37df32b) Importer(815301076,1909f56bfc062723c751e8b465ee728b)
Start importing Assets/Animations using Guid(8b7748311a84d2148a70d699d37df32b) Importer(815301076,1909f56bfc062723c751e8b465ee728b)  -> (artifact id: '46c2acec840b38e0621c2a47de2ebfba') in 0.014323 seconds 
========================================================================
Received Import Request.
  Time since last request: 6.012787 seconds.
  path: Assets/3D Assets/EmaceArt/Slavic World Free/Resources/LOD3/EA03_Prop_Town_AnimalSkin_01b.fbx
  artifactKey: Guid(17c165cd03e14754583367f8b65896a5) Importer(815301076,1909f56bfc062723c751e8b465ee728b)
Start importing Assets/3D Assets/EmaceArt/Slavic World Free/Resources/LOD3/EA03_Prop_Town_AnimalSkin_01b.fbx using Guid(17c165cd03e14754583367f8b65896a5) Importer(815301076,1909f56bfc062723c751e8b465ee728b)  -> (artifact id: '54451acbde0ea9fc29a58f034791cd93') in 0.823056 seconds 
========================================================================
Received Import Request.
  Time since last request: 0.000464 seconds.
  path: Assets/3D Assets/EmaceArt/Slavic World Free/Resources/LOD3/EA_Prop_Hunter_Animal_Trophy_01a.fbx
  artifactKey: Guid(a2f9d8f2d3e86874c8cb739deca457ad) Importer(815301076,1909f56bfc062723c751e8b465ee728b)
Start importing Assets/3D Assets/EmaceArt/Slavic World Free/Resources/LOD3/EA_Prop_Hunter_Animal_Trophy_01a.fbx using Guid(a2f9d8f2d3e86874c8cb739deca457ad) Importer(815301076,1909f56bfc062723c751e8b465ee728b)  -> (artifact id: '2354be4547b6567ef9ed333f64ff2897') in 0.135680 seconds 
========================================================================
Received Import Request.
  Time since last request: 0.000424 seconds.
  path: Assets/3D Assets/EmaceArt/Slavic World Free/Prefabs/Prop/Hunter/EA_Prop_Hunter_Animal_Trophy_01a_PRE.prefab
  artifactKey: Guid(42401a433a5c1874f8f51bdcd68b2e30) Importer(815301076,1909f56bfc062723c751e8b465ee728b)
Start importing Assets/3D Assets/EmaceArt/Slavic World Free/Prefabs/Prop/Hunter/EA_Prop_Hunter_Animal_Trophy_01a_PRE.prefab using Guid(42401a433a5c1874f8f51bdcd68b2e30) Importer(815301076,1909f56bfc062723c751e8b465ee728b)  -> (artifact id: '753643721c6469bb94d038b033fc6a3e') in 0.393444 seconds 
========================================================================
Received Import Request.
  Time since last request: 0.000447 seconds.
  path: Assets/3D Assets/EmaceArt/Slavic World Free/Resources/LOD3/EA03_Prop_Town_AnimalSkin_01c.fbx
  artifactKey: Guid(e9a9eff224f379e4ab249584f7ed4a0b) Importer(815301076,1909f56bfc062723c751e8b465ee728b)
Start importing Assets/3D Assets/EmaceArt/Slavic World Free/Resources/LOD3/EA03_Prop_Town_AnimalSkin_01c.fbx using Guid(e9a9eff224f379e4ab249584f7ed4a0b) Importer(815301076,1909f56bfc062723c751e8b465ee728b)  -> (artifact id: '6f96af8bd50e1cc7919d72756b90a3cc') in 0.114826 seconds 
========================================================================
Received Import Request.
  Time since last request: 0.000380 seconds.
  path: Assets/3D Assets/EmaceArt/Slavic World Free/Prefabs/Prop/Hunter/EA03_Prop_Town_AnimalSkin_01b_PRE.prefab
  artifactKey: Guid(ac36a83878e33e54cb3ec90ee13a76db) Importer(815301076,1909f56bfc062723c751e8b465ee728b)
Start importing Assets/3D Assets/EmaceArt/Slavic World Free/Prefabs/Prop/Hunter/EA03_Prop_Town_AnimalSkin_01b_PRE.prefab using Guid(ac36a83878e33e54cb3ec90ee13a76db) Importer(815301076,1909f56bfc062723c751e8b465ee728b)  -> (artifact id: '957e50363f2f1619db3a5e2779eb100b') in 0.012727 seconds 
========================================================================
Received Import Request.
  Time since last request: 0.000397 seconds.
  path: Assets/3D Assets/EmaceArt/Slavic World Free/Prefabs/Prop/Hunter/EA03_Prop_Town_AnimalSkin_01c_PRE.prefab
  artifactKey: Guid(08441e675aa177c45a27d34fb11c3114) Importer(815301076,1909f56bfc062723c751e8b465ee728b)
Start importing Assets/3D Assets/EmaceArt/Slavic World Free/Prefabs/Prop/Hunter/EA03_Prop_Town_AnimalSkin_01c_PRE.prefab using Guid(08441e675aa177c45a27d34fb11c3114) Importer(815301076,1909f56bfc062723c751e8b465ee728b)  -> (artifact id: 'd59b538bafca4866ca26a44df7e6fe4e') in 0.046742 seconds 
========================================================================
Received Import Request.
  Time since last request: 0.000380 seconds.
  path: Assets/3D Assets/RPG Pack/Models/Bottles/bottle_red.FBX
  artifactKey: Guid(887a534051bdbf449b6fc141de3d5c53) Importer(815301076,1909f56bfc062723c751e8b465ee728b)
Start importing Assets/3D Assets/RPG Pack/Models/Bottles/bottle_red.FBX using Guid(887a534051bdbf449b6fc141de3d5c53) Importer(815301076,1909f56bfc062723c751e8b465ee728b)  -> (artifact id: 'f100f6823e8f6833729a2534f882e3a7') in 0.180564 seconds 
========================================================================
Received Import Request.
  Time since last request: 124.951273 seconds.
  path: Assets/Scripts/General Behavior/Roam.cs
  artifactKey: Guid(ba16244ad8d174a4fbc1f14bfed0897e) Importer(815301076,1909f56bfc062723c751e8b465ee728b)
Start importing Assets/Scripts/General Behavior/Roam.cs using Guid(ba16244ad8d174a4fbc1f14bfed0897e) Importer(815301076,1909f56bfc062723c751e8b465ee728b)  -> (artifact id: '8b54bd6eb8e21704baa5ecaa83b24a22') in 0.249724 seconds 
========================================================================
Received Prepare
Registering precompiled user dll's ...
Registered in 0.002393 seconds.
Begin MonoManager ReloadAssembly
Native extension for WindowsStandalone target not found
Native extension for WebGL target not found
Refreshing native plugins compatible for Editor in 0.83 ms, found 0 plugins.
Preloading 0 native plugins for Editor in 0.00 ms.
Mono: successfully reloaded assembly
- Completed reload, in  3.714 seconds
Platform modules already initialized, skipping
Shader 'Universal Render Pipeline/Particles/Lit': fallback shader 'Universal Render Pipeline/Particles/SimpleLit' not found
Refreshing native plugins compatible for Editor in 0.79 ms, found 0 plugins.
Preloading 0 native plugins for Editor in 0.00 ms.
Unloading 3009 Unused Serialized files (Serialized files now loaded: 0)
System memory in use before: 283.0 MB.
System memory in use after: 283.2 MB.

Unloading 9 unused Assets to reduce memory usage. Loaded Objects now: 4193.
Total: 3.766400 ms (FindLiveObjects: 0.337500 ms CreateObjectMapping: 0.167000 ms MarkObjects: 3.223600 ms  DeleteObjects: 0.037500 ms)

========================================================================
Received Import Request.
  Time since last request: 186.629466 seconds.
  path: Assets/2D Assets/Sprites/Josh/WizardIdle.png
  artifactKey: Guid(dd549874027fe934d8862242a396b925) Importer(815301076,1909f56bfc062723c751e8b465ee728b)
Start importing Assets/2D Assets/Sprites/Josh/WizardIdle.png using Guid(dd549874027fe934d8862242a396b925) Importer(815301076,1909f56bfc062723c751e8b465ee728b)  -> (artifact id: 'd1ffdefb20d962080475ee22c9acdbd1') in 0.168292 seconds 
========================================================================
Received Import Request.
  Time since last request: 0.000385 seconds.
  path: Assets/2D Assets/Medieval Warrior Pack/Animations
  artifactKey: Guid(867d8b154713d8645b708c3579caaf6b) Importer(815301076,1909f56bfc062723c751e8b465ee728b)
Start importing Assets/2D Assets/Medieval Warrior Pack/Animations using Guid(867d8b154713d8645b708c3579caaf6b) Importer(815301076,1909f56bfc062723c751e8b465ee728b)  -> (artifact id: 'dfd95efd15ad0a8edeb1f835871bced2') in 0.003003 seconds 
========================================================================
Received Import Request.
  Time since last request: 0.000609 seconds.
  path: Assets/2D Assets/Sprites/Josh/Wizard2_Death.png
  artifactKey: Guid(1302d55d8a00ef8488a4799129ffa2a9) Importer(815301076,1909f56bfc062723c751e8b465ee728b)
Start importing Assets/2D Assets/Sprites/Josh/Wizard2_Death.png using Guid(1302d55d8a00ef8488a4799129ffa2a9) Importer(815301076,1909f56bfc062723c751e8b465ee728b)  -> (artifact id: '529820ae79fb8fd5b22add37f3629987') in 0.104412 seconds 
========================================================================
Received Import Request.
  Time since last request: 0.000411 seconds.
  path: Assets/2D Assets/Sprites/Josh/Wizard1_Idle.png
  artifactKey: Guid(1f36a6b7437ff9e4dbb2e275525c27b5) Importer(815301076,1909f56bfc062723c751e8b465ee728b)
Start importing Assets/2D Assets/Sprites/Josh/Wizard1_Idle.png using Guid(1f36a6b7437ff9e4dbb2e275525c27b5) Importer(815301076,1909f56bfc062723c751e8b465ee728b)  -> (artifact id: 'd9bf73420ea4a1ce9f591df69ff7cf08') in 0.113918 seconds 
========================================================================
Received Import Request.
  Time since last request: 0.000722 seconds.
  path: Assets/2D Assets/Sprites/Josh/Wizard2_Idle.png
  artifactKey: Guid(0f589408238b8f04d8830d81c207a8ff) Importer(815301076,1909f56bfc062723c751e8b465ee728b)
Start importing Assets/2D Assets/Sprites/Josh/Wizard2_Idle.png using Guid(0f589408238b8f04d8830d81c207a8ff) Importer(815301076,1909f56bfc062723c751e8b465ee728b)  -> (artifact id: '8046879c194beac4d3a440dda739f87c') in 0.084772 seconds 
========================================================================
Received Import Request.
  Time since last request: 0.000956 seconds.
  path: Assets/2D Assets/Hero_Knight/Animations
  artifactKey: Guid(651093fd2c75ea94ba22f69897c9add3) Importer(815301076,1909f56bfc062723c751e8b465ee728b)
Start importing Assets/2D Assets/Hero_Knight/Animations using Guid(651093fd2c75ea94ba22f69897c9add3) Importer(815301076,1909f56bfc062723c751e8b465ee728b)  -> (artifact id: '7259530ba237b2797b9327e5bacf1dc3') in 0.010066 seconds 
========================================================================
Received Import Request.
  Time since last request: 0.000352 seconds.
  path: Assets/2D Assets/Sprites/Josh/Wizard_Death.png
  artifactKey: Guid(a9bfa0880f5537342b72cfa74f8b47aa) Importer(815301076,1909f56bfc062723c751e8b465ee728b)
Start importing Assets/2D Assets/Sprites/Josh/Wizard_Death.png using Guid(a9bfa0880f5537342b72cfa74f8b47aa) Importer(815301076,1909f56bfc062723c751e8b465ee728b)  -> (artifact id: '0ae41109ddd56a797952c47ee37e8d20') in 0.073991 seconds 
========================================================================
Received Import Request.
  Time since last request: 0.000585 seconds.
  path: Assets/3D Assets/FreeDragons/Animations
  artifactKey: Guid(16e415a8dc4a2c14191fdd1286652c36) Importer(815301076,1909f56bfc062723c751e8b465ee728b)
Start importing Assets/3D Assets/FreeDragons/Animations using Guid(16e415a8dc4a2c14191fdd1286652c36) Importer(815301076,1909f56bfc062723c751e8b465ee728b)  -> (artifact id: '5197c75d1d25201e77a5991c6ba4434d') in 0.004836 seconds 
========================================================================
Received Import Request.
  Time since last request: 0.000656 seconds.
  path: Assets/2D Assets/Sprites/Josh/Wizard1_Death.png
  artifactKey: Guid(9daa97f72585c964da9d5d9cb1e7fbf7) Importer(815301076,1909f56bfc062723c751e8b465ee728b)
Start importing Assets/2D Assets/Sprites/Josh/Wizard1_Death.png using Guid(9daa97f72585c964da9d5d9cb1e7fbf7) Importer(815301076,1909f56bfc062723c751e8b465ee728b)  -> (artifact id: '3515dfc8d7f8b107d74b2d2d955ee65d') in 0.080981 seconds 
========================================================================
Received Import Request.
  Time since last request: 8.372214 seconds.
  path: Assets/2D Assets/Animation
  artifactKey: Guid(89d916ab4c2de3a40a2eedf3adec4b81) Importer(815301076,1909f56bfc062723c751e8b465ee728b)
Start importing Assets/2D Assets/Animation using Guid(89d916ab4c2de3a40a2eedf3adec4b81) Importer(815301076,1909f56bfc062723c751e8b465ee728b)  -> (artifact id: '76473b1fa94977acadf386afab8e5121') in 0.005673 seconds 
========================================================================
Received Import Request.
  Time since last request: 141.282428 seconds.
  path: Assets/2D Assets/Animation/Townspeson1_anim.anim
  artifactKey: Guid(58c9beedf998b5b41a3764e1118c6116) Importer(815301076,1909f56bfc062723c751e8b465ee728b)
Start importing Assets/2D Assets/Animation/Townspeson1_anim.anim using Guid(58c9beedf998b5b41a3764e1118c6116) Importer(815301076,1909f56bfc062723c751e8b465ee728b)  -> (artifact id: 'fccbd06f6e43d16992a5c5a8df4f1661') in 0.005234 seconds 
========================================================================
Received Import Request.
  Time since last request: 4.278110 seconds.
  path: Assets/2D Assets/Animation/TempGoblin.controller
  artifactKey: Guid(249c4ee2ade3301479f8dc3aa69f67ea) Importer(815301076,1909f56bfc062723c751e8b465ee728b)
Start importing Assets/2D Assets/Animation/TempGoblin.controller using Guid(249c4ee2ade3301479f8dc3aa69f67ea) Importer(815301076,1909f56bfc062723c751e8b465ee728b)  -> (artifact id: 'e5ea971a613d1a73506b76e08217b386') in 0.005778 seconds 
========================================================================
Received Import Request.
  Time since last request: 0.552417 seconds.
  path: Assets/2D Assets/Animation/TempGoblin 1.controller
  artifactKey: Guid(0eee27efb6c776b41b971285ef4b9045) Importer(815301076,1909f56bfc062723c751e8b465ee728b)
Start importing Assets/2D Assets/Animation/TempGoblin 1.controller using Guid(0eee27efb6c776b41b971285ef4b9045) Importer(815301076,1909f56bfc062723c751e8b465ee728b)  -> (artifact id: 'f95c45698a44071e7addfb52eb400975') in 0.061562 seconds 
========================================================================
Received Import Request.
  Time since last request: 62.737499 seconds.
  path: Assets/2D Assets/Animation/Wizard1_Death.anim
  artifactKey: Guid(ee1db52681847fa45a5993b21af1de45) Importer(815301076,1909f56bfc062723c751e8b465ee728b)
Start importing Assets/2D Assets/Animation/Wizard1_Death.anim using Guid(ee1db52681847fa45a5993b21af1de45) Importer(815301076,1909f56bfc062723c751e8b465ee728b)  -> (artifact id: 'b47ad7b156c62905d72d2495fcf26720') in 0.032547 seconds 
========================================================================
Received Import Request.
  Time since last request: 82.802816 seconds.
  path: Assets/2D Assets/Sprites/Hans/Townsperson_0.controller
  artifactKey: Guid(e127913c33312f24b97bf2bc8b348848) Importer(815301076,1909f56bfc062723c751e8b465ee728b)
Start importing Assets/2D Assets/Sprites/Hans/Townsperson_0.controller using Guid(e127913c33312f24b97bf2bc8b348848) Importer(815301076,1909f56bfc062723c751e8b465ee728b)  -> (artifact id: '53ef6076f48d7b19c06715884bfe282f') in 0.004348 seconds 
========================================================================
Received Import Request.
  Time since last request: 0.733820 seconds.
  path: Assets/2D Assets/Sprites/Hans/townsperson_default.anim
  artifactKey: Guid(3dc886f1a06235f4da7b2d6715301692) Importer(815301076,1909f56bfc062723c751e8b465ee728b)
Start importing Assets/2D Assets/Sprites/Hans/townsperson_default.anim using Guid(3dc886f1a06235f4da7b2d6715301692) Importer(815301076,1909f56bfc062723c751e8b465ee728b)  -> (artifact id: '81c45193cc2b5bcc8d8ee1b46ba965bf') in 0.005439 seconds 
========================================================================
Received Prepare
Registering precompiled user dll's ...
Registered in 0.005335 seconds.
Begin MonoManager ReloadAssembly
Native extension for WindowsStandalone target not found
Native extension for WebGL target not found
Refreshing native plugins compatible for Editor in 1.10 ms, found 0 plugins.
Preloading 0 native plugins for Editor in 0.00 ms.
Mono: successfully reloaded assembly
- Completed reload, in  1.346 seconds
Platform modules already initialized, skipping
Shader 'Universal Render Pipeline/Particles/Lit': fallback shader 'Universal Render Pipeline/Particles/SimpleLit' not found
Refreshing native plugins compatible for Editor in 1.31 ms, found 0 plugins.
Preloading 0 native plugins for Editor in 0.00 ms.
Unloading 2992 Unused Serialized files (Serialized files now loaded: 0)
System memory in use before: 285.3 MB.
System memory in use after: 285.5 MB.

Unloading 5 unused Assets to reduce memory usage. Loaded Objects now: 4289.
Total: 7.074400 ms (FindLiveObjects: 0.538600 ms CreateObjectMapping: 0.307200 ms MarkObjects: 6.196100 ms  DeleteObjects: 0.030700 ms)

========================================================================
Received Prepare
Registering precompiled user dll's ...
Registered in 0.002407 seconds.
Begin MonoManager ReloadAssembly
Native extension for WindowsStandalone target not found
Native extension for WebGL target not found
Refreshing native plugins compatible for Editor in 0.72 ms, found 0 plugins.
Preloading 0 native plugins for Editor in 0.00 ms.
Mono: successfully reloaded assembly
- Completed reload, in  1.547 seconds
Platform modules already initialized, skipping
Shader 'Universal Render Pipeline/Particles/Lit': fallback shader 'Universal Render Pipeline/Particles/SimpleLit' not found
Refreshing native plugins compatible for Editor in 1.34 ms, found 0 plugins.
Preloading 0 native plugins for Editor in 0.00 ms.
Unloading 2986 Unused Serialized files (Serialized files now loaded: 0)
System memory in use before: 285.1 MB.
System memory in use after: 285.3 MB.

Unloading 5 unused Assets to reduce memory usage. Loaded Objects now: 4292.
Total: 16.796800 ms (FindLiveObjects: 1.466200 ms CreateObjectMapping: 0.853800 ms MarkObjects: 14.403800 ms  DeleteObjects: 0.065900 ms)

========================================================================
Received Import Request.
  Time since last request: 1600.490972 seconds.
  path: Assets/2D Assets/Sprites/Hans/Townsperson 2.png
  artifactKey: Guid(1ae5712269901fc498bc7de951c1c582) Importer(815301076,1909f56bfc062723c751e8b465ee728b)
Start importing Assets/2D Assets/Sprites/Hans/Townsperson 2.png using Guid(1ae5712269901fc498bc7de951c1c582) Importer(815301076,1909f56bfc062723c751e8b465ee728b)  -> (artifact id: '8fd28894be18102c84ef63c12a744312') in 0.042076 seconds 
========================================================================
Received Import Request.
  Time since last request: 9.882991 seconds.
  path: Assets/2D Assets/Sprites/Hans/Townsperson 2.png
  artifactKey: Guid(1ae5712269901fc498bc7de951c1c582) Importer(815301076,1909f56bfc062723c751e8b465ee728b)
Start importing Assets/2D Assets/Sprites/Hans/Townsperson 2.png using Guid(1ae5712269901fc498bc7de951c1c582) Importer(815301076,1909f56bfc062723c751e8b465ee728b)  -> (artifact id: 'e2cb10419c2d7831f8d0db29f3215d10') in 0.019005 seconds 
========================================================================
Received Import Request.
  Time since last request: 34.692701 seconds.
  path: Assets/2D Assets/Sprites/Hans/Townsperson 2.png
  artifactKey: Guid(1ae5712269901fc498bc7de951c1c582) Importer(815301076,1909f56bfc062723c751e8b465ee728b)
Start importing Assets/2D Assets/Sprites/Hans/Townsperson 2.png using Guid(1ae5712269901fc498bc7de951c1c582) Importer(815301076,1909f56bfc062723c751e8b465ee728b)  -> (artifact id: '97715173418f533d9be0b31157fe6584') in 0.059016 seconds 
========================================================================
Received Import Request.
  Time since last request: 69.801303 seconds.
  path: Assets/2D Assets/Sprites/Hans/Townsperson_0.controller
  artifactKey: Guid(e127913c33312f24b97bf2bc8b348848) Importer(815301076,1909f56bfc062723c751e8b465ee728b)
Start importing Assets/2D Assets/Sprites/Hans/Townsperson_0.controller using Guid(e127913c33312f24b97bf2bc8b348848) Importer(815301076,1909f56bfc062723c751e8b465ee728b)  -> (artifact id: '3a28661a75cce3617b23a5259ece67ae') in 0.009064 seconds 
========================================================================
Received Import Request.
  Time since last request: 0.625262 seconds.
  path: Assets/2D Assets/Sprites/Hans/Townsperson_0 1.controller
  artifactKey: Guid(1e599cf966e5e1e4f86886f8be211d75) Importer(815301076,1909f56bfc062723c751e8b465ee728b)
Start importing Assets/2D Assets/Sprites/Hans/Townsperson_0 1.controller using Guid(1e599cf966e5e1e4f86886f8be211d75) Importer(815301076,1909f56bfc062723c751e8b465ee728b)  -> (artifact id: 'c9770cd862b50c7cc0345deede9b3b5b') in 0.007315 seconds 
========================================================================
Received Import Request.
  Time since last request: 0.529909 seconds.
  path: Assets/2D Assets/Sprites/Hans/townsperson2_default.anim
  artifactKey: Guid(64061fbfa1030d7479a72ef3dcd4e5b5) Importer(815301076,1909f56bfc062723c751e8b465ee728b)
Start importing Assets/2D Assets/Sprites/Hans/townsperson2_default.anim using Guid(64061fbfa1030d7479a72ef3dcd4e5b5) Importer(815301076,1909f56bfc062723c751e8b465ee728b)  -> (artifact id: '7e0f325ee5375eee49b09f9227f6820f') in 0.005632 seconds 
========================================================================
Received Import Request.
  Time since last request: 7.317275 seconds.
  path: Assets/2D Assets/Sprites/Hans/townsperson_default.anim
  artifactKey: Guid(3dc886f1a06235f4da7b2d6715301692) Importer(815301076,1909f56bfc062723c751e8b465ee728b)
Start importing Assets/2D Assets/Sprites/Hans/townsperson_default.anim using Guid(3dc886f1a06235f4da7b2d6715301692) Importer(815301076,1909f56bfc062723c751e8b465ee728b)  -> (artifact id: '037c181afa928a882a115bb8bded2e5b') in 0.005474 seconds 
========================================================================
Received Import Request.
  Time since last request: 37.425014 seconds.
  path: Assets/2D Assets/Sprites/Hans/townsperson2_def.controller
  artifactKey: Guid(1e599cf966e5e1e4f86886f8be211d75) Importer(815301076,1909f56bfc062723c751e8b465ee728b)
Start importing Assets/2D Assets/Sprites/Hans/townsperson2_def.controller using Guid(1e599cf966e5e1e4f86886f8be211d75) Importer(815301076,1909f56bfc062723c751e8b465ee728b)  -> (artifact id: '1277eec3cff60f54c40aa7d95518983e') in 0.006950 seconds 
========================================================================
Received Import Request.
  Time since last request: 64.512911 seconds.
  path: Assets/2D Assets/Sprites/Hans/Townsperson 2_0.controller
  artifactKey: Guid(7646825e806783c4a857bfd477368dee) Importer(815301076,1909f56bfc062723c751e8b465ee728b)
Start importing Assets/2D Assets/Sprites/Hans/Townsperson 2_0.controller using Guid(7646825e806783c4a857bfd477368dee) Importer(815301076,1909f56bfc062723c751e8b465ee728b)  -> (artifact id: '58b4e778cb3a7a8e8ff4d2122010ac14') in 0.005873 seconds 
========================================================================
Received Import Request.
  Time since last request: 12.661788 seconds.
  path: Assets/2D Assets/Sprites/Hans/Animations
  artifactKey: Guid(0299d23b1e117c046b4fa1c3a2a4692f) Importer(815301076,1909f56bfc062723c751e8b465ee728b)
Start importing Assets/2D Assets/Sprites/Hans/Animations using Guid(0299d23b1e117c046b4fa1c3a2a4692f) Importer(815301076,1909f56bfc062723c751e8b465ee728b)  -> (artifact id: 'c798e2f7a86fb5b04f640816032f20ec') in 0.003939 seconds 
========================================================================
Received Prepare
Registering precompiled user dll's ...
Registered in 0.002702 seconds.
Begin MonoManager ReloadAssembly
Native extension for WindowsStandalone target not found
Native extension for WebGL target not found
Refreshing native plugins compatible for Editor in 0.69 ms, found 0 plugins.
Preloading 0 native plugins for Editor in 0.00 ms.
Mono: successfully reloaded assembly
- Completed reload, in  1.221 seconds
Platform modules already initialized, skipping
Shader 'Universal Render Pipeline/Particles/Lit': fallback shader 'Universal Render Pipeline/Particles/SimpleLit' not found
Refreshing native plugins compatible for Editor in 1.32 ms, found 0 plugins.
Preloading 0 native plugins for Editor in 0.00 ms.
Unloading 2987 Unused Serialized files (Serialized files now loaded: 0)
System memory in use before: 286.4 MB.
System memory in use after: 286.7 MB.

Unloading 5 unused Assets to reduce memory usage. Loaded Objects now: 4339.
Total: 6.970800 ms (FindLiveObjects: 0.663700 ms CreateObjectMapping: 0.384400 ms MarkObjects: 5.885500 ms  DeleteObjects: 0.034700 ms)

========================================================================
Received Prepare
Registering precompiled user dll's ...
Registered in 0.002458 seconds.
Begin MonoManager ReloadAssembly
Native extension for WindowsStandalone target not found
Native extension for WebGL target not found
Refreshing native plugins compatible for Editor in 0.68 ms, found 0 plugins.
Preloading 0 native plugins for Editor in 0.00 ms.
Mono: successfully reloaded assembly
- Completed reload, in  1.182 seconds
Platform modules already initialized, skipping
Shader 'Universal Render Pipeline/Particles/Lit': fallback shader 'Universal Render Pipeline/Particles/SimpleLit' not found
Refreshing native plugins compatible for Editor in 1.19 ms, found 0 plugins.
Preloading 0 native plugins for Editor in 0.00 ms.
Unloading 2986 Unused Serialized files (Serialized files now loaded: 0)
System memory in use before: 286.4 MB.
System memory in use after: 286.7 MB.

Unloading 5 unused Assets to reduce memory usage. Loaded Objects now: 4342.
Total: 6.285200 ms (FindLiveObjects: 0.647400 ms CreateObjectMapping: 0.501500 ms MarkObjects: 5.100700 ms  DeleteObjects: 0.033000 ms)

AssetImportWorkerClient::OnTransportError - code=2 error=End of file
