Using pre-set license
Built from '2021.1/release' branch; Version is '2021.1.4f1 (4cd64a618c1b) revision 5035594'; Using compiler version '192528614'; Build Type 'Release'
OS: 'Windows 10 Home; OS build 19042.985; Version 2009; 64bit' Language: 'en' Physical Memory: 12162 MB
BatchMode: 1, IsHumanControllingUs: 0, StartBugReporterOnCrash: 0, Is64bit: 1, IsPro: 0

 COMMAND LINE ARGUMENTS:
C:\Program Files\Unity\Hub\Editor\2021.1.4f1\Editor\Unity.exe
-adb2
-batchMode
-noUpm
-name
AssetImportWorker6
-projectPath
C:/Users/hansm/Github/Yoon/Project Yoon
-logFile
Logs/AssetImportWorker6.log
-srvPort
65302
Successfully changed project path to: C:/Users/hansm/Github/Yoon/Project Yoon
C:/Users/hansm/Github/Yoon/Project Yoon
Using Asset Import Pipeline V2.
Refreshing native plugins compatible for Editor in 77.86 ms, found 0 plugins.
Preloading 0 native plugins for Editor in 0.00 ms.
Initialize engine version: 2021.1.4f1 (4cd64a618c1b)
[Subsystems] Discovering subsystems at path C:/Program Files/Unity/Hub/Editor/2021.1.4f1/Editor/Data/Resources/UnitySubsystems
[Subsystems] Discovering subsystems at path C:/Users/hansm/Github/Yoon/Project Yoon/Assets
GfxDevice: creating device client; threaded=0; jobified=0
Direct3D:
    Version:  Direct3D 11.0 [level 11.1]
    Renderer: Intel(R) UHD Graphics 620 (ID=0x5917)
    Vendor:   Intel
    VRAM:     6081 MB
    Driver:   23.20.16.4849
Shader 'Universal Render Pipeline/Particles/Lit': fallback shader 'Universal Render Pipeline/Particles/SimpleLit' not found
Initialize mono
Mono path[0] = 'C:/Program Files/Unity/Hub/Editor/2021.1.4f1/Editor/Data/Managed'
Mono path[1] = 'C:/Program Files/Unity/Hub/Editor/2021.1.4f1/Editor/Data/MonoBleedingEdge/lib/mono/unityjit'
Mono config path = 'C:/Program Files/Unity/Hub/Editor/2021.1.4f1/Editor/Data/MonoBleedingEdge/etc'
Using monoOptions --debugger-agent=transport=dt_socket,embedding=1,server=y,suspend=n,address=127.0.0.1:56768
Begin MonoManager ReloadAssembly
Registering precompiled unity dll's ...
Register platform support module: C:/Program Files/Unity/Hub/Editor/2021.1.4f1/Editor/Data/PlaybackEngines/WebGLSupport/UnityEditor.WebGL.Extensions.dll
Register platform support module: C:/Program Files/Unity/Hub/Editor/2021.1.4f1/Editor/Data/PlaybackEngines/WindowsStandaloneSupport/UnityEditor.WindowsStandalone.Extensions.dll
Registered in 0.004646 seconds.
Native extension for WindowsStandalone target not found
Native extension for WebGL target not found
Refreshing native plugins compatible for Editor in 79.96 ms, found 0 plugins.
Preloading 0 native plugins for Editor in 0.00 ms.
Mono: successfully reloaded assembly
- Completed reload, in  1.860 seconds
Platform modules already initialized, skipping
Registering precompiled user dll's ...
Registered in 0.002835 seconds.
Begin MonoManager ReloadAssembly
Native extension for WindowsStandalone target not found
Native extension for WebGL target not found
Refreshing native plugins compatible for Editor in 80.00 ms, found 0 plugins.
Preloading 0 native plugins for Editor in 0.00 ms.
Mono: successfully reloaded assembly
- Completed reload, in  1.309 seconds
Platform modules already initialized, skipping
========================================================================
Worker process is ready to serve import requests
Shader 'Universal Render Pipeline/Particles/Lit': fallback shader 'Universal Render Pipeline/Particles/SimpleLit' not found
Launched and connected shader compiler UnityShaderCompiler.exe after 0.09 seconds
Refreshing native plugins compatible for Editor in 1.29 ms, found 0 plugins.
Preloading 0 native plugins for Editor in 0.00 ms.
Unloading 3140 Unused Serialized files (Serialized files now loaded: 0)
System memory in use before: 228.7 MB.
System memory in use after: 228.9 MB.

Unloading 12 unused Assets to reduce memory usage. Loaded Objects now: 3620.
Total: 5.680500 ms (FindLiveObjects: 0.588100 ms CreateObjectMapping: 0.411800 ms MarkObjects: 4.555300 ms  DeleteObjects: 0.122800 ms)

========================================================================
Received Import Request.
  path: Assets/Scenes/Town.unity
  artifactKey: Guid(e03c7f31c2132be449b4b7ddf1bb948a) Importer(815301076,1909f56bfc062723c751e8b465ee728b)
Start importing Assets/Scenes/Town.unity using Guid(e03c7f31c2132be449b4b7ddf1bb948a) Importer(815301076,1909f56bfc062723c751e8b465ee728b)  -> (artifact id: '110b33e89d6ce0a97fc0f65fcf7dea4f') in 0.025610 seconds 
========================================================================
Received Import Request.
  Time since last request: 161.212759 seconds.
  path: Assets/Scenes/FirstLevel.unity
  artifactKey: Guid(fe4e6c2f4ced25a4eaed4185581163a5) Importer(815301076,1909f56bfc062723c751e8b465ee728b)
Start importing Assets/Scenes/FirstLevel.unity using Guid(fe4e6c2f4ced25a4eaed4185581163a5) Importer(815301076,1909f56bfc062723c751e8b465ee728b)  -> (artifact id: '23d4dfbeacc77c3ff857e645e550f657') in 0.005174 seconds 
========================================================================
Received Import Request.
  Time since last request: 3.286281 seconds.
  path: Assets/Scenes/DragonLair.unity
  artifactKey: Guid(ecd9dfeb68a284db8a39307c1a0f1e81) Importer(815301076,1909f56bfc062723c751e8b465ee728b)
Start importing Assets/Scenes/DragonLair.unity using Guid(ecd9dfeb68a284db8a39307c1a0f1e81) Importer(815301076,1909f56bfc062723c751e8b465ee728b)  -> (artifact id: 'ffbf8472176e0e8fb7e063f686a4a3d8') in 0.007096 seconds 
========================================================================
Received Prepare
Registering precompiled user dll's ...
Registered in 0.002639 seconds.
Begin MonoManager ReloadAssembly
Native extension for WindowsStandalone target not found
Native extension for WebGL target not found
Refreshing native plugins compatible for Editor in 0.66 ms, found 0 plugins.
Preloading 0 native plugins for Editor in 0.00 ms.
Mono: successfully reloaded assembly
- Completed reload, in  1.138 seconds
Platform modules already initialized, skipping
Shader 'Universal Render Pipeline/Particles/Lit': fallback shader 'Universal Render Pipeline/Particles/SimpleLit' not found
Refreshing native plugins compatible for Editor in 1.37 ms, found 0 plugins.
Preloading 0 native plugins for Editor in 0.00 ms.
Unloading 2981 Unused Serialized files (Serialized files now loaded: 0)
System memory in use before: 216.7 MB.
System memory in use after: 217.0 MB.

Unloading 5 unused Assets to reduce memory usage. Loaded Objects now: 3623.
Total: 5.747400 ms (FindLiveObjects: 0.564800 ms CreateObjectMapping: 0.369100 ms MarkObjects: 4.774700 ms  DeleteObjects: 0.036900 ms)

AssetImportWorkerClient::OnTransportError - code=2 error=End of file
