Using pre-set license

 COMMAND LINE ARGUMENTS:
/Applications/Unity/Hub/Editor/2021.1.4f1/Unity.app/Contents/MacOS/Unity
-adb2
-batchMode
-noUpm
-name
AssetImportWorker0
-projectPath
/Users/loganlevitre/Desktop/Unity/CIS-410/Yoon/Project Yoon
-logFile
Logs/AssetImportWorker0.log
-srvPort
60430
Successfully changed project path to: /Users/loganlevitre/Desktop/Unity/CIS-410/Yoon/Project Yoon
/Users/loganlevitre/Desktop/Unity/CIS-410/Yoon/Project Yoon
Using Asset Import Pipeline V2.
Refreshing native plugins compatible for Editor in 69.81 ms, found 1 plugins.
Preloading 0 native plugins for Editor in 0.00 ms.
Initialize engine version: 2021.1.4f1 (4cd64a618c1b)
[Subsystems] Discovering subsystems at path /Applications/Unity/Hub/Editor/2021.1.4f1/Unity.app/Contents/Resources/UnitySubsystems
[Subsystems] Discovering subsystems at path /Users/loganlevitre/Desktop/Unity/CIS-410/Yoon/Project Yoon/Assets
GfxDevice: creating device client; threaded=0; jobified=0
2021-05-17 19:25:17.349 Unity[73274:2516699] Color LCD preferred device: Intel(R) UHD Graphics 630 (low power)
2021-05-17 19:25:17.349 Unity[73274:2516699] Metal devices available: 2
2021-05-17 19:25:17.349 Unity[73274:2516699] 0: AMD Radeon Pro 5500M (high power)
2021-05-17 19:25:17.349 Unity[73274:2516699] 1: Intel(R) UHD Graphics 630 (low power)
2021-05-17 19:25:17.349 Unity[73274:2516699] Using device AMD Radeon Pro 5500M (high power)
Initializing Metal device caps: AMD Radeon Pro 5500M
Shader 'Universal Render Pipeline/Particles/Lit': fallback shader 'Universal Render Pipeline/Particles/SimpleLit' not found
Initialize mono
Mono path[0] = '/Applications/Unity/Hub/Editor/2021.1.4f1/Unity.app/Contents/Managed'
Mono path[1] = '/Applications/Unity/Hub/Editor/2021.1.4f1/Unity.app/Contents/MonoBleedingEdge/lib/mono/unityjit'
Mono config path = '/Applications/Unity/Hub/Editor/2021.1.4f1/Unity.app/Contents/MonoBleedingEdge/etc'
Using monoOptions --debugger-agent=transport=dt_socket,embedding=1,server=y,suspend=n,address=127.0.0.1:56274
Begin MonoManager ReloadAssembly
Registering precompiled unity dll's ...
Register platform support module: /Applications/Unity/Hub/Editor/2021.1.4f1/PlaybackEngines/WebGLSupport/UnityEditor.WebGL.Extensions.dll
Register platform support module: /Applications/Unity/Hub/Editor/2021.1.4f1/Unity.app/Contents/PlaybackEngines/MacStandaloneSupport/UnityEditor.OSXStandalone.Extensions.dll
Register platform support module: /Applications/Unity/Hub/Editor/2021.1.4f1/PlaybackEngines/WindowsStandaloneSupport/UnityEditor.WindowsStandalone.Extensions.dll
Registered in 0.001071 seconds.
Native extension for WindowsStandalone target not found
Native extension for OSXStandalone target not found
Native extension for WebGL target not found
Refreshing native plugins compatible for Editor in 58.87 ms, found 1 plugins.
Preloading 0 native plugins for Editor in 0.00 ms.
Mono: successfully reloaded assembly
- Completed reload, in  3.118 seconds
Platform modules already initialized, skipping
Registering precompiled user dll's ...
Registered in 0.000848 seconds.
Begin MonoManager ReloadAssembly
Native extension for WindowsStandalone target not found
Native extension for OSXStandalone target not found
Native extension for WebGL target not found
Refreshing native plugins compatible for Editor in 63.03 ms, found 1 plugins.
Preloading 0 native plugins for Editor in 0.00 ms.
Mono: successfully reloaded assembly
- Completed reload, in  1.279 seconds
Platform modules already initialized, skipping
========================================================================
Worker process is ready to serve import requests
Shader 'Universal Render Pipeline/Particles/Lit': fallback shader 'Universal Render Pipeline/Particles/SimpleLit' not found
Launching external process: /Applications/Unity/Hub/Editor/2021.1.4f1/Unity.app/Contents/Tools/UnityShaderCompiler
Launched and connected shader compiler UnityShaderCompiler after 0.02 seconds
Refreshing native plugins compatible for Editor in 0.58 ms, found 1 plugins.
Preloading 0 native plugins for Editor in 0.00 ms.
Unloading 2991 Unused Serialized files (Serialized files now loaded: 0)
System memory in use before: 320.0 MB.
System memory in use after: 320.2 MB.

Unloading 12 unused Assets to reduce memory usage. Loaded Objects now: 3470.
Total: 3.041652 ms (FindLiveObjects: 0.277259 ms CreateObjectMapping: 0.151654 ms MarkObjects: 2.501501 ms  DeleteObjects: 0.110272 ms)

========================================================================
Received Import Request.
  path: Assets/Scripts/UI/PauseManager.cs
  artifactKey: Guid(f084e2b96453a2d4595f30ac249e695f) Importer(815301076,1909f56bfc062723c751e8b465ee728b)
Start importing Assets/Scripts/UI/PauseManager.cs using Guid(f084e2b96453a2d4595f30ac249e695f) Importer(815301076,1909f56bfc062723c751e8b465ee728b)  -> (artifact id: '973d1d8c419bc5eec5425817041b0f3a') in 0.380278 seconds 
========================================================================
Received Prepare
Registering precompiled user dll's ...
Registered in 0.001007 seconds.
Begin MonoManager ReloadAssembly
Native extension for WindowsStandalone target not found
Native extension for OSXStandalone target not found
Native extension for WebGL target not found
Refreshing native plugins compatible for Editor in 0.60 ms, found 1 plugins.
Preloading 0 native plugins for Editor in 0.00 ms.
Mono: successfully reloaded assembly
- Completed reload, in  1.391 seconds
Platform modules already initialized, skipping
Shader 'Universal Render Pipeline/Particles/Lit': fallback shader 'Universal Render Pipeline/Particles/SimpleLit' not found
Refreshing native plugins compatible for Editor in 0.51 ms, found 1 plugins.
Preloading 0 native plugins for Editor in 0.00 ms.
Unloading 2864 Unused Serialized files (Serialized files now loaded: 0)
System memory in use before: 316.4 MB.
System memory in use after: 316.7 MB.

Unloading 5 unused Assets to reduce memory usage. Loaded Objects now: 3473.
Total: 2.790461 ms (FindLiveObjects: 0.274734 ms CreateObjectMapping: 0.159305 ms MarkObjects: 2.329747 ms  DeleteObjects: 0.025989 ms)

========================================================================
Received Import Request.
  Time since last request: 249.500512 seconds.
  path: Assets/Scripts/UI/PauseManager.cs
  artifactKey: Guid(f084e2b96453a2d4595f30ac249e695f) Importer(815301076,1909f56bfc062723c751e8b465ee728b)
Start importing Assets/Scripts/UI/PauseManager.cs using Guid(f084e2b96453a2d4595f30ac249e695f) Importer(815301076,1909f56bfc062723c751e8b465ee728b)  -> (artifact id: '7e71f1dd8242e3751b6511bee6894a35') in 0.005530 seconds 
========================================================================
Received Prepare
Registering precompiled user dll's ...
Registered in 0.000903 seconds.
Begin MonoManager ReloadAssembly
Native extension for WindowsStandalone target not found
Native extension for OSXStandalone target not found
Native extension for WebGL target not found
Refreshing native plugins compatible for Editor in 0.78 ms, found 1 plugins.
Preloading 0 native plugins for Editor in 0.00 ms.
Mono: successfully reloaded assembly
- Completed reload, in  1.242 seconds
Platform modules already initialized, skipping
Shader 'Universal Render Pipeline/Particles/Lit': fallback shader 'Universal Render Pipeline/Particles/SimpleLit' not found
Refreshing native plugins compatible for Editor in 0.63 ms, found 1 plugins.
Preloading 0 native plugins for Editor in 0.00 ms.
Unloading 2864 Unused Serialized files (Serialized files now loaded: 0)
System memory in use before: 317.6 MB.
System memory in use after: 317.9 MB.

Unloading 5 unused Assets to reduce memory usage. Loaded Objects now: 3476.
Total: 2.510333 ms (FindLiveObjects: 0.229093 ms CreateObjectMapping: 0.115325 ms MarkObjects: 2.148668 ms  DeleteObjects: 0.016475 ms)

========================================================================
Received Import Request.
  Time since last request: 152.486097 seconds.
  path: Assets/Scripts/Player/CinemachinePOVExt.cs
  artifactKey: Guid(4764482c3ddc4df4fac672bb7811a5bc) Importer(815301076,1909f56bfc062723c751e8b465ee728b)
Start importing Assets/Scripts/Player/CinemachinePOVExt.cs using Guid(4764482c3ddc4df4fac672bb7811a5bc) Importer(815301076,1909f56bfc062723c751e8b465ee728b)  -> (artifact id: 'ac4ba4266ae174f4d69e23326700a5e8') in 0.008648 seconds 
========================================================================
Received Prepare
Registering precompiled user dll's ...
Registered in 0.000970 seconds.
Begin MonoManager ReloadAssembly
Native extension for WindowsStandalone target not found
Native extension for OSXStandalone target not found
Native extension for WebGL target not found
Refreshing native plugins compatible for Editor in 0.59 ms, found 1 plugins.
Preloading 0 native plugins for Editor in 0.00 ms.
Mono: successfully reloaded assembly
- Completed reload, in  1.291 seconds
Platform modules already initialized, skipping
Shader 'Universal Render Pipeline/Particles/Lit': fallback shader 'Universal Render Pipeline/Particles/SimpleLit' not found
Refreshing native plugins compatible for Editor in 0.58 ms, found 1 plugins.
Preloading 0 native plugins for Editor in 0.00 ms.
Unloading 2864 Unused Serialized files (Serialized files now loaded: 0)
System memory in use before: 318.8 MB.
System memory in use after: 319.0 MB.

Unloading 5 unused Assets to reduce memory usage. Loaded Objects now: 3479.
Total: 2.618712 ms (FindLiveObjects: 0.231346 ms CreateObjectMapping: 0.128132 ms MarkObjects: 2.244075 ms  DeleteObjects: 0.014026 ms)

========================================================================
Received Prepare
Registering precompiled user dll's ...
Registered in 0.003864 seconds.
Begin MonoManager ReloadAssembly
Native extension for WindowsStandalone target not found
Native extension for OSXStandalone target not found
Native extension for WebGL target not found
Refreshing native plugins compatible for Editor in 0.54 ms, found 1 plugins.
Preloading 0 native plugins for Editor in 0.00 ms.
Mono: successfully reloaded assembly
- Completed reload, in  1.337 seconds
Platform modules already initialized, skipping
Shader 'Universal Render Pipeline/Particles/Lit': fallback shader 'Universal Render Pipeline/Particles/SimpleLit' not found
Refreshing native plugins compatible for Editor in 0.53 ms, found 1 plugins.
Preloading 0 native plugins for Editor in 0.00 ms.
Unloading 2864 Unused Serialized files (Serialized files now loaded: 0)
System memory in use before: 319.9 MB.
System memory in use after: 320.1 MB.

Unloading 5 unused Assets to reduce memory usage. Loaded Objects now: 3482.
Total: 2.950400 ms (FindLiveObjects: 0.232194 ms CreateObjectMapping: 0.151975 ms MarkObjects: 2.547732 ms  DeleteObjects: 0.017590 ms)

========================================================================
Received Prepare
Registering precompiled user dll's ...
Registered in 0.000897 seconds.
Begin MonoManager ReloadAssembly
Native extension for WindowsStandalone target not found
Native extension for OSXStandalone target not found
Native extension for WebGL target not found
Refreshing native plugins compatible for Editor in 0.55 ms, found 1 plugins.
Preloading 0 native plugins for Editor in 0.00 ms.
Mono: successfully reloaded assembly
- Completed reload, in  1.215 seconds
Platform modules already initialized, skipping
Shader 'Universal Render Pipeline/Particles/Lit': fallback shader 'Universal Render Pipeline/Particles/SimpleLit' not found
Refreshing native plugins compatible for Editor in 0.55 ms, found 1 plugins.
Preloading 0 native plugins for Editor in 0.00 ms.
Unloading 2864 Unused Serialized files (Serialized files now loaded: 0)
System memory in use before: 321.0 MB.
System memory in use after: 321.2 MB.

Unloading 5 unused Assets to reduce memory usage. Loaded Objects now: 3485.
Total: 2.702257 ms (FindLiveObjects: 0.259156 ms CreateObjectMapping: 0.150501 ms MarkObjects: 2.273437 ms  DeleteObjects: 0.017642 ms)

========================================================================
Received Prepare
Registering precompiled user dll's ...
Registered in 0.004977 seconds.
Begin MonoManager ReloadAssembly
Native extension for WindowsStandalone target not found
Native extension for OSXStandalone target not found
Native extension for WebGL target not found
Refreshing native plugins compatible for Editor in 0.53 ms, found 1 plugins.
Preloading 0 native plugins for Editor in 0.00 ms.
Mono: successfully reloaded assembly
- Completed reload, in  1.155 seconds
Platform modules already initialized, skipping
Shader 'Universal Render Pipeline/Particles/Lit': fallback shader 'Universal Render Pipeline/Particles/SimpleLit' not found
Refreshing native plugins compatible for Editor in 0.54 ms, found 1 plugins.
Preloading 0 native plugins for Editor in 0.00 ms.
Unloading 2864 Unused Serialized files (Serialized files now loaded: 0)
System memory in use before: 322.1 MB.
System memory in use after: 322.4 MB.

Unloading 5 unused Assets to reduce memory usage. Loaded Objects now: 3488.
Total: 2.797068 ms (FindLiveObjects: 0.240959 ms CreateObjectMapping: 0.159164 ms MarkObjects: 2.380726 ms  DeleteObjects: 0.015286 ms)

========================================================================
Received Prepare
Registering precompiled user dll's ...
Registered in 0.000904 seconds.
Begin MonoManager ReloadAssembly
Native extension for WindowsStandalone target not found
Native extension for OSXStandalone target not found
Native extension for WebGL target not found
Refreshing native plugins compatible for Editor in 0.69 ms, found 1 plugins.
Preloading 0 native plugins for Editor in 0.00 ms.
Mono: successfully reloaded assembly
- Completed reload, in  1.233 seconds
Platform modules already initialized, skipping
Shader 'Universal Render Pipeline/Particles/Lit': fallback shader 'Universal Render Pipeline/Particles/SimpleLit' not found
Refreshing native plugins compatible for Editor in 0.65 ms, found 1 plugins.
Preloading 0 native plugins for Editor in 0.00 ms.
Unloading 2864 Unused Serialized files (Serialized files now loaded: 0)
System memory in use before: 323.2 MB.
System memory in use after: 323.5 MB.

Unloading 5 unused Assets to reduce memory usage. Loaded Objects now: 3491.
Total: 2.324780 ms (FindLiveObjects: 0.221698 ms CreateObjectMapping: 0.134156 ms MarkObjects: 1.956302 ms  DeleteObjects: 0.011872 ms)

========================================================================
Received Prepare
Registering precompiled user dll's ...
Registered in 0.004992 seconds.
Begin MonoManager ReloadAssembly
Native extension for WindowsStandalone target not found
Native extension for OSXStandalone target not found
Native extension for WebGL target not found
Refreshing native plugins compatible for Editor in 0.60 ms, found 1 plugins.
Preloading 0 native plugins for Editor in 0.00 ms.
Mono: successfully reloaded assembly
- Completed reload, in  1.270 seconds
Platform modules already initialized, skipping
Shader 'Universal Render Pipeline/Particles/Lit': fallback shader 'Universal Render Pipeline/Particles/SimpleLit' not found
Refreshing native plugins compatible for Editor in 0.53 ms, found 1 plugins.
Preloading 0 native plugins for Editor in 0.00 ms.
Unloading 2864 Unused Serialized files (Serialized files now loaded: 0)
System memory in use before: 324.4 MB.
System memory in use after: 324.6 MB.

Unloading 5 unused Assets to reduce memory usage. Loaded Objects now: 3494.
Total: 3.134872 ms (FindLiveObjects: 0.236844 ms CreateObjectMapping: 0.159222 ms MarkObjects: 2.721307 ms  DeleteObjects: 0.016563 ms)

========================================================================
Received Prepare
Registering precompiled user dll's ...
Registered in 0.000982 seconds.
Begin MonoManager ReloadAssembly
Native extension for WindowsStandalone target not found
Native extension for OSXStandalone target not found
Native extension for WebGL target not found
Refreshing native plugins compatible for Editor in 0.58 ms, found 1 plugins.
Preloading 0 native plugins for Editor in 0.00 ms.
Mono: successfully reloaded assembly
- Completed reload, in  1.250 seconds
Platform modules already initialized, skipping
Shader 'Universal Render Pipeline/Particles/Lit': fallback shader 'Universal Render Pipeline/Particles/SimpleLit' not found
Refreshing native plugins compatible for Editor in 0.95 ms, found 1 plugins.
Preloading 0 native plugins for Editor in 0.00 ms.
Unloading 2864 Unused Serialized files (Serialized files now loaded: 0)
System memory in use before: 325.5 MB.
System memory in use after: 325.7 MB.

Unloading 5 unused Assets to reduce memory usage. Loaded Objects now: 3497.
Total: 2.575206 ms (FindLiveObjects: 0.299162 ms CreateObjectMapping: 0.169701 ms MarkObjects: 2.090863 ms  DeleteObjects: 0.014701 ms)

========================================================================
Received Prepare
Registering precompiled user dll's ...
Registered in 0.001095 seconds.
Begin MonoManager ReloadAssembly
Native extension for WindowsStandalone target not found
Native extension for OSXStandalone target not found
Native extension for WebGL target not found
Refreshing native plugins compatible for Editor in 0.57 ms, found 1 plugins.
Preloading 0 native plugins for Editor in 0.00 ms.
Mono: successfully reloaded assembly
- Completed reload, in  1.242 seconds
Platform modules already initialized, skipping
Shader 'Universal Render Pipeline/Particles/Lit': fallback shader 'Universal Render Pipeline/Particles/SimpleLit' not found
Refreshing native plugins compatible for Editor in 0.51 ms, found 1 plugins.
Preloading 0 native plugins for Editor in 0.00 ms.
Unloading 2864 Unused Serialized files (Serialized files now loaded: 0)
System memory in use before: 326.6 MB.
System memory in use after: 326.8 MB.

Unloading 5 unused Assets to reduce memory usage. Loaded Objects now: 3500.
Total: 2.342908 ms (FindLiveObjects: 0.201880 ms CreateObjectMapping: 0.118861 ms MarkObjects: 2.007721 ms  DeleteObjects: 0.013746 ms)

========================================================================
Received Prepare
Registering precompiled user dll's ...
Registered in 0.000982 seconds.
Begin MonoManager ReloadAssembly
Native extension for WindowsStandalone target not found
Native extension for OSXStandalone target not found
Native extension for WebGL target not found
Refreshing native plugins compatible for Editor in 0.63 ms, found 1 plugins.
Preloading 0 native plugins for Editor in 0.00 ms.
Mono: successfully reloaded assembly
- Completed reload, in  1.355 seconds
Platform modules already initialized, skipping
Shader 'Universal Render Pipeline/Particles/Lit': fallback shader 'Universal Render Pipeline/Particles/SimpleLit' not found
Refreshing native plugins compatible for Editor in 0.51 ms, found 1 plugins.
Preloading 0 native plugins for Editor in 0.00 ms.
Unloading 2864 Unused Serialized files (Serialized files now loaded: 0)
System memory in use before: 327.7 MB.
System memory in use after: 327.9 MB.

Unloading 5 unused Assets to reduce memory usage. Loaded Objects now: 3503.
Total: 2.361276 ms (FindLiveObjects: 0.224998 ms CreateObjectMapping: 0.138198 ms MarkObjects: 1.976231 ms  DeleteObjects: 0.021111 ms)

========================================================================
Received Prepare
Shader 'Universal Render Pipeline/Particles/Lit': fallback shader 'Universal Render Pipeline/Particles/SimpleLit' not found
Refreshing native plugins compatible for Editor in 2.42 ms, found 1 plugins.
Preloading 0 native plugins for Editor in 0.00 ms.
Unloading 3 Unused Serialized files (Serialized files now loaded: 0)
System memory in use before: 272.3 MB.
System memory in use after: 272.6 MB.

Unloading 3 unused Assets to reduce memory usage. Loaded Objects now: 3503.
Total: 2.831664 ms (FindLiveObjects: 0.252882 ms CreateObjectMapping: 0.150913 ms MarkObjects: 2.413179 ms  DeleteObjects: 0.013974 ms)

========================================================================
Received Import Request.
  Time since last request: 2739.767691 seconds.
  path: Assets/Scenes/MainMenu.unity
  artifactKey: Guid(97f6a1dfd362fc6478724495117e2389) Importer(815301076,1909f56bfc062723c751e8b465ee728b)
Start importing Assets/Scenes/MainMenu.unity using Guid(97f6a1dfd362fc6478724495117e2389) Importer(815301076,1909f56bfc062723c751e8b465ee728b)  -> (artifact id: 'a6d9fc6d902bd73dc12ecc7a06076bb9') in 0.171217 seconds 
========================================================================
Received Import Request.
  Time since last request: 27.028847 seconds.
  path: Assets/Scripts/UI/MainMenuManager.cs
  artifactKey: Guid(ad0d131404cef7140bedf3057aeda467) Importer(815301076,1909f56bfc062723c751e8b465ee728b)
Start importing Assets/Scripts/UI/MainMenuManager.cs using Guid(ad0d131404cef7140bedf3057aeda467) Importer(815301076,1909f56bfc062723c751e8b465ee728b)  -> (artifact id: '542f288ffec16d6f1efbba8093701642') in 0.020886 seconds 
========================================================================
Received Prepare
Registering precompiled user dll's ...
Registered in 0.001086 seconds.
Begin MonoManager ReloadAssembly
Native extension for WindowsStandalone target not found
Native extension for OSXStandalone target not found
Native extension for WebGL target not found
Refreshing native plugins compatible for Editor in 0.64 ms, found 1 plugins.
Preloading 0 native plugins for Editor in 0.00 ms.
Mono: successfully reloaded assembly
- Completed reload, in  1.467 seconds
Platform modules already initialized, skipping
Shader 'Universal Render Pipeline/Particles/Lit': fallback shader 'Universal Render Pipeline/Particles/SimpleLit' not found
Refreshing native plugins compatible for Editor in 0.55 ms, found 1 plugins.
Preloading 0 native plugins for Editor in 0.00 ms.
Unloading 2864 Unused Serialized files (Serialized files now loaded: 0)
System memory in use before: 330.2 MB.
System memory in use after: 330.4 MB.

Unloading 5 unused Assets to reduce memory usage. Loaded Objects now: 3506.
Total: 3.065671 ms (FindLiveObjects: 0.275229 ms CreateObjectMapping: 0.148013 ms MarkObjects: 2.610158 ms  DeleteObjects: 0.031295 ms)

========================================================================
Received Import Request.
  Time since last request: 35.648969 seconds.
  path: Assets/Scripts/UI/PauseManager.cs
  artifactKey: Guid(f084e2b96453a2d4595f30ac249e695f) Importer(815301076,1909f56bfc062723c751e8b465ee728b)
Start importing Assets/Scripts/UI/PauseManager.cs using Guid(f084e2b96453a2d4595f30ac249e695f) Importer(815301076,1909f56bfc062723c751e8b465ee728b)  -> (artifact id: 'ac59006c8db9f068491f40eff1e5d255') in 0.005326 seconds 
========================================================================
Received Prepare
Shader 'Universal Render Pipeline/Particles/Lit': fallback shader 'Universal Render Pipeline/Particles/SimpleLit' not found
Refreshing native plugins compatible for Editor in 0.99 ms, found 1 plugins.
Preloading 0 native plugins for Editor in 0.00 ms.
Unloading 3 Unused Serialized files (Serialized files now loaded: 0)
System memory in use before: 274.4 MB.
System memory in use after: 274.7 MB.

Unloading 3 unused Assets to reduce memory usage. Loaded Objects now: 3506.
Total: 2.802117 ms (FindLiveObjects: 0.227129 ms CreateObjectMapping: 0.140960 ms MarkObjects: 2.419262 ms  DeleteObjects: 0.014007 ms)

========================================================================
Received Import Request.
  Time since last request: 578.623783 seconds.
  path: Assets/Settings/ForwardRenderer.asset
  artifactKey: Guid(4a8e21d5c33334b11b34a596161b9360) Importer(815301076,1909f56bfc062723c751e8b465ee728b)
Start importing Assets/Settings/ForwardRenderer.asset using Guid(4a8e21d5c33334b11b34a596161b9360) Importer(815301076,1909f56bfc062723c751e8b465ee728b)  -> (artifact id: '0d4f084a27871e16799d000d00513ca0') in 1.048728 seconds 
========================================================================
Received Import Request.
  Time since last request: 0.000268 seconds.
  path: Assets/Settings/SampleSceneProfile.asset
  artifactKey: Guid(10fc4df2da32a41aaa32d77bc913491c) Importer(815301076,1909f56bfc062723c751e8b465ee728b)
Start importing Assets/Settings/SampleSceneProfile.asset using Guid(10fc4df2da32a41aaa32d77bc913491c) Importer(815301076,1909f56bfc062723c751e8b465ee728b)  -> (artifact id: '46304ee41492896f80d67946cf7e75e9') in 0.031958 seconds 
========================================================================
Received Import Request.
  Time since last request: 0.000926 seconds.
  path: Assets/Settings/UniversalRP-LowQuality.asset
  artifactKey: Guid(a31e9f9f9c9d4b9429ed0d1234e22103) Importer(815301076,1909f56bfc062723c751e8b465ee728b)
Start importing Assets/Settings/UniversalRP-LowQuality.asset using Guid(a31e9f9f9c9d4b9429ed0d1234e22103) Importer(815301076,1909f56bfc062723c751e8b465ee728b)  -> (artifact id: 'db9e5f771b4e59763729f30150eea90b') in 0.003704 seconds 
========================================================================
Received Import Request.
  Time since last request: 0.000307 seconds.
  path: Assets/Settings/UniversalRP-MediumQuality.asset
  artifactKey: Guid(d847b876476d3d6468f5dfcd34266f96) Importer(815301076,1909f56bfc062723c751e8b465ee728b)
Start importing Assets/Settings/UniversalRP-MediumQuality.asset using Guid(d847b876476d3d6468f5dfcd34266f96) Importer(815301076,1909f56bfc062723c751e8b465ee728b)  -> (artifact id: 'e34c17384730d7cf7e87e1fe2743ff39') in 0.003258 seconds 
========================================================================
Received Import Request.
  Time since last request: 0.000187 seconds.
  path: Assets/Settings/UniversalRP-HighQuality.asset
  artifactKey: Guid(19ba41d7c0026c3459d37c2fe90c55a0) Importer(815301076,1909f56bfc062723c751e8b465ee728b)
Start importing Assets/Settings/UniversalRP-HighQuality.asset using Guid(19ba41d7c0026c3459d37c2fe90c55a0) Importer(815301076,1909f56bfc062723c751e8b465ee728b)  -> (artifact id: 'fab7f39940eb3eaf9786c77c51d085a9') in 0.003887 seconds 
========================================================================
Received Import Request.
  Time since last request: 5.673284 seconds.
  path: Assets/Scenes/POC
  artifactKey: Guid(75cc6bd6fa9003245840663525745398) Importer(815301076,1909f56bfc062723c751e8b465ee728b)
Start importing Assets/Scenes/POC using Guid(75cc6bd6fa9003245840663525745398) Importer(815301076,1909f56bfc062723c751e8b465ee728b)  -> (artifact id: 'efca9f62fc0c730a9f84b22b8009be1c') in 0.002124 seconds 
========================================================================
Received Import Request.
  Time since last request: 0.168454 seconds.
  path: Assets/Scenes/POC/NavMesh.asset
  artifactKey: Guid(ccfe88ef9d461b348abb9970ae6df06f) Importer(815301076,1909f56bfc062723c751e8b465ee728b)
Start importing Assets/Scenes/POC/NavMesh.asset using Guid(ccfe88ef9d461b348abb9970ae6df06f) Importer(815301076,1909f56bfc062723c751e8b465ee728b)  -> (artifact id: 'f3373a43594d6753ecee415e10f97ab5') in 0.004750 seconds 
========================================================================
Received Import Request.
  Time since last request: 5.679262 seconds.
  path: Assets/Materials/Buildings_Map_1A.mat
  artifactKey: Guid(8772de9a14ac3b049b52de6f803b7c94) Importer(815301076,1909f56bfc062723c751e8b465ee728b)
Start importing Assets/Materials/Buildings_Map_1A.mat using Guid(8772de9a14ac3b049b52de6f803b7c94) Importer(815301076,1909f56bfc062723c751e8b465ee728b)  -> (artifact id: '48c203d9dc65a425dbaae546fdc41d52') in 1.015604 seconds 
========================================================================
Received Import Request.
  Time since last request: 0.000215 seconds.
  path: Assets/Materials/vegetation_toon3.mat
  artifactKey: Guid(e9914b30d6064774a85b154e910741ac) Importer(815301076,1909f56bfc062723c751e8b465ee728b)
Start importing Assets/Materials/vegetation_toon3.mat using Guid(e9914b30d6064774a85b154e910741ac) Importer(815301076,1909f56bfc062723c751e8b465ee728b)  -> (artifact id: '338f0077619e457a1937574f2910364b') in 0.018414 seconds 
========================================================================
Received Import Request.
  Time since last request: 0.000301 seconds.
  path: Assets/Materials/Invisable.mat
  artifactKey: Guid(a14fb65dac45a0747bbe8b5600e71163) Importer(815301076,1909f56bfc062723c751e8b465ee728b)
Start importing Assets/Materials/Invisable.mat using Guid(a14fb65dac45a0747bbe8b5600e71163) Importer(815301076,1909f56bfc062723c751e8b465ee728b)  -> (artifact id: '36be3fa22dfd3302182d23c070985551') in 0.018120 seconds 
========================================================================
Received Import Request.
  Time since last request: 0.000268 seconds.
  path: Assets/Materials/grass01_autumn.mat
  artifactKey: Guid(782dbbe4a28d1c145ac21cb6560aabe5) Importer(815301076,1909f56bfc062723c751e8b465ee728b)
Start importing Assets/Materials/grass01_autumn.mat using Guid(782dbbe4a28d1c145ac21cb6560aabe5) Importer(815301076,1909f56bfc062723c751e8b465ee728b)  -> (artifact id: 'e3d052fd617d28cf7a71e3a37a65aa25') in 0.013729 seconds 
========================================================================
Received Import Request.
  Time since last request: 0.000215 seconds.
  path: Assets/Materials/Skybox_Mat.mat
  artifactKey: Guid(0ffaa0b7117ba8c47a9d05ae701d4b4d) Importer(815301076,1909f56bfc062723c751e8b465ee728b)
Start importing Assets/Materials/Skybox_Mat.mat using Guid(0ffaa0b7117ba8c47a9d05ae701d4b4d) Importer(815301076,1909f56bfc062723c751e8b465ee728b)  -> (artifact id: 'fd321dde67a102dc94c737d42bd7a757') in 0.369025 seconds 
========================================================================
Received Import Request.
  Time since last request: 0.000793 seconds.
  path: Assets/Materials/Town Houses UV.mat
  artifactKey: Guid(9034bf370b7196643a62739e1eb9b7dc) Importer(815301076,1909f56bfc062723c751e8b465ee728b)
Start importing Assets/Materials/Town Houses UV.mat using Guid(9034bf370b7196643a62739e1eb9b7dc) Importer(815301076,1909f56bfc062723c751e8b465ee728b)  -> (artifact id: 'dccdfa5a52b56d68f15917ccec8b98ff') in 0.018428 seconds 
========================================================================
Received Import Request.
  Time since last request: 0.000199 seconds.
  path: Assets/Materials/grass02.mat
  artifactKey: Guid(cb46c9f0562819a4e851fb4ba8efd46c) Importer(815301076,1909f56bfc062723c751e8b465ee728b)
Start importing Assets/Materials/grass02.mat using Guid(cb46c9f0562819a4e851fb4ba8efd46c) Importer(815301076,1909f56bfc062723c751e8b465ee728b)  -> (artifact id: '2a958f1ca03da9564f5a66064d2d6a6a') in 0.013774 seconds 
========================================================================
Received Import Request.
  Time since last request: 0.000228 seconds.
  path: Assets/Materials/grass01.mat
  artifactKey: Guid(b1856aff8716547499a80e543192d740) Importer(815301076,1909f56bfc062723c751e8b465ee728b)
Start importing Assets/Materials/grass01.mat using Guid(b1856aff8716547499a80e543192d740) Importer(815301076,1909f56bfc062723c751e8b465ee728b)  -> (artifact id: '7a602d0da772ab843be57bff6b4b3cc1') in 0.020692 seconds 
========================================================================
Received Import Request.
  Time since last request: 0.000259 seconds.
  path: Assets/Input/Player.inputactions
  artifactKey: Guid(53c8a757b6f6ebc419240f814091b35d) Importer(815301076,1909f56bfc062723c751e8b465ee728b)
Start importing Assets/Input/Player.inputactions using Guid(53c8a757b6f6ebc419240f814091b35d) Importer(815301076,1909f56bfc062723c751e8b465ee728b)  -> (artifact id: 'd124d4ceb78aace7e8d97891840b25fc') in 0.226360 seconds 
========================================================================
Received Import Request.
  Time since last request: 153.337180 seconds.
  path: Assets/2D Assets/Sprites/Hans/Materials/ShopMaterial.mat
  artifactKey: Guid(54fbb5b118ce50541a2db66860169292) Importer(815301076,1909f56bfc062723c751e8b465ee728b)
Start importing Assets/2D Assets/Sprites/Hans/Materials/ShopMaterial.mat using Guid(54fbb5b118ce50541a2db66860169292) Importer(815301076,1909f56bfc062723c751e8b465ee728b)  -> (artifact id: '62068a138c79a16f487fc5c008597530') in 0.013367 seconds 
========================================================================
Received Import Request.
  Time since last request: 7.260065 seconds.
  path: Assets/3D Assets/RPG Pack/Materials/Bottle_blue.mat
  artifactKey: Guid(c7b5ee6d805865f4d87c945585777026) Importer(815301076,1909f56bfc062723c751e8b465ee728b)
Start importing Assets/3D Assets/RPG Pack/Materials/Bottle_blue.mat using Guid(c7b5ee6d805865f4d87c945585777026) Importer(815301076,1909f56bfc062723c751e8b465ee728b)  -> (artifact id: '5b3a2c1cb40e2d1e6928ac7c5731f2ab') in 0.053963 seconds 
========================================================================
Received Import Request.
  Time since last request: 0.000189 seconds.
  path: Assets/3D Assets/RPG Pack/Materials/Stars_particles.mat
  artifactKey: Guid(f47e41e4ec1f46641a912dd7f8b381d9) Importer(815301076,1909f56bfc062723c751e8b465ee728b)
Start importing Assets/3D Assets/RPG Pack/Materials/Stars_particles.mat using Guid(f47e41e4ec1f46641a912dd7f8b381d9) Importer(815301076,1909f56bfc062723c751e8b465ee728b)  -> (artifact id: 'edbef8eee0b65b9aeb50c3f4e79e0398') in 0.111722 seconds 
========================================================================
Received Import Request.
  Time since last request: 0.000185 seconds.
  path: Assets/3D Assets/RPG Pack/Materials/Coin_diffuse.mat
  artifactKey: Guid(6f1863ef424fedc4fa039e2cc0c9b8eb) Importer(815301076,1909f56bfc062723c751e8b465ee728b)
Start importing Assets/3D Assets/RPG Pack/Materials/Coin_diffuse.mat using Guid(6f1863ef424fedc4fa039e2cc0c9b8eb) Importer(815301076,1909f56bfc062723c751e8b465ee728b)  -> (artifact id: '6a688955bde43ff83a180400ea8f2095') in 0.013872 seconds 
========================================================================
Received Import Request.
  Time since last request: 0.000288 seconds.
  path: Assets/3D Assets/RPG Pack/Materials/Coin.mat
  artifactKey: Guid(78e53f773c1253e42a517e179f18734b) Importer(815301076,1909f56bfc062723c751e8b465ee728b)
Start importing Assets/3D Assets/RPG Pack/Materials/Coin.mat using Guid(78e53f773c1253e42a517e179f18734b) Importer(815301076,1909f56bfc062723c751e8b465ee728b)  -> (artifact id: '7da6d721c3c2fefa40bff42a0d1efdca') in 0.011487 seconds 
========================================================================
Received Import Request.
  Time since last request: 0.000219 seconds.
  path: Assets/3D Assets/RPG Pack/Materials/Glow_particles.mat
  artifactKey: Guid(40d4c3afc57e51f4ea3afcc23e8db70c) Importer(815301076,1909f56bfc062723c751e8b465ee728b)
Start importing Assets/3D Assets/RPG Pack/Materials/Glow_particles.mat using Guid(40d4c3afc57e51f4ea3afcc23e8db70c) Importer(815301076,1909f56bfc062723c751e8b465ee728b)  -> (artifact id: '532676f060d8c0f310208a78475206d3') in 0.013316 seconds 
========================================================================
Received Import Request.
  Time since last request: 0.000222 seconds.
  path: Assets/3D Assets/RPG Pack/Materials/Bottle_green.mat
  artifactKey: Guid(fb276041f4776ba4ca924be1e46d1148) Importer(815301076,1909f56bfc062723c751e8b465ee728b)
Start importing Assets/3D Assets/RPG Pack/Materials/Bottle_green.mat using Guid(fb276041f4776ba4ca924be1e46d1148) Importer(815301076,1909f56bfc062723c751e8b465ee728b)  -> (artifact id: '2d2ba441a5b950c06bc146a1a0d045f6') in 0.014163 seconds 
========================================================================
Received Import Request.
  Time since last request: 0.000211 seconds.
  path: Assets/3D Assets/RPG Pack/Materials/Box_Of_Pandora.mat
  artifactKey: Guid(3f6e773f4260ae14f907c9819b40b281) Importer(815301076,1909f56bfc062723c751e8b465ee728b)
Start importing Assets/3D Assets/RPG Pack/Materials/Box_Of_Pandora.mat using Guid(3f6e773f4260ae14f907c9819b40b281) Importer(815301076,1909f56bfc062723c751e8b465ee728b)  -> (artifact id: 'c561742b8387c639e99d66081bc0c11c') in 0.017819 seconds 
========================================================================
Received Import Request.
  Time since last request: 0.000221 seconds.
  path: Assets/3D Assets/RPG Pack/Materials/Dust_particles.mat
  artifactKey: Guid(566428f457572c249a5ec48d349f2488) Importer(815301076,1909f56bfc062723c751e8b465ee728b)
Start importing Assets/3D Assets/RPG Pack/Materials/Dust_particles.mat using Guid(566428f457572c249a5ec48d349f2488) Importer(815301076,1909f56bfc062723c751e8b465ee728b)  -> (artifact id: 'ef36b00a94b2eba5dbfab6e5eb01098c') in 0.020861 seconds 
========================================================================
Received Import Request.
  Time since last request: 0.000347 seconds.
  path: Assets/3D Assets/RPG Pack/Materials/Bottle_red.mat
  artifactKey: Guid(13dcb46a756acb54487e0e6e6ad96506) Importer(815301076,1909f56bfc062723c751e8b465ee728b)
Start importing Assets/3D Assets/RPG Pack/Materials/Bottle_red.mat using Guid(13dcb46a756acb54487e0e6e6ad96506) Importer(815301076,1909f56bfc062723c751e8b465ee728b)  -> (artifact id: '4bf9e58db7fc9662b18a52f172db032b') in 0.016954 seconds 
========================================================================
Received Import Request.
  Time since last request: 91.174070 seconds.
  path: Assets/Yootle_template.png
  artifactKey: Guid(974a2696c801c4f3d930a01890435401) Importer(815301076,1909f56bfc062723c751e8b465ee728b)
Start importing Assets/Yootle_template.png using Guid(974a2696c801c4f3d930a01890435401) Importer(815301076,1909f56bfc062723c751e8b465ee728b)  -> (artifact id: 'ef1effe0d62001db796dde74ab199df8') in 0.872257 seconds 
========================================================================
Received Import Request.
  Time since last request: 17.092077 seconds.
  path: Assets/3D Assets/ASTROFISH_GAMES/MEDIEVAL_SERIES/MEDIEVAL_VILLAGE/MEDIEVAL_VILLLAGE_HD_DEMO/AstroCommon/FullPack/ASTROFISH_DETAILED_MedievalVillage_Full.tif
  artifactKey: Guid(e4bcd7e2d5523324daec46b2fabf3e7a) Importer(815301076,1909f56bfc062723c751e8b465ee728b)
Start importing Assets/3D Assets/ASTROFISH_GAMES/MEDIEVAL_SERIES/MEDIEVAL_VILLAGE/MEDIEVAL_VILLLAGE_HD_DEMO/AstroCommon/FullPack/ASTROFISH_DETAILED_MedievalVillage_Full.tif using Guid(e4bcd7e2d5523324daec46b2fabf3e7a) Importer(815301076,1909f56bfc062723c751e8b465ee728b)  -> (artifact id: 'f7216730a4f36d2ceb558447ee223b1f') in 1.165143 seconds 
========================================================================
Received Import Request.
  Time since last request: 0.000409 seconds.
  path: Assets/3D Assets/ASTROFISH_GAMES/MEDIEVAL_SERIES/MEDIEVAL_VILLAGE/MEDIEVAL_VILLLAGE_HD_DEMO/AstroCommon/FullPack/Astyrofish_YOUTUBE.png
  artifactKey: Guid(6c807f883d9f1a44e8a39bc544898ea9) Importer(815301076,1909f56bfc062723c751e8b465ee728b)
Start importing Assets/3D Assets/ASTROFISH_GAMES/MEDIEVAL_SERIES/MEDIEVAL_VILLAGE/MEDIEVAL_VILLLAGE_HD_DEMO/AstroCommon/FullPack/Astyrofish_YOUTUBE.png using Guid(6c807f883d9f1a44e8a39bc544898ea9) Importer(815301076,1909f56bfc062723c751e8b465ee728b)  -> (artifact id: '746b4bb33fe3cba961069084e66d9d9b') in 0.030197 seconds 
========================================================================
Received Import Request.
  Time since last request: 0.000386 seconds.
  path: Assets/2D Assets/Hero_Knight/Sprites/Attack1.png
  artifactKey: Guid(4e0fc7cde14ecc846b417aceac4ebf3c) Importer(815301076,1909f56bfc062723c751e8b465ee728b)
Start importing Assets/2D Assets/Hero_Knight/Sprites/Attack1.png using Guid(4e0fc7cde14ecc846b417aceac4ebf3c) Importer(815301076,1909f56bfc062723c751e8b465ee728b)  -> (artifact id: '02c345ace984c09288072add52e371bd') in 0.039347 seconds 
========================================================================
Received Import Request.
  Time since last request: 0.000248 seconds.
  path: Assets/3D Assets/ASTROFISH_GAMES/MEDIEVAL_SERIES/MEDIEVAL_VILLAGE/MEDIEVAL_VILLLAGE_HD_DEMO/AstroCommon/Default_Materials/Materials/AstrofishGamesDiscord.png
  artifactKey: Guid(ae2631e12ef5d484391568bf3eea13fb) Importer(815301076,1909f56bfc062723c751e8b465ee728b)
Start importing Assets/3D Assets/ASTROFISH_GAMES/MEDIEVAL_SERIES/MEDIEVAL_VILLAGE/MEDIEVAL_VILLLAGE_HD_DEMO/AstroCommon/Default_Materials/Materials/AstrofishGamesDiscord.png using Guid(ae2631e12ef5d484391568bf3eea13fb) Importer(815301076,1909f56bfc062723c751e8b465ee728b)  -> (artifact id: '8c386abc93ac2c9746a5e49b0da1e33a') in 0.013331 seconds 
========================================================================
Received Import Request.
  Time since last request: 0.000286 seconds.
  path: Assets/2D Assets/Medieval Warrior Pack/Sprites/Attack1.png
  artifactKey: Guid(436f7e3fce8b2fb4a86074ec1b14efdf) Importer(815301076,1909f56bfc062723c751e8b465ee728b)
Start importing Assets/2D Assets/Medieval Warrior Pack/Sprites/Attack1.png using Guid(436f7e3fce8b2fb4a86074ec1b14efdf) Importer(815301076,1909f56bfc062723c751e8b465ee728b)  -> (artifact id: '66214b284d8bff155ab08ca4a0ad0738') in 0.026110 seconds 
========================================================================
Received Import Request.
  Time since last request: 0.000228 seconds.
  path: Assets/3D Assets/ASTROFISH_GAMES/MEDIEVAL_SERIES/MEDIEVAL_VILLAGE/MEDIEVAL_VILLLAGE_HD_DEMO/AstroCommon/FullPack/ASTROFISH_POLYSTYLE_MedievalVillage_Full.tif
  artifactKey: Guid(6bc6a6df00d27fd4089a8ab779e5d54c) Importer(815301076,1909f56bfc062723c751e8b465ee728b)
Start importing Assets/3D Assets/ASTROFISH_GAMES/MEDIEVAL_SERIES/MEDIEVAL_VILLAGE/MEDIEVAL_VILLLAGE_HD_DEMO/AstroCommon/FullPack/ASTROFISH_POLYSTYLE_MedievalVillage_Full.tif using Guid(6bc6a6df00d27fd4089a8ab779e5d54c) Importer(815301076,1909f56bfc062723c751e8b465ee728b)  -> (artifact id: '1a027eafb8260f96b9f48da5b30af882') in 0.021813 seconds 
========================================================================
Received Import Request.
  Time since last request: 29.595338 seconds.
  path: Assets/Images
  artifactKey: Guid(b2dde003cc20e46a5b79f41e647dffb1) Importer(815301076,1909f56bfc062723c751e8b465ee728b)
Start importing Assets/Images using Guid(b2dde003cc20e46a5b79f41e647dffb1) Importer(815301076,1909f56bfc062723c751e8b465ee728b)  -> (artifact id: 'a05405717c2de880977c4ccee2f5ac80') in 0.001986 seconds 
========================================================================
Received Import Request.
  Time since last request: 38.465071 seconds.
  path: Assets/3D Assets/ASTROFISH_GAMES/MEDIEVAL_SERIES/MEDIEVAL_VILLAGE/MEDIEVAL_VILLLAGE_HD_DEMO/Mods/Medieval_Chimney_Small.FBX
  artifactKey: Guid(5117415101b4ca34eb06f6c4ccdd33b1) Importer(815301076,1909f56bfc062723c751e8b465ee728b)
Start importing Assets/3D Assets/ASTROFISH_GAMES/MEDIEVAL_SERIES/MEDIEVAL_VILLAGE/MEDIEVAL_VILLLAGE_HD_DEMO/Mods/Medieval_Chimney_Small.FBX using Guid(5117415101b4ca34eb06f6c4ccdd33b1) Importer(815301076,1909f56bfc062723c751e8b465ee728b)  -> (artifact id: '7363f7c238d9ce45e697ef281133e12e') in 0.646749 seconds 
========================================================================
Received Import Request.
  Time since last request: 0.000269 seconds.
  path: Assets/3D Assets/ASTROFISH_GAMES/MEDIEVAL_SERIES/MEDIEVAL_VILLAGE/MEDIEVAL_VILLLAGE_HD_DEMO/Mods/Medieval_StoneFloor_D.FBX
  artifactKey: Guid(2dcd574a02b4caf4c8a1a2c426f2721b) Importer(815301076,1909f56bfc062723c751e8b465ee728b)
Start importing Assets/3D Assets/ASTROFISH_GAMES/MEDIEVAL_SERIES/MEDIEVAL_VILLAGE/MEDIEVAL_VILLLAGE_HD_DEMO/Mods/Medieval_StoneFloor_D.FBX using Guid(2dcd574a02b4caf4c8a1a2c426f2721b) Importer(815301076,1909f56bfc062723c751e8b465ee728b)  -> (artifact id: '0aedae1b64e63fb8c363124890dcb49d') in 0.038168 seconds 
========================================================================
Received Import Request.
  Time since last request: 0.000329 seconds.
  path: Assets/3D Assets/ASTROFISH_GAMES/MEDIEVAL_SERIES/MEDIEVAL_VILLAGE/MEDIEVAL_VILLLAGE_HD_DEMO/Mods/Medieval_Chimney_Small_Half.FBX
  artifactKey: Guid(985240cdcfb744f498f897c7affab12c) Importer(815301076,1909f56bfc062723c751e8b465ee728b)
Start importing Assets/3D Assets/ASTROFISH_GAMES/MEDIEVAL_SERIES/MEDIEVAL_VILLAGE/MEDIEVAL_VILLLAGE_HD_DEMO/Mods/Medieval_Chimney_Small_Half.FBX using Guid(985240cdcfb744f498f897c7affab12c) Importer(815301076,1909f56bfc062723c751e8b465ee728b)  -> (artifact id: 'a0a69bb5e3101b1b59c8088f0b6677a0') in 0.067446 seconds 
========================================================================
Received Import Request.
  Time since last request: 0.000271 seconds.
  path: Assets/3D Assets/ASTROFISH_GAMES/MEDIEVAL_SERIES/MEDIEVAL_VILLAGE/MEDIEVAL_VILLLAGE_HD_DEMO/Mods/Medieval_RoofTiles_TopCorner.FBX
  artifactKey: Guid(6ad49aa469aecae4aac7194e5450ee35) Importer(815301076,1909f56bfc062723c751e8b465ee728b)
Start importing Assets/3D Assets/ASTROFISH_GAMES/MEDIEVAL_SERIES/MEDIEVAL_VILLAGE/MEDIEVAL_VILLLAGE_HD_DEMO/Mods/Medieval_RoofTiles_TopCorner.FBX using Guid(6ad49aa469aecae4aac7194e5450ee35) Importer(815301076,1909f56bfc062723c751e8b465ee728b)  -> (artifact id: '344118e868d456b0f0b1260dc37b2e2c') in 0.051648 seconds 
========================================================================
Received Import Request.
  Time since last request: 0.000367 seconds.
  path: Assets/3D Assets/ASTROFISH_GAMES/MEDIEVAL_SERIES/MEDIEVAL_VILLAGE/MEDIEVAL_VILLLAGE_HD_DEMO/Mods/Medieval_Foliage_IvyVines.FBX
  artifactKey: Guid(e76d94a405b39a54682588c753f5bb83) Importer(815301076,1909f56bfc062723c751e8b465ee728b)
Start importing Assets/3D Assets/ASTROFISH_GAMES/MEDIEVAL_SERIES/MEDIEVAL_VILLAGE/MEDIEVAL_VILLLAGE_HD_DEMO/Mods/Medieval_Foliage_IvyVines.FBX using Guid(e76d94a405b39a54682588c753f5bb83) Importer(815301076,1909f56bfc062723c751e8b465ee728b)  -> (artifact id: '1f2af5f7172e43355c66e12489b64c42') in 0.548551 seconds 
========================================================================
Received Import Request.
  Time since last request: 0.000194 seconds.
  path: Assets/3D Assets/ASTROFISH_GAMES/MEDIEVAL_SERIES/MEDIEVAL_VILLAGE/MEDIEVAL_VILLLAGE_HD_DEMO/Mods/Medieval_RoofWall_MedA.FBX
  artifactKey: Guid(32a98b25cba5f6e4e90c2f9c75531fb0) Importer(815301076,1909f56bfc062723c751e8b465ee728b)
Start importing Assets/3D Assets/ASTROFISH_GAMES/MEDIEVAL_SERIES/MEDIEVAL_VILLAGE/MEDIEVAL_VILLLAGE_HD_DEMO/Mods/Medieval_RoofWall_MedA.FBX using Guid(32a98b25cba5f6e4e90c2f9c75531fb0) Importer(815301076,1909f56bfc062723c751e8b465ee728b)  -> (artifact id: '09a5a1a8cddff6b1ce82630ac9e891cb') in 0.074081 seconds 
========================================================================
Received Import Request.
  Time since last request: 0.000183 seconds.
  path: Assets/3D Assets/ASTROFISH_GAMES/MEDIEVAL_SERIES/MEDIEVAL_VILLAGE/MEDIEVAL_VILLLAGE_HD_DEMO/Mods/Medieval_Assembly_Rock_C.FBX
  artifactKey: Guid(816c2e83b9868a64ab396ca8c2830b18) Importer(815301076,1909f56bfc062723c751e8b465ee728b)
Start importing Assets/3D Assets/ASTROFISH_GAMES/MEDIEVAL_SERIES/MEDIEVAL_VILLAGE/MEDIEVAL_VILLLAGE_HD_DEMO/Mods/Medieval_Assembly_Rock_C.FBX using Guid(816c2e83b9868a64ab396ca8c2830b18) Importer(815301076,1909f56bfc062723c751e8b465ee728b)  -> (artifact id: '024be27da440496f32974aff5df34e46') in 0.040184 seconds 
========================================================================
Received Import Request.
  Time since last request: 0.000215 seconds.
  path: Assets/3D Assets/ASTROFISH_GAMES/MEDIEVAL_SERIES/MEDIEVAL_VILLAGE/MEDIEVAL_VILLLAGE_HD_DEMO/Mods/Medieval_StoneFloor_E.FBX
  artifactKey: Guid(a2437e9d52f873b49af4ba67cef60ca2) Importer(815301076,1909f56bfc062723c751e8b465ee728b)
Start importing Assets/3D Assets/ASTROFISH_GAMES/MEDIEVAL_SERIES/MEDIEVAL_VILLAGE/MEDIEVAL_VILLLAGE_HD_DEMO/Mods/Medieval_StoneFloor_E.FBX using Guid(a2437e9d52f873b49af4ba67cef60ca2) Importer(815301076,1909f56bfc062723c751e8b465ee728b)  -> (artifact id: 'a2a299319a634d6213d1d59c98eccc34') in 0.037912 seconds 
========================================================================
Received Import Request.
  Time since last request: 0.389424 seconds.
  path: Assets/3D Assets/ASTROFISH_GAMES/MEDIEVAL_SERIES/MEDIEVAL_VILLAGE/MEDIEVAL_VILLLAGE_HD_DEMO/Mods/medieval_masonary_woodlarge_strongsupportcolumn.fbx
  artifactKey: Guid(82db9756dc7cfbf4aae105ac9592cb4c) Importer(815301076,1909f56bfc062723c751e8b465ee728b)
Start importing Assets/3D Assets/ASTROFISH_GAMES/MEDIEVAL_SERIES/MEDIEVAL_VILLAGE/MEDIEVAL_VILLLAGE_HD_DEMO/Mods/medieval_masonary_woodlarge_strongsupportcolumn.fbx using Guid(82db9756dc7cfbf4aae105ac9592cb4c) Importer(815301076,1909f56bfc062723c751e8b465ee728b)  -> (artifact id: '3610881af8eb29d29ecfcaa863800193') in 0.236333 seconds 
========================================================================
Received Import Request.
  Time since last request: 0.000240 seconds.
  path: Assets/3D Assets/ASTROFISH_GAMES/MEDIEVAL_SERIES/MEDIEVAL_VILLAGE/MEDIEVAL_VILLLAGE_HD_DEMO/Mods/Medieval_Platforms_LoosePlank_02.FBX
  artifactKey: Guid(47bab43b0f063fa4da8320cd35c6471c) Importer(815301076,1909f56bfc062723c751e8b465ee728b)
Start importing Assets/3D Assets/ASTROFISH_GAMES/MEDIEVAL_SERIES/MEDIEVAL_VILLAGE/MEDIEVAL_VILLLAGE_HD_DEMO/Mods/Medieval_Platforms_LoosePlank_02.FBX using Guid(47bab43b0f063fa4da8320cd35c6471c) Importer(815301076,1909f56bfc062723c751e8b465ee728b)  -> (artifact id: '63101afb405fcfc95db23c4863d42745') in 0.020214 seconds 
========================================================================
Received Import Request.
  Time since last request: 0.000200 seconds.
  path: Assets/3D Assets/ASTROFISH_GAMES/MEDIEVAL_SERIES/MEDIEVAL_VILLAGE/MEDIEVAL_VILLLAGE_HD_DEMO/Mods/Medieval_Platforms_PlanksNailed.FBX
  artifactKey: Guid(ee464936e1c33d64fb36dcf461d0a44a) Importer(815301076,1909f56bfc062723c751e8b465ee728b)
Start importing Assets/3D Assets/ASTROFISH_GAMES/MEDIEVAL_SERIES/MEDIEVAL_VILLAGE/MEDIEVAL_VILLLAGE_HD_DEMO/Mods/Medieval_Platforms_PlanksNailed.FBX using Guid(ee464936e1c33d64fb36dcf461d0a44a) Importer(815301076,1909f56bfc062723c751e8b465ee728b)  -> (artifact id: '856332f609bf99dceff6157bb02df214') in 0.038789 seconds 
========================================================================
Received Import Request.
  Time since last request: 0.000205 seconds.
  path: Assets/3D Assets/ASTROFISH_GAMES/MEDIEVAL_SERIES/MEDIEVAL_VILLAGE/MEDIEVAL_VILLLAGE_HD_DEMO/Mods/Medieval_Platforms_LoosePlank_01.FBX
  artifactKey: Guid(93ac217c1f14011459cc75317830c536) Importer(815301076,1909f56bfc062723c751e8b465ee728b)
Start importing Assets/3D Assets/ASTROFISH_GAMES/MEDIEVAL_SERIES/MEDIEVAL_VILLAGE/MEDIEVAL_VILLLAGE_HD_DEMO/Mods/Medieval_Platforms_LoosePlank_01.FBX using Guid(93ac217c1f14011459cc75317830c536) Importer(815301076,1909f56bfc062723c751e8b465ee728b)  -> (artifact id: 'e7b7381841ca41ccd4fd0beccb1a7e69') in 0.024230 seconds 
========================================================================
Received Import Request.
  Time since last request: 0.000184 seconds.
  path: Assets/3D Assets/ASTROFISH_GAMES/MEDIEVAL_SERIES/MEDIEVAL_VILLAGE/MEDIEVAL_VILLLAGE_HD_DEMO/AstroCommon/FullPack/ASTROFISH_DETAILED_MedievalVillage_Full.mat
  artifactKey: Guid(7ed30b66e5c4a274db9563af380c81fa) Importer(815301076,1909f56bfc062723c751e8b465ee728b)
Start importing Assets/3D Assets/ASTROFISH_GAMES/MEDIEVAL_SERIES/MEDIEVAL_VILLAGE/MEDIEVAL_VILLLAGE_HD_DEMO/AstroCommon/FullPack/ASTROFISH_DETAILED_MedievalVillage_Full.mat using Guid(7ed30b66e5c4a274db9563af380c81fa) Importer(815301076,1909f56bfc062723c751e8b465ee728b)  -> (artifact id: 'a60b71446d82676fb82d8368390f3f16') in 0.071150 seconds 
========================================================================
Received Import Request.
  Time since last request: 0.000170 seconds.
  path: Assets/3D Assets/ASTROFISH_GAMES/MEDIEVAL_SERIES/MEDIEVAL_VILLAGE/MEDIEVAL_VILLLAGE_HD_DEMO/Mods/Medieval_Platforms_Planks.FBX
  artifactKey: Guid(a0cef0a4c581b714fb640f6ebb105224) Importer(815301076,1909f56bfc062723c751e8b465ee728b)
Start importing Assets/3D Assets/ASTROFISH_GAMES/MEDIEVAL_SERIES/MEDIEVAL_VILLAGE/MEDIEVAL_VILLLAGE_HD_DEMO/Mods/Medieval_Platforms_Planks.FBX using Guid(a0cef0a4c581b714fb640f6ebb105224) Importer(815301076,1909f56bfc062723c751e8b465ee728b)  -> (artifact id: 'cf095c93d63c27113f0f2dfc73fd677e') in 0.038210 seconds 
========================================================================
Received Import Request.
  Time since last request: 0.482631 seconds.
  path: Assets/3D Assets/ASTROFISH_GAMES/MEDIEVAL_SERIES/MEDIEVAL_VILLAGE/MEDIEVAL_VILLLAGE_HD_DEMO/AstroCommon/FullPack/ASTROFISH_POLYSTYLE_MedievalVillage_Full.mat
  artifactKey: Guid(0abc313a573a4d04e910889c52bac967) Importer(815301076,1909f56bfc062723c751e8b465ee728b)
Start importing Assets/3D Assets/ASTROFISH_GAMES/MEDIEVAL_SERIES/MEDIEVAL_VILLAGE/MEDIEVAL_VILLLAGE_HD_DEMO/AstroCommon/FullPack/ASTROFISH_POLYSTYLE_MedievalVillage_Full.mat using Guid(0abc313a573a4d04e910889c52bac967) Importer(815301076,1909f56bfc062723c751e8b465ee728b)  -> (artifact id: 'bd732ed0fa6f9fe3614bbd757469e978') in 0.015307 seconds 
========================================================================
Received Import Request.
  Time since last request: 0.000175 seconds.
  path: Assets/3D Assets/ASTROFISH_GAMES/MEDIEVAL_SERIES/MEDIEVAL_VILLAGE/MEDIEVAL_VILLLAGE_HD_DEMO/AstroCommon/Default_Materials/Materials/AstrofishGamesDiscord_Info.mat
  artifactKey: Guid(011ea9f10944e8d42ba919e1b46faeef) Importer(815301076,1909f56bfc062723c751e8b465ee728b)
Start importing Assets/3D Assets/ASTROFISH_GAMES/MEDIEVAL_SERIES/MEDIEVAL_VILLAGE/MEDIEVAL_VILLLAGE_HD_DEMO/AstroCommon/Default_Materials/Materials/AstrofishGamesDiscord_Info.mat using Guid(011ea9f10944e8d42ba919e1b46faeef) Importer(815301076,1909f56bfc062723c751e8b465ee728b)  -> (artifact id: 'a0aa87cc1b26987cc9ddd943b1f8d0c1') in 0.010417 seconds 
========================================================================
Received Import Request.
  Time since last request: 0.062940 seconds.
  path: Assets/3D Assets/ASTROFISH_GAMES/MEDIEVAL_SERIES/MEDIEVAL_VILLAGE/MEDIEVAL_VILLLAGE_HD_DEMO/AstroCommon/FullPack/Astyrofish_YOUTUBE.mat
  artifactKey: Guid(60689884eb1819543af2f623254d3951) Importer(815301076,1909f56bfc062723c751e8b465ee728b)
Start importing Assets/3D Assets/ASTROFISH_GAMES/MEDIEVAL_SERIES/MEDIEVAL_VILLAGE/MEDIEVAL_VILLLAGE_HD_DEMO/AstroCommon/FullPack/Astyrofish_YOUTUBE.mat using Guid(60689884eb1819543af2f623254d3951) Importer(815301076,1909f56bfc062723c751e8b465ee728b)  -> (artifact id: '22a0df46c94be77e9bb125b4b461a630') in 0.021139 seconds 
========================================================================
Received Import Request.
  Time since last request: 0.000197 seconds.
  path: Assets/2D Assets/Materials/BG.mat
  artifactKey: Guid(58c9172a158f5c7429a73b65ec3266d6) Importer(815301076,1909f56bfc062723c751e8b465ee728b)
Start importing Assets/2D Assets/Materials/BG.mat using Guid(58c9172a158f5c7429a73b65ec3266d6) Importer(815301076,1909f56bfc062723c751e8b465ee728b)  -> (artifact id: 'a37a5341241559353f5799fa9c393750') in 0.015354 seconds 
========================================================================
Received Import Request.
  Time since last request: 1.473173 seconds.
  path: Assets/2D Assets/Materials/BG2.mat
  artifactKey: Guid(47bea9cd9edce794ea0420b6930479be) Importer(815301076,1909f56bfc062723c751e8b465ee728b)
Start importing Assets/2D Assets/Materials/BG2.mat using Guid(47bea9cd9edce794ea0420b6930479be) Importer(815301076,1909f56bfc062723c751e8b465ee728b)  -> (artifact id: '75225c305c167a564db462248322e641') in 0.012431 seconds 
========================================================================
Received Import Request.
  Time since last request: 0.000241 seconds.
  path: Assets/2D Assets/Materials/BG3.mat
  artifactKey: Guid(5f4278175b8f6a14f92868fd2d74f8a4) Importer(815301076,1909f56bfc062723c751e8b465ee728b)
Start importing Assets/2D Assets/Materials/BG3.mat using Guid(5f4278175b8f6a14f92868fd2d74f8a4) Importer(815301076,1909f56bfc062723c751e8b465ee728b)  -> (artifact id: '2d80a4f95d07fdefa09bcf51e440167c') in 0.011157 seconds 
========================================================================
Received Import Request.
  Time since last request: 0.666223 seconds.
  path: Assets/3D Assets/ASTROFISH_GAMES/MEDIEVAL_SERIES/MEDIEVAL_VILLAGE/MEDIEVAL_VILLLAGE_HD_DEMO/AstroCommon/Default_Materials/Materials/Blank.mat
  artifactKey: Guid(94bc62357b160fd4e9a64a1388a73256) Importer(815301076,1909f56bfc062723c751e8b465ee728b)
Start importing Assets/3D Assets/ASTROFISH_GAMES/MEDIEVAL_SERIES/MEDIEVAL_VILLAGE/MEDIEVAL_VILLLAGE_HD_DEMO/AstroCommon/Default_Materials/Materials/Blank.mat using Guid(94bc62357b160fd4e9a64a1388a73256) Importer(815301076,1909f56bfc062723c751e8b465ee728b)  -> (artifact id: '3acb7243605e4851b09b1d70c86f0eea') in 0.008646 seconds 
========================================================================
Received Import Request.
  Time since last request: 0.000223 seconds.
  path: Assets/3D Assets/ASTROFISH_GAMES/MEDIEVAL_SERIES/MEDIEVAL_VILLAGE/MEDIEVAL_VILLLAGE_HD_DEMO/AstroCommon/Default_Materials/Materials/Blockout.mat
  artifactKey: Guid(a529215a3430f5b41b42df89c87e89c9) Importer(815301076,1909f56bfc062723c751e8b465ee728b)
Start importing Assets/3D Assets/ASTROFISH_GAMES/MEDIEVAL_SERIES/MEDIEVAL_VILLAGE/MEDIEVAL_VILLLAGE_HD_DEMO/AstroCommon/Default_Materials/Materials/Blockout.mat using Guid(a529215a3430f5b41b42df89c87e89c9) Importer(815301076,1909f56bfc062723c751e8b465ee728b)  -> (artifact id: '07c80875d81ece0a0882b7789fefd3f9') in 0.009024 seconds 
========================================================================
Received Import Request.
  Time since last request: 1.358113 seconds.
  path: Assets/2D Assets/Sprites/Josh/Materials/Crate.mat
  artifactKey: Guid(872513fe0f8d72c4bb601f351d81f72e) Importer(815301076,1909f56bfc062723c751e8b465ee728b)
Start importing Assets/2D Assets/Sprites/Josh/Materials/Crate.mat using Guid(872513fe0f8d72c4bb601f351d81f72e) Importer(815301076,1909f56bfc062723c751e8b465ee728b)  -> (artifact id: '2ccb7473a7f90638a27b13565571fc73') in 0.009922 seconds 
========================================================================
Received Import Request.
  Time since last request: 1.394092 seconds.
  path: Assets/3D Assets/EmaceArt/Slavic World Free/Resources/LOD3/EA_Items_House_mug_01a.fbx
  artifactKey: Guid(c73f3ec04424b484592476d4de9ff226) Importer(815301076,1909f56bfc062723c751e8b465ee728b)
Start importing Assets/3D Assets/EmaceArt/Slavic World Free/Resources/LOD3/EA_Items_House_mug_01a.fbx using Guid(c73f3ec04424b484592476d4de9ff226) Importer(815301076,1909f56bfc062723c751e8b465ee728b)  -> (artifact id: 'b343046ab0514bbc869c6bc25c0b9990') in 0.045734 seconds 
========================================================================
Received Import Request.
  Time since last request: 0.000236 seconds.
  path: Assets/3D Assets/EmaceArt/Slavic World Free/Resources/LOD3/EA03_Prop_Tabble_02a.fbx
  artifactKey: Guid(f4ce1aacfc1c4fe458d340af857e9d79) Importer(815301076,1909f56bfc062723c751e8b465ee728b)
Start importing Assets/3D Assets/EmaceArt/Slavic World Free/Resources/LOD3/EA03_Prop_Tabble_02a.fbx using Guid(f4ce1aacfc1c4fe458d340af857e9d79) Importer(815301076,1909f56bfc062723c751e8b465ee728b)  -> (artifact id: '34c3efd0e14019213caedb0c70001968') in 0.131006 seconds 
========================================================================
Received Import Request.
  Time since last request: 0.000198 seconds.
  path: Assets/3D Assets/EmaceArt/Slavic World Free/Resources/LOD3/EA03_Prop_Stool_01a.fbx
  artifactKey: Guid(0d8a9daf36a4e2c4fa3c49f6c0827792) Importer(815301076,1909f56bfc062723c751e8b465ee728b)
Start importing Assets/3D Assets/EmaceArt/Slavic World Free/Resources/LOD3/EA03_Prop_Stool_01a.fbx using Guid(0d8a9daf36a4e2c4fa3c49f6c0827792) Importer(815301076,1909f56bfc062723c751e8b465ee728b)  -> (artifact id: '93419b7ba12fb2ce89cb43975187f4f4') in 0.045107 seconds 
========================================================================
Received Import Request.
  Time since last request: 0.000182 seconds.
  path: Assets/3D Assets/EmaceArt/Slavic World Free/Resources/LOD3/EA03_Prop_Town_AnimalSkin_01c.fbx
  artifactKey: Guid(e9a9eff224f379e4ab249584f7ed4a0b) Importer(815301076,1909f56bfc062723c751e8b465ee728b)
Start importing Assets/3D Assets/EmaceArt/Slavic World Free/Resources/LOD3/EA03_Prop_Town_AnimalSkin_01c.fbx using Guid(e9a9eff224f379e4ab249584f7ed4a0b) Importer(815301076,1909f56bfc062723c751e8b465ee728b)  -> (artifact id: 'de05853fa4e742b793dd876995b97de5') in 0.048389 seconds 
========================================================================
Received Import Request.
  Time since last request: 0.000229 seconds.
  path: Assets/3D Assets/EmaceArt/Slavic World Free/Resources/LOD3/EA03_Prop_Tool_Basket_01.fbx
  artifactKey: Guid(4ccd36a85ba57a74eb8759860c7b3871) Importer(815301076,1909f56bfc062723c751e8b465ee728b)
Start importing Assets/3D Assets/EmaceArt/Slavic World Free/Resources/LOD3/EA03_Prop_Tool_Basket_01.fbx using Guid(4ccd36a85ba57a74eb8759860c7b3871) Importer(815301076,1909f56bfc062723c751e8b465ee728b)  -> (artifact id: 'db3a974baa67ad4eb431a06c5a23fcb0') in 0.046672 seconds 
========================================================================
Received Import Request.
  Time since last request: 0.000205 seconds.
  path: Assets/3D Assets/EmaceArt/Slavic World Free/Resources/LOD3/EA03_Prop_Stool_02a.fbx
  artifactKey: Guid(c05b38c4cb6d56443af89f2587f8a3b8) Importer(815301076,1909f56bfc062723c751e8b465ee728b)
Start importing Assets/3D Assets/EmaceArt/Slavic World Free/Resources/LOD3/EA03_Prop_Stool_02a.fbx using Guid(c05b38c4cb6d56443af89f2587f8a3b8) Importer(815301076,1909f56bfc062723c751e8b465ee728b)  -> (artifact id: '3b95b132926f94a8af18a1d40c2c21d2') in 0.132581 seconds 
========================================================================
Received Import Request.
  Time since last request: 0.000195 seconds.
  path: Assets/3D Assets/EmaceArt/Slavic World Free/Resources/LOD3/EA03_Prop_Tabble_01a.fbx
  artifactKey: Guid(182a919d67edf954198ec0f464311a5d) Importer(815301076,1909f56bfc062723c751e8b465ee728b)
Start importing Assets/3D Assets/EmaceArt/Slavic World Free/Resources/LOD3/EA03_Prop_Tabble_01a.fbx using Guid(182a919d67edf954198ec0f464311a5d) Importer(815301076,1909f56bfc062723c751e8b465ee728b)  -> (artifact id: '2b591f6410d18658637b41a1c28e0815') in 0.050141 seconds 
========================================================================
Received Import Request.
  Time since last request: 0.000185 seconds.
  path: Assets/3D Assets/EmaceArt/Slavic World Free/Resources/LOD3/EA03_Prop_Town_AnimalSkin_01b.fbx
  artifactKey: Guid(17c165cd03e14754583367f8b65896a5) Importer(815301076,1909f56bfc062723c751e8b465ee728b)
Start importing Assets/3D Assets/EmaceArt/Slavic World Free/Resources/LOD3/EA03_Prop_Town_AnimalSkin_01b.fbx using Guid(17c165cd03e14754583367f8b65896a5) Importer(815301076,1909f56bfc062723c751e8b465ee728b)  -> (artifact id: '318cdaa523140c72f73c294ba1c1ef7f') in 0.054187 seconds 
========================================================================
Received Import Request.
  Time since last request: 0.000192 seconds.
  path: Assets/3D Assets/EmaceArt/Slavic World Free/Resources/LOD3/EA03_Prop_House_Stove_01b.fbx
  artifactKey: Guid(e64ea82d588c49545958c888183be02d) Importer(815301076,1909f56bfc062723c751e8b465ee728b)
Start importing Assets/3D Assets/EmaceArt/Slavic World Free/Resources/LOD3/EA03_Prop_House_Stove_01b.fbx using Guid(e64ea82d588c49545958c888183be02d) Importer(815301076,1909f56bfc062723c751e8b465ee728b)  -> (artifact id: '31d3553408eac5f5767bd87df61d8332') in 0.054010 seconds 
========================================================================
Received Import Request.
  Time since last request: 234.166640 seconds.
  path: Assets/Images/Image.prefab
  artifactKey: Guid(59a5d5f4bf9a3482fa49e4072542286b) Importer(815301076,1909f56bfc062723c751e8b465ee728b)
Start importing Assets/Images/Image.prefab using Guid(59a5d5f4bf9a3482fa49e4072542286b) Importer(815301076,1909f56bfc062723c751e8b465ee728b)  -> (artifact id: 'a17ae545ae7ea0a280b621cd0533d7ef') in 0.207524 seconds 
========================================================================
Received Import Request.
  Time since last request: 203.338590 seconds.
  path: Assets/3D Assets/Church 3D/Materials/cross_2.mat
  artifactKey: Guid(d519da6da91f8784cb42c500f2fe0433) Importer(815301076,1909f56bfc062723c751e8b465ee728b)
Start importing Assets/3D Assets/Church 3D/Materials/cross_2.mat using Guid(d519da6da91f8784cb42c500f2fe0433) Importer(815301076,1909f56bfc062723c751e8b465ee728b)  -> (artifact id: '7f7b74ac642da015444a5b1da39f16d3') in 0.056552 seconds 
========================================================================
Received Import Request.
  Time since last request: 0.000201 seconds.
  path: Assets/3D Assets/Church 3D/Materials/door_1.mat
  artifactKey: Guid(316ced7cb01626f49a00d9cc4d2dd26a) Importer(815301076,1909f56bfc062723c751e8b465ee728b)
Start importing Assets/3D Assets/Church 3D/Materials/door_1.mat using Guid(316ced7cb01626f49a00d9cc4d2dd26a) Importer(815301076,1909f56bfc062723c751e8b465ee728b)  -> (artifact id: 'e215d9f27a6ed3aad4a48a660872125a') in 0.103314 seconds 
========================================================================
Received Import Request.
  Time since last request: 0.000198 seconds.
  path: Assets/3D Assets/EmaceArt/Slavic World Free/Prefabs/Compound/Walls/EA03_Plant_Grass_01e.fbx
  artifactKey: Guid(c3f5ebd294edb9e468222b22e0edd694) Importer(815301076,1909f56bfc062723c751e8b465ee728b)
Start importing Assets/3D Assets/EmaceArt/Slavic World Free/Prefabs/Compound/Walls/EA03_Plant_Grass_01e.fbx using Guid(c3f5ebd294edb9e468222b22e0edd694) Importer(815301076,1909f56bfc062723c751e8b465ee728b)  -> (artifact id: '7ee4f2135eaf1f91ee783159653d845f') in 0.045659 seconds 
========================================================================
Received Prepare
Registering precompiled user dll's ...
Registered in 0.001028 seconds.
Begin MonoManager ReloadAssembly
Native extension for WindowsStandalone target not found
Native extension for OSXStandalone target not found
Native extension for WebGL target not found
Refreshing native plugins compatible for Editor in 0.53 ms, found 1 plugins.
Preloading 0 native plugins for Editor in 0.00 ms.
Mono: successfully reloaded assembly
- Completed reload, in  1.359 seconds
Platform modules already initialized, skipping
Shader 'Universal Render Pipeline/Particles/Lit': fallback shader 'Universal Render Pipeline/Particles/SimpleLit' not found
Refreshing native plugins compatible for Editor in 0.60 ms, found 1 plugins.
Preloading 0 native plugins for Editor in 0.00 ms.
Unloading 2873 Unused Serialized files (Serialized files now loaded: 0)
System memory in use before: 410.3 MB.
System memory in use after: 410.5 MB.

Unloading 7 unused Assets to reduce memory usage. Loaded Objects now: 3708.
Total: 3.144693 ms (FindLiveObjects: 0.252783 ms CreateObjectMapping: 0.133790 ms MarkObjects: 2.449718 ms  DeleteObjects: 0.307709 ms)

========================================================================
Received Import Request.
  Time since last request: 95.721727 seconds.
  path: Assets/Images/Yoon_img Variant.prefab
  artifactKey: Guid(6260d646d6eb94c32860de007206c53a) Importer(815301076,1909f56bfc062723c751e8b465ee728b)
Start importing Assets/Images/Yoon_img Variant.prefab using Guid(6260d646d6eb94c32860de007206c53a) Importer(815301076,1909f56bfc062723c751e8b465ee728b)  -> (artifact id: '29fa968bdd11091a7d95e029b6e97c40') in 0.045259 seconds 
========================================================================
Received Prepare
Registering precompiled user dll's ...
Registered in 0.000970 seconds.
Begin MonoManager ReloadAssembly
Native extension for WindowsStandalone target not found
Native extension for OSXStandalone target not found
Native extension for WebGL target not found
Refreshing native plugins compatible for Editor in 0.53 ms, found 1 plugins.
Preloading 0 native plugins for Editor in 0.00 ms.
Mono: successfully reloaded assembly
- Completed reload, in  1.331 seconds
Platform modules already initialized, skipping
Shader 'Universal Render Pipeline/Particles/Lit': fallback shader 'Universal Render Pipeline/Particles/SimpleLit' not found
Refreshing native plugins compatible for Editor in 0.52 ms, found 1 plugins.
Preloading 0 native plugins for Editor in 0.00 ms.
Unloading 2864 Unused Serialized files (Serialized files now loaded: 0)
System memory in use before: 411.1 MB.
System memory in use after: 411.3 MB.

Unloading 5 unused Assets to reduce memory usage. Loaded Objects now: 3711.
Total: 2.901995 ms (FindLiveObjects: 0.278390 ms CreateObjectMapping: 0.169184 ms MarkObjects: 2.435789 ms  DeleteObjects: 0.017733 ms)

========================================================================
Received Prepare
Registering precompiled user dll's ...
Registered in 0.000935 seconds.
Begin MonoManager ReloadAssembly
Native extension for WindowsStandalone target not found
Native extension for OSXStandalone target not found
Native extension for WebGL target not found
Refreshing native plugins compatible for Editor in 0.56 ms, found 1 plugins.
Preloading 0 native plugins for Editor in 0.00 ms.
Mono: successfully reloaded assembly
- Completed reload, in  1.466 seconds
Platform modules already initialized, skipping
Shader 'Universal Render Pipeline/Particles/Lit': fallback shader 'Universal Render Pipeline/Particles/SimpleLit' not found
Refreshing native plugins compatible for Editor in 0.63 ms, found 1 plugins.
Preloading 0 native plugins for Editor in 0.00 ms.
Unloading 2864 Unused Serialized files (Serialized files now loaded: 0)
System memory in use before: 412.4 MB.
System memory in use after: 412.6 MB.

Unloading 5 unused Assets to reduce memory usage. Loaded Objects now: 3714.
Total: 2.667103 ms (FindLiveObjects: 0.250451 ms CreateObjectMapping: 0.134770 ms MarkObjects: 2.267047 ms  DeleteObjects: 0.014034 ms)

========================================================================
Received Prepare
Registering precompiled user dll's ...
Registered in 0.001130 seconds.
Begin MonoManager ReloadAssembly
Native extension for WindowsStandalone target not found
Native extension for OSXStandalone target not found
Native extension for WebGL target not found
Refreshing native plugins compatible for Editor in 0.52 ms, found 1 plugins.
Preloading 0 native plugins for Editor in 0.00 ms.
Mono: successfully reloaded assembly
- Completed reload, in  1.336 seconds
Platform modules already initialized, skipping
Shader 'Universal Render Pipeline/Particles/Lit': fallback shader 'Universal Render Pipeline/Particles/SimpleLit' not found
Refreshing native plugins compatible for Editor in 0.59 ms, found 1 plugins.
Preloading 0 native plugins for Editor in 0.00 ms.
Unloading 2864 Unused Serialized files (Serialized files now loaded: 0)
System memory in use before: 413.5 MB.
System memory in use after: 413.8 MB.

Unloading 5 unused Assets to reduce memory usage. Loaded Objects now: 3717.
Total: 3.192724 ms (FindLiveObjects: 0.275797 ms CreateObjectMapping: 0.152017 ms MarkObjects: 2.747259 ms  DeleteObjects: 0.016753 ms)

========================================================================
Received Prepare
Registering precompiled user dll's ...
Registered in 0.000988 seconds.
Begin MonoManager ReloadAssembly
Native extension for WindowsStandalone target not found
Native extension for OSXStandalone target not found
Native extension for WebGL target not found
Refreshing native plugins compatible for Editor in 0.52 ms, found 1 plugins.
Preloading 0 native plugins for Editor in 0.00 ms.
Mono: successfully reloaded assembly
- Completed reload, in  1.210 seconds
Platform modules already initialized, skipping
Shader 'Universal Render Pipeline/Particles/Lit': fallback shader 'Universal Render Pipeline/Particles/SimpleLit' not found
Refreshing native plugins compatible for Editor in 0.52 ms, found 1 plugins.
Preloading 0 native plugins for Editor in 0.00 ms.
Unloading 2864 Unused Serialized files (Serialized files now loaded: 0)
System memory in use before: 414.7 MB.
System memory in use after: 415.0 MB.

Unloading 5 unused Assets to reduce memory usage. Loaded Objects now: 3720.
Total: 2.626365 ms (FindLiveObjects: 0.228107 ms CreateObjectMapping: 0.149173 ms MarkObjects: 2.230544 ms  DeleteObjects: 0.017784 ms)

