Using pre-set license
Built from '2021.1/release' branch; Version is '2021.1.4f1 (4cd64a618c1b) revision 5035594'; Using compiler version '192528614'; Build Type 'Release'
OS: 'Windows 10 Home; OS build 19042.985; Version 2009; 64bit' Language: 'en' Physical Memory: 12162 MB
BatchMode: 1, IsHumanControllingUs: 0, StartBugReporterOnCrash: 0, Is64bit: 1, IsPro: 0

 COMMAND LINE ARGUMENTS:
C:\Program Files\Unity\Hub\Editor\2021.1.4f1\Editor\Unity.exe
-adb2
-batchMode
-noUpm
-name
AssetImportWorker0
-projectPath
C:/Users/hansm/Github/Yoon/Project Yoon
-logFile
Logs/AssetImportWorker0.log
-srvPort
57827
Successfully changed project path to: C:/Users/hansm/Github/Yoon/Project Yoon
C:/Users/hansm/Github/Yoon/Project Yoon
Using Asset Import Pipeline V2.
Refreshing native plugins compatible for Editor in 73.96 ms, found 0 plugins.
Preloading 0 native plugins for Editor in 0.00 ms.
Initialize engine version: 2021.1.4f1 (4cd64a618c1b)
[Subsystems] Discovering subsystems at path C:/Program Files/Unity/Hub/Editor/2021.1.4f1/Editor/Data/Resources/UnitySubsystems
[Subsystems] Discovering subsystems at path C:/Users/hansm/Github/Yoon/Project Yoon/Assets
GfxDevice: creating device client; threaded=0; jobified=0
Direct3D:
    Version:  Direct3D 11.0 [level 11.1]
    Renderer: Intel(R) UHD Graphics 620 (ID=0x5917)
    Vendor:   Intel
    VRAM:     6081 MB
    Driver:   23.20.16.4849
Shader 'Universal Render Pipeline/Particles/Lit': fallback shader 'Universal Render Pipeline/Particles/SimpleLit' not found
Initialize mono
Mono path[0] = 'C:/Program Files/Unity/Hub/Editor/2021.1.4f1/Editor/Data/Managed'
Mono path[1] = 'C:/Program Files/Unity/Hub/Editor/2021.1.4f1/Editor/Data/MonoBleedingEdge/lib/mono/unityjit'
Mono config path = 'C:/Program Files/Unity/Hub/Editor/2021.1.4f1/Editor/Data/MonoBleedingEdge/etc'
Using monoOptions --debugger-agent=transport=dt_socket,embedding=1,server=y,suspend=n,address=127.0.0.1:56668
Begin MonoManager ReloadAssembly
Registering precompiled unity dll's ...
Register platform support module: C:/Program Files/Unity/Hub/Editor/2021.1.4f1/Editor/Data/PlaybackEngines/WebGLSupport/UnityEditor.WebGL.Extensions.dll
Register platform support module: C:/Program Files/Unity/Hub/Editor/2021.1.4f1/Editor/Data/PlaybackEngines/WindowsStandaloneSupport/UnityEditor.WindowsStandalone.Extensions.dll
Registered in 0.004705 seconds.
Native extension for WindowsStandalone target not found
Native extension for WebGL target not found
Refreshing native plugins compatible for Editor in 75.84 ms, found 0 plugins.
Preloading 0 native plugins for Editor in 0.00 ms.
Mono: successfully reloaded assembly
- Completed reload, in  1.946 seconds
Platform modules already initialized, skipping
Registering precompiled user dll's ...
Registered in 0.003704 seconds.
Begin MonoManager ReloadAssembly
Native extension for WindowsStandalone target not found
Native extension for WebGL target not found
Refreshing native plugins compatible for Editor in 127.32 ms, found 0 plugins.
Preloading 0 native plugins for Editor in 0.00 ms.
Mono: successfully reloaded assembly
- Completed reload, in  2.043 seconds
Platform modules already initialized, skipping
========================================================================
Worker process is ready to serve import requests
Shader 'Universal Render Pipeline/Particles/Lit': fallback shader 'Universal Render Pipeline/Particles/SimpleLit' not found
Launched and connected shader compiler UnityShaderCompiler.exe after 0.07 seconds
Refreshing native plugins compatible for Editor in 1.64 ms, found 0 plugins.
Preloading 0 native plugins for Editor in 0.00 ms.
Unloading 3010 Unused Serialized files (Serialized files now loaded: 0)
System memory in use before: 219.5 MB.
System memory in use after: 219.6 MB.

Unloading 12 unused Assets to reduce memory usage. Loaded Objects now: 3490.
Total: 6.964100 ms (FindLiveObjects: 0.738600 ms CreateObjectMapping: 0.653900 ms MarkObjects: 5.336300 ms  DeleteObjects: 0.231200 ms)

========================================================================
Received Import Request.
  path: Assets/Scripts/Shop/Shop.cs
  artifactKey: Guid(d1e72dbf7156a9a4aa3802154a0dcfe6) Importer(815301076,1909f56bfc062723c751e8b465ee728b)
Start importing Assets/Scripts/Shop/Shop.cs using Guid(d1e72dbf7156a9a4aa3802154a0dcfe6) Importer(815301076,1909f56bfc062723c751e8b465ee728b)  -> (artifact id: '696cac18d451797a3cce2aa906a03cfc') in 0.153023 seconds 
========================================================================
Received Import Request.
  Time since last request: 640.230577 seconds.
  path: Assets/Scripts/Shop/Shop.cs
  artifactKey: Guid(d1e72dbf7156a9a4aa3802154a0dcfe6) Importer(815301076,1909f56bfc062723c751e8b465ee728b)
Start importing Assets/Scripts/Shop/Shop.cs using Guid(d1e72dbf7156a9a4aa3802154a0dcfe6) Importer(815301076,1909f56bfc062723c751e8b465ee728b)  -> (artifact id: 'dbbdadbd99718a96b35332ca45dc1605') in 0.005436 seconds 
========================================================================
Received Prepare
Registering precompiled user dll's ...
Registered in 0.002888 seconds.
Begin MonoManager ReloadAssembly
Native extension for WindowsStandalone target not found
Native extension for WebGL target not found
Refreshing native plugins compatible for Editor in 0.71 ms, found 0 plugins.
Preloading 0 native plugins for Editor in 0.00 ms.
Mono: successfully reloaded assembly
- Completed reload, in  1.967 seconds
Platform modules already initialized, skipping
Shader 'Universal Render Pipeline/Particles/Lit': fallback shader 'Universal Render Pipeline/Particles/SimpleLit' not found
Refreshing native plugins compatible for Editor in 1.71 ms, found 0 plugins.
Preloading 0 native plugins for Editor in 0.00 ms.
Unloading 2880 Unused Serialized files (Serialized files now loaded: 0)
System memory in use before: 210.4 MB.
System memory in use after: 210.7 MB.

Unloading 5 unused Assets to reduce memory usage. Loaded Objects now: 3493.
Total: 5.470200 ms (FindLiveObjects: 0.604800 ms CreateObjectMapping: 0.325800 ms MarkObjects: 4.500500 ms  DeleteObjects: 0.037000 ms)

========================================================================
Received Prepare
Registering precompiled user dll's ...
Registered in 0.003821 seconds.
Begin MonoManager ReloadAssembly
Native extension for WindowsStandalone target not found
Native extension for WebGL target not found
Refreshing native plugins compatible for Editor in 0.71 ms, found 0 plugins.
Preloading 0 native plugins for Editor in 0.00 ms.
Mono: successfully reloaded assembly
- Completed reload, in  1.648 seconds
Platform modules already initialized, skipping
Shader 'Universal Render Pipeline/Particles/Lit': fallback shader 'Universal Render Pipeline/Particles/SimpleLit' not found
Refreshing native plugins compatible for Editor in 1.81 ms, found 0 plugins.
Preloading 0 native plugins for Editor in 0.00 ms.
Unloading 2880 Unused Serialized files (Serialized files now loaded: 0)
System memory in use before: 210.5 MB.
System memory in use after: 210.7 MB.

Unloading 5 unused Assets to reduce memory usage. Loaded Objects now: 3496.
Total: 8.229800 ms (FindLiveObjects: 0.642200 ms CreateObjectMapping: 0.381300 ms MarkObjects: 7.157300 ms  DeleteObjects: 0.046500 ms)

========================================================================
Received Prepare
Registering precompiled user dll's ...
Registered in 0.002684 seconds.
Begin MonoManager ReloadAssembly
Native extension for WindowsStandalone target not found
Native extension for WebGL target not found
Refreshing native plugins compatible for Editor in 0.68 ms, found 0 plugins.
Preloading 0 native plugins for Editor in 0.00 ms.
Mono: successfully reloaded assembly
- Completed reload, in  1.209 seconds
Platform modules already initialized, skipping
Shader 'Universal Render Pipeline/Particles/Lit': fallback shader 'Universal Render Pipeline/Particles/SimpleLit' not found
Refreshing native plugins compatible for Editor in 1.91 ms, found 0 plugins.
Preloading 0 native plugins for Editor in 0.00 ms.
Unloading 2880 Unused Serialized files (Serialized files now loaded: 0)
System memory in use before: 210.5 MB.
System memory in use after: 210.7 MB.

Unloading 5 unused Assets to reduce memory usage. Loaded Objects now: 3499.
Total: 8.923600 ms (FindLiveObjects: 0.828500 ms CreateObjectMapping: 0.601900 ms MarkObjects: 7.441200 ms  DeleteObjects: 0.048900 ms)

========================================================================
Received Prepare
Registering precompiled user dll's ...
Registered in 0.002685 seconds.
Begin MonoManager ReloadAssembly
Native extension for WindowsStandalone target not found
Native extension for WebGL target not found
Refreshing native plugins compatible for Editor in 0.69 ms, found 0 plugins.
Preloading 0 native plugins for Editor in 0.00 ms.
Mono: successfully reloaded assembly
- Completed reload, in  1.182 seconds
Platform modules already initialized, skipping
Shader 'Universal Render Pipeline/Particles/Lit': fallback shader 'Universal Render Pipeline/Particles/SimpleLit' not found
Refreshing native plugins compatible for Editor in 1.23 ms, found 0 plugins.
Preloading 0 native plugins for Editor in 0.00 ms.
Unloading 2880 Unused Serialized files (Serialized files now loaded: 0)
System memory in use before: 210.5 MB.
System memory in use after: 210.8 MB.

Unloading 5 unused Assets to reduce memory usage. Loaded Objects now: 3502.
Total: 5.333700 ms (FindLiveObjects: 0.511300 ms CreateObjectMapping: 0.474000 ms MarkObjects: 4.320800 ms  DeleteObjects: 0.024700 ms)

========================================================================
Received Prepare
Registering precompiled user dll's ...
Registered in 0.002645 seconds.
Begin MonoManager ReloadAssembly
Native extension for WindowsStandalone target not found
Native extension for WebGL target not found
Refreshing native plugins compatible for Editor in 0.67 ms, found 0 plugins.
Preloading 0 native plugins for Editor in 0.00 ms.
Mono: successfully reloaded assembly
- Completed reload, in  1.508 seconds
Platform modules already initialized, skipping
Shader 'Universal Render Pipeline/Particles/Lit': fallback shader 'Universal Render Pipeline/Particles/SimpleLit' not found
Refreshing native plugins compatible for Editor in 1.28 ms, found 0 plugins.
Preloading 0 native plugins for Editor in 0.00 ms.
Unloading 2880 Unused Serialized files (Serialized files now loaded: 0)
System memory in use before: 210.5 MB.
System memory in use after: 210.8 MB.

Unloading 5 unused Assets to reduce memory usage. Loaded Objects now: 3505.
Total: 5.137300 ms (FindLiveObjects: 0.438400 ms CreateObjectMapping: 0.288600 ms MarkObjects: 4.380500 ms  DeleteObjects: 0.028100 ms)

========================================================================
Received Prepare
Registering precompiled user dll's ...
Registered in 0.002998 seconds.
Begin MonoManager ReloadAssembly
Native extension for WindowsStandalone target not found
Native extension for WebGL target not found
Refreshing native plugins compatible for Editor in 0.74 ms, found 0 plugins.
Preloading 0 native plugins for Editor in 0.00 ms.
Mono: successfully reloaded assembly
- Completed reload, in  1.652 seconds
Platform modules already initialized, skipping
Shader 'Universal Render Pipeline/Particles/Lit': fallback shader 'Universal Render Pipeline/Particles/SimpleLit' not found
Refreshing native plugins compatible for Editor in 1.81 ms, found 0 plugins.
Preloading 0 native plugins for Editor in 0.00 ms.
Unloading 2880 Unused Serialized files (Serialized files now loaded: 0)
System memory in use before: 210.6 MB.
System memory in use after: 210.8 MB.

Unloading 5 unused Assets to reduce memory usage. Loaded Objects now: 3508.
Total: 8.389400 ms (FindLiveObjects: 0.916400 ms CreateObjectMapping: 0.783600 ms MarkObjects: 6.641800 ms  DeleteObjects: 0.044600 ms)

========================================================================
Received Prepare
Registering precompiled user dll's ...
Registered in 0.002693 seconds.
Begin MonoManager ReloadAssembly
Native extension for WindowsStandalone target not found
Native extension for WebGL target not found
Refreshing native plugins compatible for Editor in 1.06 ms, found 0 plugins.
Preloading 0 native plugins for Editor in 0.00 ms.
Mono: successfully reloaded assembly
- Completed reload, in  1.645 seconds
Platform modules already initialized, skipping
Shader 'Universal Render Pipeline/Particles/Lit': fallback shader 'Universal Render Pipeline/Particles/SimpleLit' not found
Refreshing native plugins compatible for Editor in 1.63 ms, found 0 plugins.
Preloading 0 native plugins for Editor in 0.00 ms.
Unloading 2880 Unused Serialized files (Serialized files now loaded: 0)
System memory in use before: 210.6 MB.
System memory in use after: 210.8 MB.

Unloading 5 unused Assets to reduce memory usage. Loaded Objects now: 3511.
Total: 5.329200 ms (FindLiveObjects: 0.466500 ms CreateObjectMapping: 0.283000 ms MarkObjects: 4.544000 ms  DeleteObjects: 0.032800 ms)

========================================================================
Received Prepare
Registering precompiled user dll's ...
Registered in 0.006662 seconds.
Begin MonoManager ReloadAssembly
Native extension for WindowsStandalone target not found
Native extension for WebGL target not found
Refreshing native plugins compatible for Editor in 0.85 ms, found 0 plugins.
Preloading 0 native plugins for Editor in 0.00 ms.
Mono: successfully reloaded assembly
- Completed reload, in  3.792 seconds
Platform modules already initialized, skipping
Shader 'Universal Render Pipeline/Particles/Lit': fallback shader 'Universal Render Pipeline/Particles/SimpleLit' not found
Refreshing native plugins compatible for Editor in 1.89 ms, found 0 plugins.
Preloading 0 native plugins for Editor in 0.00 ms.
Unloading 2880 Unused Serialized files (Serialized files now loaded: 0)
System memory in use before: 210.6 MB.
System memory in use after: 210.8 MB.

Unloading 5 unused Assets to reduce memory usage. Loaded Objects now: 3514.
Total: 5.943700 ms (FindLiveObjects: 0.505700 ms CreateObjectMapping: 0.338800 ms MarkObjects: 5.062800 ms  DeleteObjects: 0.032900 ms)

========================================================================
Received Prepare
Registering precompiled user dll's ...
Registered in 0.003215 seconds.
Begin MonoManager ReloadAssembly
Native extension for WindowsStandalone target not found
Native extension for WebGL target not found
Refreshing native plugins compatible for Editor in 0.65 ms, found 0 plugins.
Preloading 0 native plugins for Editor in 0.00 ms.
Mono: successfully reloaded assembly
- Completed reload, in  2.043 seconds
Platform modules already initialized, skipping
Shader 'Universal Render Pipeline/Particles/Lit': fallback shader 'Universal Render Pipeline/Particles/SimpleLit' not found
Refreshing native plugins compatible for Editor in 1.41 ms, found 0 plugins.
Preloading 0 native plugins for Editor in 0.00 ms.
Unloading 2880 Unused Serialized files (Serialized files now loaded: 0)
System memory in use before: 210.6 MB.
System memory in use after: 210.8 MB.

Unloading 5 unused Assets to reduce memory usage. Loaded Objects now: 3517.
Total: 8.565200 ms (FindLiveObjects: 0.642700 ms CreateObjectMapping: 0.476000 ms MarkObjects: 7.410400 ms  DeleteObjects: 0.032500 ms)

========================================================================
Received Prepare
Registering precompiled user dll's ...
Registered in 0.003191 seconds.
Begin MonoManager ReloadAssembly
Native extension for WindowsStandalone target not found
Native extension for WebGL target not found
Refreshing native plugins compatible for Editor in 0.69 ms, found 0 plugins.
Preloading 0 native plugins for Editor in 0.00 ms.
Mono: successfully reloaded assembly
- Completed reload, in  1.845 seconds
Platform modules already initialized, skipping
Shader 'Universal Render Pipeline/Particles/Lit': fallback shader 'Universal Render Pipeline/Particles/SimpleLit' not found
Refreshing native plugins compatible for Editor in 1.52 ms, found 0 plugins.
Preloading 0 native plugins for Editor in 0.00 ms.
Unloading 2880 Unused Serialized files (Serialized files now loaded: 0)
System memory in use before: 210.6 MB.
System memory in use after: 210.8 MB.

Unloading 5 unused Assets to reduce memory usage. Loaded Objects now: 3520.
Total: 6.778800 ms (FindLiveObjects: 0.569700 ms CreateObjectMapping: 0.405900 ms MarkObjects: 5.762100 ms  DeleteObjects: 0.038100 ms)

========================================================================
Received Prepare
Registering precompiled user dll's ...
Registered in 0.002671 seconds.
Begin MonoManager ReloadAssembly
Native extension for WindowsStandalone target not found
Native extension for WebGL target not found
Refreshing native plugins compatible for Editor in 0.79 ms, found 0 plugins.
Preloading 0 native plugins for Editor in 0.00 ms.
Mono: successfully reloaded assembly
- Completed reload, in  1.626 seconds
Platform modules already initialized, skipping
Shader 'Universal Render Pipeline/Particles/Lit': fallback shader 'Universal Render Pipeline/Particles/SimpleLit' not found
Refreshing native plugins compatible for Editor in 1.24 ms, found 0 plugins.
Preloading 0 native plugins for Editor in 0.00 ms.
Unloading 2880 Unused Serialized files (Serialized files now loaded: 0)
System memory in use before: 210.6 MB.
System memory in use after: 210.8 MB.

Unloading 5 unused Assets to reduce memory usage. Loaded Objects now: 3523.
Total: 6.603000 ms (FindLiveObjects: 1.638600 ms CreateObjectMapping: 0.436900 ms MarkObjects: 4.487800 ms  DeleteObjects: 0.037100 ms)

========================================================================
Received Prepare
Registering precompiled user dll's ...
Registered in 0.006835 seconds.
Begin MonoManager ReloadAssembly
Native extension for WindowsStandalone target not found
Native extension for WebGL target not found
Refreshing native plugins compatible for Editor in 2.61 ms, found 0 plugins.
Preloading 0 native plugins for Editor in 0.00 ms.
Mono: successfully reloaded assembly
- Completed reload, in  5.125 seconds
Platform modules already initialized, skipping
Shader 'Universal Render Pipeline/Particles/Lit': fallback shader 'Universal Render Pipeline/Particles/SimpleLit' not found
Refreshing native plugins compatible for Editor in 3.52 ms, found 0 plugins.
Preloading 0 native plugins for Editor in 0.00 ms.
Unloading 2880 Unused Serialized files (Serialized files now loaded: 0)
System memory in use before: 210.6 MB.
System memory in use after: 210.8 MB.

Unloading 5 unused Assets to reduce memory usage. Loaded Objects now: 3526.
Total: 12.242000 ms (FindLiveObjects: 0.700400 ms CreateObjectMapping: 0.521100 ms MarkObjects: 10.972600 ms  DeleteObjects: 0.045400 ms)

========================================================================
Received Prepare
Registering precompiled user dll's ...
Registered in 0.002800 seconds.
Begin MonoManager ReloadAssembly
Native extension for WindowsStandalone target not found
Native extension for WebGL target not found
Refreshing native plugins compatible for Editor in 0.64 ms, found 0 plugins.
Preloading 0 native plugins for Editor in 0.00 ms.
Mono: successfully reloaded assembly
- Completed reload, in  1.554 seconds
Platform modules already initialized, skipping
Shader 'Universal Render Pipeline/Particles/Lit': fallback shader 'Universal Render Pipeline/Particles/SimpleLit' not found
Refreshing native plugins compatible for Editor in 2.21 ms, found 0 plugins.
Preloading 0 native plugins for Editor in 0.00 ms.
Unloading 2880 Unused Serialized files (Serialized files now loaded: 0)
System memory in use before: 210.6 MB.
System memory in use after: 210.8 MB.

Unloading 5 unused Assets to reduce memory usage. Loaded Objects now: 3529.
Total: 10.236700 ms (FindLiveObjects: 0.665700 ms CreateObjectMapping: 0.504500 ms MarkObjects: 9.019600 ms  DeleteObjects: 0.043500 ms)

========================================================================
Received Prepare
Registering precompiled user dll's ...
Registered in 0.002607 seconds.
Begin MonoManager ReloadAssembly
Native extension for WindowsStandalone target not found
Native extension for WebGL target not found
Refreshing native plugins compatible for Editor in 1.10 ms, found 0 plugins.
Preloading 0 native plugins for Editor in 0.00 ms.
Mono: successfully reloaded assembly
- Completed reload, in  1.604 seconds
Platform modules already initialized, skipping
Shader 'Universal Render Pipeline/Particles/Lit': fallback shader 'Universal Render Pipeline/Particles/SimpleLit' not found
Refreshing native plugins compatible for Editor in 1.73 ms, found 0 plugins.
Preloading 0 native plugins for Editor in 0.00 ms.
Unloading 2880 Unused Serialized files (Serialized files now loaded: 0)
System memory in use before: 210.6 MB.
System memory in use after: 210.8 MB.

Unloading 5 unused Assets to reduce memory usage. Loaded Objects now: 3532.
Total: 5.654100 ms (FindLiveObjects: 0.520500 ms CreateObjectMapping: 0.335800 ms MarkObjects: 4.760800 ms  DeleteObjects: 0.034900 ms)

========================================================================
Received Prepare
Registering precompiled user dll's ...
Registered in 0.002647 seconds.
Begin MonoManager ReloadAssembly
Native extension for WindowsStandalone target not found
Native extension for WebGL target not found
Refreshing native plugins compatible for Editor in 0.68 ms, found 0 plugins.
Preloading 0 native plugins for Editor in 0.00 ms.
Mono: successfully reloaded assembly
- Completed reload, in  1.179 seconds
Platform modules already initialized, skipping
Shader 'Universal Render Pipeline/Particles/Lit': fallback shader 'Universal Render Pipeline/Particles/SimpleLit' not found
Refreshing native plugins compatible for Editor in 1.80 ms, found 0 plugins.
Preloading 0 native plugins for Editor in 0.00 ms.
Unloading 2880 Unused Serialized files (Serialized files now loaded: 0)
System memory in use before: 210.6 MB.
System memory in use after: 210.8 MB.

Unloading 5 unused Assets to reduce memory usage. Loaded Objects now: 3535.
Total: 11.636100 ms (FindLiveObjects: 2.191700 ms CreateObjectMapping: 0.566400 ms MarkObjects: 8.832400 ms  DeleteObjects: 0.041500 ms)

========================================================================
Received Prepare
Registering precompiled user dll's ...
Registered in 0.002826 seconds.
Begin MonoManager ReloadAssembly
Native extension for WindowsStandalone target not found
Native extension for WebGL target not found
Refreshing native plugins compatible for Editor in 0.72 ms, found 0 plugins.
Preloading 0 native plugins for Editor in 0.00 ms.
Mono: successfully reloaded assembly
- Completed reload, in  1.847 seconds
Platform modules already initialized, skipping
Shader 'Universal Render Pipeline/Particles/Lit': fallback shader 'Universal Render Pipeline/Particles/SimpleLit' not found
Refreshing native plugins compatible for Editor in 1.42 ms, found 0 plugins.
Preloading 0 native plugins for Editor in 0.00 ms.
Unloading 2880 Unused Serialized files (Serialized files now loaded: 0)
System memory in use before: 210.6 MB.
System memory in use after: 210.8 MB.

Unloading 5 unused Assets to reduce memory usage. Loaded Objects now: 3538.
Total: 8.670900 ms (FindLiveObjects: 0.633900 ms CreateObjectMapping: 0.497200 ms MarkObjects: 7.503000 ms  DeleteObjects: 0.034300 ms)

========================================================================
Received Prepare
Registering precompiled user dll's ...
Registered in 0.003705 seconds.
Begin MonoManager ReloadAssembly
Native extension for WindowsStandalone target not found
Native extension for WebGL target not found
Refreshing native plugins compatible for Editor in 0.67 ms, found 0 plugins.
Preloading 0 native plugins for Editor in 0.00 ms.
Mono: successfully reloaded assembly
- Completed reload, in  1.594 seconds
Platform modules already initialized, skipping
Shader 'Universal Render Pipeline/Particles/Lit': fallback shader 'Universal Render Pipeline/Particles/SimpleLit' not found
Refreshing native plugins compatible for Editor in 1.43 ms, found 0 plugins.
Preloading 0 native plugins for Editor in 0.00 ms.
Unloading 2880 Unused Serialized files (Serialized files now loaded: 0)
System memory in use before: 210.6 MB.
System memory in use after: 210.9 MB.

Unloading 5 unused Assets to reduce memory usage. Loaded Objects now: 3541.
Total: 5.172400 ms (FindLiveObjects: 0.511900 ms CreateObjectMapping: 0.332600 ms MarkObjects: 4.285700 ms  DeleteObjects: 0.039500 ms)

========================================================================
Received Prepare
Registering precompiled user dll's ...
Registered in 0.002677 seconds.
Begin MonoManager ReloadAssembly
Native extension for WindowsStandalone target not found
Native extension for WebGL target not found
Refreshing native plugins compatible for Editor in 0.67 ms, found 0 plugins.
Preloading 0 native plugins for Editor in 0.00 ms.
Mono: successfully reloaded assembly
- Completed reload, in  1.211 seconds
Platform modules already initialized, skipping
Shader 'Universal Render Pipeline/Particles/Lit': fallback shader 'Universal Render Pipeline/Particles/SimpleLit' not found
Refreshing native plugins compatible for Editor in 1.40 ms, found 0 plugins.
Preloading 0 native plugins for Editor in 0.00 ms.
Unloading 2880 Unused Serialized files (Serialized files now loaded: 0)
System memory in use before: 210.6 MB.
System memory in use after: 210.9 MB.

Unloading 5 unused Assets to reduce memory usage. Loaded Objects now: 3544.
Total: 15.476900 ms (FindLiveObjects: 5.005400 ms CreateObjectMapping: 0.447100 ms MarkObjects: 9.797900 ms  DeleteObjects: 0.223500 ms)

========================================================================
Received Prepare
Registering precompiled user dll's ...
Registered in 0.002888 seconds.
Begin MonoManager ReloadAssembly
Native extension for WindowsStandalone target not found
Native extension for WebGL target not found
Refreshing native plugins compatible for Editor in 0.68 ms, found 0 plugins.
Preloading 0 native plugins for Editor in 0.00 ms.
Mono: successfully reloaded assembly
- Completed reload, in  1.680 seconds
Platform modules already initialized, skipping
Shader 'Universal Render Pipeline/Particles/Lit': fallback shader 'Universal Render Pipeline/Particles/SimpleLit' not found
Refreshing native plugins compatible for Editor in 1.48 ms, found 0 plugins.
Preloading 0 native plugins for Editor in 0.00 ms.
Unloading 2880 Unused Serialized files (Serialized files now loaded: 0)
System memory in use before: 210.6 MB.
System memory in use after: 210.9 MB.

Unloading 5 unused Assets to reduce memory usage. Loaded Objects now: 3547.
Total: 7.350100 ms (FindLiveObjects: 0.672300 ms CreateObjectMapping: 0.402500 ms MarkObjects: 6.238300 ms  DeleteObjects: 0.034400 ms)

========================================================================
Received Prepare
Registering precompiled user dll's ...
Registered in 0.002813 seconds.
Begin MonoManager ReloadAssembly
Native extension for WindowsStandalone target not found
Native extension for WebGL target not found
Refreshing native plugins compatible for Editor in 0.64 ms, found 0 plugins.
Preloading 0 native plugins for Editor in 0.00 ms.
Mono: successfully reloaded assembly
- Completed reload, in  1.616 seconds
Platform modules already initialized, skipping
Shader 'Universal Render Pipeline/Particles/Lit': fallback shader 'Universal Render Pipeline/Particles/SimpleLit' not found
Refreshing native plugins compatible for Editor in 1.76 ms, found 0 plugins.
Preloading 0 native plugins for Editor in 0.00 ms.
Unloading 2880 Unused Serialized files (Serialized files now loaded: 0)
System memory in use before: 210.6 MB.
System memory in use after: 210.9 MB.

Unloading 5 unused Assets to reduce memory usage. Loaded Objects now: 3550.
Total: 6.878600 ms (FindLiveObjects: 0.463700 ms CreateObjectMapping: 0.257700 ms MarkObjects: 6.127900 ms  DeleteObjects: 0.027000 ms)

========================================================================
Received Prepare
Registering precompiled user dll's ...
Registered in 0.003605 seconds.
Begin MonoManager ReloadAssembly
Native extension for WindowsStandalone target not found
Native extension for WebGL target not found
Refreshing native plugins compatible for Editor in 0.69 ms, found 0 plugins.
Preloading 0 native plugins for Editor in 0.00 ms.
Mono: successfully reloaded assembly
- Completed reload, in  1.543 seconds
Platform modules already initialized, skipping
Shader 'Universal Render Pipeline/Particles/Lit': fallback shader 'Universal Render Pipeline/Particles/SimpleLit' not found
Refreshing native plugins compatible for Editor in 1.66 ms, found 0 plugins.
Preloading 0 native plugins for Editor in 0.00 ms.
Unloading 2880 Unused Serialized files (Serialized files now loaded: 0)
System memory in use before: 210.7 MB.
System memory in use after: 210.9 MB.

Unloading 5 unused Assets to reduce memory usage. Loaded Objects now: 3553.
Total: 5.578200 ms (FindLiveObjects: 0.600900 ms CreateObjectMapping: 0.425600 ms MarkObjects: 4.514200 ms  DeleteObjects: 0.035100 ms)

AssetImportWorkerClient::OnTransportError - code=2 error=End of file
