Using pre-set license
Built from '2021.1/release' branch; Version is '2021.1.4f1 (4cd64a618c1b) revision 5035594'; Using compiler version '192528614'; Build Type 'Release'
OS: 'Windows 10 Home; OS build 19042.928; Version 2009; 64bit' Language: 'en' Physical Memory: 4073 MB
BatchMode: 1, IsHumanControllingUs: 0, StartBugReporterOnCrash: 0, Is64bit: 1, IsPro: 0

 COMMAND LINE ARGUMENTS:
C:\Program Files\Unity\Hub\Editor\2021.1.4f1\Editor\Unity.exe
-adb2
-batchMode
-noUpm
-name
AssetImportWorker1
-projectPath
C:/Users/loganlevitre/OneDrive/Desktop/UnityTesting/Yoon/Project Yoon
-logFile
Logs/AssetImportWorker1.log
-srvPort
51389
Successfully changed project path to: C:/Users/loganlevitre/OneDrive/Desktop/UnityTesting/Yoon/Project Yoon
C:/Users/loganlevitre/OneDrive/Desktop/UnityTesting/Yoon/Project Yoon
Using Asset Import Pipeline V2.
Refreshing native plugins compatible for Editor in 200.41 ms, found 0 plugins.
Preloading 0 native plugins for Editor in 0.00 ms.
Initialize engine version: 2021.1.4f1 (4cd64a618c1b)
[Subsystems] Discovering subsystems at path C:/Program Files/Unity/Hub/Editor/2021.1.4f1/Editor/Data/Resources/UnitySubsystems
[Subsystems] Discovering subsystems at path C:/Users/loganlevitre/OneDrive/Desktop/UnityTesting/Yoon/Project Yoon/Assets
GfxDevice: creating device client; threaded=0; jobified=0
Direct3D:
    Version:  Direct3D 11.0 [level 11.1]
    Renderer: Parallels Display Adapter (WDDM) (ID=0x4005)
    Vendor:   Parallels
    VRAM:     128 MB
    Driver:   16.5.0.49183
Shader 'Universal Render Pipeline/Particles/Lit': fallback shader 'Universal Render Pipeline/Particles/SimpleLit' not found
Initialize mono
Mono path[0] = 'C:/Program Files/Unity/Hub/Editor/2021.1.4f1/Editor/Data/Managed'
Mono path[1] = 'C:/Program Files/Unity/Hub/Editor/2021.1.4f1/Editor/Data/MonoBleedingEdge/lib/mono/unityjit'
Mono config path = 'C:/Program Files/Unity/Hub/Editor/2021.1.4f1/Editor/Data/MonoBleedingEdge/etc'
Using monoOptions --debugger-agent=transport=dt_socket,embedding=1,server=y,suspend=n,address=127.0.0.1:56988
Begin MonoManager ReloadAssembly
Registering precompiled unity dll's ...
Register platform support module: C:/Program Files/Unity/Hub/Editor/2021.1.4f1/Editor/Data/PlaybackEngines/WebGLSupport/UnityEditor.WebGL.Extensions.dll
Register platform support module: C:/Program Files/Unity/Hub/Editor/2021.1.4f1/Editor/Data/PlaybackEngines/MacStandaloneSupport/UnityEditor.OSXStandalone.Extensions.dll
Register platform support module: C:/Program Files/Unity/Hub/Editor/2021.1.4f1/Editor/Data/PlaybackEngines/WindowsStandaloneSupport/UnityEditor.WindowsStandalone.Extensions.dll
Register platform support module: C:/Program Files/Unity/Hub/Editor/2021.1.4f1/Editor/Data/PlaybackEngines/LinuxStandaloneSupport/UnityEditor.LinuxStandalone.Extensions.dll
Registered in 0.009107 seconds.
Native extension for LinuxStandalone target not found
Native extension for WindowsStandalone target not found
Native extension for OSXStandalone target not found
Native extension for WebGL target not found
Refreshing native plugins compatible for Editor in 116.35 ms, found 0 plugins.
Preloading 0 native plugins for Editor in 0.00 ms.
Mono: successfully reloaded assembly
- Completed reload, in  3.304 seconds
Platform modules already initialized, skipping
Registering precompiled user dll's ...
Registered in 0.004322 seconds.
Begin MonoManager ReloadAssembly
Native extension for LinuxStandalone target not found
Native extension for WindowsStandalone target not found
Native extension for OSXStandalone target not found
Native extension for WebGL target not found
Refreshing native plugins compatible for Editor in 114.07 ms, found 0 plugins.
Preloading 0 native plugins for Editor in 0.00 ms.
Mono: successfully reloaded assembly
- Completed reload, in  3.709 seconds
Platform modules already initialized, skipping
========================================================================
Worker process is ready to serve import requests
Shader 'Universal Render Pipeline/Particles/Lit': fallback shader 'Universal Render Pipeline/Particles/SimpleLit' not found
Launched and connected shader compiler UnityShaderCompiler.exe after 0.17 seconds
Refreshing native plugins compatible for Editor in 0.66 ms, found 0 plugins.
Preloading 0 native plugins for Editor in 0.00 ms.
Unloading 2980 Unused Serialized files (Serialized files now loaded: 0)
System memory in use before: 143.4 MB.
System memory in use after: 143.6 MB.

Unloading 12 unused Assets to reduce memory usage. Loaded Objects now: 3453.
Total: 4.542700 ms (FindLiveObjects: 0.453000 ms CreateObjectMapping: 0.278000 ms MarkObjects: 3.692500 ms  DeleteObjects: 0.116700 ms)

========================================================================
Received Import Request.
  path: Assets/Prefabs/Sword_Textures01.tga
  artifactKey: Guid(0bca729ef9908654e9f42aaa6ab36c44) Importer(815301076,1909f56bfc062723c751e8b465ee728b)
Start importing Assets/Prefabs/Sword_Textures01.tga using Guid(0bca729ef9908654e9f42aaa6ab36c44) Importer(815301076,1909f56bfc062723c751e8b465ee728b)  -> (artifact id: '064254c60987ea9f83b9ff5e5345f2da') in 0.453430 seconds 
========================================================================
Received Import Request.
  Time since last request: 0.000974 seconds.
  path: Assets/Prefabs/tree 1 Variant.prefab
  artifactKey: Guid(a75bd7e02a5d35142875cfbc1c8fdeb4) Importer(815301076,1909f56bfc062723c751e8b465ee728b)
Start importing Assets/Prefabs/tree 1 Variant.prefab using Guid(a75bd7e02a5d35142875cfbc1c8fdeb4) Importer(815301076,1909f56bfc062723c751e8b465ee728b)  -> (artifact id: '4778cb123561bfd2240deb86a7bd2e46') in 1.191182 seconds 
========================================================================
Received Import Request.
  Time since last request: 0.000652 seconds.
  path: Assets/Prefabs/Frbll.prefab
  artifactKey: Guid(84a35d6dfb8ebdf4e9c5e411b8229e23) Importer(815301076,1909f56bfc062723c751e8b465ee728b)
Start importing Assets/Prefabs/Frbll.prefab using Guid(84a35d6dfb8ebdf4e9c5e411b8229e23) Importer(815301076,1909f56bfc062723c751e8b465ee728b)  -> (artifact id: '6930ec5dc2e1280e07a34eb649b97e38') in 0.261369 seconds 
========================================================================
Received Import Request.
  Time since last request: 0.004342 seconds.
  path: Assets/Prefabs/Coin.prefab
  artifactKey: Guid(d76faa02c6a04aa439e8585014eaf80c) Importer(815301076,1909f56bfc062723c751e8b465ee728b)
Start importing Assets/Prefabs/Coin.prefab using Guid(d76faa02c6a04aa439e8585014eaf80c) Importer(815301076,1909f56bfc062723c751e8b465ee728b)  -> (artifact id: '270e830c4567142d04da67bc821f6dd8') in 0.540874 seconds 
========================================================================
Received Import Request.
  Time since last request: 0.003677 seconds.
  path: Assets/Prefabs/pineTree (1).prefab
  artifactKey: Guid(af1a4709df73f6d498a977acf44278cb) Importer(815301076,1909f56bfc062723c751e8b465ee728b)
Start importing Assets/Prefabs/pineTree (1).prefab using Guid(af1a4709df73f6d498a977acf44278cb) Importer(815301076,1909f56bfc062723c751e8b465ee728b)  -> (artifact id: '00671bac2e7c346fb20fc9614fbdf734') in 0.319246 seconds 
========================================================================
Received Import Request.
  Time since last request: 0.000782 seconds.
  path: Assets/Prefabs/InventorySlot.prefab
  artifactKey: Guid(3bef925fd1d7e74469deed4be29126cd) Importer(815301076,1909f56bfc062723c751e8b465ee728b)
Start importing Assets/Prefabs/InventorySlot.prefab using Guid(3bef925fd1d7e74469deed4be29126cd) Importer(815301076,1909f56bfc062723c751e8b465ee728b)  -> (artifact id: '48f82a5d17d5ec9cd902355dcd75618c') in 0.136633 seconds 
========================================================================
Received Import Request.
  Time since last request: 0.000358 seconds.
  path: Assets/Prefabs/sword02.prefab
  artifactKey: Guid(17bc343ea46b0854e94c8a7d199ca8dc) Importer(815301076,1909f56bfc062723c751e8b465ee728b)
Start importing Assets/Prefabs/sword02.prefab using Guid(17bc343ea46b0854e94c8a7d199ca8dc) Importer(815301076,1909f56bfc062723c751e8b465ee728b)  -> (artifact id: 'f106fce5b48ad374734b30236225e91e') in 0.219758 seconds 
========================================================================
Received Import Request.
  Time since last request: 0.000346 seconds.
  path: Assets/Prefabs/birchTree_leafless (1).prefab
  artifactKey: Guid(ea94c46911b4ac941b4dd15a924ba0a5) Importer(815301076,1909f56bfc062723c751e8b465ee728b)
Start importing Assets/Prefabs/birchTree_leafless (1).prefab using Guid(ea94c46911b4ac941b4dd15a924ba0a5) Importer(815301076,1909f56bfc062723c751e8b465ee728b)  -> (artifact id: 'f843f41988a75471f1942ca7faa6be54') in 0.441373 seconds 
========================================================================
Received Import Request.
  Time since last request: 0.000451 seconds.
  path: Assets/Prefabs/log.prefab
  artifactKey: Guid(46cd6152a2cb2ee43a8f274ec56eebce) Importer(815301076,1909f56bfc062723c751e8b465ee728b)
Start importing Assets/Prefabs/log.prefab using Guid(46cd6152a2cb2ee43a8f274ec56eebce) Importer(815301076,1909f56bfc062723c751e8b465ee728b)  -> (artifact id: '5d6e9b69382cc3c0cefb7e3085c211ac') in 0.544021 seconds 
========================================================================
Received Import Request.
  Time since last request: 0.000814 seconds.
  path: Assets/Prefabs/Wall.prefab
  artifactKey: Guid(8337fc98d57dfff4ebb7065c19290e21) Importer(815301076,1909f56bfc062723c751e8b465ee728b)
Start importing Assets/Prefabs/Wall.prefab using Guid(8337fc98d57dfff4ebb7065c19290e21) Importer(815301076,1909f56bfc062723c751e8b465ee728b)  -> (artifact id: '1dd532db6315d8c1ca7f7115910f85d5') in 0.395362 seconds 
========================================================================
Received Import Request.
  Time since last request: 0.000668 seconds.
  path: Assets/Prefabs/1_M.E. House_1 Variant.prefab
  artifactKey: Guid(fda300afe1659094e940a7f8ce5f8293) Importer(815301076,1909f56bfc062723c751e8b465ee728b)
Start importing Assets/Prefabs/1_M.E. House_1 Variant.prefab using Guid(fda300afe1659094e940a7f8ce5f8293) Importer(815301076,1909f56bfc062723c751e8b465ee728b)  -> (artifact id: '668b80eaab8263035ce42a0b83c17535') in 0.880950 seconds 
========================================================================
Received Import Request.
  Time since last request: 0.001900 seconds.
  path: Assets/Prefabs/vegetation_toon02_autumn.png
  artifactKey: Guid(f70b211b685b9b043a702c2cb8c4c0ae) Importer(815301076,1909f56bfc062723c751e8b465ee728b)
Start importing Assets/Prefabs/vegetation_toon02_autumn.png using Guid(f70b211b685b9b043a702c2cb8c4c0ae) Importer(815301076,1909f56bfc062723c751e8b465ee728b)  -> (artifact id: 'aea9da093a11caa0d9d1125f8fa244a9') in 0.442618 seconds 
========================================================================
Received Import Request.
  Time since last request: 0.000447 seconds.
  path: Assets/Prefabs/birchTree_leafless Variant.prefab
  artifactKey: Guid(62160d5cfd1cc09488f002dda4046145) Importer(815301076,1909f56bfc062723c751e8b465ee728b)
Start importing Assets/Prefabs/birchTree_leafless Variant.prefab using Guid(62160d5cfd1cc09488f002dda4046145) Importer(815301076,1909f56bfc062723c751e8b465ee728b)  -> (artifact id: '6f6adcc7c9b899868195363e24cde26e') in 0.202097 seconds 
========================================================================
Received Import Request.
  Time since last request: 0.000351 seconds.
  path: Assets/Prefabs/bush01.prefab
  artifactKey: Guid(105211c18a578244b857708584734e3e) Importer(815301076,1909f56bfc062723c751e8b465ee728b)
Start importing Assets/Prefabs/bush01.prefab using Guid(105211c18a578244b857708584734e3e) Importer(815301076,1909f56bfc062723c751e8b465ee728b)  -> (artifact id: '23a3105f4cb04d63382c8397f76b6721') in 0.156143 seconds 
========================================================================
Received Import Request.
  Time since last request: 0.000321 seconds.
  path: Assets/Prefabs/TempGoblin.prefab
  artifactKey: Guid(4ca13c1412fec3e48b31c8428b91eabd) Importer(815301076,1909f56bfc062723c751e8b465ee728b)
Start importing Assets/Prefabs/TempGoblin.prefab using Guid(4ca13c1412fec3e48b31c8428b91eabd) Importer(815301076,1909f56bfc062723c751e8b465ee728b)  -> (artifact id: '8f0c0db8c20ef59eef255c318769fee2') in 0.577137 seconds 
========================================================================
Received Import Request.
  Time since last request: 0.012073 seconds.
  path: Assets/Prefabs/sword01.prefab
  artifactKey: Guid(a5f8359254d13df438d43f3bf13e2916) Importer(815301076,1909f56bfc062723c751e8b465ee728b)
Start importing Assets/Prefabs/sword01.prefab using Guid(a5f8359254d13df438d43f3bf13e2916) Importer(815301076,1909f56bfc062723c751e8b465ee728b)  -> (artifact id: '266d68765a01b603bc1d486765a5a5fb') in 0.193053 seconds 
========================================================================
Received Import Request.
  Time since last request: 0.007437 seconds.
  path: Assets/Prefabs/Crate.prefab
  artifactKey: Guid(16c0b83c81585b046ac18cfe0c769a9c) Importer(815301076,1909f56bfc062723c751e8b465ee728b)
Start importing Assets/Prefabs/Crate.prefab using Guid(16c0b83c81585b046ac18cfe0c769a9c) Importer(815301076,1909f56bfc062723c751e8b465ee728b)  -> (artifact id: '80c468d163f89b4af4b7bc237e55871f') in 0.145126 seconds 
========================================================================
Received Import Request.
  Time since last request: 0.000444 seconds.
  path: Assets/Prefabs/EvilWizard.prefab
  artifactKey: Guid(fb791fc68fafeb24590e6d1409029208) Importer(815301076,1909f56bfc062723c751e8b465ee728b)
Start importing Assets/Prefabs/EvilWizard.prefab using Guid(fb791fc68fafeb24590e6d1409029208) Importer(815301076,1909f56bfc062723c751e8b465ee728b)  -> (artifact id: '8bedae17f69237657117abe1fe922410') in 0.292317 seconds 
========================================================================
Received Import Request.
  Time since last request: 25.403568 seconds.
  path: Assets/Materials/grass01.mat
  artifactKey: Guid(b1856aff8716547499a80e543192d740) Importer(815301076,1909f56bfc062723c751e8b465ee728b)
Start importing Assets/Materials/grass01.mat using Guid(b1856aff8716547499a80e543192d740) Importer(815301076,1909f56bfc062723c751e8b465ee728b)  -> (artifact id: '01f2546db360b7d4b7bd2c76cbb733ba') in 0.097763 seconds 
========================================================================
Received Import Request.
  Time since last request: 0.000189 seconds.
  path: Assets/Materials/grass01_autumn.mat
  artifactKey: Guid(782dbbe4a28d1c145ac21cb6560aabe5) Importer(815301076,1909f56bfc062723c751e8b465ee728b)
Start importing Assets/Materials/grass01_autumn.mat using Guid(782dbbe4a28d1c145ac21cb6560aabe5) Importer(815301076,1909f56bfc062723c751e8b465ee728b)  -> (artifact id: '8f4d47d34e8fd423b75447f8176d8f12') in 0.130265 seconds 
========================================================================
Received Import Request.
  Time since last request: 0.000364 seconds.
  path: Assets/Materials/grass02.mat
  artifactKey: Guid(cb46c9f0562819a4e851fb4ba8efd46c) Importer(815301076,1909f56bfc062723c751e8b465ee728b)
Start importing Assets/Materials/grass02.mat using Guid(cb46c9f0562819a4e851fb4ba8efd46c) Importer(815301076,1909f56bfc062723c751e8b465ee728b)  -> (artifact id: 'cc4ea459e57dd575a8471d280ca90056') in 0.070127 seconds 
========================================================================
Received Import Request.
  Time since last request: 0.000410 seconds.
  path: Assets/Materials/vegetation_toon3.mat
  artifactKey: Guid(e9914b30d6064774a85b154e910741ac) Importer(815301076,1909f56bfc062723c751e8b465ee728b)
Start importing Assets/Materials/vegetation_toon3.mat using Guid(e9914b30d6064774a85b154e910741ac) Importer(815301076,1909f56bfc062723c751e8b465ee728b)  -> (artifact id: '338f0077619e457a1937574f2910364b') in 0.093570 seconds 
========================================================================
Received Import Request.
  Time since last request: 0.000285 seconds.
  path: Assets/Materials/Invisable.mat
  artifactKey: Guid(a14fb65dac45a0747bbe8b5600e71163) Importer(815301076,1909f56bfc062723c751e8b465ee728b)
Start importing Assets/Materials/Invisable.mat using Guid(a14fb65dac45a0747bbe8b5600e71163) Importer(815301076,1909f56bfc062723c751e8b465ee728b)  -> (artifact id: '3c2f2022d51fa7cb82807fdadbbe51a7') in 0.143144 seconds 
========================================================================
Received Import Request.
  Time since last request: 0.000297 seconds.
  path: Assets/Materials/Skybox_Mat.mat
  artifactKey: Guid(0ffaa0b7117ba8c47a9d05ae701d4b4d) Importer(815301076,1909f56bfc062723c751e8b465ee728b)
Start importing Assets/Materials/Skybox_Mat.mat using Guid(0ffaa0b7117ba8c47a9d05ae701d4b4d) Importer(815301076,1909f56bfc062723c751e8b465ee728b)  -> (artifact id: 'ecf7f2c7042de3a3e1c2978a2baf74cc') in 0.120214 seconds 
========================================================================
Received Import Request.
  Time since last request: 12.590624 seconds.
  path: Assets/3D Assets/Town Creator Kit LITE/Prefabs/M.E. Town Creator LITE/1_M.E. House_1.prefab
  artifactKey: Guid(e086196633391794b92cb8199f8053ac) Importer(815301076,1909f56bfc062723c751e8b465ee728b)
Start importing Assets/3D Assets/Town Creator Kit LITE/Prefabs/M.E. Town Creator LITE/1_M.E. House_1.prefab using Guid(e086196633391794b92cb8199f8053ac) Importer(815301076,1909f56bfc062723c751e8b465ee728b)  -> (artifact id: '0bb4b1cd11f68f3ac21f9723fb759d16') in 0.144901 seconds 
========================================================================
Received Import Request.
  Time since last request: 0.000321 seconds.
  path: Assets/3D Assets/Town Creator Kit LITE/Prefabs/M.E. Town Creator LITE/House_Wall_Door_1B4.prefab
  artifactKey: Guid(87b7609d6bdd828418e0683654cede03) Importer(815301076,1909f56bfc062723c751e8b465ee728b)
Start importing Assets/3D Assets/Town Creator Kit LITE/Prefabs/M.E. Town Creator LITE/House_Wall_Door_1B4.prefab using Guid(87b7609d6bdd828418e0683654cede03) Importer(815301076,1909f56bfc062723c751e8b465ee728b)  -> (artifact id: '6f0664c022625a13101ff6db976ed83c') in 0.189960 seconds 
========================================================================
Received Import Request.
  Time since last request: 0.000582 seconds.
  path: Assets/3D Assets/Town Creator Kit LITE/Prefabs/M.E. Town Creator LITE/House_Roof_1B2.prefab
  artifactKey: Guid(1911a0454604e1a44bc897758e48a582) Importer(815301076,1909f56bfc062723c751e8b465ee728b)
Start importing Assets/3D Assets/Town Creator Kit LITE/Prefabs/M.E. Town Creator LITE/House_Roof_1B2.prefab using Guid(1911a0454604e1a44bc897758e48a582) Importer(815301076,1909f56bfc062723c751e8b465ee728b)  -> (artifact id: '722ff9df6a91b997ad703731ebed18dc') in 0.130519 seconds 
========================================================================
Received Import Request.
  Time since last request: 0.000427 seconds.
  path: Assets/3D Assets/Town Creator Kit LITE/Prefabs/M.E. Town Creator LITE/House_Wall_1A.prefab
  artifactKey: Guid(e39cc881e3e43214e96f2752e5a6e941) Importer(815301076,1909f56bfc062723c751e8b465ee728b)
Start importing Assets/3D Assets/Town Creator Kit LITE/Prefabs/M.E. Town Creator LITE/House_Wall_1A.prefab using Guid(e39cc881e3e43214e96f2752e5a6e941) Importer(815301076,1909f56bfc062723c751e8b465ee728b)  -> (artifact id: '8fa5b200f41d33f72ef21cc7d32cc16d') in 0.133188 seconds 
========================================================================
Received Import Request.
  Time since last request: 0.000860 seconds.
  path: Assets/3D Assets/Town Creator Kit LITE/Prefabs/M.E. Town Creator LITE/House_Wall_1C.prefab
  artifactKey: Guid(ef3deb8c84c9dbe45a3253a6075aed43) Importer(815301076,1909f56bfc062723c751e8b465ee728b)
Start importing Assets/3D Assets/Town Creator Kit LITE/Prefabs/M.E. Town Creator LITE/House_Wall_1C.prefab using Guid(ef3deb8c84c9dbe45a3253a6075aed43) Importer(815301076,1909f56bfc062723c751e8b465ee728b)  -> (artifact id: '7d9940da5f6b7008f216dcd5d3dd3888') in 0.248535 seconds 
========================================================================
Received Import Request.
  Time since last request: 0.000462 seconds.
  path: Assets/3D Assets/Town Creator Kit LITE/Prefabs/M.E. Town Creator LITE/House_Wall_Door_1A.prefab
  artifactKey: Guid(9ab6fd78960ba6c46bcd1487cc967fb0) Importer(815301076,1909f56bfc062723c751e8b465ee728b)
Start importing Assets/3D Assets/Town Creator Kit LITE/Prefabs/M.E. Town Creator LITE/House_Wall_Door_1A.prefab using Guid(9ab6fd78960ba6c46bcd1487cc967fb0) Importer(815301076,1909f56bfc062723c751e8b465ee728b)  -> (artifact id: 'fc3b1ef6c69d47491da51ec03a1ed038') in 0.276713 seconds 
========================================================================
Received Import Request.
  Time since last request: 0.053627 seconds.
  path: Assets/3D Assets/Town Creator Kit LITE/Prefabs/M.E. Town Creator LITE/House_Roof_1D2.prefab
  artifactKey: Guid(88ddbf901b795104489894ccad6d484f) Importer(815301076,1909f56bfc062723c751e8b465ee728b)
Start importing Assets/3D Assets/Town Creator Kit LITE/Prefabs/M.E. Town Creator LITE/House_Roof_1D2.prefab using Guid(88ddbf901b795104489894ccad6d484f) Importer(815301076,1909f56bfc062723c751e8b465ee728b)  -> (artifact id: '8ae952e239928c45f4206156719e5d04') in 0.204365 seconds 
========================================================================
Received Import Request.
  Time since last request: 0.006670 seconds.
  path: Assets/3D Assets/Town Creator Kit LITE/Prefabs/M.E. Town Creator LITE/House_Wall_Window_1B2.prefab
  artifactKey: Guid(b64f191381548954fb34108c12b24e72) Importer(815301076,1909f56bfc062723c751e8b465ee728b)
Start importing Assets/3D Assets/Town Creator Kit LITE/Prefabs/M.E. Town Creator LITE/House_Wall_Window_1B2.prefab using Guid(b64f191381548954fb34108c12b24e72) Importer(815301076,1909f56bfc062723c751e8b465ee728b)  -> (artifact id: 'a40f1af2d1b72087073eb4d721140c00') in 0.992548 seconds 
========================================================================
Received Import Request.
  Time since last request: 0.023115 seconds.
  path: Assets/3D Assets/Town Creator Kit LITE/Prefabs/M.E. Town Creator LITE/House_Roof_1A2.prefab
  artifactKey: Guid(b4ec2e072f9907142bdae941457df304) Importer(815301076,1909f56bfc062723c751e8b465ee728b)
Start importing Assets/3D Assets/Town Creator Kit LITE/Prefabs/M.E. Town Creator LITE/House_Roof_1A2.prefab using Guid(b4ec2e072f9907142bdae941457df304) Importer(815301076,1909f56bfc062723c751e8b465ee728b)  -> (artifact id: '3740e8dfa73ef88936188ba27f93b291') in 0.442241 seconds 
========================================================================
Received Import Request.
  Time since last request: 0.000815 seconds.
  path: Assets/3D Assets/Town Creator Kit LITE/Prefabs/M.E. Town Creator LITE/Stone_Wall_1A2.prefab
  artifactKey: Guid(d59fa0906bbd589479f1666d0e18322c) Importer(815301076,1909f56bfc062723c751e8b465ee728b)
Start importing Assets/3D Assets/Town Creator Kit LITE/Prefabs/M.E. Town Creator LITE/Stone_Wall_1A2.prefab using Guid(d59fa0906bbd589479f1666d0e18322c) Importer(815301076,1909f56bfc062723c751e8b465ee728b)  -> (artifact id: '122c3c4e99d5e7cac40335d8523f8b44') in 0.392379 seconds 
========================================================================
Received Import Request.
  Time since last request: 0.000605 seconds.
  path: Assets/3D Assets/Town Creator Kit LITE/Prefabs/M.E. Town Creator LITE/House_Roof_1D.prefab
  artifactKey: Guid(c161f1b3463f0e34285cc3993493db93) Importer(815301076,1909f56bfc062723c751e8b465ee728b)
Start importing Assets/3D Assets/Town Creator Kit LITE/Prefabs/M.E. Town Creator LITE/House_Roof_1D.prefab using Guid(c161f1b3463f0e34285cc3993493db93) Importer(815301076,1909f56bfc062723c751e8b465ee728b)  -> (artifact id: '02c527152c645c6c965a008a99523e96') in 0.640706 seconds 
========================================================================
Received Import Request.
  Time since last request: 0.000360 seconds.
  path: Assets/3D Assets/Town Creator Kit LITE/Prefabs/M.E. Town Creator LITE/House_Roof_Triangle_1C.prefab
  artifactKey: Guid(48c616df4314c9a4ba54bfc4ed9afb20) Importer(815301076,1909f56bfc062723c751e8b465ee728b)
Start importing Assets/3D Assets/Town Creator Kit LITE/Prefabs/M.E. Town Creator LITE/House_Roof_Triangle_1C.prefab using Guid(48c616df4314c9a4ba54bfc4ed9afb20) Importer(815301076,1909f56bfc062723c751e8b465ee728b)  -> (artifact id: 'd4d054795e12dc3b989eca72f97c24aa') in 0.307011 seconds 
========================================================================
Received Import Request.
  Time since last request: 0.001209 seconds.
  path: Assets/3D Assets/Town Creator Kit LITE/Prefabs/M.E. Town Creator LITE/House_Wall_Door_1B2.prefab
  artifactKey: Guid(53b52ddc336cdca45b30446c30fc5c87) Importer(815301076,1909f56bfc062723c751e8b465ee728b)
Start importing Assets/3D Assets/Town Creator Kit LITE/Prefabs/M.E. Town Creator LITE/House_Wall_Door_1B2.prefab using Guid(53b52ddc336cdca45b30446c30fc5c87) Importer(815301076,1909f56bfc062723c751e8b465ee728b)  -> (artifact id: 'fba1b38cc3ef4dc762e881636fc053d1') in 0.318418 seconds 
========================================================================
Received Import Request.
  Time since last request: 0.002615 seconds.
  path: Assets/3D Assets/Town Creator Kit LITE/Prefabs/M.E. Town Creator LITE/House_Wall_Door_1B.prefab
  artifactKey: Guid(9f70b51d654f7264ea0b2bb2f20fbf35) Importer(815301076,1909f56bfc062723c751e8b465ee728b)
Start importing Assets/3D Assets/Town Creator Kit LITE/Prefabs/M.E. Town Creator LITE/House_Wall_Door_1B.prefab using Guid(9f70b51d654f7264ea0b2bb2f20fbf35) Importer(815301076,1909f56bfc062723c751e8b465ee728b)  -> (artifact id: '05f6095ea9a4f09468b31989a81442b7') in 0.149517 seconds 
========================================================================
Received Import Request.
  Time since last request: 0.000362 seconds.
  path: Assets/3D Assets/Town Creator Kit LITE/Prefabs/Town Kit LITE/Wall_2.prefab
  artifactKey: Guid(7f12a750c80adea44b4ca1421dc1e431) Importer(815301076,1909f56bfc062723c751e8b465ee728b)
Start importing Assets/3D Assets/Town Creator Kit LITE/Prefabs/Town Kit LITE/Wall_2.prefab using Guid(7f12a750c80adea44b4ca1421dc1e431) Importer(815301076,1909f56bfc062723c751e8b465ee728b)  -> (artifact id: '03d836ddefad796745fe97ebe2abf65a') in 0.174215 seconds 
========================================================================
Received Import Request.
  Time since last request: 0.005241 seconds.
  path: Assets/3D Assets/Town Creator Kit LITE/Prefabs/Town Kit LITE/Town House 1.prefab
  artifactKey: Guid(2db790bad0bff3e48a828085944ea749) Importer(815301076,1909f56bfc062723c751e8b465ee728b)
Start importing Assets/3D Assets/Town Creator Kit LITE/Prefabs/Town Kit LITE/Town House 1.prefab using Guid(2db790bad0bff3e48a828085944ea749) Importer(815301076,1909f56bfc062723c751e8b465ee728b)  -> (artifact id: 'b0c03d8ff105fbe45c0716b6643fe65b') in 0.386801 seconds 
========================================================================
Received Import Request.
  Time since last request: 0.055919 seconds.
  path: Assets/3D Assets/Town Creator Kit LITE/Prefabs/Town Kit LITE/House 3 and Roof.prefab
  artifactKey: Guid(0d6c5697d33c56e46b4508555460f763) Importer(815301076,1909f56bfc062723c751e8b465ee728b)
Start importing Assets/3D Assets/Town Creator Kit LITE/Prefabs/Town Kit LITE/House 3 and Roof.prefab using Guid(0d6c5697d33c56e46b4508555460f763) Importer(815301076,1909f56bfc062723c751e8b465ee728b)  -> (artifact id: '9c6d6c922205182a54dce564bd32490c') in 0.439329 seconds 
========================================================================
Received Import Request.
  Time since last request: 0.008845 seconds.
  path: Assets/3D Assets/Town Creator Kit LITE/Prefabs/Town Kit LITE/Lantern.prefab
  artifactKey: Guid(65455e9cadb20c240b31aaa375be7780) Importer(815301076,1909f56bfc062723c751e8b465ee728b)
Start importing Assets/3D Assets/Town Creator Kit LITE/Prefabs/Town Kit LITE/Lantern.prefab using Guid(65455e9cadb20c240b31aaa375be7780) Importer(815301076,1909f56bfc062723c751e8b465ee728b)  -> (artifact id: 'ebd42c3e6ad254d13f50e36cc1663e5a') in 0.398883 seconds 
========================================================================
Received Import Request.
  Time since last request: 0.069654 seconds.
  path: Assets/3D Assets/Town Creator Kit LITE/Prefabs/Town Kit LITE/Wall_1 Alt.prefab
  artifactKey: Guid(23fab24b3283fb1439f1c7b0f54bbf75) Importer(815301076,1909f56bfc062723c751e8b465ee728b)
Start importing Assets/3D Assets/Town Creator Kit LITE/Prefabs/Town Kit LITE/Wall_1 Alt.prefab using Guid(23fab24b3283fb1439f1c7b0f54bbf75) Importer(815301076,1909f56bfc062723c751e8b465ee728b)  -> (artifact id: 'e46809d1295ca8a632c91394924d3357') in 0.248052 seconds 
========================================================================
Received Import Request.
  Time since last request: 0.000881 seconds.
  path: Assets/3D Assets/Town Creator Kit LITE/Prefabs/Town Kit LITE/Wall_Roof Alt.prefab
  artifactKey: Guid(38b8ae2bab3ae954d94d5d27f3b0b492) Importer(815301076,1909f56bfc062723c751e8b465ee728b)
Start importing Assets/3D Assets/Town Creator Kit LITE/Prefabs/Town Kit LITE/Wall_Roof Alt.prefab using Guid(38b8ae2bab3ae954d94d5d27f3b0b492) Importer(815301076,1909f56bfc062723c751e8b465ee728b)  -> (artifact id: '5c1ed7dd1163679359258af08fc91abf') in 0.175878 seconds 
========================================================================
Received Import Request.
  Time since last request: 0.000764 seconds.
  path: Assets/3D Assets/Town Creator Kit LITE/Prefabs/Town Kit LITE/House 3 and Roof Alt.prefab
  artifactKey: Guid(c98af42ce7aec0543a054d041fe33418) Importer(815301076,1909f56bfc062723c751e8b465ee728b)
Start importing Assets/3D Assets/Town Creator Kit LITE/Prefabs/Town Kit LITE/House 3 and Roof Alt.prefab using Guid(c98af42ce7aec0543a054d041fe33418) Importer(815301076,1909f56bfc062723c751e8b465ee728b)  -> (artifact id: '8fee64ac173d9e125c06ad28956397de') in 0.147559 seconds 
========================================================================
Received Import Request.
  Time since last request: 0.000888 seconds.
  path: Assets/3D Assets/Town Creator Kit LITE/Prefabs/Town Kit LITE/Wall_1.prefab
  artifactKey: Guid(093f8dbc6126e414db85a0993f49a0e4) Importer(815301076,1909f56bfc062723c751e8b465ee728b)
Start importing Assets/3D Assets/Town Creator Kit LITE/Prefabs/Town Kit LITE/Wall_1.prefab using Guid(093f8dbc6126e414db85a0993f49a0e4) Importer(815301076,1909f56bfc062723c751e8b465ee728b)  -> (artifact id: '42e25f7b2dbdd676925d363fe0645758') in 0.327360 seconds 
========================================================================
Received Import Request.
  Time since last request: 0.001277 seconds.
  path: Assets/3D Assets/Town Creator Kit LITE/Prefabs/Town Kit LITE/Wall_Window Alt.prefab
  artifactKey: Guid(fd1ca411c661ae84ca60a0f765dbbd1c) Importer(815301076,1909f56bfc062723c751e8b465ee728b)
Start importing Assets/3D Assets/Town Creator Kit LITE/Prefabs/Town Kit LITE/Wall_Window Alt.prefab using Guid(fd1ca411c661ae84ca60a0f765dbbd1c) Importer(815301076,1909f56bfc062723c751e8b465ee728b)  -> (artifact id: '35b9fc86145c1c5fa14523b284fe11a3') in 0.330081 seconds 
========================================================================
Received Import Request.
  Time since last request: 0.006071 seconds.
  path: Assets/3D Assets/Town Creator Kit LITE/Prefabs/M.E. Town Creator LITE/House_Roof_1E2.prefab
  artifactKey: Guid(e78475278c11106428f09524cb61fc20) Importer(815301076,1909f56bfc062723c751e8b465ee728b)
Start importing Assets/3D Assets/Town Creator Kit LITE/Prefabs/M.E. Town Creator LITE/House_Roof_1E2.prefab using Guid(e78475278c11106428f09524cb61fc20) Importer(815301076,1909f56bfc062723c751e8b465ee728b)  -> (artifact id: 'a1393631679baf6e5221a47f43779860') in 0.351795 seconds 
========================================================================
Received Import Request.
  Time since last request: 0.012237 seconds.
  path: Assets/3D Assets/Town Creator Kit LITE/Prefabs/M.E. Town Creator LITE/House_Wall_Door_1A3.prefab
  artifactKey: Guid(8f2c2d4fafa447449b7e18e9d34f5aab) Importer(815301076,1909f56bfc062723c751e8b465ee728b)
Start importing Assets/3D Assets/Town Creator Kit LITE/Prefabs/M.E. Town Creator LITE/House_Wall_Door_1A3.prefab using Guid(8f2c2d4fafa447449b7e18e9d34f5aab) Importer(815301076,1909f56bfc062723c751e8b465ee728b)  -> (artifact id: '174aa349a93859548db707e60bdd547e') in 0.269139 seconds 
========================================================================
Received Import Request.
  Time since last request: 0.000336 seconds.
  path: Assets/3D Assets/Town Creator Kit LITE/FBX/Materials/Buildings_Map_1A.mat
  artifactKey: Guid(8772de9a14ac3b049b52de6f803b7c94) Importer(815301076,1909f56bfc062723c751e8b465ee728b)
Start importing Assets/3D Assets/Town Creator Kit LITE/FBX/Materials/Buildings_Map_1A.mat using Guid(8772de9a14ac3b049b52de6f803b7c94) Importer(815301076,1909f56bfc062723c751e8b465ee728b)  -> (artifact id: 'd028bd7d40c51bab078ada150814711c') in 0.715492 seconds 
========================================================================
Received Import Request.
  Time since last request: 0.001188 seconds.
  path: Assets/3D Assets/Town Creator Kit LITE/FBX/Materials/Wood Mix 1 Alt.mat
  artifactKey: Guid(816630788307d1d4484a1d6906c1d2ac) Importer(815301076,1909f56bfc062723c751e8b465ee728b)
Start importing Assets/3D Assets/Town Creator Kit LITE/FBX/Materials/Wood Mix 1 Alt.mat using Guid(816630788307d1d4484a1d6906c1d2ac) Importer(815301076,1909f56bfc062723c751e8b465ee728b)  -> (artifact id: '01fdf223ef9f7d8c793a238acbd7c8bd') in 0.389593 seconds 
========================================================================
Received Import Request.
  Time since last request: 0.000409 seconds.
  path: Assets/3D Assets/Town Creator Kit LITE/FBX/Materials/Storage UV.mat
  artifactKey: Guid(8578da820dcc3674dbc0be1e1347092e) Importer(815301076,1909f56bfc062723c751e8b465ee728b)
Start importing Assets/3D Assets/Town Creator Kit LITE/FBX/Materials/Storage UV.mat using Guid(8578da820dcc3674dbc0be1e1347092e) Importer(815301076,1909f56bfc062723c751e8b465ee728b)  -> (artifact id: 'c86cf666489e00f106861c624553228a') in 0.149596 seconds 
========================================================================
Received Import Request.
  Time since last request: 0.000855 seconds.
  path: Assets/3D Assets/Town Creator Kit LITE/FBX/Materials/Town Houses UV 2.mat
  artifactKey: Guid(b9d55aaf70c1cf04bb43beedf8dc773a) Importer(815301076,1909f56bfc062723c751e8b465ee728b)
Start importing Assets/3D Assets/Town Creator Kit LITE/FBX/Materials/Town Houses UV 2.mat using Guid(b9d55aaf70c1cf04bb43beedf8dc773a) Importer(815301076,1909f56bfc062723c751e8b465ee728b)  -> (artifact id: '6d4f4d9a0303227e17ae85d318abbd73') in 0.112449 seconds 
========================================================================
Received Import Request.
  Time since last request: 0.000552 seconds.
  path: Assets/3D Assets/Town Creator Kit LITE/FBX/Materials/Town Houses UV.mat
  artifactKey: Guid(9034bf370b7196643a62739e1eb9b7dc) Importer(815301076,1909f56bfc062723c751e8b465ee728b)
Start importing Assets/3D Assets/Town Creator Kit LITE/FBX/Materials/Town Houses UV.mat using Guid(9034bf370b7196643a62739e1eb9b7dc) Importer(815301076,1909f56bfc062723c751e8b465ee728b)  -> (artifact id: 'c8e8e657444a63b70081edae05d3f9e0') in 0.080002 seconds 
========================================================================
Received Import Request.
  Time since last request: 0.000090 seconds.
  path: Assets/3D Assets/Town Creator Kit LITE/Prefabs/Town Kit LITE/Wall_Doorway.prefab
  artifactKey: Guid(16115c3bca9441a43981090b69a31604) Importer(815301076,1909f56bfc062723c751e8b465ee728b)
Start importing Assets/3D Assets/Town Creator Kit LITE/Prefabs/Town Kit LITE/Wall_Doorway.prefab using Guid(16115c3bca9441a43981090b69a31604) Importer(815301076,1909f56bfc062723c751e8b465ee728b)  -> (artifact id: 'b6abbbb7b9563e439576be06a64f8020') in 0.128358 seconds 
========================================================================
Received Import Request.
  Time since last request: 0.000261 seconds.
  path: Assets/3D Assets/Town Creator Kit LITE/Prefabs/Town Kit LITE/Storage.prefab
  artifactKey: Guid(8c27ae3ed16b2274d8824f019f3e31c0) Importer(815301076,1909f56bfc062723c751e8b465ee728b)
Start importing Assets/3D Assets/Town Creator Kit LITE/Prefabs/Town Kit LITE/Storage.prefab using Guid(8c27ae3ed16b2274d8824f019f3e31c0) Importer(815301076,1909f56bfc062723c751e8b465ee728b)  -> (artifact id: '31005e63631d2a269fa773a32fcc25d0') in 0.397285 seconds 
========================================================================
Received Import Request.
  Time since last request: 0.002158 seconds.
  path: Assets/3D Assets/Town Creator Kit LITE/Prefabs/Town Kit LITE/Town House 1 Alt.prefab
  artifactKey: Guid(f0b2ac67c9a97fd498b5c8d0195f8d9e) Importer(815301076,1909f56bfc062723c751e8b465ee728b)
Start importing Assets/3D Assets/Town Creator Kit LITE/Prefabs/Town Kit LITE/Town House 1 Alt.prefab using Guid(f0b2ac67c9a97fd498b5c8d0195f8d9e) Importer(815301076,1909f56bfc062723c751e8b465ee728b)  -> (artifact id: '9ff1257c2744ddb0b7118bfad01f0851') in 0.594799 seconds 
========================================================================
Received Import Request.
  Time since last request: 0.015180 seconds.
  path: Assets/3D Assets/Town Creator Kit LITE/FBX/Materials/Town Houses UV 3.mat
  artifactKey: Guid(33d83d6d91e12994b9a3caad12e5b3b5) Importer(815301076,1909f56bfc062723c751e8b465ee728b)
Start importing Assets/3D Assets/Town Creator Kit LITE/FBX/Materials/Town Houses UV 3.mat using Guid(33d83d6d91e12994b9a3caad12e5b3b5) Importer(815301076,1909f56bfc062723c751e8b465ee728b)  -> (artifact id: '459d5daba8f1e48f3dd911b7d51d21d2') in 0.361927 seconds 
========================================================================
Received Import Request.
  Time since last request: 0.014337 seconds.
  path: Assets/3D Assets/Town Creator Kit LITE/FBX/Materials/Lanterns UV Alt.mat
  artifactKey: Guid(cce4b0c0ca3cd8f4cab2699f9db13bfb) Importer(815301076,1909f56bfc062723c751e8b465ee728b)
Start importing Assets/3D Assets/Town Creator Kit LITE/FBX/Materials/Lanterns UV Alt.mat using Guid(cce4b0c0ca3cd8f4cab2699f9db13bfb) Importer(815301076,1909f56bfc062723c751e8b465ee728b)  -> (artifact id: '051fa4860d6ed190b75430a119847e87') in 0.187348 seconds 
========================================================================
Received Import Request.
  Time since last request: 0.028954 seconds.
  path: Assets/3D Assets/Town Creator Kit LITE/Prefabs/M.E. Town Creator LITE/House_Roof_1A.prefab
  artifactKey: Guid(8788c47ca714a0a4ba42bbe5ca58fbb7) Importer(815301076,1909f56bfc062723c751e8b465ee728b)
Start importing Assets/3D Assets/Town Creator Kit LITE/Prefabs/M.E. Town Creator LITE/House_Roof_1A.prefab using Guid(8788c47ca714a0a4ba42bbe5ca58fbb7) Importer(815301076,1909f56bfc062723c751e8b465ee728b)  -> (artifact id: 'e1b20efb6fc9130b4c46fa27204de1c9') in 0.817759 seconds 
========================================================================
Received Import Request.
  Time since last request: 0.012736 seconds.
  path: Assets/3D Assets/Town Creator Kit LITE/Prefabs/M.E. Town Creator LITE/House_Roof_Triangle_1A.prefab
  artifactKey: Guid(795f5e895728b8b41904da6fc855ea3a) Importer(815301076,1909f56bfc062723c751e8b465ee728b)
Start importing Assets/3D Assets/Town Creator Kit LITE/Prefabs/M.E. Town Creator LITE/House_Roof_Triangle_1A.prefab using Guid(795f5e895728b8b41904da6fc855ea3a) Importer(815301076,1909f56bfc062723c751e8b465ee728b)  -> (artifact id: '17c19224dae0397817afe36db9c84235') in 0.197909 seconds 
========================================================================
Received Import Request.
  Time since last request: 0.000440 seconds.
  path: Assets/3D Assets/Town Creator Kit LITE/Prefabs/M.E. Town Creator LITE/House_Wall_Door_1A4.prefab
  artifactKey: Guid(94a6e10684376484391bb2060b9656d3) Importer(815301076,1909f56bfc062723c751e8b465ee728b)
Start importing Assets/3D Assets/Town Creator Kit LITE/Prefabs/M.E. Town Creator LITE/House_Wall_Door_1A4.prefab using Guid(94a6e10684376484391bb2060b9656d3) Importer(815301076,1909f56bfc062723c751e8b465ee728b)  -> (artifact id: '5f66db795b6af46a4d5e196c6077b542') in 0.291054 seconds 
========================================================================
Received Import Request.
  Time since last request: 0.000312 seconds.
  path: Assets/3D Assets/Town Creator Kit LITE/Prefabs/M.E. Town Creator LITE/House_Wall_1B.prefab
  artifactKey: Guid(ababc5b3ce7049b41a53d937d6c3c77a) Importer(815301076,1909f56bfc062723c751e8b465ee728b)
Start importing Assets/3D Assets/Town Creator Kit LITE/Prefabs/M.E. Town Creator LITE/House_Wall_1B.prefab using Guid(ababc5b3ce7049b41a53d937d6c3c77a) Importer(815301076,1909f56bfc062723c751e8b465ee728b)  -> (artifact id: '69efd7153b76f3ea5d8d388b8f85dc7c') in 0.163554 seconds 
========================================================================
Received Import Request.
  Time since last request: 0.018818 seconds.
  path: Assets/3D Assets/Town Creator Kit LITE/Prefabs/M.E. Town Creator LITE/Stone_Wall_1A.prefab
  artifactKey: Guid(ebc2ec08ed1b4e549ab8fc276e8049c7) Importer(815301076,1909f56bfc062723c751e8b465ee728b)
Start importing Assets/3D Assets/Town Creator Kit LITE/Prefabs/M.E. Town Creator LITE/Stone_Wall_1A.prefab using Guid(ebc2ec08ed1b4e549ab8fc276e8049c7) Importer(815301076,1909f56bfc062723c751e8b465ee728b)  -> (artifact id: '32db9a5e1f0b0fb0e9f876a872a5ac1d') in 0.312285 seconds 
========================================================================
Received Import Request.
  Time since last request: 0.003657 seconds.
  path: Assets/3D Assets/Town Creator Kit LITE/Prefabs/M.E. Town Creator LITE/House_Roof_Triangle_1B2.prefab
  artifactKey: Guid(4aea93d109b0eaa479bb6994203a7254) Importer(815301076,1909f56bfc062723c751e8b465ee728b)
Start importing Assets/3D Assets/Town Creator Kit LITE/Prefabs/M.E. Town Creator LITE/House_Roof_Triangle_1B2.prefab using Guid(4aea93d109b0eaa479bb6994203a7254) Importer(815301076,1909f56bfc062723c751e8b465ee728b)  -> (artifact id: 'fec2ff7fdf04986058c5d02f78fa43e2') in 0.718784 seconds 
========================================================================
Received Import Request.
  Time since last request: 0.010674 seconds.
  path: Assets/3D Assets/Town Creator Kit LITE/Prefabs/M.E. Town Creator LITE/House_Roof_Triangle_1C2.prefab
  artifactKey: Guid(5099d67b68bd2284fba39a9f54f4992d) Importer(815301076,1909f56bfc062723c751e8b465ee728b)
Start importing Assets/3D Assets/Town Creator Kit LITE/Prefabs/M.E. Town Creator LITE/House_Roof_Triangle_1C2.prefab using Guid(5099d67b68bd2284fba39a9f54f4992d) Importer(815301076,1909f56bfc062723c751e8b465ee728b)  -> (artifact id: '75f70eb9dc8fa2b0dee6bec7bcc3a6d4') in 0.648202 seconds 
========================================================================
Received Import Request.
  Time since last request: 0.000365 seconds.
  path: Assets/3D Assets/Town Creator Kit LITE/Prefabs/M.E. Town Creator LITE/House_Roof_Triangle_1B.prefab
  artifactKey: Guid(c58feb9cbf01f484f96b74aa4e6b5762) Importer(815301076,1909f56bfc062723c751e8b465ee728b)
Start importing Assets/3D Assets/Town Creator Kit LITE/Prefabs/M.E. Town Creator LITE/House_Roof_Triangle_1B.prefab using Guid(c58feb9cbf01f484f96b74aa4e6b5762) Importer(815301076,1909f56bfc062723c751e8b465ee728b)  -> (artifact id: '758e1a4dfdca252e78b3c4dc54cbfa9e') in 0.296837 seconds 
========================================================================
Received Import Request.
  Time since last request: 0.001317 seconds.
  path: Assets/3D Assets/Town Creator Kit LITE/Prefabs/M.E. Town Creator LITE/House_Wall_1B2.prefab
  artifactKey: Guid(25db32eb803383f4f99a1a2610afd65e) Importer(815301076,1909f56bfc062723c751e8b465ee728b)
Start importing Assets/3D Assets/Town Creator Kit LITE/Prefabs/M.E. Town Creator LITE/House_Wall_1B2.prefab using Guid(25db32eb803383f4f99a1a2610afd65e) Importer(815301076,1909f56bfc062723c751e8b465ee728b)  -> (artifact id: '6089343f91bea48e7b29e4def4300ecd') in 0.294081 seconds 
========================================================================
Received Import Request.
  Time since last request: 0.000222 seconds.
  path: Assets/3D Assets/Town Creator Kit LITE/Prefabs/M.E. Town Creator LITE/House_Wall_Window_1A.prefab
  artifactKey: Guid(ee96436b994509e42a8106d1b8bf8a34) Importer(815301076,1909f56bfc062723c751e8b465ee728b)
Start importing Assets/3D Assets/Town Creator Kit LITE/Prefabs/M.E. Town Creator LITE/House_Wall_Window_1A.prefab using Guid(ee96436b994509e42a8106d1b8bf8a34) Importer(815301076,1909f56bfc062723c751e8b465ee728b)  -> (artifact id: '2c5a4be7ff3e1b52b9ad3e9d079a09cb') in 0.222984 seconds 
========================================================================
Received Import Request.
  Time since last request: 0.000357 seconds.
  path: Assets/3D Assets/Town Creator Kit LITE/Prefabs/Town Kit LITE/Wall_Roof.prefab
  artifactKey: Guid(95e6b7b446da7084aa86c9e70311a334) Importer(815301076,1909f56bfc062723c751e8b465ee728b)
Start importing Assets/3D Assets/Town Creator Kit LITE/Prefabs/Town Kit LITE/Wall_Roof.prefab using Guid(95e6b7b446da7084aa86c9e70311a334) Importer(815301076,1909f56bfc062723c751e8b465ee728b)  -> (artifact id: '3ac7cf7c7f5296e9ffda8ef8eddc7ee3') in 0.174672 seconds 
========================================================================
Received Import Request.
  Time since last request: 0.000763 seconds.
  path: Assets/3D Assets/Town Creator Kit LITE/Prefabs/Town Kit LITE/Wall_Doorway Alt.prefab
  artifactKey: Guid(7cbc95bd144875549a4adbc6588cb60e) Importer(815301076,1909f56bfc062723c751e8b465ee728b)
Start importing Assets/3D Assets/Town Creator Kit LITE/Prefabs/Town Kit LITE/Wall_Doorway Alt.prefab using Guid(7cbc95bd144875549a4adbc6588cb60e) Importer(815301076,1909f56bfc062723c751e8b465ee728b)  -> (artifact id: 'f10433549a2d434eff9c721224da7819') in 0.206967 seconds 
========================================================================
Received Import Request.
  Time since last request: 0.075029 seconds.
  path: Assets/3D Assets/Town Creator Kit LITE/Prefabs/Town Kit LITE/Wall_Floor.prefab
  artifactKey: Guid(33cbede02ef57ba48b6d8778515473ad) Importer(815301076,1909f56bfc062723c751e8b465ee728b)
Start importing Assets/3D Assets/Town Creator Kit LITE/Prefabs/Town Kit LITE/Wall_Floor.prefab using Guid(33cbede02ef57ba48b6d8778515473ad) Importer(815301076,1909f56bfc062723c751e8b465ee728b)  -> (artifact id: '3bc09028f94ce7e28d21a4c22af5435d') in 0.582559 seconds 
========================================================================
Received Import Request.
  Time since last request: 0.001287 seconds.
  path: Assets/3D Assets/Town Creator Kit LITE/Prefabs/Town Kit LITE/Wall_Window.prefab
  artifactKey: Guid(2c53380a6f2520d43841b06e31ff0170) Importer(815301076,1909f56bfc062723c751e8b465ee728b)
Start importing Assets/3D Assets/Town Creator Kit LITE/Prefabs/Town Kit LITE/Wall_Window.prefab using Guid(2c53380a6f2520d43841b06e31ff0170) Importer(815301076,1909f56bfc062723c751e8b465ee728b)  -> (artifact id: 'df4f61c0d4cd300551fe3e6b2ef6e6ca') in 0.271507 seconds 
========================================================================
Received Import Request.
  Time since last request: 0.007264 seconds.
  path: Assets/3D Assets/Town Creator Kit LITE/Prefabs/Town Kit LITE/Wall_Floor Alt.prefab
  artifactKey: Guid(dac710fcf50026f44832f51c3ada717d) Importer(815301076,1909f56bfc062723c751e8b465ee728b)
Start importing Assets/3D Assets/Town Creator Kit LITE/Prefabs/Town Kit LITE/Wall_Floor Alt.prefab using Guid(dac710fcf50026f44832f51c3ada717d) Importer(815301076,1909f56bfc062723c751e8b465ee728b)  -> (artifact id: 'eb9f3a6689f25028a598fa7a7eaad318') in 0.313356 seconds 
========================================================================
Received Import Request.
  Time since last request: 0.163240 seconds.
  path: Assets/3D Assets/Town Creator Kit LITE/FBX/Materials/Lanterns UV.mat
  artifactKey: Guid(abd77f4bddee72b42bd53c94c159403b) Importer(815301076,1909f56bfc062723c751e8b465ee728b)
Start importing Assets/3D Assets/Town Creator Kit LITE/FBX/Materials/Lanterns UV.mat using Guid(abd77f4bddee72b42bd53c94c159403b) Importer(815301076,1909f56bfc062723c751e8b465ee728b)  -> (artifact id: '5179a32da38b38d457178aa3f1c2d7cd') in 0.100407 seconds 
========================================================================
Received Import Request.
  Time since last request: 0.158715 seconds.
  path: Assets/3D Assets/Town Creator Kit LITE/Prefabs/M.E. Town Creator LITE/House_Roof_1C.prefab
  artifactKey: Guid(7a71a73b750c26d4b8799d66951071d4) Importer(815301076,1909f56bfc062723c751e8b465ee728b)
Start importing Assets/3D Assets/Town Creator Kit LITE/Prefabs/M.E. Town Creator LITE/House_Roof_1C.prefab using Guid(7a71a73b750c26d4b8799d66951071d4) Importer(815301076,1909f56bfc062723c751e8b465ee728b)  -> (artifact id: '4cc81c74d49c885c70c576bab823e055') in 2.520388 seconds 
========================================================================
Received Import Request.
  Time since last request: 0.164646 seconds.
  path: Assets/3D Assets/Town Creator Kit LITE/Prefabs/M.E. Town Creator LITE/Stone_Wall_1A4.prefab
  artifactKey: Guid(d5eb49950fe654548a6d59c7058e7b1d) Importer(815301076,1909f56bfc062723c751e8b465ee728b)
Start importing Assets/3D Assets/Town Creator Kit LITE/Prefabs/M.E. Town Creator LITE/Stone_Wall_1A4.prefab using Guid(d5eb49950fe654548a6d59c7058e7b1d) Importer(815301076,1909f56bfc062723c751e8b465ee728b)  -> (artifact id: 'f53e13cdf4d53c26445249f5d2fbfea6') in 0.167661 seconds 
========================================================================
Received Import Request.
  Time since last request: 0.000281 seconds.
  path: Assets/3D Assets/Town Creator Kit LITE/FBX/Materials/Storage 2 Alt.mat
  artifactKey: Guid(ceb32f39941249d4a80e897077d479ff) Importer(815301076,1909f56bfc062723c751e8b465ee728b)
Start importing Assets/3D Assets/Town Creator Kit LITE/FBX/Materials/Storage 2 Alt.mat using Guid(ceb32f39941249d4a80e897077d479ff) Importer(815301076,1909f56bfc062723c751e8b465ee728b)  -> (artifact id: '56e40888e94ce4275f2a009bb57943d2') in 0.160487 seconds 
========================================================================
Received Import Request.
  Time since last request: 0.000657 seconds.
  path: Assets/3D Assets/Town Creator Kit LITE/Prefabs/M.E. Town Creator LITE/House_Wall_Door_1A2.prefab
  artifactKey: Guid(7436795bbdef1b445a154106f4f02348) Importer(815301076,1909f56bfc062723c751e8b465ee728b)
Start importing Assets/3D Assets/Town Creator Kit LITE/Prefabs/M.E. Town Creator LITE/House_Wall_Door_1A2.prefab using Guid(7436795bbdef1b445a154106f4f02348) Importer(815301076,1909f56bfc062723c751e8b465ee728b)  -> (artifact id: '598a6208f1b62d3345f1c07caaa951d9') in 0.198777 seconds 
========================================================================
Received Import Request.
  Time since last request: 0.000322 seconds.
  path: Assets/3D Assets/Town Creator Kit LITE/Prefabs/M.E. Town Creator LITE/House_Roof_Triangle_1A2.prefab
  artifactKey: Guid(f2807a7fe6dd4a84c855658888e8fce5) Importer(815301076,1909f56bfc062723c751e8b465ee728b)
Start importing Assets/3D Assets/Town Creator Kit LITE/Prefabs/M.E. Town Creator LITE/House_Roof_Triangle_1A2.prefab using Guid(f2807a7fe6dd4a84c855658888e8fce5) Importer(815301076,1909f56bfc062723c751e8b465ee728b)  -> (artifact id: 'fcf0c1b9631edb7f0fcbd2c53cd59398') in 1.573677 seconds 
========================================================================
Received Import Request.
  Time since last request: 0.007180 seconds.
  path: Assets/3D Assets/Town Creator Kit LITE/Prefabs/M.E. Town Creator LITE/House_Roof_1C2.prefab
  artifactKey: Guid(218c2d11f4184954cbeedf79022606d9) Importer(815301076,1909f56bfc062723c751e8b465ee728b)
Start importing Assets/3D Assets/Town Creator Kit LITE/Prefabs/M.E. Town Creator LITE/House_Roof_1C2.prefab using Guid(218c2d11f4184954cbeedf79022606d9) Importer(815301076,1909f56bfc062723c751e8b465ee728b)  -> (artifact id: '23967b2084ee41d02b75f6f6d1be507a') in 0.433371 seconds 
========================================================================
Received Import Request.
  Time since last request: 0.011323 seconds.
  path: Assets/3D Assets/Town Creator Kit LITE/Prefabs/M.E. Town Creator LITE/House_Wall_Window_1B.prefab
  artifactKey: Guid(8ea01378e69e83146b1e99b5da141c25) Importer(815301076,1909f56bfc062723c751e8b465ee728b)
Start importing Assets/3D Assets/Town Creator Kit LITE/Prefabs/M.E. Town Creator LITE/House_Wall_Window_1B.prefab using Guid(8ea01378e69e83146b1e99b5da141c25) Importer(815301076,1909f56bfc062723c751e8b465ee728b)  -> (artifact id: '116f166e5270d4e0757ce4f7b0ab1a1c') in 0.265623 seconds 
========================================================================
Received Import Request.
  Time since last request: 0.005744 seconds.
  path: Assets/3D Assets/Town Creator Kit LITE/FBX/Materials/Wood Mix 1 UV.mat
  artifactKey: Guid(c573082b65c601c4b94b5483e5cc3b4f) Importer(815301076,1909f56bfc062723c751e8b465ee728b)
Start importing Assets/3D Assets/Town Creator Kit LITE/FBX/Materials/Wood Mix 1 UV.mat using Guid(c573082b65c601c4b94b5483e5cc3b4f) Importer(815301076,1909f56bfc062723c751e8b465ee728b)  -> (artifact id: '893786092b8bbf412882c18dd7351e69') in 0.100620 seconds 
========================================================================
Received Import Request.
  Time since last request: 0.014188 seconds.
  path: Assets/3D Assets/Town Creator Kit LITE/Prefabs/M.E. Town Creator LITE/Stone_Wall_1A3.prefab
  artifactKey: Guid(806e81752a7b1d34a90c6e2719f0bee7) Importer(815301076,1909f56bfc062723c751e8b465ee728b)
Start importing Assets/3D Assets/Town Creator Kit LITE/Prefabs/M.E. Town Creator LITE/Stone_Wall_1A3.prefab using Guid(806e81752a7b1d34a90c6e2719f0bee7) Importer(815301076,1909f56bfc062723c751e8b465ee728b)  -> (artifact id: '502cde0b11272c85d6dd13007ffd8e0b') in 0.416063 seconds 
========================================================================
Received Import Request.
  Time since last request: 0.222664 seconds.
  path: Assets/3D Assets/Town Creator Kit LITE/Prefabs/Town Kit LITE/Cellar 1.prefab
  artifactKey: Guid(e0bd68eb2f7c1d44ebef4e93169c3ee8) Importer(815301076,1909f56bfc062723c751e8b465ee728b)
Start importing Assets/3D Assets/Town Creator Kit LITE/Prefabs/Town Kit LITE/Cellar 1.prefab using Guid(e0bd68eb2f7c1d44ebef4e93169c3ee8) Importer(815301076,1909f56bfc062723c751e8b465ee728b)  -> (artifact id: '63bb2b9aa2ac5a1fa7a2cb9fad6485d2') in 0.826523 seconds 
========================================================================
Received Import Request.
  Time since last request: 0.190505 seconds.
  path: Assets/3D Assets/Town Creator Kit LITE/Prefabs/M.E. Town Creator LITE/House_Wall_Door_1B3.prefab
  artifactKey: Guid(7f535bcda367d69429a923f6ee15d419) Importer(815301076,1909f56bfc062723c751e8b465ee728b)
Start importing Assets/3D Assets/Town Creator Kit LITE/Prefabs/M.E. Town Creator LITE/House_Wall_Door_1B3.prefab using Guid(7f535bcda367d69429a923f6ee15d419) Importer(815301076,1909f56bfc062723c751e8b465ee728b)  -> (artifact id: '63e6d28af278c47939537975b8e51e7d') in 1.773572 seconds 
========================================================================
Received Import Request.
  Time since last request: 0.007400 seconds.
  path: Assets/3D Assets/Town Creator Kit LITE/Prefabs/M.E. Town Creator LITE/House_Wall_1A2.prefab
  artifactKey: Guid(faa5c0de257092c4eabb33ab09273eba) Importer(815301076,1909f56bfc062723c751e8b465ee728b)
Start importing Assets/3D Assets/Town Creator Kit LITE/Prefabs/M.E. Town Creator LITE/House_Wall_1A2.prefab using Guid(faa5c0de257092c4eabb33ab09273eba) Importer(815301076,1909f56bfc062723c751e8b465ee728b)  -> (artifact id: 'dddb0f684b8a5d14ec46fe51c0d026b2') in 0.905782 seconds 
========================================================================
Received Import Request.
  Time since last request: 0.027136 seconds.
  path: Assets/3D Assets/Town Creator Kit LITE/Prefabs/M.E. Town Creator LITE/House_Roof_1E.prefab
  artifactKey: Guid(64a0d64be7d29a04f993307230cd2b7e) Importer(815301076,1909f56bfc062723c751e8b465ee728b)
Start importing Assets/3D Assets/Town Creator Kit LITE/Prefabs/M.E. Town Creator LITE/House_Roof_1E.prefab using Guid(64a0d64be7d29a04f993307230cd2b7e) Importer(815301076,1909f56bfc062723c751e8b465ee728b)  -> (artifact id: '27b6fa0449525b337d5a26f0e55c4670') in 0.688279 seconds 
========================================================================
Received Import Request.
  Time since last request: 0.051031 seconds.
  path: Assets/3D Assets/Town Creator Kit LITE/Prefabs/Town Kit LITE/Wall_2 Alt.prefab
  artifactKey: Guid(1d5be009053cb9b43be579a702c0df73) Importer(815301076,1909f56bfc062723c751e8b465ee728b)
Start importing Assets/3D Assets/Town Creator Kit LITE/Prefabs/Town Kit LITE/Wall_2 Alt.prefab using Guid(1d5be009053cb9b43be579a702c0df73) Importer(815301076,1909f56bfc062723c751e8b465ee728b)  -> (artifact id: 'b070ae49ca9bf6b02db3d874bbd8aca7') in 0.338353 seconds 
========================================================================
Received Import Request.
  Time since last request: 0.001636 seconds.
  path: Assets/3D Assets/Town Creator Kit LITE/FBX/Materials/Town Houses UV Alt.mat
  artifactKey: Guid(eeee7d3b0d34cd3458f6022be3d662f9) Importer(815301076,1909f56bfc062723c751e8b465ee728b)
Start importing Assets/3D Assets/Town Creator Kit LITE/FBX/Materials/Town Houses UV Alt.mat using Guid(eeee7d3b0d34cd3458f6022be3d662f9) Importer(815301076,1909f56bfc062723c751e8b465ee728b)  -> (artifact id: 'faf2fccb411e4a08a62e6b66a6bee916') in 0.197872 seconds 
========================================================================
Received Import Request.
  Time since last request: 0.000096 seconds.
  path: Assets/3D Assets/Town Creator Kit LITE/Prefabs/M.E. Town Creator LITE/House_Wall_1D.prefab
  artifactKey: Guid(f0d6d77c3d9975e45bf172d8c6236409) Importer(815301076,1909f56bfc062723c751e8b465ee728b)
Start importing Assets/3D Assets/Town Creator Kit LITE/Prefabs/M.E. Town Creator LITE/House_Wall_1D.prefab using Guid(f0d6d77c3d9975e45bf172d8c6236409) Importer(815301076,1909f56bfc062723c751e8b465ee728b)  -> (artifact id: '46c9a89d25abba6c84e146e24ad58c58') in 1.083926 seconds 
========================================================================
Received Import Request.
  Time since last request: 0.001199 seconds.
  path: Assets/3D Assets/Town Creator Kit LITE/Prefabs/M.E. Town Creator LITE/House_Roof_1B.prefab
  artifactKey: Guid(2fe5079bdaba20d49ab67c1e16f4a934) Importer(815301076,1909f56bfc062723c751e8b465ee728b)
Start importing Assets/3D Assets/Town Creator Kit LITE/Prefabs/M.E. Town Creator LITE/House_Roof_1B.prefab using Guid(2fe5079bdaba20d49ab67c1e16f4a934) Importer(815301076,1909f56bfc062723c751e8b465ee728b)  -> (artifact id: '420f779de1263c9dfd1262b8fcd13d28') in 0.821949 seconds 
========================================================================
Received Import Request.
  Time since last request: 46.090474 seconds.
  path: Assets/3D Assets/Town Creator Kit LITE/FBX/Materials/Buildings_Map_1A.mat
  artifactKey: Guid(8772de9a14ac3b049b52de6f803b7c94) Importer(815301076,1909f56bfc062723c751e8b465ee728b)
Start importing Assets/3D Assets/Town Creator Kit LITE/FBX/Materials/Buildings_Map_1A.mat using Guid(8772de9a14ac3b049b52de6f803b7c94) Importer(815301076,1909f56bfc062723c751e8b465ee728b)  -> (artifact id: '48c203d9dc65a425dbaae546fdc41d52') in 4.613086 seconds 
========================================================================
Received Prepare
Registering precompiled user dll's ...
Registered in 0.003453 seconds.
Begin MonoManager ReloadAssembly
Native extension for LinuxStandalone target not found
Native extension for WindowsStandalone target not found
Native extension for OSXStandalone target not found
Native extension for WebGL target not found
Refreshing native plugins compatible for Editor in 0.69 ms, found 0 plugins.
Preloading 0 native plugins for Editor in 0.00 ms.
Mono: successfully reloaded assembly
- Completed reload, in  2.448 seconds
Platform modules already initialized, skipping
Shader 'Universal Render Pipeline/Particles/Lit': fallback shader 'Universal Render Pipeline/Particles/SimpleLit' not found
Refreshing native plugins compatible for Editor in 0.77 ms, found 0 plugins.
Preloading 0 native plugins for Editor in 0.00 ms.
Unloading 2855 Unused Serialized files (Serialized files now loaded: 0)
System memory in use before: 144.2 MB.
System memory in use after: 144.5 MB.

Unloading 5 unused Assets to reduce memory usage. Loaded Objects now: 3569.
Total: 29.765400 ms (FindLiveObjects: 5.412300 ms CreateObjectMapping: 8.886100 ms MarkObjects: 15.428700 ms  DeleteObjects: 0.035700 ms)

========================================================================
Received Import Request.
  Time since last request: 92.092329 seconds.
  path: Assets/Scenes/Town.unity
  artifactKey: Guid(e03c7f31c2132be449b4b7ddf1bb948a) Importer(815301076,1909f56bfc062723c751e8b465ee728b)
Start importing Assets/Scenes/Town.unity using Guid(e03c7f31c2132be449b4b7ddf1bb948a) Importer(815301076,1909f56bfc062723c751e8b465ee728b)  -> (artifact id: '53d5c6902cb50976879406af88cfd811') in 0.077644 seconds 
========================================================================
Received Import Request.
  Time since last request: 0.000299 seconds.
  path: Assets/Scenes/FirstLevel.unity
  artifactKey: Guid(fe4e6c2f4ced25a4eaed4185581163a5) Importer(815301076,1909f56bfc062723c751e8b465ee728b)
Start importing Assets/Scenes/FirstLevel.unity using Guid(fe4e6c2f4ced25a4eaed4185581163a5) Importer(815301076,1909f56bfc062723c751e8b465ee728b)  -> (artifact id: 'da34a54a2ee574a312f40268bcee5ab3') in 0.080732 seconds 
========================================================================
Received Import Request.
  Time since last request: 41.964129 seconds.
  path: Assets/Scenes/POC/NavMesh.asset
  artifactKey: Guid(ccfe88ef9d461b348abb9970ae6df06f) Importer(815301076,1909f56bfc062723c751e8b465ee728b)
Start importing Assets/Scenes/POC/NavMesh.asset using Guid(ccfe88ef9d461b348abb9970ae6df06f) Importer(815301076,1909f56bfc062723c751e8b465ee728b)  -> (artifact id: '6c6a6e861727ec1b19127be06d763820') in 0.083478 seconds 
========================================================================
Received Import Request.
  Time since last request: 3.582672 seconds.
  path: Assets/Scenes/POC.unity
  artifactKey: Guid(096d35e5377e4e147abedd20ecc081e8) Importer(815301076,1909f56bfc062723c751e8b465ee728b)
Start importing Assets/Scenes/POC.unity using Guid(096d35e5377e4e147abedd20ecc081e8) Importer(815301076,1909f56bfc062723c751e8b465ee728b)  -> (artifact id: '9f408a8203c030de2b173cbc00137df1') in 0.160430 seconds 
========================================================================
Received Import Request.
  Time since last request: 7.902280 seconds.
  path: Assets/Scenes/FirstLevel.unity
  artifactKey: Guid(fe4e6c2f4ced25a4eaed4185581163a5) Importer(815301076,1909f56bfc062723c751e8b465ee728b)
Start importing Assets/Scenes/FirstLevel.unity using Guid(fe4e6c2f4ced25a4eaed4185581163a5) Importer(815301076,1909f56bfc062723c751e8b465ee728b)  -> (artifact id: 'd44751e05526eb5655804ea55fe2c4a1') in 0.026269 seconds 
========================================================================
Received Prepare
Registering precompiled user dll's ...
Registered in 0.002786 seconds.
Begin MonoManager ReloadAssembly
Native extension for LinuxStandalone target not found
Native extension for WindowsStandalone target not found
Native extension for OSXStandalone target not found
Native extension for WebGL target not found
Refreshing native plugins compatible for Editor in 3.71 ms, found 0 plugins.
Preloading 0 native plugins for Editor in 0.00 ms.
Mono: successfully reloaded assembly
- Completed reload, in  2.734 seconds
Platform modules already initialized, skipping
Shader 'Universal Render Pipeline/Particles/Lit': fallback shader 'Universal Render Pipeline/Particles/SimpleLit' not found
Refreshing native plugins compatible for Editor in 0.93 ms, found 0 plugins.
Preloading 0 native plugins for Editor in 0.00 ms.
Unloading 2853 Unused Serialized files (Serialized files now loaded: 0)
System memory in use before: 144.2 MB.
System memory in use after: 144.5 MB.

Unloading 5 unused Assets to reduce memory usage. Loaded Objects now: 3572.
Total: 5.083700 ms (FindLiveObjects: 0.488600 ms CreateObjectMapping: 0.256100 ms MarkObjects: 3.556800 ms  DeleteObjects: 0.778900 ms)

========================================================================
Received Import Request.
  Time since last request: 104.590598 seconds.
  path: Assets/Scenes/FirstLevel.unity
  artifactKey: Guid(fe4e6c2f4ced25a4eaed4185581163a5) Importer(815301076,1909f56bfc062723c751e8b465ee728b)
Start importing Assets/Scenes/FirstLevel.unity using Guid(fe4e6c2f4ced25a4eaed4185581163a5) Importer(815301076,1909f56bfc062723c751e8b465ee728b)  -> (artifact id: '455f3ee50743bedb2c2968c85f63a57d') in 0.135911 seconds 
========================================================================
Received Prepare
Registering precompiled user dll's ...
Registered in 0.002547 seconds.
Begin MonoManager ReloadAssembly
Native extension for LinuxStandalone target not found
Native extension for WindowsStandalone target not found
Native extension for OSXStandalone target not found
Native extension for WebGL target not found
Refreshing native plugins compatible for Editor in 0.81 ms, found 0 plugins.
Preloading 0 native plugins for Editor in 0.00 ms.
Mono: successfully reloaded assembly
- Completed reload, in  3.338 seconds
Platform modules already initialized, skipping
Shader 'Universal Render Pipeline/Particles/Lit': fallback shader 'Universal Render Pipeline/Particles/SimpleLit' not found
Refreshing native plugins compatible for Editor in 4.50 ms, found 0 plugins.
Preloading 0 native plugins for Editor in 0.00 ms.
Unloading 2853 Unused Serialized files (Serialized files now loaded: 0)
System memory in use before: 144.3 MB.
System memory in use after: 144.5 MB.

Unloading 5 unused Assets to reduce memory usage. Loaded Objects now: 3575.
Total: 4.875900 ms (FindLiveObjects: 1.038200 ms CreateObjectMapping: 0.333600 ms MarkObjects: 2.876900 ms  DeleteObjects: 0.624500 ms)

========================================================================
Received Import Request.
  Time since last request: 29.072678 seconds.
  path: Assets/Scenes/FirstLevel.unity
  artifactKey: Guid(fe4e6c2f4ced25a4eaed4185581163a5) Importer(815301076,1909f56bfc062723c751e8b465ee728b)
Start importing Assets/Scenes/FirstLevel.unity using Guid(fe4e6c2f4ced25a4eaed4185581163a5) Importer(815301076,1909f56bfc062723c751e8b465ee728b)  -> (artifact id: 'cd65e8b8e9875731ef2a5a6b8384b439') in 0.028823 seconds 
========================================================================
Received Prepare
Registering precompiled user dll's ...
Registered in 0.004829 seconds.
Begin MonoManager ReloadAssembly
Native extension for LinuxStandalone target not found
Native extension for WindowsStandalone target not found
Native extension for OSXStandalone target not found
Native extension for WebGL target not found
Refreshing native plugins compatible for Editor in 0.64 ms, found 0 plugins.
Preloading 0 native plugins for Editor in 0.00 ms.
Mono: successfully reloaded assembly
- Completed reload, in  1.872 seconds
Platform modules already initialized, skipping
Shader 'Universal Render Pipeline/Particles/Lit': fallback shader 'Universal Render Pipeline/Particles/SimpleLit' not found
Refreshing native plugins compatible for Editor in 0.66 ms, found 0 plugins.
Preloading 0 native plugins for Editor in 0.00 ms.
Unloading 2853 Unused Serialized files (Serialized files now loaded: 0)
System memory in use before: 144.3 MB.
System memory in use after: 144.5 MB.

Unloading 5 unused Assets to reduce memory usage. Loaded Objects now: 3578.
Total: 3.968000 ms (FindLiveObjects: 0.403300 ms CreateObjectMapping: 0.363500 ms MarkObjects: 2.971100 ms  DeleteObjects: 0.227500 ms)

========================================================================
Received Import Request.
  Time since last request: 393.089892 seconds.
  path: Assets/Prefabs/Materials
  artifactKey: Guid(3a7571651a476c7418834a900553929c) Importer(815301076,1909f56bfc062723c751e8b465ee728b)
Start importing Assets/Prefabs/Materials using Guid(3a7571651a476c7418834a900553929c) Importer(815301076,1909f56bfc062723c751e8b465ee728b)  -> (artifact id: 'c7e38b6bbe6a5d4cc0e14f5fa34783b7') in 0.203894 seconds 
========================================================================
Received Import Request.
  Time since last request: 0.001048 seconds.
  path: Assets/Prefabs/Materials/Sword_Textures01.mat
  artifactKey: Guid(a4e6de9a79f49c84baed82d5fd0e4e36) Importer(815301076,1909f56bfc062723c751e8b465ee728b)
Start importing Assets/Prefabs/Materials/Sword_Textures01.mat using Guid(a4e6de9a79f49c84baed82d5fd0e4e36) Importer(815301076,1909f56bfc062723c751e8b465ee728b)  -> (artifact id: '356c64af6a0b3029751f8e97451b8e99') in 0.794129 seconds 
========================================================================
Received Import Request.
  Time since last request: 0.000283 seconds.
  path: Assets/Prefabs/Materials/vegetation_toon02_autumn.mat
  artifactKey: Guid(d3bbce599ff7b6d418484d3ecc2f26ee) Importer(815301076,1909f56bfc062723c751e8b465ee728b)
Start importing Assets/Prefabs/Materials/vegetation_toon02_autumn.mat using Guid(d3bbce599ff7b6d418484d3ecc2f26ee) Importer(815301076,1909f56bfc062723c751e8b465ee728b)  -> (artifact id: '7f5294d9599ef0c2569d722e4700e346') in 0.312690 seconds 
========================================================================
Received Import Request.
  Time since last request: 0.000308 seconds.
  path: Assets/Prefabs/Materials/vegetation_toon02_autumn 2.mat
  artifactKey: Guid(23f71e7ff20dbf44ca1e65b636251e70) Importer(815301076,1909f56bfc062723c751e8b465ee728b)
Start importing Assets/Prefabs/Materials/vegetation_toon02_autumn 2.mat using Guid(23f71e7ff20dbf44ca1e65b636251e70) Importer(815301076,1909f56bfc062723c751e8b465ee728b)  -> (artifact id: '7024cd6e4360d35d80fbd6b438f9780a') in 0.124606 seconds 
========================================================================
Received Import Request.
  Time since last request: 0.000436 seconds.
  path: Assets/Prefabs/Materials/vegetation_toon02_autumn 1.mat
  artifactKey: Guid(08f9470255c834945a72739bac2f6b41) Importer(815301076,1909f56bfc062723c751e8b465ee728b)
Start importing Assets/Prefabs/Materials/vegetation_toon02_autumn 1.mat using Guid(08f9470255c834945a72739bac2f6b41) Importer(815301076,1909f56bfc062723c751e8b465ee728b)  -> (artifact id: 'd20cb2543f4d324c87a0450eb0417691') in 0.174902 seconds 
========================================================================
Received Import Request.
  Time since last request: 14.210320 seconds.
  path: Assets/3D Assets/Start Forest/Textures/grass01.png
  artifactKey: Guid(301d646f6311f554184f4be5ca7f4a16) Importer(815301076,1909f56bfc062723c751e8b465ee728b)
Start importing Assets/3D Assets/Start Forest/Textures/grass01.png using Guid(301d646f6311f554184f4be5ca7f4a16) Importer(815301076,1909f56bfc062723c751e8b465ee728b)  -> (artifact id: 'b5aec43a7799cd367b147b96e73c7528') in 0.073054 seconds 
========================================================================
Received Import Request.
  Time since last request: 0.000293 seconds.
  path: Assets/3D Assets/Start Forest/Textures/vegetation_toon02.png
  artifactKey: Guid(538a358ec3406f04cbbcb11346c769e3) Importer(815301076,1909f56bfc062723c751e8b465ee728b)
Start importing Assets/3D Assets/Start Forest/Textures/vegetation_toon02.png using Guid(538a358ec3406f04cbbcb11346c769e3) Importer(815301076,1909f56bfc062723c751e8b465ee728b)  -> (artifact id: 'cc271c45cca72180713d4f346a68bcf5') in 0.075618 seconds 
========================================================================
Received Import Request.
  Time since last request: 0.000248 seconds.
  path: Assets/3D Assets/Start Forest/Textures/vegetation_toon01.png
  artifactKey: Guid(da91d7f6bd2749c4d80649fe12810124) Importer(815301076,1909f56bfc062723c751e8b465ee728b)
Start importing Assets/3D Assets/Start Forest/Textures/vegetation_toon01.png using Guid(da91d7f6bd2749c4d80649fe12810124) Importer(815301076,1909f56bfc062723c751e8b465ee728b)  -> (artifact id: '2212ce3969156f68aecbad3c2e53cd03') in 0.068695 seconds 
========================================================================
Received Import Request.
  Time since last request: 0.000250 seconds.
  path: Assets/3D Assets/Start Forest/Textures/ice.png
  artifactKey: Guid(46d92756c2ad62843941c96f29eca142) Importer(815301076,1909f56bfc062723c751e8b465ee728b)
Start importing Assets/3D Assets/Start Forest/Textures/ice.png using Guid(46d92756c2ad62843941c96f29eca142) Importer(815301076,1909f56bfc062723c751e8b465ee728b)  -> (artifact id: '5ae11588601066b3497d097d981be882') in 0.057857 seconds 
========================================================================
Received Import Request.
  Time since last request: 0.000293 seconds.
  path: Assets/3D Assets/Start Forest/Textures/vegetation_toon01_winter.png
  artifactKey: Guid(7550873b34d6f9842815d66489792283) Importer(815301076,1909f56bfc062723c751e8b465ee728b)
Start importing Assets/3D Assets/Start Forest/Textures/vegetation_toon01_winter.png using Guid(7550873b34d6f9842815d66489792283) Importer(815301076,1909f56bfc062723c751e8b465ee728b)  -> (artifact id: '1241a31eb2d8e2cc1a86c3e012b5f739') in 0.055112 seconds 
========================================================================
Received Import Request.
  Time since last request: 0.000325 seconds.
  path: Assets/3D Assets/Start Forest/Textures/grass03.png
  artifactKey: Guid(a800d6c282129e24f8f9aea79e86005f) Importer(815301076,1909f56bfc062723c751e8b465ee728b)
Start importing Assets/3D Assets/Start Forest/Textures/grass03.png using Guid(a800d6c282129e24f8f9aea79e86005f) Importer(815301076,1909f56bfc062723c751e8b465ee728b)  -> (artifact id: '91120f25f25af6475ca66b3ca234ec6e') in 0.047088 seconds 
========================================================================
Received Import Request.
  Time since last request: 0.000256 seconds.
  path: Assets/3D Assets/Start Forest/Textures/snow01.png
  artifactKey: Guid(20f51b996e390b948afe8be9077a3a15) Importer(815301076,1909f56bfc062723c751e8b465ee728b)
Start importing Assets/3D Assets/Start Forest/Textures/snow01.png using Guid(20f51b996e390b948afe8be9077a3a15) Importer(815301076,1909f56bfc062723c751e8b465ee728b)  -> (artifact id: '6fd762b1bb14983beaea07922ffe1a3e') in 0.053109 seconds 
========================================================================
Received Import Request.
  Time since last request: 0.000283 seconds.
  path: Assets/3D Assets/Start Forest/Textures/ground01.png
  artifactKey: Guid(bb0cd8861b008104197cf2308ba31203) Importer(815301076,1909f56bfc062723c751e8b465ee728b)
Start importing Assets/3D Assets/Start Forest/Textures/ground01.png using Guid(bb0cd8861b008104197cf2308ba31203) Importer(815301076,1909f56bfc062723c751e8b465ee728b)  -> (artifact id: 'f238f5c9cb9cc14b068b7359bd38f0d7') in 0.047075 seconds 
========================================================================
Received Import Request.
  Time since last request: 0.000281 seconds.
  path: Assets/3D Assets/Start Forest/Textures/grass02_autumn.png
  artifactKey: Guid(87ca44cc60a1f7e4d99be6f98913f292) Importer(815301076,1909f56bfc062723c751e8b465ee728b)
Start importing Assets/3D Assets/Start Forest/Textures/grass02_autumn.png using Guid(87ca44cc60a1f7e4d99be6f98913f292) Importer(815301076,1909f56bfc062723c751e8b465ee728b)  -> (artifact id: 'c87b4dc471f3fce6f809d762cb23abc5') in 0.057480 seconds 
========================================================================
Received Import Request.
  Time since last request: 0.000332 seconds.
  path: Assets/3D Assets/Start Forest/Textures/grass02.png
  artifactKey: Guid(7aec3c7db2e712346a134e99c34fda02) Importer(815301076,1909f56bfc062723c751e8b465ee728b)
Start importing Assets/3D Assets/Start Forest/Textures/grass02.png using Guid(7aec3c7db2e712346a134e99c34fda02) Importer(815301076,1909f56bfc062723c751e8b465ee728b)  -> (artifact id: 'c31dd3808e982f2b2e797c5729585ff7') in 0.057215 seconds 
========================================================================
Received Import Request.
  Time since last request: 0.000291 seconds.
  path: Assets/3D Assets/Start Forest/Textures/snow02.png
  artifactKey: Guid(c2f9326dc2736c948a3ba5616fece2ed) Importer(815301076,1909f56bfc062723c751e8b465ee728b)
Start importing Assets/3D Assets/Start Forest/Textures/snow02.png using Guid(c2f9326dc2736c948a3ba5616fece2ed) Importer(815301076,1909f56bfc062723c751e8b465ee728b)  -> (artifact id: 'db6dc3d340008945550ecfa7afc4e5ff') in 0.047043 seconds 
========================================================================
Received Import Request.
  Time since last request: 0.000336 seconds.
  path: Assets/3D Assets/Start Forest/Textures/grass01_autumn.png
  artifactKey: Guid(cf69e6ef0f51a78438137baf147aa3ce) Importer(815301076,1909f56bfc062723c751e8b465ee728b)
Start importing Assets/3D Assets/Start Forest/Textures/grass01_autumn.png using Guid(cf69e6ef0f51a78438137baf147aa3ce) Importer(815301076,1909f56bfc062723c751e8b465ee728b)  -> (artifact id: '59d60365a63f1af762c9bd3b64b53b4a') in 0.055223 seconds 
========================================================================
Received Import Request.
  Time since last request: 0.000355 seconds.
  path: Assets/3D Assets/Start Forest/Textures/vegetation_toon02_winter.png
  artifactKey: Guid(522e1567ec7a1c24fb04eb74381f4aeb) Importer(815301076,1909f56bfc062723c751e8b465ee728b)
Start importing Assets/3D Assets/Start Forest/Textures/vegetation_toon02_winter.png using Guid(522e1567ec7a1c24fb04eb74381f4aeb) Importer(815301076,1909f56bfc062723c751e8b465ee728b)  -> (artifact id: 'c5edb8a059118e0bb8ffe7f252626ef5') in 0.065009 seconds 
========================================================================
Received Import Request.
  Time since last request: 223.634014 seconds.
  path: Assets/Prefabs/Abandoned House Variant.prefab
  artifactKey: Guid(0eea9fa6cff95c14fba9ab17ba9afee4) Importer(815301076,1909f56bfc062723c751e8b465ee728b)
Start importing Assets/Prefabs/Abandoned House Variant.prefab using Guid(0eea9fa6cff95c14fba9ab17ba9afee4) Importer(815301076,1909f56bfc062723c751e8b465ee728b)  -> (artifact id: 'cd8709fd4e41eff4aa06ce50dd0c9c36') in 0.332632 seconds 
========================================================================
Received Import Request.
  Time since last request: 30.044436 seconds.
  path: Assets/Scenes/FirstLevel.unity
  artifactKey: Guid(fe4e6c2f4ced25a4eaed4185581163a5) Importer(815301076,1909f56bfc062723c751e8b465ee728b)
Start importing Assets/Scenes/FirstLevel.unity using Guid(fe4e6c2f4ced25a4eaed4185581163a5) Importer(815301076,1909f56bfc062723c751e8b465ee728b)  -> (artifact id: 'b7e6829fd149eef8c3be918423266dc3') in 0.026191 seconds 
========================================================================
Received Import Request.
  Time since last request: 47.551416 seconds.
  path: Assets/3D Assets/RPG Swords/Materials/Sword_Textures01.mat
  artifactKey: Guid(4fb8ea9da059dc04cb8494617b53562b) Importer(815301076,1909f56bfc062723c751e8b465ee728b)
Start importing Assets/3D Assets/RPG Swords/Materials/Sword_Textures01.mat using Guid(4fb8ea9da059dc04cb8494617b53562b) Importer(815301076,1909f56bfc062723c751e8b465ee728b)  -> (artifact id: '6ca7ec818c1bbf5f140e93c2a92254de') in 0.032632 seconds 
========================================================================
Received Import Request.
  Time since last request: 0.000217 seconds.
  path: Assets/3D Assets/RPG Swords/Materials/swords_cube.cubemap
  artifactKey: Guid(71f107bb542df6d4c8dd3fd89f346702) Importer(815301076,1909f56bfc062723c751e8b465ee728b)
Start importing Assets/3D Assets/RPG Swords/Materials/swords_cube.cubemap using Guid(71f107bb542df6d4c8dd3fd89f346702) Importer(815301076,1909f56bfc062723c751e8b465ee728b)  -> (artifact id: '732e0612fb29782167831769d0fbe591') in 0.160192 seconds 
========================================================================
Received Import Request.
  Time since last request: 11.713502 seconds.
  path: Assets/Prefabs/House 3 and Roof Variant.prefab
  artifactKey: Guid(753debd0e13aff5439be06f27f336804) Importer(815301076,1909f56bfc062723c751e8b465ee728b)
Start importing Assets/Prefabs/House 3 and Roof Variant.prefab using Guid(753debd0e13aff5439be06f27f336804) Importer(815301076,1909f56bfc062723c751e8b465ee728b)  -> (artifact id: '240578e89cf22970f0a1b7b80365f80c') in 0.139282 seconds 
========================================================================
Received Import Request.
  Time since last request: 3.565014 seconds.
  path: Assets/Prefabs/Town House 1 Variant.prefab
  artifactKey: Guid(13e338eb42a88e949814f9a556092d4a) Importer(815301076,1909f56bfc062723c751e8b465ee728b)
Start importing Assets/Prefabs/Town House 1 Variant.prefab using Guid(13e338eb42a88e949814f9a556092d4a) Importer(815301076,1909f56bfc062723c751e8b465ee728b)  -> (artifact id: 'f8226de7ff6e42543397daa0de63a3dc') in 0.192257 seconds 
========================================================================
Received Import Request.
  Time since last request: 4.803042 seconds.
  path: Assets/Prefabs/Town House 1 Alt Variant.prefab
  artifactKey: Guid(20c998633d4da5b47bd1b86a70dd5c2b) Importer(815301076,1909f56bfc062723c751e8b465ee728b)
Start importing Assets/Prefabs/Town House 1 Alt Variant.prefab using Guid(20c998633d4da5b47bd1b86a70dd5c2b) Importer(815301076,1909f56bfc062723c751e8b465ee728b)  -> (artifact id: 'ebac14a2d7ad53dedbd847443e732e52') in 0.131040 seconds 
========================================================================
Received Import Request.
  Time since last request: 9.144821 seconds.
  path: Assets/Audio/sing2.mp3
  artifactKey: Guid(9e50b5155e523e2408739280f615cfbf) Importer(815301076,1909f56bfc062723c751e8b465ee728b)
Start importing Assets/Audio/sing2.mp3 using Guid(9e50b5155e523e2408739280f615cfbf) Importer(815301076,1909f56bfc062723c751e8b465ee728b)  -> (artifact id: 'e736b1af12fce930a76deb5d1355f81e') in 0.116814 seconds 
========================================================================
Received Import Request.
  Time since last request: 0.000208 seconds.
  path: Assets/Audio/song1.mp3
  artifactKey: Guid(829316feb7d1c2e4b9989a2ebe4a71ec) Importer(815301076,1909f56bfc062723c751e8b465ee728b)
Start importing Assets/Audio/song1.mp3 using Guid(829316feb7d1c2e4b9989a2ebe4a71ec) Importer(815301076,1909f56bfc062723c751e8b465ee728b)  -> (artifact id: '2c11b1d661a110400887bc5569595279') in 0.087521 seconds 
========================================================================
Received Import Request.
  Time since last request: 0.536637 seconds.
  path: Assets/Input/Player.inputactions
  artifactKey: Guid(53c8a757b6f6ebc419240f814091b35d) Importer(815301076,1909f56bfc062723c751e8b465ee728b)
Start importing Assets/Input/Player.inputactions using Guid(53c8a757b6f6ebc419240f814091b35d) Importer(815301076,1909f56bfc062723c751e8b465ee728b)  -> (artifact id: '5bf2dfabd1c1ab3cefa887550f56ac14') in 0.086126 seconds 
========================================================================
Received Import Request.
  Time since last request: 34.035216 seconds.
  path: Assets/3D Assets/Town Creator Kit LITE/Prefabs
  artifactKey: Guid(f1bc4a887dcfd8c4eafc97b6b72a807c) Importer(815301076,1909f56bfc062723c751e8b465ee728b)
Start importing Assets/3D Assets/Town Creator Kit LITE/Prefabs using Guid(f1bc4a887dcfd8c4eafc97b6b72a807c) Importer(815301076,1909f56bfc062723c751e8b465ee728b)  -> (artifact id: 'a23031fe5d7e5876c6c7091da58c2f75') in 0.059508 seconds 
========================================================================
Received Import Request.
  Time since last request: 355.641470 seconds.
  path: Assets/3D Assets/Town Creator Kit LITE/FBX/Cellar 1.fbx
  artifactKey: Guid(f5398195e324e9b45804f7e17251d700) Importer(815301076,1909f56bfc062723c751e8b465ee728b)
Start importing Assets/3D Assets/Town Creator Kit LITE/FBX/Cellar 1.fbx using Guid(f5398195e324e9b45804f7e17251d700) Importer(815301076,1909f56bfc062723c751e8b465ee728b)  -> (artifact id: '3f67d170a630d618861d72ac483af0b7') in 1.134910 seconds 
========================================================================
Received Import Request.
  Time since last request: 0.002431 seconds.
  path: Assets/3D Assets/Town Creator Kit LITE/FBX/House 3 and Roof.fbx
  artifactKey: Guid(35fa29dffd83f1d47a6ff8c91e60439c) Importer(815301076,1909f56bfc062723c751e8b465ee728b)
Start importing Assets/3D Assets/Town Creator Kit LITE/FBX/House 3 and Roof.fbx using Guid(35fa29dffd83f1d47a6ff8c91e60439c) Importer(815301076,1909f56bfc062723c751e8b465ee728b)  -> (artifact id: '81f8c2715fe2888bf50c08906d8c329c') in 2.113881 seconds 
========================================================================
Received Import Request.
  Time since last request: 101.479019 seconds.
  path: Assets/Prefabs/Storage (1).prefab
  artifactKey: Guid(6eca3b68b534c914f9481d1c15f1ade0) Importer(815301076,1909f56bfc062723c751e8b465ee728b)
Start importing Assets/Prefabs/Storage (1).prefab using Guid(6eca3b68b534c914f9481d1c15f1ade0) Importer(815301076,1909f56bfc062723c751e8b465ee728b)  -> (artifact id: '263e8ccf1ea5842016e404c809d502d3') in 0.388169 seconds 
========================================================================
Received Import Request.
  Time since last request: 8.485959 seconds.
  path: Assets/Prefabs/Abandoned House Variant.prefab
  artifactKey: Guid(0eea9fa6cff95c14fba9ab17ba9afee4) Importer(815301076,1909f56bfc062723c751e8b465ee728b)
Start importing Assets/Prefabs/Abandoned House Variant.prefab using Guid(0eea9fa6cff95c14fba9ab17ba9afee4) Importer(815301076,1909f56bfc062723c751e8b465ee728b)  -> (artifact id: '7bb263342ea398aebb77752b938a8e31') in 0.141272 seconds 
========================================================================
Received Import Request.
  Time since last request: 8.301776 seconds.
  path: Assets/Prefabs/Town House 1.prefab
  artifactKey: Guid(22694e06eac4b444190b2c1f19f82e10) Importer(815301076,1909f56bfc062723c751e8b465ee728b)
Start importing Assets/Prefabs/Town House 1.prefab using Guid(22694e06eac4b444190b2c1f19f82e10) Importer(815301076,1909f56bfc062723c751e8b465ee728b)  -> (artifact id: 'd8c9c01c2288c56bf00e9eee2662f356') in 0.297351 seconds 
========================================================================
Received Import Request.
  Time since last request: 33.927443 seconds.
  path: Assets/Prefabs/House 3 and Roof.prefab
  artifactKey: Guid(e184cacfed9821048804b7b089f3850b) Importer(815301076,1909f56bfc062723c751e8b465ee728b)
Start importing Assets/Prefabs/House 3 and Roof.prefab using Guid(e184cacfed9821048804b7b089f3850b) Importer(815301076,1909f56bfc062723c751e8b465ee728b)  -> (artifact id: '7ef0f9ace9f14a52b5b99178534c11ab') in 0.231781 seconds 
========================================================================
Received Import Request.
  Time since last request: 2.230358 seconds.
  path: Assets/Prefabs/Town House 1.prefab
  artifactKey: Guid(22694e06eac4b444190b2c1f19f82e10) Importer(815301076,1909f56bfc062723c751e8b465ee728b)
Start importing Assets/Prefabs/Town House 1.prefab using Guid(22694e06eac4b444190b2c1f19f82e10) Importer(815301076,1909f56bfc062723c751e8b465ee728b)  -> (artifact id: 'f2bec7a0bb9785d190743803dcfbe250') in 0.200266 seconds 
========================================================================
Received Import Request.
  Time since last request: 2.554609 seconds.
  path: Assets/Prefabs/Town House 1 Alt.prefab
  artifactKey: Guid(54de15b567f0bff48b77e716843e09e9) Importer(815301076,1909f56bfc062723c751e8b465ee728b)
Start importing Assets/Prefabs/Town House 1 Alt.prefab using Guid(54de15b567f0bff48b77e716843e09e9) Importer(815301076,1909f56bfc062723c751e8b465ee728b)  -> (artifact id: 'bf340db4e9eb62bdaf83910cd0e91e08') in 0.170028 seconds 
========================================================================
Received Prepare
Registering precompiled user dll's ...
Registered in 0.003505 seconds.
Begin MonoManager ReloadAssembly
Native extension for LinuxStandalone target not found
Native extension for WindowsStandalone target not found
Native extension for OSXStandalone target not found
Native extension for WebGL target not found
Refreshing native plugins compatible for Editor in 0.96 ms, found 0 plugins.
Preloading 0 native plugins for Editor in 0.00 ms.
Mono: successfully reloaded assembly
- Completed reload, in  3.186 seconds
Platform modules already initialized, skipping
Shader 'Universal Render Pipeline/Particles/Lit': fallback shader 'Universal Render Pipeline/Particles/SimpleLit' not found
Refreshing native plugins compatible for Editor in 1.15 ms, found 0 plugins.
Preloading 0 native plugins for Editor in 0.00 ms.
Unloading 2867 Unused Serialized files (Serialized files now loaded: 0)
System memory in use before: 156.3 MB.
System memory in use after: 156.5 MB.

Unloading 5 unused Assets to reduce memory usage. Loaded Objects now: 3834.
Total: 5.019900 ms (FindLiveObjects: 0.620800 ms CreateObjectMapping: 0.264100 ms MarkObjects: 4.103200 ms  DeleteObjects: 0.029900 ms)

========================================================================
Received Prepare
Registering precompiled user dll's ...
Registered in 0.009272 seconds.
Begin MonoManager ReloadAssembly
Native extension for LinuxStandalone target not found
Native extension for WindowsStandalone target not found
Native extension for OSXStandalone target not found
Native extension for WebGL target not found
Refreshing native plugins compatible for Editor in 2.49 ms, found 0 plugins.
Preloading 0 native plugins for Editor in 0.00 ms.
Mono: successfully reloaded assembly
- Completed reload, in  5.235 seconds
Platform modules already initialized, skipping
Shader 'Universal Render Pipeline/Particles/Lit': fallback shader 'Universal Render Pipeline/Particles/SimpleLit' not found
Refreshing native plugins compatible for Editor in 0.70 ms, found 0 plugins.
Preloading 0 native plugins for Editor in 0.00 ms.
Unloading 2853 Unused Serialized files (Serialized files now loaded: 0)
System memory in use before: 155.9 MB.
System memory in use after: 156.1 MB.

Unloading 5 unused Assets to reduce memory usage. Loaded Objects now: 3837.
Total: 6.127700 ms (FindLiveObjects: 0.524500 ms CreateObjectMapping: 0.367800 ms MarkObjects: 5.077700 ms  DeleteObjects: 0.154500 ms)

========================================================================
Received Prepare
Registering precompiled user dll's ...
Registered in 0.003495 seconds.
Begin MonoManager ReloadAssembly
Native extension for LinuxStandalone target not found
Native extension for WindowsStandalone target not found
Native extension for OSXStandalone target not found
Native extension for WebGL target not found
Refreshing native plugins compatible for Editor in 0.60 ms, found 0 plugins.
Preloading 0 native plugins for Editor in 0.00 ms.
Mono: successfully reloaded assembly
- Completed reload, in  2.487 seconds
Platform modules already initialized, skipping
Shader 'Universal Render Pipeline/Particles/Lit': fallback shader 'Universal Render Pipeline/Particles/SimpleLit' not found
Refreshing native plugins compatible for Editor in 1.24 ms, found 0 plugins.
Preloading 0 native plugins for Editor in 0.00 ms.
Unloading 2853 Unused Serialized files (Serialized files now loaded: 0)
System memory in use before: 156.0 MB.
System memory in use after: 156.2 MB.

Unloading 5 unused Assets to reduce memory usage. Loaded Objects now: 3840.
Total: 4.698400 ms (FindLiveObjects: 0.463400 ms CreateObjectMapping: 0.265600 ms MarkObjects: 3.940600 ms  DeleteObjects: 0.026200 ms)

AssetImportWorkerClient::OnTransportError - code=2 error=End of file
